ARM GAS  C:\Users\z004e6he\AppData\Local\Temp\ccbWhmeZ.s 			page 1


   1              		.syntax unified
   2              		.cpu cortex-m3
   3              		.fpu softvfp
   4              		.eabi_attribute 20, 1
   5              		.eabi_attribute 21, 1
   6              		.eabi_attribute 23, 3
   7              		.eabi_attribute 24, 1
   8              		.eabi_attribute 25, 1
   9              		.eabi_attribute 26, 1
  10              		.eabi_attribute 30, 6
  11              		.eabi_attribute 34, 1
  12              		.eabi_attribute 18, 4
  13              		.thumb
  14              		.syntax unified
  15              		.file	"ADC_DelSig_1_INT.c"
  16              		.text
  17              	.Ltext0:
  18              		.cfi_sections	.debug_frame
  19              		.section	.text.ADC_DelSig_1_ISR1,"ax",%progbits
  20              		.align	2
  21              		.global	ADC_DelSig_1_ISR1
  22              		.thumb
  23              		.thumb_func
  24              		.type	ADC_DelSig_1_ISR1, %function
  25              	ADC_DelSig_1_ISR1:
  26              	.LFB0:
  27              		.file 1 "Generated_Source\\PSoC5\\ADC_DelSig_1_INT.c"
   1:Generated_Source\PSoC5/ADC_DelSig_1_INT.c **** /*
   2:Generated_Source\PSoC5/ADC_DelSig_1_INT.c **** * ===============================================================================
   3:Generated_Source\PSoC5/ADC_DelSig_1_INT.c **** *
   4:Generated_Source\PSoC5/ADC_DelSig_1_INT.c **** * Names: Luca Spengler (1399655), Fabian Fritz (1394906)
   5:Generated_Source\PSoC5/ADC_DelSig_1_INT.c **** * Emails: luca.spengler2@stud.fra-uas.de, fabian.fritz@stud.fra-uas.de
   6:Generated_Source\PSoC5/ADC_DelSig_1_INT.c **** * Date: 10.04.2024
   7:Generated_Source\PSoC5/ADC_DelSig_1_INT.c **** * Course ID: TX00DB04
   8:Generated_Source\PSoC5/ADC_DelSig_1_INT.c **** * Description: This program reads the analog output of a temperature sensor and
   9:Generated_Source\PSoC5/ADC_DelSig_1_INT.c **** *              outputs the average of the results over a period of 1 second
  10:Generated_Source\PSoC5/ADC_DelSig_1_INT.c **** *              in mV and °C over UART in the JSON format.
  11:Generated_Source\PSoC5/ADC_DelSig_1_INT.c **** *
  12:Generated_Source\PSoC5/ADC_DelSig_1_INT.c **** * ===============================================================================
  13:Generated_Source\PSoC5/ADC_DelSig_1_INT.c **** *
  14:Generated_Source\PSoC5/ADC_DelSig_1_INT.c **** ********************************************************************************
  15:Generated_Source\PSoC5/ADC_DelSig_1_INT.c **** * Copyright 2008-2017, Cypress Semiconductor Corporation.  All rights reserved.
  16:Generated_Source\PSoC5/ADC_DelSig_1_INT.c **** * You may use this file only in accordance with the license, terms, conditions,
  17:Generated_Source\PSoC5/ADC_DelSig_1_INT.c **** * disclaimers, and limitations in the end user license agreement accompanying
  18:Generated_Source\PSoC5/ADC_DelSig_1_INT.c **** * the software package with which this file was provided.
  19:Generated_Source\PSoC5/ADC_DelSig_1_INT.c **** *******************************************************************************/
  20:Generated_Source\PSoC5/ADC_DelSig_1_INT.c **** 
  21:Generated_Source\PSoC5/ADC_DelSig_1_INT.c **** #include "ADC_DelSig_1.h"
  22:Generated_Source\PSoC5/ADC_DelSig_1_INT.c **** #include "cyapicallbacks.h"
  23:Generated_Source\PSoC5/ADC_DelSig_1_INT.c **** 
  24:Generated_Source\PSoC5/ADC_DelSig_1_INT.c **** 
  25:Generated_Source\PSoC5/ADC_DelSig_1_INT.c **** /*******************************************************************************
  26:Generated_Source\PSoC5/ADC_DelSig_1_INT.c **** * Custom Declarations and Variables
  27:Generated_Source\PSoC5/ADC_DelSig_1_INT.c **** * - add user include files, prototypes and variables between the following
  28:Generated_Source\PSoC5/ADC_DelSig_1_INT.c **** *   #START and #END tags
  29:Generated_Source\PSoC5/ADC_DelSig_1_INT.c **** *******************************************************************************/
  30:Generated_Source\PSoC5/ADC_DelSig_1_INT.c **** /* `#START ADC_SYS_VAR`  */
ARM GAS  C:\Users\z004e6he\AppData\Local\Temp\ccbWhmeZ.s 			page 2


  31:Generated_Source\PSoC5/ADC_DelSig_1_INT.c **** #define TRUE 1
  32:Generated_Source\PSoC5/ADC_DelSig_1_INT.c **** #define FALSE 0
  33:Generated_Source\PSoC5/ADC_DelSig_1_INT.c **** 
  34:Generated_Source\PSoC5/ADC_DelSig_1_INT.c **** volatile extern uint8 gADC_ISR;
  35:Generated_Source\PSoC5/ADC_DelSig_1_INT.c **** 
  36:Generated_Source\PSoC5/ADC_DelSig_1_INT.c **** /* `#END`  */
  37:Generated_Source\PSoC5/ADC_DelSig_1_INT.c **** 
  38:Generated_Source\PSoC5/ADC_DelSig_1_INT.c **** #if(ADC_DelSig_1_IRQ_REMOVE == 0u)
  39:Generated_Source\PSoC5/ADC_DelSig_1_INT.c **** 
  40:Generated_Source\PSoC5/ADC_DelSig_1_INT.c **** 
  41:Generated_Source\PSoC5/ADC_DelSig_1_INT.c ****     /*****************************************************************************
  42:Generated_Source\PSoC5/ADC_DelSig_1_INT.c ****     * Function Name: ADC_DelSig_1_ISR1
  43:Generated_Source\PSoC5/ADC_DelSig_1_INT.c ****     ******************************************************************************
  44:Generated_Source\PSoC5/ADC_DelSig_1_INT.c ****     *
  45:Generated_Source\PSoC5/ADC_DelSig_1_INT.c ****     * Summary:
  46:Generated_Source\PSoC5/ADC_DelSig_1_INT.c ****     *  Handle Interrupt Service Routine.
  47:Generated_Source\PSoC5/ADC_DelSig_1_INT.c ****     *
  48:Generated_Source\PSoC5/ADC_DelSig_1_INT.c ****     * Parameters:
  49:Generated_Source\PSoC5/ADC_DelSig_1_INT.c ****     *  None
  50:Generated_Source\PSoC5/ADC_DelSig_1_INT.c ****     *
  51:Generated_Source\PSoC5/ADC_DelSig_1_INT.c ****     * Return:
  52:Generated_Source\PSoC5/ADC_DelSig_1_INT.c ****     *  None
  53:Generated_Source\PSoC5/ADC_DelSig_1_INT.c ****     *
  54:Generated_Source\PSoC5/ADC_DelSig_1_INT.c ****     * Reentrant:
  55:Generated_Source\PSoC5/ADC_DelSig_1_INT.c ****     *  No
  56:Generated_Source\PSoC5/ADC_DelSig_1_INT.c ****     *
  57:Generated_Source\PSoC5/ADC_DelSig_1_INT.c ****     *****************************************************************************/
  58:Generated_Source\PSoC5/ADC_DelSig_1_INT.c ****     CY_ISR( ADC_DelSig_1_ISR1)
  59:Generated_Source\PSoC5/ADC_DelSig_1_INT.c ****     {
  28              		.loc 1 59 0
  29              		.cfi_startproc
  30              		@ args = 0, pretend = 0, frame = 0
  31              		@ frame_needed = 1, uses_anonymous_args = 0
  32              		@ link register save eliminated.
  33 0000 80B4     		push	{r7}
  34              		.cfi_def_cfa_offset 4
  35              		.cfi_offset 7, -4
  36 0002 00AF     		add	r7, sp, #0
  37              		.cfi_def_cfa_register 7
  60:Generated_Source\PSoC5/ADC_DelSig_1_INT.c ****         #ifdef ADC_DelSig_1_ISR1_ENTRY_CALLBACK
  61:Generated_Source\PSoC5/ADC_DelSig_1_INT.c ****             ADC_DelSig_1_ISR1_EntryCallback();
  62:Generated_Source\PSoC5/ADC_DelSig_1_INT.c ****         #endif /* ADC_DelSig_1_ISR1_ENTRY_CALLBACK */
  63:Generated_Source\PSoC5/ADC_DelSig_1_INT.c ****         
  64:Generated_Source\PSoC5/ADC_DelSig_1_INT.c **** 
  65:Generated_Source\PSoC5/ADC_DelSig_1_INT.c ****         /**************************************************************************
  66:Generated_Source\PSoC5/ADC_DelSig_1_INT.c ****         *  Custom Code
  67:Generated_Source\PSoC5/ADC_DelSig_1_INT.c ****         *  - add user ISR code between the following #START and #END tags
  68:Generated_Source\PSoC5/ADC_DelSig_1_INT.c ****         **************************************************************************/
  69:Generated_Source\PSoC5/ADC_DelSig_1_INT.c ****         /* `#START MAIN_ADC_ISR1`  */
  70:Generated_Source\PSoC5/ADC_DelSig_1_INT.c ****         gADC_ISR = TRUE;    //Set the flag for the ADC interrupt
  38              		.loc 1 70 0
  39 0004 034B     		ldr	r3, .L2
  40 0006 0122     		movs	r2, #1
  41 0008 1A70     		strb	r2, [r3]
  71:Generated_Source\PSoC5/ADC_DelSig_1_INT.c **** 
  72:Generated_Source\PSoC5/ADC_DelSig_1_INT.c ****         /* `#END`  */
  73:Generated_Source\PSoC5/ADC_DelSig_1_INT.c ****         
ARM GAS  C:\Users\z004e6he\AppData\Local\Temp\ccbWhmeZ.s 			page 3


  74:Generated_Source\PSoC5/ADC_DelSig_1_INT.c ****         /* Stop the conversion if conversion mode is single sample and resolution
  75:Generated_Source\PSoC5/ADC_DelSig_1_INT.c ****         *  is above 16 bits.
  76:Generated_Source\PSoC5/ADC_DelSig_1_INT.c ****         */
  77:Generated_Source\PSoC5/ADC_DelSig_1_INT.c ****         #if(ADC_DelSig_1_CFG1_RESOLUTION > 16 && \
  78:Generated_Source\PSoC5/ADC_DelSig_1_INT.c ****             ADC_DelSig_1_CFG1_CONV_MODE == ADC_DelSig_1_MODE_SINGLE_SAMPLE)
  79:Generated_Source\PSoC5/ADC_DelSig_1_INT.c ****             ADC_DelSig_1_StopConvert();
  80:Generated_Source\PSoC5/ADC_DelSig_1_INT.c ****             /* Software flag for checking conversion complete or not. Will be used when
  81:Generated_Source\PSoC5/ADC_DelSig_1_INT.c ****             *  resolution is above 16 bits and conversion mode is single sample 
  82:Generated_Source\PSoC5/ADC_DelSig_1_INT.c **** 			*/
  83:Generated_Source\PSoC5/ADC_DelSig_1_INT.c ****             ADC_DelSig_1_convDone = ADC_DelSig_1_DEC_CONV_DONE;
  84:Generated_Source\PSoC5/ADC_DelSig_1_INT.c ****         #endif /* Single sample conversion mode with resolution above 16 bits */
  85:Generated_Source\PSoC5/ADC_DelSig_1_INT.c **** 
  86:Generated_Source\PSoC5/ADC_DelSig_1_INT.c ****         #ifdef ADC_DelSig_1_ISR1_EXIT_CALLBACK
  87:Generated_Source\PSoC5/ADC_DelSig_1_INT.c ****             ADC_DelSig_1_ISR1_ExitCallback();
  88:Generated_Source\PSoC5/ADC_DelSig_1_INT.c ****         #endif /* ADC_DelSig_1_ISR1_EXIT_CALLBACK */
  89:Generated_Source\PSoC5/ADC_DelSig_1_INT.c ****     }
  42              		.loc 1 89 0
  43 000a 00BF     		nop
  44 000c BD46     		mov	sp, r7
  45              		.cfi_def_cfa_register 13
  46              		@ sp needed
  47 000e 80BC     		pop	{r7}
  48              		.cfi_restore 7
  49              		.cfi_def_cfa_offset 0
  50 0010 7047     		bx	lr
  51              	.L3:
  52 0012 00BF     		.align	2
  53              	.L2:
  54 0014 00000000 		.word	gADC_ISR
  55              		.cfi_endproc
  56              	.LFE0:
  57              		.size	ADC_DelSig_1_ISR1, .-ADC_DelSig_1_ISR1
  58              		.section	.text.ADC_DelSig_1_ISR2,"ax",%progbits
  59              		.align	2
  60              		.global	ADC_DelSig_1_ISR2
  61              		.thumb
  62              		.thumb_func
  63              		.type	ADC_DelSig_1_ISR2, %function
  64              	ADC_DelSig_1_ISR2:
  65              	.LFB1:
  90:Generated_Source\PSoC5/ADC_DelSig_1_INT.c **** 
  91:Generated_Source\PSoC5/ADC_DelSig_1_INT.c **** 
  92:Generated_Source\PSoC5/ADC_DelSig_1_INT.c ****     /*****************************************************************************
  93:Generated_Source\PSoC5/ADC_DelSig_1_INT.c ****     * Function Name: ADC_DelSig_1_ISR2
  94:Generated_Source\PSoC5/ADC_DelSig_1_INT.c ****     ******************************************************************************
  95:Generated_Source\PSoC5/ADC_DelSig_1_INT.c ****     *
  96:Generated_Source\PSoC5/ADC_DelSig_1_INT.c ****     * Summary:
  97:Generated_Source\PSoC5/ADC_DelSig_1_INT.c ****     *  Handle Interrupt Service Routine.
  98:Generated_Source\PSoC5/ADC_DelSig_1_INT.c ****     *
  99:Generated_Source\PSoC5/ADC_DelSig_1_INT.c ****     * Parameters:
 100:Generated_Source\PSoC5/ADC_DelSig_1_INT.c ****     *  None
 101:Generated_Source\PSoC5/ADC_DelSig_1_INT.c ****     *
 102:Generated_Source\PSoC5/ADC_DelSig_1_INT.c ****     * Return:
 103:Generated_Source\PSoC5/ADC_DelSig_1_INT.c ****     *  None
 104:Generated_Source\PSoC5/ADC_DelSig_1_INT.c ****     *
 105:Generated_Source\PSoC5/ADC_DelSig_1_INT.c ****     * Reentrant:
 106:Generated_Source\PSoC5/ADC_DelSig_1_INT.c ****     *  No
ARM GAS  C:\Users\z004e6he\AppData\Local\Temp\ccbWhmeZ.s 			page 4


 107:Generated_Source\PSoC5/ADC_DelSig_1_INT.c ****     *
 108:Generated_Source\PSoC5/ADC_DelSig_1_INT.c ****     *****************************************************************************/
 109:Generated_Source\PSoC5/ADC_DelSig_1_INT.c ****     CY_ISR( ADC_DelSig_1_ISR2)
 110:Generated_Source\PSoC5/ADC_DelSig_1_INT.c ****     {
  66              		.loc 1 110 0
  67              		.cfi_startproc
  68              		@ args = 0, pretend = 0, frame = 0
  69              		@ frame_needed = 1, uses_anonymous_args = 0
  70              		@ link register save eliminated.
  71 0000 80B4     		push	{r7}
  72              		.cfi_def_cfa_offset 4
  73              		.cfi_offset 7, -4
  74 0002 00AF     		add	r7, sp, #0
  75              		.cfi_def_cfa_register 7
 111:Generated_Source\PSoC5/ADC_DelSig_1_INT.c ****         #ifdef ADC_DelSig_1_ISR2_ENTRY_CALLBACK
 112:Generated_Source\PSoC5/ADC_DelSig_1_INT.c ****             ADC_DelSig_1_ISR2_EntryCallback();
 113:Generated_Source\PSoC5/ADC_DelSig_1_INT.c ****         #endif /* ADC_DelSig_1_ISR2_ENTRY_CALLBACK */
 114:Generated_Source\PSoC5/ADC_DelSig_1_INT.c ****         
 115:Generated_Source\PSoC5/ADC_DelSig_1_INT.c ****         
 116:Generated_Source\PSoC5/ADC_DelSig_1_INT.c ****         /***************************************************************************
 117:Generated_Source\PSoC5/ADC_DelSig_1_INT.c ****         *  Custom Code
 118:Generated_Source\PSoC5/ADC_DelSig_1_INT.c ****         *  - add user ISR code between the following #START and #END tags
 119:Generated_Source\PSoC5/ADC_DelSig_1_INT.c ****         **************************************************************************/
 120:Generated_Source\PSoC5/ADC_DelSig_1_INT.c ****         /* `#START MAIN_ADC_ISR2`  */
 121:Generated_Source\PSoC5/ADC_DelSig_1_INT.c **** 
 122:Generated_Source\PSoC5/ADC_DelSig_1_INT.c ****         /* `#END`  */
 123:Generated_Source\PSoC5/ADC_DelSig_1_INT.c **** 
 124:Generated_Source\PSoC5/ADC_DelSig_1_INT.c ****         /* Stop the conversion conversion mode is single sample and resolution
 125:Generated_Source\PSoC5/ADC_DelSig_1_INT.c ****         *  is above 16 bits.
 126:Generated_Source\PSoC5/ADC_DelSig_1_INT.c ****         */
 127:Generated_Source\PSoC5/ADC_DelSig_1_INT.c ****         #if(ADC_DelSig_1_CFG2_RESOLUTION > 16 && \
 128:Generated_Source\PSoC5/ADC_DelSig_1_INT.c ****             ADC_DelSig_1_CFG2_CONVMODE == ADC_DelSig_1_MODE_SINGLE_SAMPLE)
 129:Generated_Source\PSoC5/ADC_DelSig_1_INT.c ****             ADC_DelSig_1_StopConvert();
 130:Generated_Source\PSoC5/ADC_DelSig_1_INT.c ****             /* Software flag for checking conversion complete or not. Will be used when
 131:Generated_Source\PSoC5/ADC_DelSig_1_INT.c ****             *   resolution is above 16 bits and conversion mode is single sample 
 132:Generated_Source\PSoC5/ADC_DelSig_1_INT.c **** 			*/
 133:Generated_Source\PSoC5/ADC_DelSig_1_INT.c ****             ADC_DelSig_1_convDone = ADC_DelSig_1_DEC_CONV_DONE;
 134:Generated_Source\PSoC5/ADC_DelSig_1_INT.c ****         #endif /* Single sample conversion mode with resolution above 16 bits */
 135:Generated_Source\PSoC5/ADC_DelSig_1_INT.c **** 
 136:Generated_Source\PSoC5/ADC_DelSig_1_INT.c ****         #ifdef ADC_DelSig_1_ISR2_EXIT_CALLBACK
 137:Generated_Source\PSoC5/ADC_DelSig_1_INT.c ****             ADC_DelSig_1_ISR2_ExitCallback();
 138:Generated_Source\PSoC5/ADC_DelSig_1_INT.c ****         #endif /* ADC_DelSig_1_ISR2_EXIT_CALLBACK */
 139:Generated_Source\PSoC5/ADC_DelSig_1_INT.c ****     }
  76              		.loc 1 139 0
  77 0004 00BF     		nop
  78 0006 BD46     		mov	sp, r7
  79              		.cfi_def_cfa_register 13
  80              		@ sp needed
  81 0008 80BC     		pop	{r7}
  82              		.cfi_restore 7
  83              		.cfi_def_cfa_offset 0
  84 000a 7047     		bx	lr
  85              		.cfi_endproc
  86              	.LFE1:
  87              		.size	ADC_DelSig_1_ISR2, .-ADC_DelSig_1_ISR2
  88              		.section	.text.ADC_DelSig_1_ISR3,"ax",%progbits
  89              		.align	2
ARM GAS  C:\Users\z004e6he\AppData\Local\Temp\ccbWhmeZ.s 			page 5


  90              		.global	ADC_DelSig_1_ISR3
  91              		.thumb
  92              		.thumb_func
  93              		.type	ADC_DelSig_1_ISR3, %function
  94              	ADC_DelSig_1_ISR3:
  95              	.LFB2:
 140:Generated_Source\PSoC5/ADC_DelSig_1_INT.c **** 
 141:Generated_Source\PSoC5/ADC_DelSig_1_INT.c **** 
 142:Generated_Source\PSoC5/ADC_DelSig_1_INT.c ****     /*****************************************************************************
 143:Generated_Source\PSoC5/ADC_DelSig_1_INT.c ****     * Function Name: ADC_DelSig_1_ISR3
 144:Generated_Source\PSoC5/ADC_DelSig_1_INT.c ****     ******************************************************************************
 145:Generated_Source\PSoC5/ADC_DelSig_1_INT.c ****     *
 146:Generated_Source\PSoC5/ADC_DelSig_1_INT.c ****     * Summary:
 147:Generated_Source\PSoC5/ADC_DelSig_1_INT.c ****     *  Handle Interrupt Service Routine.
 148:Generated_Source\PSoC5/ADC_DelSig_1_INT.c ****     *
 149:Generated_Source\PSoC5/ADC_DelSig_1_INT.c ****     * Parameters:
 150:Generated_Source\PSoC5/ADC_DelSig_1_INT.c ****     *  None
 151:Generated_Source\PSoC5/ADC_DelSig_1_INT.c ****     *
 152:Generated_Source\PSoC5/ADC_DelSig_1_INT.c ****     * Return:
 153:Generated_Source\PSoC5/ADC_DelSig_1_INT.c ****     *  None
 154:Generated_Source\PSoC5/ADC_DelSig_1_INT.c ****     *
 155:Generated_Source\PSoC5/ADC_DelSig_1_INT.c ****     * Reentrant:
 156:Generated_Source\PSoC5/ADC_DelSig_1_INT.c ****     *  No
 157:Generated_Source\PSoC5/ADC_DelSig_1_INT.c ****     *
 158:Generated_Source\PSoC5/ADC_DelSig_1_INT.c ****     *****************************************************************************/
 159:Generated_Source\PSoC5/ADC_DelSig_1_INT.c ****     CY_ISR( ADC_DelSig_1_ISR3)
 160:Generated_Source\PSoC5/ADC_DelSig_1_INT.c ****     {
  96              		.loc 1 160 0
  97              		.cfi_startproc
  98              		@ args = 0, pretend = 0, frame = 0
  99              		@ frame_needed = 1, uses_anonymous_args = 0
 100              		@ link register save eliminated.
 101 0000 80B4     		push	{r7}
 102              		.cfi_def_cfa_offset 4
 103              		.cfi_offset 7, -4
 104 0002 00AF     		add	r7, sp, #0
 105              		.cfi_def_cfa_register 7
 161:Generated_Source\PSoC5/ADC_DelSig_1_INT.c ****         #ifdef ADC_DelSig_1_ISR3_ENTRY_CALLBACK
 162:Generated_Source\PSoC5/ADC_DelSig_1_INT.c ****             ADC_DelSig_1_ISR3_EntryCallback();
 163:Generated_Source\PSoC5/ADC_DelSig_1_INT.c ****         #endif /* ADC_DelSig_1_ISR3_ENTRY_CALLBACK */        
 164:Generated_Source\PSoC5/ADC_DelSig_1_INT.c **** 
 165:Generated_Source\PSoC5/ADC_DelSig_1_INT.c ****         
 166:Generated_Source\PSoC5/ADC_DelSig_1_INT.c ****         /***************************************************************************
 167:Generated_Source\PSoC5/ADC_DelSig_1_INT.c ****         *  Custom Code
 168:Generated_Source\PSoC5/ADC_DelSig_1_INT.c ****         *  - add user ISR code between the following #START and #END tags
 169:Generated_Source\PSoC5/ADC_DelSig_1_INT.c ****         **************************************************************************/
 170:Generated_Source\PSoC5/ADC_DelSig_1_INT.c ****         /* `#START MAIN_ADC_ISR3`  */
 171:Generated_Source\PSoC5/ADC_DelSig_1_INT.c **** 
 172:Generated_Source\PSoC5/ADC_DelSig_1_INT.c ****         /* `#END`  */
 173:Generated_Source\PSoC5/ADC_DelSig_1_INT.c ****         
 174:Generated_Source\PSoC5/ADC_DelSig_1_INT.c ****         /* Stop the conversion if conversion mode is set to single sample and
 175:Generated_Source\PSoC5/ADC_DelSig_1_INT.c ****         *  resolution is above 16 bits.
 176:Generated_Source\PSoC5/ADC_DelSig_1_INT.c ****         */
 177:Generated_Source\PSoC5/ADC_DelSig_1_INT.c ****         #if(ADC_DelSig_1_CFG3_RESOLUTION > 16 && \
 178:Generated_Source\PSoC5/ADC_DelSig_1_INT.c ****             ADC_DelSig_1_CFG3_CONVMODE == ADC_DelSig_1_MODE_SINGLE_SAMPLE)
 179:Generated_Source\PSoC5/ADC_DelSig_1_INT.c ****             ADC_DelSig_1_StopConvert();
 180:Generated_Source\PSoC5/ADC_DelSig_1_INT.c ****             /* Software flag for checking conversion complete or not. Will be used when
ARM GAS  C:\Users\z004e6he\AppData\Local\Temp\ccbWhmeZ.s 			page 6


 181:Generated_Source\PSoC5/ADC_DelSig_1_INT.c ****             *  resolution is above 16 bits and conversion mode is single sample 
 182:Generated_Source\PSoC5/ADC_DelSig_1_INT.c **** 			*/
 183:Generated_Source\PSoC5/ADC_DelSig_1_INT.c ****             ADC_DelSig_1_convDone = ADC_DelSig_1_DEC_CONV_DONE;
 184:Generated_Source\PSoC5/ADC_DelSig_1_INT.c ****         #endif /* Single sample conversion mode with resolution above 16 bits */
 185:Generated_Source\PSoC5/ADC_DelSig_1_INT.c **** 
 186:Generated_Source\PSoC5/ADC_DelSig_1_INT.c ****         #ifdef ADC_DelSig_1_ISR3_EXIT_CALLBACK
 187:Generated_Source\PSoC5/ADC_DelSig_1_INT.c ****             ADC_DelSig_1_ISR3_ExitCallback();
 188:Generated_Source\PSoC5/ADC_DelSig_1_INT.c ****         #endif /* ADC_DelSig_1_ISR3_EXIT_CALLBACK */        
 189:Generated_Source\PSoC5/ADC_DelSig_1_INT.c ****     }
 106              		.loc 1 189 0
 107 0004 00BF     		nop
 108 0006 BD46     		mov	sp, r7
 109              		.cfi_def_cfa_register 13
 110              		@ sp needed
 111 0008 80BC     		pop	{r7}
 112              		.cfi_restore 7
 113              		.cfi_def_cfa_offset 0
 114 000a 7047     		bx	lr
 115              		.cfi_endproc
 116              	.LFE2:
 117              		.size	ADC_DelSig_1_ISR3, .-ADC_DelSig_1_ISR3
 118              		.section	.text.ADC_DelSig_1_ISR4,"ax",%progbits
 119              		.align	2
 120              		.global	ADC_DelSig_1_ISR4
 121              		.thumb
 122              		.thumb_func
 123              		.type	ADC_DelSig_1_ISR4, %function
 124              	ADC_DelSig_1_ISR4:
 125              	.LFB3:
 190:Generated_Source\PSoC5/ADC_DelSig_1_INT.c **** 
 191:Generated_Source\PSoC5/ADC_DelSig_1_INT.c **** 
 192:Generated_Source\PSoC5/ADC_DelSig_1_INT.c ****     /*****************************************************************************
 193:Generated_Source\PSoC5/ADC_DelSig_1_INT.c ****     * Function Name: ADC_DelSig_1_ISR4
 194:Generated_Source\PSoC5/ADC_DelSig_1_INT.c ****     ******************************************************************************
 195:Generated_Source\PSoC5/ADC_DelSig_1_INT.c ****     *
 196:Generated_Source\PSoC5/ADC_DelSig_1_INT.c ****     * Summary:
 197:Generated_Source\PSoC5/ADC_DelSig_1_INT.c ****     *  Handle Interrupt Service Routine.
 198:Generated_Source\PSoC5/ADC_DelSig_1_INT.c ****     *
 199:Generated_Source\PSoC5/ADC_DelSig_1_INT.c ****     * Parameters:
 200:Generated_Source\PSoC5/ADC_DelSig_1_INT.c ****     *  None
 201:Generated_Source\PSoC5/ADC_DelSig_1_INT.c ****     *
 202:Generated_Source\PSoC5/ADC_DelSig_1_INT.c ****     * Return:
 203:Generated_Source\PSoC5/ADC_DelSig_1_INT.c ****     *  None
 204:Generated_Source\PSoC5/ADC_DelSig_1_INT.c ****     *
 205:Generated_Source\PSoC5/ADC_DelSig_1_INT.c ****     * Reentrant:
 206:Generated_Source\PSoC5/ADC_DelSig_1_INT.c ****     *  No
 207:Generated_Source\PSoC5/ADC_DelSig_1_INT.c ****     *
 208:Generated_Source\PSoC5/ADC_DelSig_1_INT.c ****     *****************************************************************************/
 209:Generated_Source\PSoC5/ADC_DelSig_1_INT.c ****     CY_ISR( ADC_DelSig_1_ISR4)
 210:Generated_Source\PSoC5/ADC_DelSig_1_INT.c ****     {
 126              		.loc 1 210 0
 127              		.cfi_startproc
 128              		@ args = 0, pretend = 0, frame = 0
 129              		@ frame_needed = 1, uses_anonymous_args = 0
 130              		@ link register save eliminated.
 131 0000 80B4     		push	{r7}
 132              		.cfi_def_cfa_offset 4
ARM GAS  C:\Users\z004e6he\AppData\Local\Temp\ccbWhmeZ.s 			page 7


 133              		.cfi_offset 7, -4
 134 0002 00AF     		add	r7, sp, #0
 135              		.cfi_def_cfa_register 7
 211:Generated_Source\PSoC5/ADC_DelSig_1_INT.c ****         #ifdef ADC_DelSig_1_ISR4_ENTRY_CALLBACK
 212:Generated_Source\PSoC5/ADC_DelSig_1_INT.c ****             ADC_DelSig_1_ISR4_EntryCallback();
 213:Generated_Source\PSoC5/ADC_DelSig_1_INT.c ****         #endif /* ADC_DelSig_1_ISR4_ENTRY_CALLBACK */            
 214:Generated_Source\PSoC5/ADC_DelSig_1_INT.c **** 
 215:Generated_Source\PSoC5/ADC_DelSig_1_INT.c ****         
 216:Generated_Source\PSoC5/ADC_DelSig_1_INT.c ****         /***************************************************************************
 217:Generated_Source\PSoC5/ADC_DelSig_1_INT.c ****         *  Custom Code
 218:Generated_Source\PSoC5/ADC_DelSig_1_INT.c ****         *  - add user ISR code between the following #START and #END tags
 219:Generated_Source\PSoC5/ADC_DelSig_1_INT.c ****         **************************************************************************/
 220:Generated_Source\PSoC5/ADC_DelSig_1_INT.c ****         /* `#START MAIN_ADC_ISR4`  */
 221:Generated_Source\PSoC5/ADC_DelSig_1_INT.c **** 
 222:Generated_Source\PSoC5/ADC_DelSig_1_INT.c ****         /* `#END`  */
 223:Generated_Source\PSoC5/ADC_DelSig_1_INT.c **** 
 224:Generated_Source\PSoC5/ADC_DelSig_1_INT.c ****         /* Stop the conversion if conversion mode is set to single sample and
 225:Generated_Source\PSoC5/ADC_DelSig_1_INT.c ****         *  resolution is above 16 bits.
 226:Generated_Source\PSoC5/ADC_DelSig_1_INT.c ****         */
 227:Generated_Source\PSoC5/ADC_DelSig_1_INT.c ****         #if(ADC_DelSig_1_CFG4_RESOLUTION > 16 && \
 228:Generated_Source\PSoC5/ADC_DelSig_1_INT.c ****             ADC_DelSig_1_CFG4_CONVMODE == ADC_DelSig_1_MODE_SINGLE_SAMPLE)
 229:Generated_Source\PSoC5/ADC_DelSig_1_INT.c ****             ADC_DelSig_1_StopConvert();
 230:Generated_Source\PSoC5/ADC_DelSig_1_INT.c ****             /* Software flag for checking conversion complete or not. Will be used when
 231:Generated_Source\PSoC5/ADC_DelSig_1_INT.c ****             *  resolution is above 16 bits and conversion mode is single sample 
 232:Generated_Source\PSoC5/ADC_DelSig_1_INT.c **** 			*/
 233:Generated_Source\PSoC5/ADC_DelSig_1_INT.c ****             ADC_DelSig_1_convDone = ADC_DelSig_1_DEC_CONV_DONE;
 234:Generated_Source\PSoC5/ADC_DelSig_1_INT.c ****         #endif /* Single sample conversion mode with resolution above 16 bits */
 235:Generated_Source\PSoC5/ADC_DelSig_1_INT.c ****         
 236:Generated_Source\PSoC5/ADC_DelSig_1_INT.c ****         #ifdef ADC_DelSig_1_ISR4_EXIT_CALLBACK
 237:Generated_Source\PSoC5/ADC_DelSig_1_INT.c ****             ADC_DelSig_1_ISR4_ExitCallback();
 238:Generated_Source\PSoC5/ADC_DelSig_1_INT.c ****         #endif /* ADC_DelSig_1_ISR4_EXIT_CALLBACK */            
 239:Generated_Source\PSoC5/ADC_DelSig_1_INT.c ****     }
 136              		.loc 1 239 0
 137 0004 00BF     		nop
 138 0006 BD46     		mov	sp, r7
 139              		.cfi_def_cfa_register 13
 140              		@ sp needed
 141 0008 80BC     		pop	{r7}
 142              		.cfi_restore 7
 143              		.cfi_def_cfa_offset 0
 144 000a 7047     		bx	lr
 145              		.cfi_endproc
 146              	.LFE3:
 147              		.size	ADC_DelSig_1_ISR4, .-ADC_DelSig_1_ISR4
 148              		.text
 149              	.Letext0:
 150              		.file 2 "Generated_Source\\PSoC5\\cytypes.h"
 151              		.section	.debug_info,"",%progbits
 152              	.Ldebug_info0:
 153 0000 EB000000 		.4byte	0xeb
 154 0004 0400     		.2byte	0x4
 155 0006 00000000 		.4byte	.Ldebug_abbrev0
 156 000a 04       		.byte	0x4
 157 000b 01       		.uleb128 0x1
 158 000c B5000000 		.4byte	.LASF18
 159 0010 0C       		.byte	0xc
 160 0011 20000000 		.4byte	.LASF19
ARM GAS  C:\Users\z004e6he\AppData\Local\Temp\ccbWhmeZ.s 			page 8


 161 0015 9A010000 		.4byte	.LASF20
 162 0019 00000000 		.4byte	.Ldebug_ranges0+0
 163 001d 00000000 		.4byte	0
 164 0021 00000000 		.4byte	.Ldebug_line0
 165 0025 02       		.uleb128 0x2
 166 0026 01       		.byte	0x1
 167 0027 06       		.byte	0x6
 168 0028 79010000 		.4byte	.LASF0
 169 002c 02       		.uleb128 0x2
 170 002d 01       		.byte	0x1
 171 002e 08       		.byte	0x8
 172 002f 43010000 		.4byte	.LASF1
 173 0033 02       		.uleb128 0x2
 174 0034 02       		.byte	0x2
 175 0035 05       		.byte	0x5
 176 0036 06020000 		.4byte	.LASF2
 177 003a 02       		.uleb128 0x2
 178 003b 02       		.byte	0x2
 179 003c 07       		.byte	0x7
 180 003d 66010000 		.4byte	.LASF3
 181 0041 02       		.uleb128 0x2
 182 0042 04       		.byte	0x4
 183 0043 05       		.byte	0x5
 184 0044 56010000 		.4byte	.LASF4
 185 0048 02       		.uleb128 0x2
 186 0049 04       		.byte	0x4
 187 004a 07       		.byte	0x7
 188 004b 50000000 		.4byte	.LASF5
 189 004f 02       		.uleb128 0x2
 190 0050 08       		.byte	0x8
 191 0051 05       		.byte	0x5
 192 0052 00000000 		.4byte	.LASF6
 193 0056 02       		.uleb128 0x2
 194 0057 08       		.byte	0x8
 195 0058 07       		.byte	0x7
 196 0059 74000000 		.4byte	.LASF7
 197 005d 03       		.uleb128 0x3
 198 005e 04       		.byte	0x4
 199 005f 05       		.byte	0x5
 200 0060 696E7400 		.ascii	"int\000"
 201 0064 02       		.uleb128 0x2
 202 0065 04       		.byte	0x4
 203 0066 07       		.byte	0x7
 204 0067 10020000 		.4byte	.LASF8
 205 006b 04       		.uleb128 0x4
 206 006c 4A000000 		.4byte	.LASF21
 207 0070 02       		.byte	0x2
 208 0071 E801     		.2byte	0x1e8
 209 0073 2C000000 		.4byte	0x2c
 210 0077 02       		.uleb128 0x2
 211 0078 04       		.byte	0x4
 212 0079 04       		.byte	0x4
 213 007a AF000000 		.4byte	.LASF9
 214 007e 02       		.uleb128 0x2
 215 007f 08       		.byte	0x8
 216 0080 04       		.byte	0x4
 217 0081 5F010000 		.4byte	.LASF10
ARM GAS  C:\Users\z004e6he\AppData\Local\Temp\ccbWhmeZ.s 			page 9


 218 0085 02       		.uleb128 0x2
 219 0086 01       		.byte	0x1
 220 0087 08       		.byte	0x8
 221 0088 51010000 		.4byte	.LASF11
 222 008c 05       		.uleb128 0x5
 223 008d 6B000000 		.4byte	0x6b
 224 0091 02       		.uleb128 0x2
 225 0092 08       		.byte	0x8
 226 0093 04       		.byte	0x4
 227 0094 85010000 		.4byte	.LASF12
 228 0098 02       		.uleb128 0x2
 229 0099 04       		.byte	0x4
 230 009a 07       		.byte	0x7
 231 009b 1D020000 		.4byte	.LASF13
 232 009f 06       		.uleb128 0x6
 233 00a0 62000000 		.4byte	.LASF14
 234 00a4 01       		.byte	0x1
 235 00a5 3A       		.byte	0x3a
 236 00a6 00000000 		.4byte	.LFB0
 237 00aa 18000000 		.4byte	.LFE0-.LFB0
 238 00ae 01       		.uleb128 0x1
 239 00af 9C       		.byte	0x9c
 240 00b0 06       		.uleb128 0x6
 241 00b1 0E000000 		.4byte	.LASF15
 242 00b5 01       		.byte	0x1
 243 00b6 6D       		.byte	0x6d
 244 00b7 00000000 		.4byte	.LFB1
 245 00bb 0C000000 		.4byte	.LFE1-.LFB1
 246 00bf 01       		.uleb128 0x1
 247 00c0 9C       		.byte	0x9c
 248 00c1 06       		.uleb128 0x6
 249 00c2 8B000000 		.4byte	.LASF16
 250 00c6 01       		.byte	0x1
 251 00c7 9F       		.byte	0x9f
 252 00c8 00000000 		.4byte	.LFB2
 253 00cc 0C000000 		.4byte	.LFE2-.LFB2
 254 00d0 01       		.uleb128 0x1
 255 00d1 9C       		.byte	0x9c
 256 00d2 06       		.uleb128 0x6
 257 00d3 9D000000 		.4byte	.LASF17
 258 00d7 01       		.byte	0x1
 259 00d8 D1       		.byte	0xd1
 260 00d9 00000000 		.4byte	.LFB3
 261 00dd 0C000000 		.4byte	.LFE3-.LFB3
 262 00e1 01       		.uleb128 0x1
 263 00e2 9C       		.byte	0x9c
 264 00e3 07       		.uleb128 0x7
 265 00e4 91010000 		.4byte	.LASF22
 266 00e8 01       		.byte	0x1
 267 00e9 22       		.byte	0x22
 268 00ea 8C000000 		.4byte	0x8c
 269 00ee 00       		.byte	0
 270              		.section	.debug_abbrev,"",%progbits
 271              	.Ldebug_abbrev0:
 272 0000 01       		.uleb128 0x1
 273 0001 11       		.uleb128 0x11
 274 0002 01       		.byte	0x1
ARM GAS  C:\Users\z004e6he\AppData\Local\Temp\ccbWhmeZ.s 			page 10


 275 0003 25       		.uleb128 0x25
 276 0004 0E       		.uleb128 0xe
 277 0005 13       		.uleb128 0x13
 278 0006 0B       		.uleb128 0xb
 279 0007 03       		.uleb128 0x3
 280 0008 0E       		.uleb128 0xe
 281 0009 1B       		.uleb128 0x1b
 282 000a 0E       		.uleb128 0xe
 283 000b 55       		.uleb128 0x55
 284 000c 17       		.uleb128 0x17
 285 000d 11       		.uleb128 0x11
 286 000e 01       		.uleb128 0x1
 287 000f 10       		.uleb128 0x10
 288 0010 17       		.uleb128 0x17
 289 0011 00       		.byte	0
 290 0012 00       		.byte	0
 291 0013 02       		.uleb128 0x2
 292 0014 24       		.uleb128 0x24
 293 0015 00       		.byte	0
 294 0016 0B       		.uleb128 0xb
 295 0017 0B       		.uleb128 0xb
 296 0018 3E       		.uleb128 0x3e
 297 0019 0B       		.uleb128 0xb
 298 001a 03       		.uleb128 0x3
 299 001b 0E       		.uleb128 0xe
 300 001c 00       		.byte	0
 301 001d 00       		.byte	0
 302 001e 03       		.uleb128 0x3
 303 001f 24       		.uleb128 0x24
 304 0020 00       		.byte	0
 305 0021 0B       		.uleb128 0xb
 306 0022 0B       		.uleb128 0xb
 307 0023 3E       		.uleb128 0x3e
 308 0024 0B       		.uleb128 0xb
 309 0025 03       		.uleb128 0x3
 310 0026 08       		.uleb128 0x8
 311 0027 00       		.byte	0
 312 0028 00       		.byte	0
 313 0029 04       		.uleb128 0x4
 314 002a 16       		.uleb128 0x16
 315 002b 00       		.byte	0
 316 002c 03       		.uleb128 0x3
 317 002d 0E       		.uleb128 0xe
 318 002e 3A       		.uleb128 0x3a
 319 002f 0B       		.uleb128 0xb
 320 0030 3B       		.uleb128 0x3b
 321 0031 05       		.uleb128 0x5
 322 0032 49       		.uleb128 0x49
 323 0033 13       		.uleb128 0x13
 324 0034 00       		.byte	0
 325 0035 00       		.byte	0
 326 0036 05       		.uleb128 0x5
 327 0037 35       		.uleb128 0x35
 328 0038 00       		.byte	0
 329 0039 49       		.uleb128 0x49
 330 003a 13       		.uleb128 0x13
 331 003b 00       		.byte	0
ARM GAS  C:\Users\z004e6he\AppData\Local\Temp\ccbWhmeZ.s 			page 11


 332 003c 00       		.byte	0
 333 003d 06       		.uleb128 0x6
 334 003e 2E       		.uleb128 0x2e
 335 003f 00       		.byte	0
 336 0040 3F       		.uleb128 0x3f
 337 0041 19       		.uleb128 0x19
 338 0042 03       		.uleb128 0x3
 339 0043 0E       		.uleb128 0xe
 340 0044 3A       		.uleb128 0x3a
 341 0045 0B       		.uleb128 0xb
 342 0046 3B       		.uleb128 0x3b
 343 0047 0B       		.uleb128 0xb
 344 0048 27       		.uleb128 0x27
 345 0049 19       		.uleb128 0x19
 346 004a 11       		.uleb128 0x11
 347 004b 01       		.uleb128 0x1
 348 004c 12       		.uleb128 0x12
 349 004d 06       		.uleb128 0x6
 350 004e 40       		.uleb128 0x40
 351 004f 18       		.uleb128 0x18
 352 0050 9742     		.uleb128 0x2117
 353 0052 19       		.uleb128 0x19
 354 0053 00       		.byte	0
 355 0054 00       		.byte	0
 356 0055 07       		.uleb128 0x7
 357 0056 34       		.uleb128 0x34
 358 0057 00       		.byte	0
 359 0058 03       		.uleb128 0x3
 360 0059 0E       		.uleb128 0xe
 361 005a 3A       		.uleb128 0x3a
 362 005b 0B       		.uleb128 0xb
 363 005c 3B       		.uleb128 0x3b
 364 005d 0B       		.uleb128 0xb
 365 005e 49       		.uleb128 0x49
 366 005f 13       		.uleb128 0x13
 367 0060 3F       		.uleb128 0x3f
 368 0061 19       		.uleb128 0x19
 369 0062 3C       		.uleb128 0x3c
 370 0063 19       		.uleb128 0x19
 371 0064 00       		.byte	0
 372 0065 00       		.byte	0
 373 0066 00       		.byte	0
 374              		.section	.debug_aranges,"",%progbits
 375 0000 34000000 		.4byte	0x34
 376 0004 0200     		.2byte	0x2
 377 0006 00000000 		.4byte	.Ldebug_info0
 378 000a 04       		.byte	0x4
 379 000b 00       		.byte	0
 380 000c 0000     		.2byte	0
 381 000e 0000     		.2byte	0
 382 0010 00000000 		.4byte	.LFB0
 383 0014 18000000 		.4byte	.LFE0-.LFB0
 384 0018 00000000 		.4byte	.LFB1
 385 001c 0C000000 		.4byte	.LFE1-.LFB1
 386 0020 00000000 		.4byte	.LFB2
 387 0024 0C000000 		.4byte	.LFE2-.LFB2
 388 0028 00000000 		.4byte	.LFB3
ARM GAS  C:\Users\z004e6he\AppData\Local\Temp\ccbWhmeZ.s 			page 12


 389 002c 0C000000 		.4byte	.LFE3-.LFB3
 390 0030 00000000 		.4byte	0
 391 0034 00000000 		.4byte	0
 392              		.section	.debug_ranges,"",%progbits
 393              	.Ldebug_ranges0:
 394 0000 00000000 		.4byte	.LFB0
 395 0004 18000000 		.4byte	.LFE0
 396 0008 00000000 		.4byte	.LFB1
 397 000c 0C000000 		.4byte	.LFE1
 398 0010 00000000 		.4byte	.LFB2
 399 0014 0C000000 		.4byte	.LFE2
 400 0018 00000000 		.4byte	.LFB3
 401 001c 0C000000 		.4byte	.LFE3
 402 0020 00000000 		.4byte	0
 403 0024 00000000 		.4byte	0
 404              		.section	.debug_line,"",%progbits
 405              	.Ldebug_line0:
 406 0000 A1000000 		.section	.debug_str,"MS",%progbits,1
 406      02004D00 
 406      00000201 
 406      FB0E0D00 
 406      01010101 
 407              	.LASF6:
 408 0000 6C6F6E67 		.ascii	"long long int\000"
 408      206C6F6E 
 408      6720696E 
 408      7400
 409              	.LASF15:
 410 000e 4144435F 		.ascii	"ADC_DelSig_1_ISR2\000"
 410      44656C53 
 410      69675F31 
 410      5F495352 
 410      3200
 411              	.LASF19:
 412 0020 47656E65 		.ascii	"Generated_Source\\PSoC5\\ADC_DelSig_1_INT.c\000"
 412      72617465 
 412      645F536F 
 412      75726365 
 412      5C50536F 
 413              	.LASF21:
 414 004a 75696E74 		.ascii	"uint8\000"
 414      3800
 415              	.LASF5:
 416 0050 6C6F6E67 		.ascii	"long unsigned int\000"
 416      20756E73 
 416      69676E65 
 416      6420696E 
 416      7400
 417              	.LASF14:
 418 0062 4144435F 		.ascii	"ADC_DelSig_1_ISR1\000"
 418      44656C53 
 418      69675F31 
 418      5F495352 
 418      3100
 419              	.LASF7:
 420 0074 6C6F6E67 		.ascii	"long long unsigned int\000"
 420      206C6F6E 
ARM GAS  C:\Users\z004e6he\AppData\Local\Temp\ccbWhmeZ.s 			page 13


 420      6720756E 
 420      7369676E 
 420      65642069 
 421              	.LASF16:
 422 008b 4144435F 		.ascii	"ADC_DelSig_1_ISR3\000"
 422      44656C53 
 422      69675F31 
 422      5F495352 
 422      3300
 423              	.LASF17:
 424 009d 4144435F 		.ascii	"ADC_DelSig_1_ISR4\000"
 424      44656C53 
 424      69675F31 
 424      5F495352 
 424      3400
 425              	.LASF9:
 426 00af 666C6F61 		.ascii	"float\000"
 426      7400
 427              	.LASF18:
 428 00b5 474E5520 		.ascii	"GNU C11 5.4.1 20160609 (release) [ARM/embedded-5-br"
 428      43313120 
 428      352E342E 
 428      31203230 
 428      31363036 
 429 00e8 616E6368 		.ascii	"anch revision 237715] -mcpu=cortex-m3 -mthumb -g -O"
 429      20726576 
 429      6973696F 
 429      6E203233 
 429      37373135 
 430 011b 30202D66 		.ascii	"0 -ffunction-sections -ffat-lto-objects\000"
 430      66756E63 
 430      74696F6E 
 430      2D736563 
 430      74696F6E 
 431              	.LASF1:
 432 0143 756E7369 		.ascii	"unsigned char\000"
 432      676E6564 
 432      20636861 
 432      7200
 433              	.LASF11:
 434 0151 63686172 		.ascii	"char\000"
 434      00
 435              	.LASF4:
 436 0156 6C6F6E67 		.ascii	"long int\000"
 436      20696E74 
 436      00
 437              	.LASF10:
 438 015f 646F7562 		.ascii	"double\000"
 438      6C6500
 439              	.LASF3:
 440 0166 73686F72 		.ascii	"short unsigned int\000"
 440      7420756E 
 440      7369676E 
 440      65642069 
 440      6E7400
 441              	.LASF0:
 442 0179 7369676E 		.ascii	"signed char\000"
ARM GAS  C:\Users\z004e6he\AppData\Local\Temp\ccbWhmeZ.s 			page 14


 442      65642063 
 442      68617200 
 443              	.LASF12:
 444 0185 6C6F6E67 		.ascii	"long double\000"
 444      20646F75 
 444      626C6500 
 445              	.LASF22:
 446 0191 67414443 		.ascii	"gADC_ISR\000"
 446      5F495352 
 446      00
 447              	.LASF20:
 448 019a 433A5C55 		.ascii	"C:\\UserData\\z004e6he\\OneDrive - Siemens AG\\Docu"
 448      73657244 
 448      6174615C 
 448      7A303034 
 448      65366865 
 449 01c9 6D656E74 		.ascii	"ments\\PSoC Creator\\PSoC\\Exercise3\\LucaSpenglerP"
 449      735C5053 
 449      6F432043 
 449      72656174 
 449      6F725C50 
 450 01f8 536F4335 		.ascii	"SoC5DAQ.cydsn\000"
 450      4441512E 
 450      63796473 
 450      6E00
 451              	.LASF2:
 452 0206 73686F72 		.ascii	"short int\000"
 452      7420696E 
 452      7400
 453              	.LASF8:
 454 0210 756E7369 		.ascii	"unsigned int\000"
 454      676E6564 
 454      20696E74 
 454      00
 455              	.LASF13:
 456 021d 73697A65 		.ascii	"sizetype\000"
 456      74797065 
 456      00
 457              		.ident	"GCC: (GNU Tools for ARM Embedded Processors) 5.4.1 20160609 (release) [ARM/embedded-5-bran
