ARM GAS  C:\Users\z004e6he\AppData\Local\Temp\ccLu8GCp.s 			page 1


   1              		.syntax unified
   2              		.cpu cortex-m3
   3              		.fpu softvfp
   4              		.eabi_attribute 20, 1
   5              		.eabi_attribute 21, 1
   6              		.eabi_attribute 23, 3
   7              		.eabi_attribute 24, 1
   8              		.eabi_attribute 25, 1
   9              		.eabi_attribute 26, 1
  10              		.eabi_attribute 30, 6
  11              		.eabi_attribute 34, 1
  12              		.eabi_attribute 18, 4
  13              		.thumb
  14              		.syntax unified
  15              		.file	"cymetadata.c"
  16              		.text
  17              	.Ltext0:
  18              		.cfi_sections	.debug_frame
  19              		.global	cy_meta_configecc
  20              		.section	.cyconfigecc,"a",%progbits
  21              		.align	2
  22              		.type	cy_meta_configecc, %object
  23              		.size	cy_meta_configecc, 928
  24              	cy_meta_configecc:
  25 0000 03       		.byte	3
  26 0001 65       		.byte	101
  27 0002 00       		.byte	0
  28 0003 40       		.byte	64
  29 0004 01       		.byte	1
  30 0005 09       		.byte	9
  31 0006 01       		.byte	1
  32 0007 40       		.byte	64
  33 0008 01       		.byte	1
  34 0009 0B       		.byte	11
  35 000a 01       		.byte	1
  36 000b 40       		.byte	64
  37 000c 01       		.byte	1
  38 000d 0D       		.byte	13
  39 000e 01       		.byte	1
  40 000f 40       		.byte	64
  41 0010 01       		.byte	1
  42 0011 0F       		.byte	15
  43 0012 01       		.byte	1
  44 0013 40       		.byte	64
  45 0014 01       		.byte	1
  46 0015 15       		.byte	21
  47 0016 01       		.byte	1
  48 0017 40       		.byte	64
  49 0018 01       		.byte	1
  50 0019 17       		.byte	23
  51 001a 01       		.byte	1
  52 001b 40       		.byte	64
  53 001c 78       		.byte	120
  54 001d 18       		.byte	24
  55 001e 01       		.byte	1
  56 001f 40       		.byte	64
  57 0020 40       		.byte	64
ARM GAS  C:\Users\z004e6he\AppData\Local\Temp\ccLu8GCp.s 			page 2


  58 0021 19       		.byte	25
  59 0022 01       		.byte	1
  60 0023 40       		.byte	64
  61 0024 59       		.byte	89
  62 0025 1A       		.byte	26
  63 0026 01       		.byte	1
  64 0027 40       		.byte	64
  65 0028 4A       		.byte	74
  66 0029 1B       		.byte	27
  67 002a 01       		.byte	1
  68 002b 40       		.byte	64
  69 002c 02       		.byte	2
  70 002d 40       		.byte	64
  71 002e 01       		.byte	1
  72 002f 40       		.byte	64
  73 0030 01       		.byte	1
  74 0031 41       		.byte	65
  75 0032 01       		.byte	1
  76 0033 40       		.byte	64
  77 0034 01       		.byte	1
  78 0035 42       		.byte	66
  79 0036 01       		.byte	1
  80 0037 40       		.byte	64
  81 0038 01       		.byte	1
  82 0039 43       		.byte	67
  83 003a 01       		.byte	1
  84 003b 40       		.byte	64
  85 003c 04       		.byte	4
  86 003d 44       		.byte	68
  87 003e 01       		.byte	1
  88 003f 40       		.byte	64
  89 0040 02       		.byte	2
  90 0041 46       		.byte	70
  91 0042 01       		.byte	1
  92 0043 40       		.byte	64
  93 0044 01       		.byte	1
  94 0045 47       		.byte	71
  95 0046 01       		.byte	1
  96 0047 40       		.byte	64
  97 0048 04       		.byte	4
  98 0049 48       		.byte	72
  99 004a 01       		.byte	1
 100 004b 40       		.byte	64
 101 004c 03       		.byte	3
 102 004d 49       		.byte	73
 103 004e 01       		.byte	1
 104 004f 40       		.byte	64
 105 0050 03       		.byte	3
 106 0051 4C       		.byte	76
 107 0052 01       		.byte	1
 108 0053 40       		.byte	64
 109 0054 08       		.byte	8
 110 0055 4D       		.byte	77
 111 0056 01       		.byte	1
 112 0057 40       		.byte	64
 113 0058 02       		.byte	2
 114 0059 50       		.byte	80
ARM GAS  C:\Users\z004e6he\AppData\Local\Temp\ccLu8GCp.s 			page 3


 115 005a 01       		.byte	1
 116 005b 40       		.byte	64
 117 005c 01       		.byte	1
 118 005d 51       		.byte	81
 119 005e 01       		.byte	1
 120 005f 40       		.byte	64
 121 0060 88       		.byte	-120
 122 0061 0F       		.byte	15
 123 0062 8A       		.byte	-118
 124 0063 72       		.byte	114
 125 0064 8B       		.byte	-117
 126 0065 38       		.byte	56
 127 0066 94       		.byte	-108
 128 0067 04       		.byte	4
 129 0068 94       		.byte	-108
 130 0069 04       		.byte	4
 131 006a 94       		.byte	-108
 132 006b 04       		.byte	4
 133 006c 8C       		.byte	-116
 134 006d 04       		.byte	4
 135 006e E6       		.byte	-26
 136 006f 02       		.byte	2
 137 0070 E4       		.byte	-28
 138 0071 80       		.byte	-128
 139 0072 04       		.byte	4
 140 0073 09       		.byte	9
 141 0074 06       		.byte	6
 142 0075 D0       		.byte	-48
 143 0076 08       		.byte	8
 144 0077 DC       		.byte	-36
 145 0078 0A       		.byte	10
 146 0079 22       		.byte	34
 147 007a 0C       		.byte	12
 148 007b 10       		.byte	16
 149 007c 0D       		.byte	13
 150 007d 03       		.byte	3
 151 007e 0E       		.byte	14
 152 007f AC       		.byte	-84
 153 0080 0F       		.byte	15
 154 0081 44       		.byte	68
 155 0082 16       		.byte	22
 156 0083 03       		.byte	3
 157 0084 18       		.byte	24
 158 0085 14       		.byte	20
 159 0086 19       		.byte	25
 160 0087 2A       		.byte	42
 161 0088 1B       		.byte	27
 162 0089 44       		.byte	68
 163 008a 1D       		.byte	29
 164 008b 73       		.byte	115
 165 008c 1F       		.byte	31
 166 008d 0C       		.byte	12
 167 008e 20       		.byte	32
 168 008f 0C       		.byte	12
 169 0090 21       		.byte	33
 170 0091 73       		.byte	115
 171 0092 22       		.byte	34
ARM GAS  C:\Users\z004e6he\AppData\Local\Temp\ccLu8GCp.s 			page 4


 172 0093 71       		.byte	113
 173 0094 23       		.byte	35
 174 0095 04       		.byte	4
 175 0096 27       		.byte	39
 176 0097 55       		.byte	85
 177 0098 2A       		.byte	42
 178 0099 20       		.byte	32
 179 009a 2B       		.byte	43
 180 009b 08       		.byte	8
 181 009c 2C       		.byte	44
 182 009d 10       		.byte	16
 183 009e 2E       		.byte	46
 184 009f 40       		.byte	64
 185 00a0 31       		.byte	49
 186 00a1 40       		.byte	64
 187 00a2 32       		.byte	50
 188 00a3 1F       		.byte	31
 189 00a4 35       		.byte	53
 190 00a5 30       		.byte	48
 191 00a6 36       		.byte	54
 192 00a7 E0       		.byte	-32
 193 00a8 37       		.byte	55
 194 00a9 0F       		.byte	15
 195 00aa 38       		.byte	56
 196 00ab 20       		.byte	32
 197 00ac 39       		.byte	57
 198 00ad 20       		.byte	32
 199 00ae 3A       		.byte	58
 200 00af 80       		.byte	-128
 201 00b0 3B       		.byte	59
 202 00b1 88       		.byte	-120
 203 00b2 3E       		.byte	62
 204 00b3 10       		.byte	16
 205 00b4 3F       		.byte	63
 206 00b5 11       		.byte	17
 207 00b6 40       		.byte	64
 208 00b7 52       		.byte	82
 209 00b8 41       		.byte	65
 210 00b9 04       		.byte	4
 211 00ba 45       		.byte	69
 212 00bb 0B       		.byte	11
 213 00bc 46       		.byte	70
 214 00bd 0C       		.byte	12
 215 00be 47       		.byte	71
 216 00bf 0E       		.byte	14
 217 00c0 48       		.byte	72
 218 00c1 15       		.byte	21
 219 00c2 49       		.byte	73
 220 00c3 FF       		.byte	-1
 221 00c4 4A       		.byte	74
 222 00c5 FF       		.byte	-1
 223 00c6 4B       		.byte	75
 224 00c7 FF       		.byte	-1
 225 00c8 4E       		.byte	78
 226 00c9 F0       		.byte	-16
 227 00ca 4F       		.byte	79
 228 00cb 44       		.byte	68
ARM GAS  C:\Users\z004e6he\AppData\Local\Temp\ccLu8GCp.s 			page 5


 229 00cc 50       		.byte	80
 230 00cd 0C       		.byte	12
 231 00ce 54       		.byte	84
 232 00cf 01       		.byte	1
 233 00d0 58       		.byte	88
 234 00d1 04       		.byte	4
 235 00d2 59       		.byte	89
 236 00d3 04       		.byte	4
 237 00d4 5A       		.byte	90
 238 00d5 04       		.byte	4
 239 00d6 5B       		.byte	91
 240 00d7 04       		.byte	4
 241 00d8 5C       		.byte	92
 242 00d9 11       		.byte	17
 243 00da 5D       		.byte	93
 244 00db 11       		.byte	17
 245 00dc 5F       		.byte	95
 246 00dd 01       		.byte	1
 247 00de 66       		.byte	102
 248 00df C0       		.byte	-64
 249 00e0 6A       		.byte	106
 250 00e1 40       		.byte	64
 251 00e2 6B       		.byte	107
 252 00e3 02       		.byte	2
 253 00e4 84       		.byte	-124
 254 00e5 C0       		.byte	-64
 255 00e6 85       		.byte	-123
 256 00e7 27       		.byte	39
 257 00e8 8A       		.byte	-118
 258 00e9 0C       		.byte	12
 259 00ea 8C       		.byte	-116
 260 00eb 80       		.byte	-128
 261 00ec 8D       		.byte	-115
 262 00ed 01       		.byte	1
 263 00ee 8E       		.byte	-114
 264 00ef 40       		.byte	64
 265 00f0 8F       		.byte	-113
 266 00f1 0E       		.byte	14
 267 00f2 90       		.byte	-112
 268 00f3 11       		.byte	17
 269 00f4 92       		.byte	-110
 270 00f5 0E       		.byte	14
 271 00f6 94       		.byte	-108
 272 00f7 20       		.byte	32
 273 00f8 95       		.byte	-107
 274 00f9 27       		.byte	39
 275 00fa 96       		.byte	-106
 276 00fb 03       		.byte	3
 277 00fc 98       		.byte	-104
 278 00fd 40       		.byte	64
 279 00fe 9A       		.byte	-102
 280 00ff 80       		.byte	-128
 281 0100 9D       		.byte	-99
 282 0101 20       		.byte	32
 283 0102 A0       		.byte	-96
 284 0103 11       		.byte	17
 285 0104 A1       		.byte	-95
ARM GAS  C:\Users\z004e6he\AppData\Local\Temp\ccLu8GCp.s 			page 6


 286 0105 04       		.byte	4
 287 0106 A2       		.byte	-94
 288 0107 06       		.byte	6
 289 0108 A3       		.byte	-93
 290 0109 11       		.byte	17
 291 010a A4       		.byte	-92
 292 010b 0C       		.byte	12
 293 010c A5       		.byte	-91
 294 010d 02       		.byte	2
 295 010e A6       		.byte	-90
 296 010f 13       		.byte	19
 297 0110 A7       		.byte	-89
 298 0111 11       		.byte	17
 299 0112 A8       		.byte	-88
 300 0113 C0       		.byte	-64
 301 0114 AE       		.byte	-82
 302 0115 08       		.byte	8
 303 0116 B0       		.byte	-80
 304 0117 C0       		.byte	-64
 305 0118 B1       		.byte	-79
 306 0119 07       		.byte	7
 307 011a B2       		.byte	-78
 308 011b 30       		.byte	48
 309 011c B3       		.byte	-77
 310 011d 20       		.byte	32
 311 011e B4       		.byte	-76
 312 011f 0F       		.byte	15
 313 0120 B7       		.byte	-73
 314 0121 18       		.byte	24
 315 0122 B8       		.byte	-72
 316 0123 08       		.byte	8
 317 0124 BA       		.byte	-70
 318 0125 20       		.byte	32
 319 0126 BF       		.byte	-65
 320 0127 40       		.byte	64
 321 0128 C0       		.byte	-64
 322 0129 63       		.byte	99
 323 012a C1       		.byte	-63
 324 012b 02       		.byte	2
 325 012c C2       		.byte	-62
 326 012d 05       		.byte	5
 327 012e C4       		.byte	-60
 328 012f 01       		.byte	1
 329 0130 C6       		.byte	-58
 330 0131 C0       		.byte	-64
 331 0132 C7       		.byte	-57
 332 0133 E0       		.byte	-32
 333 0134 C8       		.byte	-56
 334 0135 28       		.byte	40
 335 0136 C9       		.byte	-55
 336 0137 FF       		.byte	-1
 337 0138 CA       		.byte	-54
 338 0139 FF       		.byte	-1
 339 013a CB       		.byte	-53
 340 013b FF       		.byte	-1
 341 013c CC       		.byte	-52
 342 013d 62       		.byte	98
ARM GAS  C:\Users\z004e6he\AppData\Local\Temp\ccLu8GCp.s 			page 7


 343 013e CD       		.byte	-51
 344 013f A0       		.byte	-96
 345 0140 CE       		.byte	-50
 346 0141 F0       		.byte	-16
 347 0142 CF       		.byte	-49
 348 0143 41       		.byte	65
 349 0144 D0       		.byte	-48
 350 0145 0C       		.byte	12
 351 0146 D8       		.byte	-40
 352 0147 04       		.byte	4
 353 0148 D9       		.byte	-39
 354 0149 04       		.byte	4
 355 014a DA       		.byte	-38
 356 014b 04       		.byte	4
 357 014c DC       		.byte	-36
 358 014d 11       		.byte	17
 359 014e DD       		.byte	-35
 360 014f 01       		.byte	1
 361 0150 DF       		.byte	-33
 362 0151 01       		.byte	1
 363 0152 E6       		.byte	-26
 364 0153 40       		.byte	64
 365 0154 E7       		.byte	-25
 366 0155 02       		.byte	2
 367 0156 E9       		.byte	-23
 368 0157 10       		.byte	16
 369 0158 EA       		.byte	-22
 370 0159 30       		.byte	48
 371 015a EB       		.byte	-21
 372 015b 10       		.byte	16
 373 015c ED       		.byte	-19
 374 015d 10       		.byte	16
 375 015e EE       		.byte	-18
 376 015f 10       		.byte	16
 377 0160 EF       		.byte	-17
 378 0161 12       		.byte	18
 379 0162 00       		.byte	0
 380 0163 08       		.byte	8
 381 0164 03       		.byte	3
 382 0165 0A       		.byte	10
 383 0166 05       		.byte	5
 384 0167 14       		.byte	20
 385 0168 07       		.byte	7
 386 0169 01       		.byte	1
 387 016a 08       		.byte	8
 388 016b 20       		.byte	32
 389 016c 0B       		.byte	11
 390 016d A0       		.byte	-96
 391 016e 0E       		.byte	14
 392 016f 10       		.byte	16
 393 0170 0F       		.byte	15
 394 0171 08       		.byte	8
 395 0172 10       		.byte	16
 396 0173 10       		.byte	16
 397 0174 12       		.byte	18
 398 0175 85       		.byte	-123
 399 0176 14       		.byte	20
ARM GAS  C:\Users\z004e6he\AppData\Local\Temp\ccLu8GCp.s 			page 8


 400 0177 40       		.byte	64
 401 0178 16       		.byte	22
 402 0179 09       		.byte	9
 403 017a 19       		.byte	25
 404 017b 17       		.byte	23
 405 017c 1B       		.byte	27
 406 017d 0A       		.byte	10
 407 017e 1C       		.byte	28
 408 017f 04       		.byte	4
 409 0180 1E       		.byte	30
 410 0181 10       		.byte	16
 411 0182 1F       		.byte	31
 412 0183 40       		.byte	64
 413 0184 20       		.byte	32
 414 0185 41       		.byte	65
 415 0186 21       		.byte	33
 416 0187 08       		.byte	8
 417 0188 22       		.byte	34
 418 0189 01       		.byte	1
 419 018a 24       		.byte	36
 420 018b 02       		.byte	2
 421 018c 26       		.byte	38
 422 018d 88       		.byte	-120
 423 018e 27       		.byte	39
 424 018f 99       		.byte	-103
 425 0190 28       		.byte	40
 426 0191 20       		.byte	32
 427 0192 29       		.byte	41
 428 0193 01       		.byte	1
 429 0194 2C       		.byte	44
 430 0195 40       		.byte	64
 431 0196 2E       		.byte	46
 432 0197 08       		.byte	8
 433 0198 2F       		.byte	47
 434 0199 78       		.byte	120
 435 019a 32       		.byte	50
 436 019b 40       		.byte	64
 437 019c 33       		.byte	51
 438 019d 04       		.byte	4
 439 019e 34       		.byte	52
 440 019f 10       		.byte	16
 441 01a0 35       		.byte	53
 442 01a1 10       		.byte	16
 443 01a2 36       		.byte	54
 444 01a3 80       		.byte	-128
 445 01a4 38       		.byte	56
 446 01a5 40       		.byte	64
 447 01a6 39       		.byte	57
 448 01a7 04       		.byte	4
 449 01a8 3A       		.byte	58
 450 01a9 04       		.byte	4
 451 01aa 3F       		.byte	63
 452 01ab 80       		.byte	-128
 453 01ac 40       		.byte	64
 454 01ad 01       		.byte	1
 455 01ae 41       		.byte	65
 456 01af 08       		.byte	8
ARM GAS  C:\Users\z004e6he\AppData\Local\Temp\ccLu8GCp.s 			page 9


 457 01b0 43       		.byte	67
 458 01b1 10       		.byte	16
 459 01b2 44       		.byte	68
 460 01b3 40       		.byte	64
 461 01b4 46       		.byte	70
 462 01b5 08       		.byte	8
 463 01b6 49       		.byte	73
 464 01b7 20       		.byte	32
 465 01b8 4A       		.byte	74
 466 01b9 02       		.byte	2
 467 01ba 4C       		.byte	76
 468 01bb 01       		.byte	1
 469 01bc 4F       		.byte	79
 470 01bd 08       		.byte	8
 471 01be 51       		.byte	81
 472 01bf 11       		.byte	17
 473 01c0 54       		.byte	84
 474 01c1 08       		.byte	8
 475 01c2 57       		.byte	87
 476 01c3 C0       		.byte	-64
 477 01c4 5E       		.byte	94
 478 01c5 28       		.byte	40
 479 01c6 5F       		.byte	95
 480 01c7 81       		.byte	-127
 481 01c8 80       		.byte	-128
 482 01c9 08       		.byte	8
 483 01ca 83       		.byte	-125
 484 01cb 01       		.byte	1
 485 01cc 94       		.byte	-108
 486 01cd 04       		.byte	4
 487 01ce C0       		.byte	-64
 488 01cf E7       		.byte	-25
 489 01d0 C2       		.byte	-62
 490 01d1 6E       		.byte	110
 491 01d2 C4       		.byte	-60
 492 01d3 DF       		.byte	-33
 493 01d4 CA       		.byte	-54
 494 01d5 E3       		.byte	-29
 495 01d6 CC       		.byte	-52
 496 01d7 3A       		.byte	58
 497 01d8 CE       		.byte	-50
 498 01d9 1A       		.byte	26
 499 01da D0       		.byte	-48
 500 01db AE       		.byte	-82
 501 01dc D2       		.byte	-46
 502 01dd 1C       		.byte	28
 503 01de D6       		.byte	-42
 504 01df F0       		.byte	-16
 505 01e0 E4       		.byte	-28
 506 01e1 80       		.byte	-128
 507 01e2 00       		.byte	0
 508 01e3 02       		.byte	2
 509 01e4 01       		.byte	1
 510 01e5 44       		.byte	68
 511 01e6 04       		.byte	4
 512 01e7 63       		.byte	99
 513 01e8 05       		.byte	5
ARM GAS  C:\Users\z004e6he\AppData\Local\Temp\ccLu8GCp.s 			page 10


 514 01e9 18       		.byte	24
 515 01ea 06       		.byte	6
 516 01eb 0C       		.byte	12
 517 01ec 08       		.byte	8
 518 01ed 6F       		.byte	111
 519 01ee 09       		.byte	9
 520 01ef 08       		.byte	8
 521 01f0 0C       		.byte	12
 522 01f1 4F       		.byte	79
 523 01f2 0D       		.byte	13
 524 01f3 C0       		.byte	-64
 525 01f4 0E       		.byte	14
 526 01f5 20       		.byte	32
 527 01f6 10       		.byte	16
 528 01f7 4C       		.byte	76
 529 01f8 11       		.byte	17
 530 01f9 3C       		.byte	60
 531 01fa 12       		.byte	18
 532 01fb 23       		.byte	35
 533 01fc 13       		.byte	19
 534 01fd C2       		.byte	-62
 535 01fe 16       		.byte	22
 536 01ff 23       		.byte	35
 537 0200 17       		.byte	23
 538 0201 E3       		.byte	-29
 539 0202 18       		.byte	24
 540 0203 01       		.byte	1
 541 0204 19       		.byte	25
 542 0205 FF       		.byte	-1
 543 0206 1A       		.byte	26
 544 0207 10       		.byte	16
 545 0208 1C       		.byte	28
 546 0209 03       		.byte	3
 547 020a 1D       		.byte	29
 548 020b 10       		.byte	16
 549 020c 20       		.byte	32
 550 020d 08       		.byte	8
 551 020e 21       		.byte	33
 552 020f 80       		.byte	-128
 553 0210 24       		.byte	36
 554 0211 04       		.byte	4
 555 0212 27       		.byte	39
 556 0213 04       		.byte	4
 557 0214 28       		.byte	40
 558 0215 0C       		.byte	12
 559 0216 29       		.byte	41
 560 0217 E7       		.byte	-25
 561 0218 2B       		.byte	43
 562 0219 18       		.byte	24
 563 021a 2D       		.byte	45
 564 021b 1C       		.byte	28
 565 021c 2F       		.byte	47
 566 021d E1       		.byte	-31
 567 021e 30       		.byte	48
 568 021f 40       		.byte	64
 569 0220 31       		.byte	49
 570 0221 1F       		.byte	31
ARM GAS  C:\Users\z004e6he\AppData\Local\Temp\ccLu8GCp.s 			page 11


 571 0222 32       		.byte	50
 572 0223 10       		.byte	16
 573 0224 34       		.byte	52
 574 0225 0F       		.byte	15
 575 0226 35       		.byte	53
 576 0227 38       		.byte	56
 577 0228 36       		.byte	54
 578 0229 2C       		.byte	44
 579 022a 37       		.byte	55
 580 022b C0       		.byte	-64
 581 022c 3A       		.byte	58
 582 022d A0       		.byte	-96
 583 022e 3B       		.byte	59
 584 022f 02       		.byte	2
 585 0230 3E       		.byte	62
 586 0231 01       		.byte	1
 587 0232 56       		.byte	86
 588 0233 02       		.byte	2
 589 0234 57       		.byte	87
 590 0235 13       		.byte	19
 591 0236 58       		.byte	88
 592 0237 04       		.byte	4
 593 0238 59       		.byte	89
 594 0239 04       		.byte	4
 595 023a 5B       		.byte	91
 596 023b 04       		.byte	4
 597 023c 5C       		.byte	92
 598 023d 11       		.byte	17
 599 023e 5D       		.byte	93
 600 023f 10       		.byte	16
 601 0240 5F       		.byte	95
 602 0241 01       		.byte	1
 603 0242 84       		.byte	-124
 604 0243 01       		.byte	1
 605 0244 88       		.byte	-120
 606 0245 01       		.byte	1
 607 0246 89       		.byte	-119
 608 0247 01       		.byte	1
 609 0248 8E       		.byte	-114
 610 0249 01       		.byte	1
 611 024a 92       		.byte	-110
 612 024b 02       		.byte	2
 613 024c 94       		.byte	-108
 614 024d 08       		.byte	8
 615 024e 9A       		.byte	-102
 616 024f 04       		.byte	4
 617 0250 A2       		.byte	-94
 618 0251 02       		.byte	2
 619 0252 AA       		.byte	-86
 620 0253 04       		.byte	4
 621 0254 AE       		.byte	-82
 622 0255 01       		.byte	1
 623 0256 B0       		.byte	-80
 624 0257 01       		.byte	1
 625 0258 B1       		.byte	-79
 626 0259 01       		.byte	1
 627 025a B2       		.byte	-78
ARM GAS  C:\Users\z004e6he\AppData\Local\Temp\ccLu8GCp.s 			page 12


 628 025b 02       		.byte	2
 629 025c B4       		.byte	-76
 630 025d 08       		.byte	8
 631 025e B6       		.byte	-74
 632 025f 04       		.byte	4
 633 0260 B8       		.byte	-72
 634 0261 02       		.byte	2
 635 0262 BE       		.byte	-66
 636 0263 54       		.byte	84
 637 0264 BF       		.byte	-65
 638 0265 01       		.byte	1
 639 0266 C0       		.byte	-64
 640 0267 03       		.byte	3
 641 0268 C7       		.byte	-57
 642 0269 40       		.byte	64
 643 026a C9       		.byte	-55
 644 026b FF       		.byte	-1
 645 026c CA       		.byte	-54
 646 026d 07       		.byte	7
 647 026e CB       		.byte	-53
 648 026f FF       		.byte	-1
 649 0270 CC       		.byte	-52
 650 0271 40       		.byte	64
 651 0272 CD       		.byte	-51
 652 0273 20       		.byte	32
 653 0274 CE       		.byte	-50
 654 0275 F0       		.byte	-16
 655 0276 CF       		.byte	-49
 656 0277 05       		.byte	5
 657 0278 D0       		.byte	-48
 658 0279 08       		.byte	8
 659 027a D4       		.byte	-44
 660 027b 18       		.byte	24
 661 027c D6       		.byte	-42
 662 027d 04       		.byte	4
 663 027e D8       		.byte	-40
 664 027f 04       		.byte	4
 665 0280 D9       		.byte	-39
 666 0281 04       		.byte	4
 667 0282 DA       		.byte	-38
 668 0283 04       		.byte	4
 669 0284 DB       		.byte	-37
 670 0285 04       		.byte	4
 671 0286 DC       		.byte	-36
 672 0287 01       		.byte	1
 673 0288 DD       		.byte	-35
 674 0289 11       		.byte	17
 675 028a DF       		.byte	-33
 676 028b 01       		.byte	1
 677 028c E0       		.byte	-32
 678 028d 40       		.byte	64
 679 028e E1       		.byte	-31
 680 028f A8       		.byte	-88
 681 0290 E2       		.byte	-30
 682 0291 40       		.byte	64
 683 0292 E3       		.byte	-29
 684 0293 20       		.byte	32
ARM GAS  C:\Users\z004e6he\AppData\Local\Temp\ccLu8GCp.s 			page 13


 685 0294 00       		.byte	0
 686 0295 04       		.byte	4
 687 0296 01       		.byte	1
 688 0297 82       		.byte	-126
 689 0298 02       		.byte	2
 690 0299 08       		.byte	8
 691 029a 05       		.byte	5
 692 029b A0       		.byte	-96
 693 029c 07       		.byte	7
 694 029d 10       		.byte	16
 695 029e 08       		.byte	8
 696 029f 20       		.byte	32
 697 02a0 09       		.byte	9
 698 02a1 0A       		.byte	10
 699 02a2 0A       		.byte	10
 700 02a3 02       		.byte	2
 701 02a4 0C       		.byte	12
 702 02a5 08       		.byte	8
 703 02a6 0E       		.byte	14
 704 02a7 40       		.byte	64
 705 02a8 0F       		.byte	15
 706 02a9 04       		.byte	4
 707 02aa 10       		.byte	16
 708 02ab 20       		.byte	32
 709 02ac 13       		.byte	19
 710 02ad 21       		.byte	33
 711 02ae 15       		.byte	21
 712 02af 22       		.byte	34
 713 02b0 17       		.byte	23
 714 02b1 80       		.byte	-128
 715 02b2 18       		.byte	24
 716 02b3 04       		.byte	4
 717 02b4 19       		.byte	25
 718 02b5 A5       		.byte	-91
 719 02b6 1D       		.byte	29
 720 02b7 40       		.byte	64
 721 02b8 1E       		.byte	30
 722 02b9 48       		.byte	72
 723 02ba 1F       		.byte	31
 724 02bb 04       		.byte	4
 725 02bc 21       		.byte	33
 726 02bd 02       		.byte	2
 727 02be 23       		.byte	35
 728 02bf 86       		.byte	-122
 729 02c0 25       		.byte	37
 730 02c1 01       		.byte	1
 731 02c2 29       		.byte	41
 732 02c3 A6       		.byte	-90
 733 02c4 30       		.byte	48
 734 02c5 80       		.byte	-128
 735 02c6 31       		.byte	49
 736 02c7 0A       		.byte	10
 737 02c8 33       		.byte	51
 738 02c9 10       		.byte	16
 739 02ca 38       		.byte	56
 740 02cb 6A       		.byte	106
 741 02cc 3E       		.byte	62
ARM GAS  C:\Users\z004e6he\AppData\Local\Temp\ccLu8GCp.s 			page 14


 742 02cd 10       		.byte	16
 743 02ce 47       		.byte	71
 744 02cf 08       		.byte	8
 745 02d0 56       		.byte	86
 746 02d1 01       		.byte	1
 747 02d2 57       		.byte	87
 748 02d3 20       		.byte	32
 749 02d4 59       		.byte	89
 750 02d5 01       		.byte	1
 751 02d6 5F       		.byte	95
 752 02d7 02       		.byte	2
 753 02d8 65       		.byte	101
 754 02d9 40       		.byte	64
 755 02da 67       		.byte	103
 756 02db 48       		.byte	72
 757 02dc 68       		.byte	104
 758 02dd 04       		.byte	4
 759 02de 69       		.byte	105
 760 02df 04       		.byte	4
 761 02e0 6A       		.byte	106
 762 02e1 80       		.byte	-128
 763 02e2 6B       		.byte	107
 764 02e3 04       		.byte	4
 765 02e4 70       		.byte	112
 766 02e5 B4       		.byte	-76
 767 02e6 73       		.byte	115
 768 02e7 21       		.byte	33
 769 02e8 86       		.byte	-122
 770 02e9 02       		.byte	2
 771 02ea 87       		.byte	-121
 772 02eb 44       		.byte	68
 773 02ec 8C       		.byte	-116
 774 02ed 21       		.byte	33
 775 02ee 8D       		.byte	-115
 776 02ef 01       		.byte	1
 777 02f0 90       		.byte	-112
 778 02f1 40       		.byte	64
 779 02f2 91       		.byte	-111
 780 02f3 22       		.byte	34
 781 02f4 92       		.byte	-110
 782 02f5 12       		.byte	18
 783 02f6 95       		.byte	-107
 784 02f7 04       		.byte	4
 785 02f8 96       		.byte	-106
 786 02f9 80       		.byte	-128
 787 02fa 99       		.byte	-103
 788 02fb 02       		.byte	2
 789 02fc 9B       		.byte	-101
 790 02fd 18       		.byte	24
 791 02fe 9C       		.byte	-100
 792 02ff 20       		.byte	32
 793 0300 9D       		.byte	-99
 794 0301 20       		.byte	32
 795 0302 9E       		.byte	-98
 796 0303 01       		.byte	1
 797 0304 9F       		.byte	-97
 798 0305 04       		.byte	4
ARM GAS  C:\Users\z004e6he\AppData\Local\Temp\ccLu8GCp.s 			page 15


 799 0306 A0       		.byte	-96
 800 0307 08       		.byte	8
 801 0308 A1       		.byte	-95
 802 0309 08       		.byte	8
 803 030a A2       		.byte	-94
 804 030b 08       		.byte	8
 805 030c A4       		.byte	-92
 806 030d 04       		.byte	4
 807 030e A6       		.byte	-90
 808 030f 06       		.byte	6
 809 0310 A7       		.byte	-89
 810 0311 20       		.byte	32
 811 0312 B2       		.byte	-78
 812 0313 10       		.byte	16
 813 0314 B3       		.byte	-77
 814 0315 80       		.byte	-128
 815 0316 C0       		.byte	-64
 816 0317 EF       		.byte	-17
 817 0318 C2       		.byte	-62
 818 0319 7F       		.byte	127
 819 031a C4       		.byte	-60
 820 031b DE       		.byte	-34
 821 031c CA       		.byte	-54
 822 031d 0F       		.byte	15
 823 031e CC       		.byte	-52
 824 031f 0F       		.byte	15
 825 0320 CE       		.byte	-50
 826 0321 2F       		.byte	47
 827 0322 D0       		.byte	-48
 828 0323 40       		.byte	64
 829 0324 D6       		.byte	-42
 830 0325 81       		.byte	-127
 831 0326 D8       		.byte	-40
 832 0327 B0       		.byte	-80
 833 0328 32       		.byte	50
 834 0329 20       		.byte	32
 835 032a CC       		.byte	-52
 836 032b 10       		.byte	16
 837 032c A6       		.byte	-90
 838 032d 20       		.byte	32
 839 032e A6       		.byte	-90
 840 032f 20       		.byte	32
 841 0330 A6       		.byte	-90
 842 0331 20       		.byte	32
 843 0332 7D       		.byte	125
 844 0333 08       		.byte	8
 845 0334 8D       		.byte	-115
 846 0335 04       		.byte	4
 847 0336 DE       		.byte	-34
 848 0337 01       		.byte	1
 849 0338 E4       		.byte	-28
 850 0339 02       		.byte	2
 851 033a 46       		.byte	70
 852 033b 20       		.byte	32
 853 033c D0       		.byte	-48
 854 033d 01       		.byte	1
 855 033e 9E       		.byte	-98
ARM GAS  C:\Users\z004e6he\AppData\Local\Temp\ccLu8GCp.s 			page 16


 856 033f 20       		.byte	32
 857 0340 25       		.byte	37
 858 0341 20       		.byte	32
 859 0342 89       		.byte	-119
 860 0343 20       		.byte	32
 861 0344 A6       		.byte	-90
 862 0345 20       		.byte	32
 863 0346 C8       		.byte	-56
 864 0347 20       		.byte	32
 865 0348 86       		.byte	-122
 866 0349 20       		.byte	32
 867 034a A6       		.byte	-90
 868 034b 20       		.byte	32
 869 034c E6       		.byte	-26
 870 034d 40       		.byte	64
 871 034e 8A       		.byte	-118
 872 034f 20       		.byte	32
 873 0350 9E       		.byte	-98
 874 0351 20       		.byte	32
 875 0352 E4       		.byte	-28
 876 0353 01       		.byte	1
 877 0354 12       		.byte	18
 878 0355 80       		.byte	-128
 879 0356 75       		.byte	117
 880 0357 04       		.byte	4
 881 0358 8D       		.byte	-115
 882 0359 04       		.byte	4
 883 035a 8E       		.byte	-114
 884 035b 80       		.byte	-128
 885 035c C4       		.byte	-60
 886 035d 08       		.byte	8
 887 035e DE       		.byte	-34
 888 035f 04       		.byte	4
 889 0360 E0       		.byte	-32
 890 0361 08       		.byte	8
 891 0362 E2       		.byte	-30
 892 0363 02       		.byte	2
 893 0364 10       		.byte	16
 894 0365 02       		.byte	2
 895 0366 1C       		.byte	28
 896 0367 02       		.byte	2
 897 0368 00       		.byte	0
 898 0369 03       		.byte	3
 899 036a 00       		.byte	0
 900 036b 00       		.byte	0
 901 036c 80       		.byte	-128
 902 036d 80       		.byte	-128
 903 036e 00       		.byte	0
 904 036f 00       		.byte	0
 905 0370 40       		.byte	64
 906 0371 00       		.byte	0
 907 0372 00       		.byte	0
 908 0373 00       		.byte	0
 909 0374 00       		.byte	0
 910 0375 00       		.byte	0
 911 0376 00       		.byte	0
 912 0377 00       		.byte	0
ARM GAS  C:\Users\z004e6he\AppData\Local\Temp\ccLu8GCp.s 			page 17


 913 0378 00       		.byte	0
 914 0379 00       		.byte	0
 915 037a 01       		.byte	1
 916 037b 00       		.byte	0
 917 037c 80       		.byte	-128
 918 037d 00       		.byte	0
 919 037e 40       		.byte	64
 920 037f 80       		.byte	-128
 921 0380 80       		.byte	-128
 922 0381 00       		.byte	0
 923 0382 80       		.byte	-128
 924 0383 00       		.byte	0
 925 0384 00       		.byte	0
 926 0385 00       		.byte	0
 927 0386 00       		.byte	0
 928 0387 00       		.byte	0
 929 0388 00       		.byte	0
 930 0389 0B       		.byte	11
 931 038a 0B       		.byte	11
 932 038b 00       		.byte	0
 933 038c 00       		.byte	0
 934 038d 00       		.byte	0
 935 038e 00       		.byte	0
 936 038f 00       		.byte	0
 937 0390 04       		.byte	4
 938 0391 00       		.byte	0
 939 0392 00       		.byte	0
 940 0393 06       		.byte	6
 941 0394 02       		.byte	2
 942 0395 00       		.byte	0
 943 0396 00       		.byte	0
 944 0397 00       		.byte	0
 945 0398 00       		.byte	0
 946 0399 00       		.byte	0
 947 039a 00       		.byte	0
 948 039b 00       		.byte	0
 949 039c 25       		.byte	37
 950 039d 00       		.byte	0
 951 039e 18       		.byte	24
 952 039f 01       		.byte	1
 953              		.global	cy_meta_custnvl
 954              		.section	.cycustnvl,"a",%progbits
 955              		.align	2
 956              		.type	cy_meta_custnvl, %object
 957              		.size	cy_meta_custnvl, 4
 958              	cy_meta_custnvl:
 959 0000 00       		.byte	0
 960 0001 00       		.byte	0
 961 0002 40       		.byte	64
 962 0003 05       		.byte	5
 963              		.global	cy_meta_wonvl
 964              		.section	.cywolatch,"a",%progbits
 965              		.align	2
 966              		.type	cy_meta_wonvl, %object
 967              		.size	cy_meta_wonvl, 4
 968              	cy_meta_wonvl:
 969 0000 BC       		.byte	-68
ARM GAS  C:\Users\z004e6he\AppData\Local\Temp\ccLu8GCp.s 			page 18


 970 0001 90       		.byte	-112
 971 0002 AC       		.byte	-84
 972 0003 AF       		.byte	-81
 973              		.global	cy_meta_flashprotect
 974              		.section	.cyflashprotect,"a",%progbits
 975              		.align	2
 976              		.type	cy_meta_flashprotect, %object
 977              		.size	cy_meta_flashprotect, 256
 978              	cy_meta_flashprotect:
 979 0000 00000000 		.space	256
 979      00000000 
 979      00000000 
 979      00000000 
 979      00000000 
 980              		.global	cy_metadata
 981              		.section	.cymeta,"a",%progbits
 982              		.align	2
 983              		.type	cy_metadata, %object
 984              		.size	cy_metadata, 12
 985              	cy_metadata:
 986 0000 00       		.byte	0
 987 0001 01       		.byte	1
 988 0002 2E       		.byte	46
 989 0003 16       		.byte	22
 990 0004 10       		.byte	16
 991 0005 69       		.byte	105
 992 0006 00       		.byte	0
 993 0007 01       		.byte	1
 994 0008 00       		.byte	0
 995 0009 00       		.byte	0
 996 000a 00       		.byte	0
 997 000b 00       		.byte	0
 998              		.text
 999              	.Letext0:
 1000              		.file 1 "c:\\program files (x86)\\cypress\\psoc creator\\4.4\\psoc creator\\import\\gnu\\arm\\5.4.
 1001              		.file 2 "c:\\program files (x86)\\cypress\\psoc creator\\4.4\\psoc creator\\import\\gnu\\arm\\5.4.
 1002              		.file 3 "Generated_Source\\PSoC5\\cymetadata.c"
 1003              		.section	.debug_info,"",%progbits
 1004              	.Ldebug_info0:
 1005 0000 31010000 		.4byte	0x131
 1006 0004 0400     		.2byte	0x4
 1007 0006 00000000 		.4byte	.Ldebug_abbrev0
 1008 000a 04       		.byte	0x4
 1009 000b 01       		.uleb128 0x1
 1010 000c 0A000000 		.4byte	.LASF17
 1011 0010 0C       		.byte	0xc
 1012 0011 EA010000 		.4byte	.LASF18
 1013 0015 D7000000 		.4byte	.LASF19
 1014 0019 00000000 		.4byte	.Ldebug_line0
 1015 001d 02       		.uleb128 0x2
 1016 001e 01       		.byte	0x1
 1017 001f 06       		.byte	0x6
 1018 0020 DE010000 		.4byte	.LASF0
 1019 0024 03       		.uleb128 0x3
 1020 0025 00000000 		.4byte	.LASF9
 1021 0029 01       		.byte	0x1
 1022 002a 1D       		.byte	0x1d
ARM GAS  C:\Users\z004e6he\AppData\Local\Temp\ccLu8GCp.s 			page 19


 1023 002b 2F000000 		.4byte	0x2f
 1024 002f 02       		.uleb128 0x2
 1025 0030 01       		.byte	0x1
 1026 0031 08       		.byte	0x8
 1027 0032 A4000000 		.4byte	.LASF1
 1028 0036 02       		.uleb128 0x2
 1029 0037 02       		.byte	0x2
 1030 0038 05       		.byte	0x5
 1031 0039 CB010000 		.4byte	.LASF2
 1032 003d 02       		.uleb128 0x2
 1033 003e 02       		.byte	0x2
 1034 003f 07       		.byte	0x7
 1035 0040 C4000000 		.4byte	.LASF3
 1036 0044 02       		.uleb128 0x2
 1037 0045 04       		.byte	0x4
 1038 0046 05       		.byte	0x5
 1039 0047 D5010000 		.4byte	.LASF4
 1040 004b 02       		.uleb128 0x2
 1041 004c 04       		.byte	0x4
 1042 004d 07       		.byte	0x7
 1043 004e B2000000 		.4byte	.LASF5
 1044 0052 02       		.uleb128 0x2
 1045 0053 08       		.byte	0x8
 1046 0054 05       		.byte	0x5
 1047 0055 BD010000 		.4byte	.LASF6
 1048 0059 02       		.uleb128 0x2
 1049 005a 08       		.byte	0x8
 1050 005b 07       		.byte	0x7
 1051 005c 72010000 		.4byte	.LASF7
 1052 0060 04       		.uleb128 0x4
 1053 0061 04       		.byte	0x4
 1054 0062 05       		.byte	0x5
 1055 0063 696E7400 		.ascii	"int\000"
 1056 0067 02       		.uleb128 0x2
 1057 0068 04       		.byte	0x4
 1058 0069 07       		.byte	0x7
 1059 006a 65010000 		.4byte	.LASF8
 1060 006e 03       		.uleb128 0x3
 1061 006f 89010000 		.4byte	.LASF10
 1062 0073 02       		.byte	0x2
 1063 0074 18       		.byte	0x18
 1064 0075 24000000 		.4byte	0x24
 1065 0079 05       		.uleb128 0x5
 1066 007a 91000000 		.4byte	0x91
 1067 007e 8A000000 		.4byte	0x8a
 1068 0082 06       		.uleb128 0x6
 1069 0083 8A000000 		.4byte	0x8a
 1070 0087 9F03     		.2byte	0x39f
 1071 0089 00       		.byte	0
 1072 008a 02       		.uleb128 0x2
 1073 008b 04       		.byte	0x4
 1074 008c 07       		.byte	0x7
 1075 008d B4010000 		.4byte	.LASF11
 1076 0091 07       		.uleb128 0x7
 1077 0092 6E000000 		.4byte	0x6e
 1078 0096 08       		.uleb128 0x8
 1079 0097 53010000 		.4byte	.LASF12
ARM GAS  C:\Users\z004e6he\AppData\Local\Temp\ccLu8GCp.s 			page 20


 1080 009b 03       		.byte	0x3
 1081 009c 1F       		.byte	0x1f
 1082 009d A7000000 		.4byte	0xa7
 1083 00a1 05       		.uleb128 0x5
 1084 00a2 03       		.byte	0x3
 1085 00a3 00000000 		.4byte	cy_meta_configecc
 1086 00a7 07       		.uleb128 0x7
 1087 00a8 79000000 		.4byte	0x79
 1088 00ac 05       		.uleb128 0x5
 1089 00ad 91000000 		.4byte	0x91
 1090 00b1 BC000000 		.4byte	0xbc
 1091 00b5 09       		.uleb128 0x9
 1092 00b6 8A000000 		.4byte	0x8a
 1093 00ba 03       		.byte	0x3
 1094 00bb 00       		.byte	0
 1095 00bc 08       		.uleb128 0x8
 1096 00bd 43010000 		.4byte	.LASF13
 1097 00c1 03       		.byte	0x3
 1098 00c2 A0       		.byte	0xa0
 1099 00c3 CD000000 		.4byte	0xcd
 1100 00c7 05       		.uleb128 0x5
 1101 00c8 03       		.byte	0x3
 1102 00c9 00000000 		.4byte	cy_meta_custnvl
 1103 00cd 07       		.uleb128 0x7
 1104 00ce AC000000 		.4byte	0xac
 1105 00d2 08       		.uleb128 0x8
 1106 00d3 A6010000 		.4byte	.LASF14
 1107 00d7 03       		.byte	0x3
 1108 00d8 AE       		.byte	0xae
 1109 00d9 E3000000 		.4byte	0xe3
 1110 00dd 05       		.uleb128 0x5
 1111 00de 03       		.byte	0x3
 1112 00df 00000000 		.4byte	cy_meta_wonvl
 1113 00e3 07       		.uleb128 0x7
 1114 00e4 AC000000 		.4byte	0xac
 1115 00e8 05       		.uleb128 0x5
 1116 00e9 91000000 		.4byte	0x91
 1117 00ed F8000000 		.4byte	0xf8
 1118 00f1 09       		.uleb128 0x9
 1119 00f2 8A000000 		.4byte	0x8a
 1120 00f6 FF       		.byte	0xff
 1121 00f7 00       		.byte	0
 1122 00f8 08       		.uleb128 0x8
 1123 00f9 91010000 		.4byte	.LASF15
 1124 00fd 03       		.byte	0x3
 1125 00fe BC       		.byte	0xbc
 1126 00ff 09010000 		.4byte	0x109
 1127 0103 05       		.uleb128 0x5
 1128 0104 03       		.byte	0x3
 1129 0105 00000000 		.4byte	cy_meta_flashprotect
 1130 0109 07       		.uleb128 0x7
 1131 010a E8000000 		.4byte	0xe8
 1132 010e 05       		.uleb128 0x5
 1133 010f 91000000 		.4byte	0x91
 1134 0113 1E010000 		.4byte	0x11e
 1135 0117 09       		.uleb128 0x9
 1136 0118 8A000000 		.4byte	0x8a
ARM GAS  C:\Users\z004e6he\AppData\Local\Temp\ccLu8GCp.s 			page 21


 1137 011c 0B       		.byte	0xb
 1138 011d 00       		.byte	0
 1139 011e 08       		.uleb128 0x8
 1140 011f 98000000 		.4byte	.LASF16
 1141 0123 03       		.byte	0x3
 1142 0124 E9       		.byte	0xe9
 1143 0125 2F010000 		.4byte	0x12f
 1144 0129 05       		.uleb128 0x5
 1145 012a 03       		.byte	0x3
 1146 012b 00000000 		.4byte	cy_metadata
 1147 012f 07       		.uleb128 0x7
 1148 0130 0E010000 		.4byte	0x10e
 1149 0134 00       		.byte	0
 1150              		.section	.debug_abbrev,"",%progbits
 1151              	.Ldebug_abbrev0:
 1152 0000 01       		.uleb128 0x1
 1153 0001 11       		.uleb128 0x11
 1154 0002 01       		.byte	0x1
 1155 0003 25       		.uleb128 0x25
 1156 0004 0E       		.uleb128 0xe
 1157 0005 13       		.uleb128 0x13
 1158 0006 0B       		.uleb128 0xb
 1159 0007 03       		.uleb128 0x3
 1160 0008 0E       		.uleb128 0xe
 1161 0009 1B       		.uleb128 0x1b
 1162 000a 0E       		.uleb128 0xe
 1163 000b 10       		.uleb128 0x10
 1164 000c 17       		.uleb128 0x17
 1165 000d 00       		.byte	0
 1166 000e 00       		.byte	0
 1167 000f 02       		.uleb128 0x2
 1168 0010 24       		.uleb128 0x24
 1169 0011 00       		.byte	0
 1170 0012 0B       		.uleb128 0xb
 1171 0013 0B       		.uleb128 0xb
 1172 0014 3E       		.uleb128 0x3e
 1173 0015 0B       		.uleb128 0xb
 1174 0016 03       		.uleb128 0x3
 1175 0017 0E       		.uleb128 0xe
 1176 0018 00       		.byte	0
 1177 0019 00       		.byte	0
 1178 001a 03       		.uleb128 0x3
 1179 001b 16       		.uleb128 0x16
 1180 001c 00       		.byte	0
 1181 001d 03       		.uleb128 0x3
 1182 001e 0E       		.uleb128 0xe
 1183 001f 3A       		.uleb128 0x3a
 1184 0020 0B       		.uleb128 0xb
 1185 0021 3B       		.uleb128 0x3b
 1186 0022 0B       		.uleb128 0xb
 1187 0023 49       		.uleb128 0x49
 1188 0024 13       		.uleb128 0x13
 1189 0025 00       		.byte	0
 1190 0026 00       		.byte	0
 1191 0027 04       		.uleb128 0x4
 1192 0028 24       		.uleb128 0x24
 1193 0029 00       		.byte	0
ARM GAS  C:\Users\z004e6he\AppData\Local\Temp\ccLu8GCp.s 			page 22


 1194 002a 0B       		.uleb128 0xb
 1195 002b 0B       		.uleb128 0xb
 1196 002c 3E       		.uleb128 0x3e
 1197 002d 0B       		.uleb128 0xb
 1198 002e 03       		.uleb128 0x3
 1199 002f 08       		.uleb128 0x8
 1200 0030 00       		.byte	0
 1201 0031 00       		.byte	0
 1202 0032 05       		.uleb128 0x5
 1203 0033 01       		.uleb128 0x1
 1204 0034 01       		.byte	0x1
 1205 0035 49       		.uleb128 0x49
 1206 0036 13       		.uleb128 0x13
 1207 0037 01       		.uleb128 0x1
 1208 0038 13       		.uleb128 0x13
 1209 0039 00       		.byte	0
 1210 003a 00       		.byte	0
 1211 003b 06       		.uleb128 0x6
 1212 003c 21       		.uleb128 0x21
 1213 003d 00       		.byte	0
 1214 003e 49       		.uleb128 0x49
 1215 003f 13       		.uleb128 0x13
 1216 0040 2F       		.uleb128 0x2f
 1217 0041 05       		.uleb128 0x5
 1218 0042 00       		.byte	0
 1219 0043 00       		.byte	0
 1220 0044 07       		.uleb128 0x7
 1221 0045 26       		.uleb128 0x26
 1222 0046 00       		.byte	0
 1223 0047 49       		.uleb128 0x49
 1224 0048 13       		.uleb128 0x13
 1225 0049 00       		.byte	0
 1226 004a 00       		.byte	0
 1227 004b 08       		.uleb128 0x8
 1228 004c 34       		.uleb128 0x34
 1229 004d 00       		.byte	0
 1230 004e 03       		.uleb128 0x3
 1231 004f 0E       		.uleb128 0xe
 1232 0050 3A       		.uleb128 0x3a
 1233 0051 0B       		.uleb128 0xb
 1234 0052 3B       		.uleb128 0x3b
 1235 0053 0B       		.uleb128 0xb
 1236 0054 49       		.uleb128 0x49
 1237 0055 13       		.uleb128 0x13
 1238 0056 3F       		.uleb128 0x3f
 1239 0057 19       		.uleb128 0x19
 1240 0058 02       		.uleb128 0x2
 1241 0059 18       		.uleb128 0x18
 1242 005a 00       		.byte	0
 1243 005b 00       		.byte	0
 1244 005c 09       		.uleb128 0x9
 1245 005d 21       		.uleb128 0x21
 1246 005e 00       		.byte	0
 1247 005f 49       		.uleb128 0x49
 1248 0060 13       		.uleb128 0x13
 1249 0061 2F       		.uleb128 0x2f
 1250 0062 0B       		.uleb128 0xb
ARM GAS  C:\Users\z004e6he\AppData\Local\Temp\ccLu8GCp.s 			page 23


 1251 0063 00       		.byte	0
 1252 0064 00       		.byte	0
 1253 0065 00       		.byte	0
 1254              		.section	.debug_aranges,"",%progbits
 1255 0000 14000000 		.4byte	0x14
 1256 0004 0200     		.2byte	0x2
 1257 0006 00000000 		.4byte	.Ldebug_info0
 1258 000a 04       		.byte	0x4
 1259 000b 00       		.byte	0
 1260 000c 0000     		.2byte	0
 1261 000e 0000     		.2byte	0
 1262 0010 00000000 		.4byte	0
 1263 0014 00000000 		.4byte	0
 1264              		.section	.debug_line,"",%progbits
 1265              	.Ldebug_line0:
 1266 0000 3D010000 		.section	.debug_str,"MS",%progbits,1
 1266      02003701 
 1266      00000201 
 1266      FB0E0D00 
 1266      01010101 
 1267              	.LASF9:
 1268 0000 5F5F7569 		.ascii	"__uint8_t\000"
 1268      6E74385F 
 1268      7400
 1269              	.LASF17:
 1270 000a 474E5520 		.ascii	"GNU C11 5.4.1 20160609 (release) [ARM/embedded-5-br"
 1270      43313120 
 1270      352E342E 
 1270      31203230 
 1270      31363036 
 1271 003d 616E6368 		.ascii	"anch revision 237715] -mcpu=cortex-m3 -mthumb -g -O"
 1271      20726576 
 1271      6973696F 
 1271      6E203233 
 1271      37373135 
 1272 0070 30202D66 		.ascii	"0 -ffunction-sections -ffat-lto-objects\000"
 1272      66756E63 
 1272      74696F6E 
 1272      2D736563 
 1272      74696F6E 
 1273              	.LASF16:
 1274 0098 63795F6D 		.ascii	"cy_metadata\000"
 1274      65746164 
 1274      61746100 
 1275              	.LASF1:
 1276 00a4 756E7369 		.ascii	"unsigned char\000"
 1276      676E6564 
 1276      20636861 
 1276      7200
 1277              	.LASF5:
 1278 00b2 6C6F6E67 		.ascii	"long unsigned int\000"
 1278      20756E73 
 1278      69676E65 
 1278      6420696E 
 1278      7400
 1279              	.LASF3:
 1280 00c4 73686F72 		.ascii	"short unsigned int\000"
ARM GAS  C:\Users\z004e6he\AppData\Local\Temp\ccLu8GCp.s 			page 24


 1280      7420756E 
 1280      7369676E 
 1280      65642069 
 1280      6E7400
 1281              	.LASF19:
 1282 00d7 433A5C55 		.ascii	"C:\\UserData\\z004e6he\\OneDrive - Siemens AG\\Docu"
 1282      73657244 
 1282      6174615C 
 1282      7A303034 
 1282      65366865 
 1283 0106 6D656E74 		.ascii	"ments\\PSoC Creator\\PSoC\\Exercise3\\LucaSpenglerP"
 1283      735C5053 
 1283      6F432043 
 1283      72656174 
 1283      6F725C50 
 1284 0135 536F4335 		.ascii	"SoC5DAQ.cydsn\000"
 1284      4441512E 
 1284      63796473 
 1284      6E00
 1285              	.LASF13:
 1286 0143 63795F6D 		.ascii	"cy_meta_custnvl\000"
 1286      6574615F 
 1286      63757374 
 1286      6E766C00 
 1287              	.LASF12:
 1288 0153 63795F6D 		.ascii	"cy_meta_configecc\000"
 1288      6574615F 
 1288      636F6E66 
 1288      69676563 
 1288      6300
 1289              	.LASF8:
 1290 0165 756E7369 		.ascii	"unsigned int\000"
 1290      676E6564 
 1290      20696E74 
 1290      00
 1291              	.LASF7:
 1292 0172 6C6F6E67 		.ascii	"long long unsigned int\000"
 1292      206C6F6E 
 1292      6720756E 
 1292      7369676E 
 1292      65642069 
 1293              	.LASF10:
 1294 0189 75696E74 		.ascii	"uint8_t\000"
 1294      385F7400 
 1295              	.LASF15:
 1296 0191 63795F6D 		.ascii	"cy_meta_flashprotect\000"
 1296      6574615F 
 1296      666C6173 
 1296      6870726F 
 1296      74656374 
 1297              	.LASF14:
 1298 01a6 63795F6D 		.ascii	"cy_meta_wonvl\000"
 1298      6574615F 
 1298      776F6E76 
 1298      6C00
 1299              	.LASF11:
 1300 01b4 73697A65 		.ascii	"sizetype\000"
ARM GAS  C:\Users\z004e6he\AppData\Local\Temp\ccLu8GCp.s 			page 25


 1300      74797065 
 1300      00
 1301              	.LASF6:
 1302 01bd 6C6F6E67 		.ascii	"long long int\000"
 1302      206C6F6E 
 1302      6720696E 
 1302      7400
 1303              	.LASF2:
 1304 01cb 73686F72 		.ascii	"short int\000"
 1304      7420696E 
 1304      7400
 1305              	.LASF4:
 1306 01d5 6C6F6E67 		.ascii	"long int\000"
 1306      20696E74 
 1306      00
 1307              	.LASF0:
 1308 01de 7369676E 		.ascii	"signed char\000"
 1308      65642063 
 1308      68617200 
 1309              	.LASF18:
 1310 01ea 47656E65 		.ascii	"Generated_Source\\PSoC5\\cymetadata.c\000"
 1310      72617465 
 1310      645F536F 
 1310      75726365 
 1310      5C50536F 
 1311              		.ident	"GCC: (GNU Tools for ARM Embedded Processors) 5.4.1 20160609 (release) [ARM/embedded-5-bran
