ARM GAS  C:\Users\z004e6he\AppData\Local\Temp\cc1wJk6j.s 			page 1


   1              		.syntax unified
   2              		.cpu cortex-m3
   3              		.fpu softvfp
   4              		.eabi_attribute 20, 1
   5              		.eabi_attribute 21, 1
   6              		.eabi_attribute 23, 3
   7              		.eabi_attribute 24, 1
   8              		.eabi_attribute 25, 1
   9              		.eabi_attribute 26, 1
  10              		.eabi_attribute 30, 1
  11              		.eabi_attribute 34, 1
  12              		.eabi_attribute 18, 4
  13              		.thumb
  14              		.syntax unified
  15              		.file	"cymetadata.c"
  16              		.text
  17              	.Ltext0:
  18              		.cfi_sections	.debug_frame
  19              		.global	cy_metadata
  20              		.global	cy_meta_flashprotect
  21              		.global	cy_meta_wonvl
  22              		.global	cy_meta_custnvl
  23              		.global	cy_meta_configecc
  24              		.section	.cyconfigecc,"a",%progbits
  25              		.align	2
  26              		.type	cy_meta_configecc, %object
  27              		.size	cy_meta_configecc, 1120
  28              	cy_meta_configecc:
  29 0000 01       		.byte	1
  30 0001 52       		.byte	82
  31 0002 00       		.byte	0
  32 0003 40       		.byte	64
  33 0004 01       		.byte	1
  34 0005 64       		.byte	100
  35 0006 00       		.byte	0
  36 0007 40       		.byte	64
  37 0008 03       		.byte	3
  38 0009 65       		.byte	101
  39 000a 00       		.byte	0
  40 000b 40       		.byte	64
  41 000c 01       		.byte	1
  42 000d 03       		.byte	3
  43 000e 01       		.byte	1
  44 000f 40       		.byte	64
  45 0010 03       		.byte	3
  46 0011 09       		.byte	9
  47 0012 01       		.byte	1
  48 0013 40       		.byte	64
  49 0014 03       		.byte	3
  50 0015 0B       		.byte	11
  51 0016 01       		.byte	1
  52 0017 40       		.byte	64
  53 0018 43       		.byte	67
  54 0019 0C       		.byte	12
  55 001a 01       		.byte	1
  56 001b 40       		.byte	64
  57 001c 28       		.byte	40
ARM GAS  C:\Users\z004e6he\AppData\Local\Temp\cc1wJk6j.s 			page 2


  58 001d 0D       		.byte	13
  59 001e 01       		.byte	1
  60 001f 40       		.byte	64
  61 0020 01       		.byte	1
  62 0021 15       		.byte	21
  63 0022 01       		.byte	1
  64 0023 40       		.byte	64
  65 0024 57       		.byte	87
  66 0025 18       		.byte	24
  67 0026 01       		.byte	1
  68 0027 40       		.byte	64
  69 0028 42       		.byte	66
  70 0029 19       		.byte	25
  71 002a 01       		.byte	1
  72 002b 40       		.byte	64
  73 002c 30       		.byte	48
  74 002d 1A       		.byte	26
  75 002e 01       		.byte	1
  76 002f 40       		.byte	64
  77 0030 50       		.byte	80
  78 0031 1B       		.byte	27
  79 0032 01       		.byte	1
  80 0033 40       		.byte	64
  81 0034 03       		.byte	3
  82 0035 40       		.byte	64
  83 0036 01       		.byte	1
  84 0037 40       		.byte	64
  85 0038 04       		.byte	4
  86 0039 41       		.byte	65
  87 003a 01       		.byte	1
  88 003b 40       		.byte	64
  89 003c 01       		.byte	1
  90 003d 42       		.byte	66
  91 003e 01       		.byte	1
  92 003f 40       		.byte	64
  93 0040 01       		.byte	1
  94 0041 43       		.byte	67
  95 0042 01       		.byte	1
  96 0043 40       		.byte	64
  97 0044 04       		.byte	4
  98 0045 45       		.byte	69
  99 0046 01       		.byte	1
 100 0047 40       		.byte	64
 101 0048 01       		.byte	1
 102 0049 48       		.byte	72
 103 004a 01       		.byte	1
 104 004b 40       		.byte	64
 105 004c 03       		.byte	3
 106 004d 49       		.byte	73
 107 004e 01       		.byte	1
 108 004f 40       		.byte	64
 109 0050 07       		.byte	7
 110 0051 4D       		.byte	77
 111 0052 01       		.byte	1
 112 0053 40       		.byte	64
 113 0054 04       		.byte	4
 114 0055 50       		.byte	80
ARM GAS  C:\Users\z004e6he\AppData\Local\Temp\cc1wJk6j.s 			page 3


 115 0056 01       		.byte	1
 116 0057 40       		.byte	64
 117 0058 01       		.byte	1
 118 0059 51       		.byte	81
 119 005a 01       		.byte	1
 120 005b 40       		.byte	64
 121 005c 11       		.byte	17
 122 005d 01       		.byte	1
 123 005e 8D       		.byte	-115
 124 005f 0D       		.byte	13
 125 0060 88       		.byte	-120
 126 0061 72       		.byte	114
 127 0062 89       		.byte	-119
 128 0063 0F       		.byte	15
 129 0064 8B       		.byte	-117
 130 0065 38       		.byte	56
 131 0066 E6       		.byte	-26
 132 0067 02       		.byte	2
 133 0068 95       		.byte	-107
 134 0069 44       		.byte	68
 135 006a A2       		.byte	-94
 136 006b 02       		.byte	2
 137 006c A7       		.byte	-89
 138 006d 08       		.byte	8
 139 006e 95       		.byte	-107
 140 006f 44       		.byte	68
 141 0070 A2       		.byte	-94
 142 0071 02       		.byte	2
 143 0072 A7       		.byte	-89
 144 0073 08       		.byte	8
 145 0074 0B       		.byte	11
 146 0075 02       		.byte	2
 147 0076 0D       		.byte	13
 148 0077 01       		.byte	1
 149 0078 17       		.byte	23
 150 0079 02       		.byte	2
 151 007a 25       		.byte	37
 152 007b 01       		.byte	1
 153 007c 29       		.byte	41
 154 007d 01       		.byte	1
 155 007e 31       		.byte	49
 156 007f 01       		.byte	1
 157 0080 33       		.byte	51
 158 0081 02       		.byte	2
 159 0082 3F       		.byte	63
 160 0083 04       		.byte	4
 161 0084 40       		.byte	64
 162 0085 60       		.byte	96
 163 0086 41       		.byte	65
 164 0087 02       		.byte	2
 165 0088 49       		.byte	73
 166 0089 FF       		.byte	-1
 167 008a 4A       		.byte	74
 168 008b FF       		.byte	-1
 169 008c 4B       		.byte	75
 170 008d FF       		.byte	-1
 171 008e 4D       		.byte	77
ARM GAS  C:\Users\z004e6he\AppData\Local\Temp\cc1wJk6j.s 			page 4


 172 008f A0       		.byte	-96
 173 0090 4F       		.byte	79
 174 0091 04       		.byte	4
 175 0092 50       		.byte	80
 176 0093 18       		.byte	24
 177 0094 59       		.byte	89
 178 0095 04       		.byte	4
 179 0096 5A       		.byte	90
 180 0097 04       		.byte	4
 181 0098 5C       		.byte	92
 182 0099 10       		.byte	16
 183 009a 5F       		.byte	95
 184 009b 01       		.byte	1
 185 009c 60       		.byte	96
 186 009d 40       		.byte	64
 187 009e 62       		.byte	98
 188 009f C0       		.byte	-64
 189 00a0 64       		.byte	100
 190 00a1 40       		.byte	64
 191 00a2 65       		.byte	101
 192 00a3 40       		.byte	64
 193 00a4 66       		.byte	102
 194 00a5 C0       		.byte	-64
 195 00a6 68       		.byte	104
 196 00a7 C0       		.byte	-64
 197 00a8 6A       		.byte	106
 198 00a9 C0       		.byte	-64
 199 00aa 6C       		.byte	108
 200 00ab C0       		.byte	-64
 201 00ac 6E       		.byte	110
 202 00ad C0       		.byte	-64
 203 00ae 86       		.byte	-122
 204 00af 02       		.byte	2
 205 00b0 92       		.byte	-110
 206 00b1 01       		.byte	1
 207 00b2 9B       		.byte	-101
 208 00b3 01       		.byte	1
 209 00b4 A1       		.byte	-95
 210 00b5 01       		.byte	1
 211 00b6 A6       		.byte	-90
 212 00b7 06       		.byte	6
 213 00b8 B0       		.byte	-80
 214 00b9 04       		.byte	4
 215 00ba B2       		.byte	-78
 216 00bb 02       		.byte	2
 217 00bc B4       		.byte	-76
 218 00bd 01       		.byte	1
 219 00be B7       		.byte	-73
 220 00bf 01       		.byte	1
 221 00c0 C0       		.byte	-64
 222 00c1 20       		.byte	32
 223 00c2 C1       		.byte	-63
 224 00c3 06       		.byte	6
 225 00c4 C5       		.byte	-59
 226 00c5 D1       		.byte	-47
 227 00c6 C7       		.byte	-57
 228 00c7 02       		.byte	2
ARM GAS  C:\Users\z004e6he\AppData\Local\Temp\cc1wJk6j.s 			page 5


 229 00c8 C8       		.byte	-56
 230 00c9 13       		.byte	19
 231 00ca C9       		.byte	-55
 232 00cb FF       		.byte	-1
 233 00cc CA       		.byte	-54
 234 00cd FF       		.byte	-1
 235 00ce CB       		.byte	-53
 236 00cf FF       		.byte	-1
 237 00d0 CD       		.byte	-51
 238 00d1 AF       		.byte	-81
 239 00d2 CE       		.byte	-50
 240 00d3 0F       		.byte	15
 241 00d4 CF       		.byte	-49
 242 00d5 04       		.byte	4
 243 00d6 D0       		.byte	-48
 244 00d7 18       		.byte	24
 245 00d8 D2       		.byte	-46
 246 00d9 80       		.byte	-128
 247 00da D4       		.byte	-44
 248 00db 05       		.byte	5
 249 00dc D6       		.byte	-42
 250 00dd 04       		.byte	4
 251 00de D8       		.byte	-40
 252 00df 04       		.byte	4
 253 00e0 D9       		.byte	-39
 254 00e1 04       		.byte	4
 255 00e2 DA       		.byte	-38
 256 00e3 04       		.byte	4
 257 00e4 DB       		.byte	-37
 258 00e5 04       		.byte	4
 259 00e6 DF       		.byte	-33
 260 00e7 01       		.byte	1
 261 00e8 E0       		.byte	-32
 262 00e9 40       		.byte	64
 263 00ea E2       		.byte	-30
 264 00eb C0       		.byte	-64
 265 00ec E4       		.byte	-28
 266 00ed 40       		.byte	64
 267 00ee E5       		.byte	-27
 268 00ef 40       		.byte	64
 269 00f0 E6       		.byte	-26
 270 00f1 C0       		.byte	-64
 271 00f2 E8       		.byte	-24
 272 00f3 C0       		.byte	-64
 273 00f4 EA       		.byte	-22
 274 00f5 C0       		.byte	-64
 275 00f6 EC       		.byte	-20
 276 00f7 C0       		.byte	-64
 277 00f8 EE       		.byte	-18
 278 00f9 C0       		.byte	-64
 279 00fa 00       		.byte	0
 280 00fb 04       		.byte	4
 281 00fc 09       		.byte	9
 282 00fd 02       		.byte	2
 283 00fe 10       		.byte	16
 284 00ff 20       		.byte	32
 285 0100 18       		.byte	24
ARM GAS  C:\Users\z004e6he\AppData\Local\Temp\cc1wJk6j.s 			page 6


 286 0101 24       		.byte	36
 287 0102 19       		.byte	25
 288 0103 02       		.byte	2
 289 0104 1B       		.byte	27
 290 0105 10       		.byte	16
 291 0106 22       		.byte	34
 292 0107 40       		.byte	64
 293 0108 25       		.byte	37
 294 0109 04       		.byte	4
 295 010a 26       		.byte	38
 296 010b 02       		.byte	2
 297 010c 29       		.byte	41
 298 010d 02       		.byte	2
 299 010e 2D       		.byte	45
 300 010f 04       		.byte	4
 301 0110 2F       		.byte	47
 302 0111 08       		.byte	8
 303 0112 30       		.byte	48
 304 0113 20       		.byte	32
 305 0114 36       		.byte	54
 306 0115 08       		.byte	8
 307 0116 3D       		.byte	61
 308 0117 48       		.byte	72
 309 0118 3E       		.byte	62
 310 0119 04       		.byte	4
 311 011a 3F       		.byte	63
 312 011b 20       		.byte	32
 313 011c 40       		.byte	64
 314 011d 04       		.byte	4
 315 011e 46       		.byte	70
 316 011f 04       		.byte	4
 317 0120 48       		.byte	72
 318 0121 28       		.byte	40
 319 0122 49       		.byte	73
 320 0123 01       		.byte	1
 321 0124 4F       		.byte	79
 322 0125 20       		.byte	32
 323 0126 50       		.byte	80
 324 0127 08       		.byte	8
 325 0128 52       		.byte	82
 326 0129 0C       		.byte	12
 327 012a 59       		.byte	89
 328 012b 01       		.byte	1
 329 012c 5A       		.byte	90
 330 012d 84       		.byte	-124
 331 012e 63       		.byte	99
 332 012f 40       		.byte	64
 333 0130 71       		.byte	113
 334 0131 02       		.byte	2
 335 0132 87       		.byte	-121
 336 0133 40       		.byte	64
 337 0134 8C       		.byte	-116
 338 0135 10       		.byte	16
 339 0136 C0       		.byte	-64
 340 0137 04       		.byte	4
 341 0138 C2       		.byte	-62
 342 0139 08       		.byte	8
ARM GAS  C:\Users\z004e6he\AppData\Local\Temp\cc1wJk6j.s 			page 7


 343 013a C4       		.byte	-60
 344 013b 04       		.byte	4
 345 013c CA       		.byte	-54
 346 013d 61       		.byte	97
 347 013e CC       		.byte	-52
 348 013f 44       		.byte	68
 349 0140 CE       		.byte	-50
 350 0141 30       		.byte	48
 351 0142 D0       		.byte	-48
 352 0143 24       		.byte	36
 353 0144 D2       		.byte	-46
 354 0145 24       		.byte	36
 355 0146 D6       		.byte	-42
 356 0147 0B       		.byte	11
 357 0148 D8       		.byte	-40
 358 0149 01       		.byte	1
 359 014a E2       		.byte	-30
 360 014b 04       		.byte	4
 361 014c 00       		.byte	0
 362 014d 33       		.byte	51
 363 014e 01       		.byte	1
 364 014f FF       		.byte	-1
 365 0150 02       		.byte	2
 366 0151 0C       		.byte	12
 367 0152 04       		.byte	4
 368 0153 1C       		.byte	28
 369 0154 05       		.byte	5
 370 0155 08       		.byte	8
 371 0156 06       		.byte	6
 372 0157 23       		.byte	35
 373 0158 08       		.byte	8
 374 0159 04       		.byte	4
 375 015a 09       		.byte	9
 376 015b 3C       		.byte	60
 377 015c 0B       		.byte	11
 378 015d C2       		.byte	-62
 379 015e 0C       		.byte	12
 380 015f 08       		.byte	8
 381 0160 0D       		.byte	13
 382 0161 10       		.byte	16
 383 0162 13       		.byte	19
 384 0163 04       		.byte	4
 385 0164 14       		.byte	20
 386 0165 1F       		.byte	31
 387 0166 15       		.byte	21
 388 0167 80       		.byte	-128
 389 0168 16       		.byte	22
 390 0169 20       		.byte	32
 391 016a 18       		.byte	24
 392 016b 03       		.byte	3
 393 016c 19       		.byte	25
 394 016d 18       		.byte	24
 395 016e 1C       		.byte	28
 396 016f 3F       		.byte	63
 397 0170 1F       		.byte	31
 398 0171 E3       		.byte	-29
 399 0172 21       		.byte	33
ARM GAS  C:\Users\z004e6he\AppData\Local\Temp\cc1wJk6j.s 			page 8


 400 0173 44       		.byte	68
 401 0174 22       		.byte	34
 402 0175 23       		.byte	35
 403 0176 24       		.byte	36
 404 0177 02       		.byte	2
 405 0178 25       		.byte	37
 406 0179 C0       		.byte	-64
 407 017a 28       		.byte	40
 408 017b 0C       		.byte	12
 409 017c 29       		.byte	41
 410 017d 1C       		.byte	28
 411 017e 2B       		.byte	43
 412 017f E1       		.byte	-31
 413 0180 2C       		.byte	44
 414 0181 01       		.byte	1
 415 0182 2D       		.byte	45
 416 0183 E7       		.byte	-25
 417 0184 2F       		.byte	47
 418 0185 18       		.byte	24
 419 0186 30       		.byte	48
 420 0187 10       		.byte	16
 421 0188 31       		.byte	49
 422 0189 38       		.byte	56
 423 018a 32       		.byte	50
 424 018b 2C       		.byte	44
 425 018c 33       		.byte	51
 426 018d 1F       		.byte	31
 427 018e 34       		.byte	52
 428 018f 0F       		.byte	15
 429 0190 37       		.byte	55
 430 0191 C0       		.byte	-64
 431 0192 3A       		.byte	58
 432 0193 A8       		.byte	-88
 433 0194 3B       		.byte	59
 434 0195 08       		.byte	8
 435 0196 3E       		.byte	62
 436 0197 01       		.byte	1
 437 0198 56       		.byte	86
 438 0199 02       		.byte	2
 439 019a 57       		.byte	87
 440 019b 10       		.byte	16
 441 019c 58       		.byte	88
 442 019d 04       		.byte	4
 443 019e 59       		.byte	89
 444 019f 04       		.byte	4
 445 01a0 5B       		.byte	91
 446 01a1 04       		.byte	4
 447 01a2 5C       		.byte	92
 448 01a3 11       		.byte	17
 449 01a4 5D       		.byte	93
 450 01a5 10       		.byte	16
 451 01a6 5F       		.byte	95
 452 01a7 01       		.byte	1
 453 01a8 84       		.byte	-124
 454 01a9 13       		.byte	19
 455 01aa 85       		.byte	-123
 456 01ab 01       		.byte	1
ARM GAS  C:\Users\z004e6he\AppData\Local\Temp\cc1wJk6j.s 			page 9


 457 01ac 86       		.byte	-122
 458 01ad 2C       		.byte	44
 459 01ae 8C       		.byte	-116
 460 01af 13       		.byte	19
 461 01b0 8E       		.byte	-114
 462 01b1 64       		.byte	100
 463 01b2 96       		.byte	-106
 464 01b3 40       		.byte	64
 465 01b4 9E       		.byte	-98
 466 01b5 48       		.byte	72
 467 01b6 A0       		.byte	-96
 468 01b7 03       		.byte	3
 469 01b8 A2       		.byte	-94
 470 01b9 14       		.byte	20
 471 01ba A6       		.byte	-90
 472 01bb 35       		.byte	53
 473 01bc A8       		.byte	-88
 474 01bd 4A       		.byte	74
 475 01be AA       		.byte	-86
 476 01bf 34       		.byte	52
 477 01c0 B0       		.byte	-80
 478 01c1 68       		.byte	104
 479 01c2 B3       		.byte	-77
 480 01c3 01       		.byte	1
 481 01c4 B4       		.byte	-76
 482 01c5 0F       		.byte	15
 483 01c6 B6       		.byte	-74
 484 01c7 10       		.byte	16
 485 01c8 BA       		.byte	-70
 486 01c9 22       		.byte	34
 487 01ca BE       		.byte	-66
 488 01cb 40       		.byte	64
 489 01cc BF       		.byte	-65
 490 01cd 04       		.byte	4
 491 01ce C0       		.byte	-64
 492 01cf 23       		.byte	35
 493 01d0 C1       		.byte	-63
 494 01d1 05       		.byte	5
 495 01d2 C6       		.byte	-58
 496 01d3 BC       		.byte	-68
 497 01d4 C7       		.byte	-57
 498 01d5 0E       		.byte	14
 499 01d6 C8       		.byte	-56
 500 01d7 1C       		.byte	28
 501 01d8 C9       		.byte	-55
 502 01d9 FF       		.byte	-1
 503 01da CA       		.byte	-54
 504 01db FF       		.byte	-1
 505 01dc CB       		.byte	-53
 506 01dd FF       		.byte	-1
 507 01de CE       		.byte	-50
 508 01df F0       		.byte	-16
 509 01e0 CF       		.byte	-49
 510 01e1 44       		.byte	68
 511 01e2 D0       		.byte	-48
 512 01e3 0C       		.byte	12
 513 01e4 D4       		.byte	-44
ARM GAS  C:\Users\z004e6he\AppData\Local\Temp\cc1wJk6j.s 			page 10


 514 01e5 01       		.byte	1
 515 01e6 D8       		.byte	-40
 516 01e7 04       		.byte	4
 517 01e8 D9       		.byte	-39
 518 01e9 04       		.byte	4
 519 01ea DA       		.byte	-38
 520 01eb 04       		.byte	4
 521 01ec DB       		.byte	-37
 522 01ed 04       		.byte	4
 523 01ee DC       		.byte	-36
 524 01ef 01       		.byte	1
 525 01f0 DD       		.byte	-35
 526 01f1 11       		.byte	17
 527 01f2 DF       		.byte	-33
 528 01f3 01       		.byte	1
 529 01f4 E6       		.byte	-26
 530 01f5 C0       		.byte	-64
 531 01f6 EA       		.byte	-22
 532 01f7 40       		.byte	64
 533 01f8 EB       		.byte	-21
 534 01f9 02       		.byte	2
 535 01fa 00       		.byte	0
 536 01fb 44       		.byte	68
 537 01fc 01       		.byte	1
 538 01fd 80       		.byte	-128
 539 01fe 05       		.byte	5
 540 01ff 01       		.byte	1
 541 0200 06       		.byte	6
 542 0201 25       		.byte	37
 543 0202 07       		.byte	7
 544 0203 10       		.byte	16
 545 0204 0A       		.byte	10
 546 0205 02       		.byte	2
 547 0206 0B       		.byte	11
 548 0207 20       		.byte	32
 549 0208 0D       		.byte	13
 550 0209 80       		.byte	-128
 551 020a 0E       		.byte	14
 552 020b 28       		.byte	40
 553 020c 0F       		.byte	15
 554 020d 01       		.byte	1
 555 020e 10       		.byte	16
 556 020f 20       		.byte	32
 557 0210 11       		.byte	17
 558 0211 02       		.byte	2
 559 0212 12       		.byte	18
 560 0213 48       		.byte	72
 561 0214 14       		.byte	20
 562 0215 40       		.byte	64
 563 0216 16       		.byte	22
 564 0217 02       		.byte	2
 565 0218 17       		.byte	23
 566 0219 25       		.byte	37
 567 021a 18       		.byte	24
 568 021b 4C       		.byte	76
 569 021c 19       		.byte	25
 570 021d 40       		.byte	64
ARM GAS  C:\Users\z004e6he\AppData\Local\Temp\cc1wJk6j.s 			page 11


 571 021e 1D       		.byte	29
 572 021f A0       		.byte	-96
 573 0220 1E       		.byte	30
 574 0221 60       		.byte	96
 575 0222 1F       		.byte	31
 576 0223 04       		.byte	4
 577 0224 22       		.byte	34
 578 0225 04       		.byte	4
 579 0226 25       		.byte	37
 580 0227 02       		.byte	2
 581 0228 27       		.byte	39
 582 0229 12       		.byte	18
 583 022a 2E       		.byte	46
 584 022b 02       		.byte	2
 585 022c 2F       		.byte	47
 586 022d 26       		.byte	38
 587 022e 32       		.byte	50
 588 022f 02       		.byte	2
 589 0230 33       		.byte	51
 590 0231 01       		.byte	1
 591 0232 34       		.byte	52
 592 0233 40       		.byte	64
 593 0234 36       		.byte	54
 594 0235 01       		.byte	1
 595 0236 37       		.byte	55
 596 0237 24       		.byte	36
 597 0238 39       		.byte	57
 598 0239 08       		.byte	8
 599 023a 3C       		.byte	60
 600 023b 80       		.byte	-128
 601 023c 3E       		.byte	62
 602 023d 28       		.byte	40
 603 023e 3F       		.byte	63
 604 023f 01       		.byte	1
 605 0240 40       		.byte	64
 606 0241 04       		.byte	4
 607 0242 41       		.byte	65
 608 0243 08       		.byte	8
 609 0244 49       		.byte	73
 610 0245 80       		.byte	-128
 611 0246 51       		.byte	81
 612 0247 04       		.byte	4
 613 0248 52       		.byte	82
 614 0249 50       		.byte	80
 615 024a 59       		.byte	89
 616 024b 60       		.byte	96
 617 024c 5A       		.byte	90
 618 024d 09       		.byte	9
 619 024e 5E       		.byte	94
 620 024f 40       		.byte	64
 621 0250 6D       		.byte	109
 622 0251 54       		.byte	84
 623 0252 6E       		.byte	110
 624 0253 04       		.byte	4
 625 0254 6F       		.byte	111
 626 0255 08       		.byte	8
 627 0256 74       		.byte	116
ARM GAS  C:\Users\z004e6he\AppData\Local\Temp\cc1wJk6j.s 			page 12


 628 0257 40       		.byte	64
 629 0258 76       		.byte	118
 630 0259 0D       		.byte	13
 631 025a 77       		.byte	119
 632 025b 20       		.byte	32
 633 025c 88       		.byte	-120
 634 025d 20       		.byte	32
 635 025e 89       		.byte	-119
 636 025f 08       		.byte	8
 637 0260 8C       		.byte	-116
 638 0261 80       		.byte	-128
 639 0262 8D       		.byte	-115
 640 0263 21       		.byte	33
 641 0264 8F       		.byte	-113
 642 0265 02       		.byte	2
 643 0266 95       		.byte	-107
 644 0267 44       		.byte	68
 645 0268 A2       		.byte	-94
 646 0269 02       		.byte	2
 647 026a A7       		.byte	-89
 648 026b 08       		.byte	8
 649 026c C0       		.byte	-64
 650 026d F5       		.byte	-11
 651 026e C2       		.byte	-62
 652 026f E5       		.byte	-27
 653 0270 C4       		.byte	-60
 654 0271 FE       		.byte	-2
 655 0272 CA       		.byte	-54
 656 0273 F0       		.byte	-16
 657 0274 CC       		.byte	-52
 658 0275 F0       		.byte	-16
 659 0276 CE       		.byte	-50
 660 0277 F2       		.byte	-14
 661 0278 D0       		.byte	-48
 662 0279 06       		.byte	6
 663 027a D2       		.byte	-46
 664 027b 08       		.byte	8
 665 027c D6       		.byte	-42
 666 027d 1F       		.byte	31
 667 027e 04       		.byte	4
 668 027f 10       		.byte	16
 669 0280 05       		.byte	5
 670 0281 71       		.byte	113
 671 0282 06       		.byte	6
 672 0283 0C       		.byte	12
 673 0284 07       		.byte	7
 674 0285 06       		.byte	6
 675 0286 0B       		.byte	11
 676 0287 08       		.byte	8
 677 0288 0C       		.byte	12
 678 0289 0C       		.byte	12
 679 028a 0D       		.byte	13
 680 028b 71       		.byte	113
 681 028c 0E       		.byte	14
 682 028d 11       		.byte	17
 683 028e 0F       		.byte	15
 684 028f 0E       		.byte	14
ARM GAS  C:\Users\z004e6he\AppData\Local\Temp\cc1wJk6j.s 			page 13


 685 0290 12       		.byte	18
 686 0291 03       		.byte	3
 687 0292 13       		.byte	19
 688 0293 0C       		.byte	12
 689 0294 14       		.byte	20
 690 0295 10       		.byte	16
 691 0296 15       		.byte	21
 692 0297 2C       		.byte	44
 693 0298 17       		.byte	23
 694 0299 43       		.byte	67
 695 029a 19       		.byte	25
 696 029b 80       		.byte	-128
 697 029c 1B       		.byte	27
 698 029d 13       		.byte	19
 699 029e 1C       		.byte	28
 700 029f 09       		.byte	9
 701 02a0 1E       		.byte	30
 702 02a1 10       		.byte	16
 703 02a2 24       		.byte	36
 704 02a3 14       		.byte	20
 705 02a4 28       		.byte	40
 706 02a5 1C       		.byte	28
 707 02a6 2A       		.byte	42
 708 02a7 02       		.byte	2
 709 02a8 30       		.byte	48
 710 02a9 1F       		.byte	31
 711 02aa 31       		.byte	49
 712 02ab C0       		.byte	-64
 713 02ac 33       		.byte	51
 714 02ad 0F       		.byte	15
 715 02ae 35       		.byte	53
 716 02af 30       		.byte	48
 717 02b0 39       		.byte	57
 718 02b1 22       		.byte	34
 719 02b2 3B       		.byte	59
 720 02b3 08       		.byte	8
 721 02b4 3F       		.byte	63
 722 02b5 10       		.byte	16
 723 02b6 40       		.byte	64
 724 02b7 02       		.byte	2
 725 02b8 46       		.byte	70
 726 02b9 40       		.byte	64
 727 02ba 49       		.byte	73
 728 02bb FF       		.byte	-1
 729 02bc 4A       		.byte	74
 730 02bd 07       		.byte	7
 731 02be 4B       		.byte	75
 732 02bf FF       		.byte	-1
 733 02c0 4C       		.byte	76
 734 02c1 40       		.byte	64
 735 02c2 4D       		.byte	77
 736 02c3 20       		.byte	32
 737 02c4 4E       		.byte	78
 738 02c5 F0       		.byte	-16
 739 02c6 4F       		.byte	79
 740 02c7 05       		.byte	5
 741 02c8 50       		.byte	80
ARM GAS  C:\Users\z004e6he\AppData\Local\Temp\cc1wJk6j.s 			page 14


 742 02c9 08       		.byte	8
 743 02ca 58       		.byte	88
 744 02cb 04       		.byte	4
 745 02cc 59       		.byte	89
 746 02cd 04       		.byte	4
 747 02ce 5A       		.byte	90
 748 02cf 04       		.byte	4
 749 02d0 5C       		.byte	92
 750 02d1 11       		.byte	17
 751 02d2 5D       		.byte	93
 752 02d3 01       		.byte	1
 753 02d4 5F       		.byte	95
 754 02d5 01       		.byte	1
 755 02d6 60       		.byte	96
 756 02d7 40       		.byte	64
 757 02d8 61       		.byte	97
 758 02d9 A8       		.byte	-88
 759 02da 62       		.byte	98
 760 02db 40       		.byte	64
 761 02dc 63       		.byte	99
 762 02dd 20       		.byte	32
 763 02de 00       		.byte	0
 764 02df 44       		.byte	68
 765 02e0 06       		.byte	6
 766 02e1 02       		.byte	2
 767 02e2 07       		.byte	7
 768 02e3 04       		.byte	4
 769 02e4 0A       		.byte	10
 770 02e5 42       		.byte	66
 771 02e6 0B       		.byte	11
 772 02e7 20       		.byte	32
 773 02e8 0D       		.byte	13
 774 02e9 02       		.byte	2
 775 02ea 0E       		.byte	14
 776 02eb 04       		.byte	4
 777 02ec 0F       		.byte	15
 778 02ed 22       		.byte	34
 779 02ee 12       		.byte	18
 780 02ef 18       		.byte	24
 781 02f0 14       		.byte	20
 782 02f1 10       		.byte	16
 783 02f2 15       		.byte	21
 784 02f3 10       		.byte	16
 785 02f4 1A       		.byte	26
 786 02f5 40       		.byte	64
 787 02f6 1B       		.byte	27
 788 02f7 01       		.byte	1
 789 02f8 1E       		.byte	30
 790 02f9 0A       		.byte	10
 791 02fa 1F       		.byte	31
 792 02fb 29       		.byte	41
 793 02fc 21       		.byte	33
 794 02fd 10       		.byte	16
 795 02fe 22       		.byte	34
 796 02ff 09       		.byte	9
 797 0300 25       		.byte	37
 798 0301 08       		.byte	8
ARM GAS  C:\Users\z004e6he\AppData\Local\Temp\cc1wJk6j.s 			page 15


 799 0302 26       		.byte	38
 800 0303 40       		.byte	64
 801 0304 27       		.byte	39
 802 0305 84       		.byte	-124
 803 0306 2C       		.byte	44
 804 0307 90       		.byte	-112
 805 0308 2E       		.byte	46
 806 0309 80       		.byte	-128
 807 030a 2F       		.byte	47
 808 030b 24       		.byte	36
 809 030c 30       		.byte	48
 810 030d 20       		.byte	32
 811 030e 32       		.byte	50
 812 030f 09       		.byte	9
 813 0310 36       		.byte	54
 814 0311 40       		.byte	64
 815 0312 37       		.byte	55
 816 0313 14       		.byte	20
 817 0314 38       		.byte	56
 818 0315 48       		.byte	72
 819 0316 3B       		.byte	59
 820 0317 20       		.byte	32
 821 0318 3D       		.byte	61
 822 0319 10       		.byte	16
 823 031a 3E       		.byte	62
 824 031b 06       		.byte	6
 825 031c 3F       		.byte	63
 826 031d 80       		.byte	-128
 827 031e 41       		.byte	65
 828 031f 10       		.byte	16
 829 0320 45       		.byte	69
 830 0321 22       		.byte	34
 831 0322 47       		.byte	71
 832 0323 80       		.byte	-128
 833 0324 48       		.byte	72
 834 0325 20       		.byte	32
 835 0326 4C       		.byte	76
 836 0327 08       		.byte	8
 837 0328 4E       		.byte	78
 838 0329 02       		.byte	2
 839 032a 53       		.byte	83
 840 032b 10       		.byte	16
 841 032c 57       		.byte	87
 842 032d 50       		.byte	80
 843 032e 5F       		.byte	95
 844 032f 02       		.byte	2
 845 0330 65       		.byte	101
 846 0331 01       		.byte	1
 847 0332 67       		.byte	103
 848 0333 06       		.byte	6
 849 0334 81       		.byte	-127
 850 0335 01       		.byte	1
 851 0336 85       		.byte	-123
 852 0337 08       		.byte	8
 853 0338 87       		.byte	-121
 854 0339 0C       		.byte	12
 855 033a 8A       		.byte	-118
ARM GAS  C:\Users\z004e6he\AppData\Local\Temp\cc1wJk6j.s 			page 16


 856 033b 02       		.byte	2
 857 033c 90       		.byte	-112
 858 033d 4C       		.byte	76
 859 033e 91       		.byte	-111
 860 033f 10       		.byte	16
 861 0340 92       		.byte	-110
 862 0341 04       		.byte	4
 863 0342 93       		.byte	-109
 864 0343 08       		.byte	8
 865 0344 96       		.byte	-106
 866 0345 02       		.byte	2
 867 0346 97       		.byte	-105
 868 0347 20       		.byte	32
 869 0348 9A       		.byte	-102
 870 0349 90       		.byte	-112
 871 034a 9B       		.byte	-101
 872 034b 12       		.byte	18
 873 034c 9E       		.byte	-98
 874 034d 02       		.byte	2
 875 034e 9F       		.byte	-97
 876 034f 04       		.byte	4
 877 0350 A0       		.byte	-96
 878 0351 88       		.byte	-120
 879 0352 A1       		.byte	-95
 880 0353 22       		.byte	34
 881 0354 A2       		.byte	-94
 882 0355 02       		.byte	2
 883 0356 A4       		.byte	-92
 884 0357 20       		.byte	32
 885 0358 A6       		.byte	-90
 886 0359 0D       		.byte	13
 887 035a A7       		.byte	-89
 888 035b 20       		.byte	32
 889 035c B1       		.byte	-79
 890 035d 04       		.byte	4
 891 035e B2       		.byte	-78
 892 035f 01       		.byte	1
 893 0360 B4       		.byte	-76
 894 0361 08       		.byte	8
 895 0362 B5       		.byte	-75
 896 0363 21       		.byte	33
 897 0364 B6       		.byte	-74
 898 0365 80       		.byte	-128
 899 0366 B7       		.byte	-73
 900 0367 01       		.byte	1
 901 0368 C0       		.byte	-64
 902 0369 C5       		.byte	-59
 903 036a C2       		.byte	-62
 904 036b FD       		.byte	-3
 905 036c C4       		.byte	-60
 906 036d 66       		.byte	102
 907 036e CA       		.byte	-54
 908 036f F0       		.byte	-16
 909 0370 CC       		.byte	-52
 910 0371 77       		.byte	119
 911 0372 CE       		.byte	-50
 912 0373 FE       		.byte	-2
ARM GAS  C:\Users\z004e6he\AppData\Local\Temp\cc1wJk6j.s 			page 17


 913 0374 D0       		.byte	-48
 914 0375 B4       		.byte	-76
 915 0376 D2       		.byte	-46
 916 0377 30       		.byte	48
 917 0378 D6       		.byte	-42
 918 0379 80       		.byte	-128
 919 037a D8       		.byte	-40
 920 037b B0       		.byte	-80
 921 037c E4       		.byte	-28
 922 037d 02       		.byte	2
 923 037e 30       		.byte	48
 924 037f 10       		.byte	16
 925 0380 37       		.byte	55
 926 0381 10       		.byte	16
 927 0382 CC       		.byte	-52
 928 0383 30       		.byte	48
 929 0384 84       		.byte	-124
 930 0385 10       		.byte	16
 931 0386 9C       		.byte	-100
 932 0387 10       		.byte	16
 933 0388 9F       		.byte	-97
 934 0389 10       		.byte	16
 935 038a E6       		.byte	-26
 936 038b 40       		.byte	64
 937 038c 9F       		.byte	-97
 938 038d 10       		.byte	16
 939 038e 9F       		.byte	-97
 940 038f 10       		.byte	16
 941 0390 5B       		.byte	91
 942 0391 10       		.byte	16
 943 0392 8F       		.byte	-113
 944 0393 10       		.byte	16
 945 0394 D4       		.byte	-44
 946 0395 01       		.byte	1
 947 0396 E4       		.byte	-28
 948 0397 02       		.byte	2
 949 0398 9F       		.byte	-97
 950 0399 10       		.byte	16
 951 039a 83       		.byte	-125
 952 039b 10       		.byte	16
 953 039c 9F       		.byte	-97
 954 039d 10       		.byte	16
 955 039e E2       		.byte	-30
 956 039f 20       		.byte	32
 957 03a0 10       		.byte	16
 958 03a1 40       		.byte	64
 959 03a2 74       		.byte	116
 960 03a3 04       		.byte	4
 961 03a4 84       		.byte	-124
 962 03a5 04       		.byte	4
 963 03a6 88       		.byte	-120
 964 03a7 40       		.byte	64
 965 03a8 C4       		.byte	-60
 966 03a9 08       		.byte	8
 967 03aa DE       		.byte	-34
 968 03ab 04       		.byte	4
 969 03ac E2       		.byte	-30
ARM GAS  C:\Users\z004e6he\AppData\Local\Temp\cc1wJk6j.s 			page 18


 970 03ad 01       		.byte	1
 971 03ae 00       		.byte	0
 972 03af 03       		.byte	3
 973 03b0 0E       		.byte	14
 974 03b1 03       		.byte	3
 975 03b2 10       		.byte	16
 976 03b3 02       		.byte	2
 977 03b4 1C       		.byte	28
 978 03b5 02       		.byte	2
 979 03b6 00       		.byte	0
 980 03b7 0F       		.byte	15
 981 03b8 80       		.byte	-128
 982 03b9 80       		.byte	-128
 983 03ba 00       		.byte	0
 984 03bb 00       		.byte	0
 985 03bc 40       		.byte	64
 986 03bd 00       		.byte	0
 987 03be 00       		.byte	0
 988 03bf 00       		.byte	0
 989 03c0 00       		.byte	0
 990 03c1 08       		.byte	8
 991 03c2 00       		.byte	0
 992 03c3 14       		.byte	20
 993 03c4 00       		.byte	0
 994 03c5 18       		.byte	24
 995 03c6 00       		.byte	0
 996 03c7 00       		.byte	0
 997 03c8 10       		.byte	16
 998 03c9 18       		.byte	24
 999 03ca 04       		.byte	4
 1000 03cb 00       		.byte	0
 1001 03cc 08       		.byte	8
 1002 03cd 00       		.byte	0
 1003 03ce 05       		.byte	5
 1004 03cf 20       		.byte	32
 1005 03d0 00       		.byte	0
 1006 03d1 00       		.byte	0
 1007 03d2 02       		.byte	2
 1008 03d3 00       		.byte	0
 1009 03d4 00       		.byte	0
 1010 03d5 10       		.byte	16
 1011 03d6 02       		.byte	2
 1012 03d7 0C       		.byte	12
 1013 03d8 1C       		.byte	28
 1014 03d9 00       		.byte	0
 1015 03da 00       		.byte	0
 1016 03db 01       		.byte	1
 1017 03dc 20       		.byte	32
 1018 03dd 00       		.byte	0
 1019 03de 00       		.byte	0
 1020 03df 20       		.byte	32
 1021 03e0 00       		.byte	0
 1022 03e1 01       		.byte	1
 1023 03e2 00       		.byte	0
 1024 03e3 00       		.byte	0
 1025 03e4 04       		.byte	4
 1026 03e5 00       		.byte	0
ARM GAS  C:\Users\z004e6he\AppData\Local\Temp\cc1wJk6j.s 			page 19


 1027 03e6 18       		.byte	24
 1028 03e7 02       		.byte	2
 1029 03e8 1C       		.byte	28
 1030 03e9 00       		.byte	0
 1031 03ea 00       		.byte	0
 1032 03eb 01       		.byte	1
 1033 03ec 00       		.byte	0
 1034 03ed 01       		.byte	1
 1035 03ee 00       		.byte	0
 1036 03ef 00       		.byte	0
 1037 03f0 02       		.byte	2
 1038 03f1 06       		.byte	6
 1039 03f2 20       		.byte	32
 1040 03f3 20       		.byte	32
 1041 03f4 1C       		.byte	28
 1042 03f5 18       		.byte	24
 1043 03f6 01       		.byte	1
 1044 03f7 01       		.byte	1
 1045 03f8 00       		.byte	0
 1046 03f9 80       		.byte	-128
 1047 03fa 00       		.byte	0
 1048 03fb 00       		.byte	0
 1049 03fc 00       		.byte	0
 1050 03fd 00       		.byte	0
 1051 03fe 05       		.byte	5
 1052 03ff 05       		.byte	5
 1053 0400 25       		.byte	37
 1054 0401 06       		.byte	6
 1055 0402 04       		.byte	4
 1056 0403 00       		.byte	0
 1057 0404 01       		.byte	1
 1058 0405 00       		.byte	0
 1059 0406 CE       		.byte	-50
 1060 0407 00       		.byte	0
 1061 0408 0C       		.byte	12
 1062 0409 FF       		.byte	-1
 1063 040a FF       		.byte	-1
 1064 040b FF       		.byte	-1
 1065 040c 62       		.byte	98
 1066 040d A0       		.byte	-96
 1067 040e F0       		.byte	-16
 1068 040f 41       		.byte	65
 1069 0410 0C       		.byte	12
 1070 0411 00       		.byte	0
 1071 0412 00       		.byte	0
 1072 0413 00       		.byte	0
 1073 0414 18       		.byte	24
 1074 0415 00       		.byte	0
 1075 0416 04       		.byte	4
 1076 0417 00       		.byte	0
 1077 0418 04       		.byte	4
 1078 0419 04       		.byte	4
 1079 041a 04       		.byte	4
 1080 041b 04       		.byte	4
 1081 041c 11       		.byte	17
 1082 041d 11       		.byte	17
 1083 041e 00       		.byte	0
ARM GAS  C:\Users\z004e6he\AppData\Local\Temp\cc1wJk6j.s 			page 20


 1084 041f 01       		.byte	1
 1085 0420 00       		.byte	0
 1086 0421 00       		.byte	0
 1087 0422 00       		.byte	0
 1088 0423 00       		.byte	0
 1089 0424 00       		.byte	0
 1090 0425 00       		.byte	0
 1091 0426 40       		.byte	64
 1092 0427 02       		.byte	2
 1093 0428 00       		.byte	0
 1094 0429 10       		.byte	16
 1095 042a 30       		.byte	48
 1096 042b 10       		.byte	16
 1097 042c 00       		.byte	0
 1098 042d 10       		.byte	16
 1099 042e 10       		.byte	16
 1100 042f 12       		.byte	18
 1101 0430 00       		.byte	0
 1102 0431 00       		.byte	0
 1103 0432 00       		.byte	0
 1104 0433 00       		.byte	0
 1105 0434 00       		.byte	0
 1106 0435 00       		.byte	0
 1107 0436 00       		.byte	0
 1108 0437 00       		.byte	0
 1109 0438 00       		.byte	0
 1110 0439 00       		.byte	0
 1111 043a 00       		.byte	0
 1112 043b 00       		.byte	0
 1113 043c 00       		.byte	0
 1114 043d 00       		.byte	0
 1115 043e 00       		.byte	0
 1116 043f 00       		.byte	0
 1117 0440 80       		.byte	-128
 1118 0441 00       		.byte	0
 1119 0442 40       		.byte	64
 1120 0443 80       		.byte	-128
 1121 0444 80       		.byte	-128
 1122 0445 00       		.byte	0
 1123 0446 80       		.byte	-128
 1124 0447 00       		.byte	0
 1125 0448 00       		.byte	0
 1126 0449 00       		.byte	0
 1127 044a 00       		.byte	0
 1128 044b 00       		.byte	0
 1129 044c 00       		.byte	0
 1130 044d 0B       		.byte	11
 1131 044e 0B       		.byte	11
 1132 044f 00       		.byte	0
 1133 0450 00       		.byte	0
 1134 0451 00       		.byte	0
 1135 0452 00       		.byte	0
 1136 0453 00       		.byte	0
 1137 0454 04       		.byte	4
 1138 0455 00       		.byte	0
 1139 0456 00       		.byte	0
 1140 0457 07       		.byte	7
ARM GAS  C:\Users\z004e6he\AppData\Local\Temp\cc1wJk6j.s 			page 21


 1141 0458 03       		.byte	3
 1142 0459 00       		.byte	0
 1143 045a 01       		.byte	1
 1144 045b 00       		.byte	0
 1145 045c 00       		.byte	0
 1146 045d 00       		.byte	0
 1147 045e 00       		.byte	0
 1148 045f 00       		.byte	0
 1149              		.section	.cywolatch,"a",%progbits
 1150              		.align	2
 1151              		.type	cy_meta_wonvl, %object
 1152              		.size	cy_meta_wonvl, 4
 1153              	cy_meta_wonvl:
 1154 0000 BC       		.byte	-68
 1155 0001 90       		.byte	-112
 1156 0002 AC       		.byte	-84
 1157 0003 AF       		.byte	-81
 1158              		.section	.cycustnvl,"a",%progbits
 1159              		.align	2
 1160              		.type	cy_meta_custnvl, %object
 1161              		.size	cy_meta_custnvl, 4
 1162              	cy_meta_custnvl:
 1163 0000 00       		.byte	0
 1164 0001 00       		.byte	0
 1165 0002 40       		.byte	64
 1166 0003 05       		.byte	5
 1167              		.section	.cymeta,"a",%progbits
 1168              		.align	2
 1169              		.type	cy_metadata, %object
 1170              		.size	cy_metadata, 12
 1171              	cy_metadata:
 1172 0000 00       		.byte	0
 1173 0001 01       		.byte	1
 1174 0002 2E       		.byte	46
 1175 0003 16       		.byte	22
 1176 0004 10       		.byte	16
 1177 0005 69       		.byte	105
 1178 0006 00       		.byte	0
 1179 0007 01       		.byte	1
 1180 0008 00       		.byte	0
 1181 0009 00       		.byte	0
 1182 000a 00       		.byte	0
 1183 000b 00       		.byte	0
 1184              		.section	.cyflashprotect,"a",%progbits
 1185              		.align	2
 1186              		.type	cy_meta_flashprotect, %object
 1187              		.size	cy_meta_flashprotect, 256
 1188              	cy_meta_flashprotect:
 1189 0000 00000000 		.space	256
 1189      00000000 
 1189      00000000 
 1189      00000000 
 1189      00000000 
 1190              		.text
 1191              	.Letext0:
 1192              		.file 1 "c:\\program files (x86)\\cypress\\psoc creator\\4.4\\psoc creator\\import\\gnu\\arm\\5.4.
 1193              		.file 2 "c:\\program files (x86)\\cypress\\psoc creator\\4.4\\psoc creator\\import\\gnu\\arm\\5.4.
ARM GAS  C:\Users\z004e6he\AppData\Local\Temp\cc1wJk6j.s 			page 22


 1194              		.file 3 "Generated_Source\\PSoC5\\cymetadata.c"
 1195              		.section	.debug_info,"",%progbits
 1196              	.Ldebug_info0:
 1197 0000 32010000 		.4byte	0x132
 1198 0004 0400     		.2byte	0x4
 1199 0006 00000000 		.4byte	.Ldebug_abbrev0
 1200 000a 04       		.byte	0x4
 1201 000b 01       		.uleb128 0x1
 1202 000c 24000000 		.4byte	.LASF17
 1203 0010 0C       		.byte	0xc
 1204 0011 E4010000 		.4byte	.LASF18
 1205 0015 3A010000 		.4byte	.LASF19
 1206 0019 00000000 		.4byte	.Ldebug_line0
 1207 001d 02       		.uleb128 0x2
 1208 001e 01       		.byte	0x1
 1209 001f 06       		.byte	0x6
 1210 0020 D8010000 		.4byte	.LASF0
 1211 0024 03       		.uleb128 0x3
 1212 0025 00000000 		.4byte	.LASF9
 1213 0029 01       		.byte	0x1
 1214 002a 1D       		.byte	0x1d
 1215 002b 2F000000 		.4byte	0x2f
 1216 002f 02       		.uleb128 0x2
 1217 0030 01       		.byte	0x1
 1218 0031 08       		.byte	0x8
 1219 0032 16000000 		.4byte	.LASF1
 1220 0036 02       		.uleb128 0x2
 1221 0037 02       		.byte	0x2
 1222 0038 05       		.byte	0x5
 1223 0039 C5010000 		.4byte	.LASF2
 1224 003d 02       		.uleb128 0x2
 1225 003e 02       		.byte	0x2
 1226 003f 07       		.byte	0x7
 1227 0040 C4000000 		.4byte	.LASF3
 1228 0044 02       		.uleb128 0x2
 1229 0045 04       		.byte	0x4
 1230 0046 05       		.byte	0x5
 1231 0047 CF010000 		.4byte	.LASF4
 1232 004b 02       		.uleb128 0x2
 1233 004c 04       		.byte	0x4
 1234 004d 07       		.byte	0x7
 1235 004e B2000000 		.4byte	.LASF5
 1236 0052 02       		.uleb128 0x2
 1237 0053 08       		.byte	0x8
 1238 0054 05       		.byte	0x5
 1239 0055 B7010000 		.4byte	.LASF6
 1240 0059 02       		.uleb128 0x2
 1241 005a 08       		.byte	0x8
 1242 005b 07       		.byte	0x7
 1243 005c 06010000 		.4byte	.LASF7
 1244 0060 04       		.uleb128 0x4
 1245 0061 04       		.byte	0x4
 1246 0062 05       		.byte	0x5
 1247 0063 696E7400 		.ascii	"int\000"
 1248 0067 02       		.uleb128 0x2
 1249 0068 04       		.byte	0x4
 1250 0069 07       		.byte	0x7
ARM GAS  C:\Users\z004e6he\AppData\Local\Temp\cc1wJk6j.s 			page 23


 1251 006a F9000000 		.4byte	.LASF8
 1252 006e 03       		.uleb128 0x3
 1253 006f 1D010000 		.4byte	.LASF10
 1254 0073 02       		.byte	0x2
 1255 0074 18       		.byte	0x18
 1256 0075 24000000 		.4byte	0x24
 1257 0079 05       		.uleb128 0x5
 1258 007a 91000000 		.4byte	0x91
 1259 007e 8A000000 		.4byte	0x8a
 1260 0082 06       		.uleb128 0x6
 1261 0083 8A000000 		.4byte	0x8a
 1262 0087 5F04     		.2byte	0x45f
 1263 0089 00       		.byte	0
 1264 008a 02       		.uleb128 0x2
 1265 008b 04       		.byte	0x4
 1266 008c 07       		.byte	0x7
 1267 008d AE010000 		.4byte	.LASF11
 1268 0091 07       		.uleb128 0x7
 1269 0092 6E000000 		.4byte	0x6e
 1270 0096 08       		.uleb128 0x8
 1271 0097 E7000000 		.4byte	.LASF12
 1272 009b 03       		.byte	0x3
 1273 009c 1F       		.byte	0x1f
 1274 009d A7000000 		.4byte	0xa7
 1275 00a1 05       		.uleb128 0x5
 1276 00a2 03       		.byte	0x3
 1277 00a3 00000000 		.4byte	cy_meta_configecc
 1278 00a7 07       		.uleb128 0x7
 1279 00a8 79000000 		.4byte	0x79
 1280 00ac 05       		.uleb128 0x5
 1281 00ad 91000000 		.4byte	0x91
 1282 00b1 BC000000 		.4byte	0xbc
 1283 00b5 09       		.uleb128 0x9
 1284 00b6 8A000000 		.4byte	0x8a
 1285 00ba 03       		.byte	0x3
 1286 00bb 00       		.byte	0
 1287 00bc 08       		.uleb128 0x8
 1288 00bd D7000000 		.4byte	.LASF13
 1289 00c1 03       		.byte	0x3
 1290 00c2 B8       		.byte	0xb8
 1291 00c3 CD000000 		.4byte	0xcd
 1292 00c7 05       		.uleb128 0x5
 1293 00c8 03       		.byte	0x3
 1294 00c9 00000000 		.4byte	cy_meta_custnvl
 1295 00cd 07       		.uleb128 0x7
 1296 00ce AC000000 		.4byte	0xac
 1297 00d2 08       		.uleb128 0x8
 1298 00d3 A0010000 		.4byte	.LASF14
 1299 00d7 03       		.byte	0x3
 1300 00d8 C6       		.byte	0xc6
 1301 00d9 E3000000 		.4byte	0xe3
 1302 00dd 05       		.uleb128 0x5
 1303 00de 03       		.byte	0x3
 1304 00df 00000000 		.4byte	cy_meta_wonvl
 1305 00e3 07       		.uleb128 0x7
 1306 00e4 AC000000 		.4byte	0xac
 1307 00e8 05       		.uleb128 0x5
ARM GAS  C:\Users\z004e6he\AppData\Local\Temp\cc1wJk6j.s 			page 24


 1308 00e9 91000000 		.4byte	0x91
 1309 00ed F8000000 		.4byte	0xf8
 1310 00f1 09       		.uleb128 0x9
 1311 00f2 8A000000 		.4byte	0x8a
 1312 00f6 FF       		.byte	0xff
 1313 00f7 00       		.byte	0
 1314 00f8 08       		.uleb128 0x8
 1315 00f9 25010000 		.4byte	.LASF15
 1316 00fd 03       		.byte	0x3
 1317 00fe D4       		.byte	0xd4
 1318 00ff 09010000 		.4byte	0x109
 1319 0103 05       		.uleb128 0x5
 1320 0104 03       		.byte	0x3
 1321 0105 00000000 		.4byte	cy_meta_flashprotect
 1322 0109 07       		.uleb128 0x7
 1323 010a E8000000 		.4byte	0xe8
 1324 010e 05       		.uleb128 0x5
 1325 010f 91000000 		.4byte	0x91
 1326 0113 1E010000 		.4byte	0x11e
 1327 0117 09       		.uleb128 0x9
 1328 0118 8A000000 		.4byte	0x8a
 1329 011c 0B       		.byte	0xb
 1330 011d 00       		.byte	0
 1331 011e 0A       		.uleb128 0xa
 1332 011f 0A000000 		.4byte	.LASF16
 1333 0123 03       		.byte	0x3
 1334 0124 0101     		.2byte	0x101
 1335 0126 30010000 		.4byte	0x130
 1336 012a 05       		.uleb128 0x5
 1337 012b 03       		.byte	0x3
 1338 012c 00000000 		.4byte	cy_metadata
 1339 0130 07       		.uleb128 0x7
 1340 0131 0E010000 		.4byte	0x10e
 1341 0135 00       		.byte	0
 1342              		.section	.debug_abbrev,"",%progbits
 1343              	.Ldebug_abbrev0:
 1344 0000 01       		.uleb128 0x1
 1345 0001 11       		.uleb128 0x11
 1346 0002 01       		.byte	0x1
 1347 0003 25       		.uleb128 0x25
 1348 0004 0E       		.uleb128 0xe
 1349 0005 13       		.uleb128 0x13
 1350 0006 0B       		.uleb128 0xb
 1351 0007 03       		.uleb128 0x3
 1352 0008 0E       		.uleb128 0xe
 1353 0009 1B       		.uleb128 0x1b
 1354 000a 0E       		.uleb128 0xe
 1355 000b 10       		.uleb128 0x10
 1356 000c 17       		.uleb128 0x17
 1357 000d 00       		.byte	0
 1358 000e 00       		.byte	0
 1359 000f 02       		.uleb128 0x2
 1360 0010 24       		.uleb128 0x24
 1361 0011 00       		.byte	0
 1362 0012 0B       		.uleb128 0xb
 1363 0013 0B       		.uleb128 0xb
 1364 0014 3E       		.uleb128 0x3e
ARM GAS  C:\Users\z004e6he\AppData\Local\Temp\cc1wJk6j.s 			page 25


 1365 0015 0B       		.uleb128 0xb
 1366 0016 03       		.uleb128 0x3
 1367 0017 0E       		.uleb128 0xe
 1368 0018 00       		.byte	0
 1369 0019 00       		.byte	0
 1370 001a 03       		.uleb128 0x3
 1371 001b 16       		.uleb128 0x16
 1372 001c 00       		.byte	0
 1373 001d 03       		.uleb128 0x3
 1374 001e 0E       		.uleb128 0xe
 1375 001f 3A       		.uleb128 0x3a
 1376 0020 0B       		.uleb128 0xb
 1377 0021 3B       		.uleb128 0x3b
 1378 0022 0B       		.uleb128 0xb
 1379 0023 49       		.uleb128 0x49
 1380 0024 13       		.uleb128 0x13
 1381 0025 00       		.byte	0
 1382 0026 00       		.byte	0
 1383 0027 04       		.uleb128 0x4
 1384 0028 24       		.uleb128 0x24
 1385 0029 00       		.byte	0
 1386 002a 0B       		.uleb128 0xb
 1387 002b 0B       		.uleb128 0xb
 1388 002c 3E       		.uleb128 0x3e
 1389 002d 0B       		.uleb128 0xb
 1390 002e 03       		.uleb128 0x3
 1391 002f 08       		.uleb128 0x8
 1392 0030 00       		.byte	0
 1393 0031 00       		.byte	0
 1394 0032 05       		.uleb128 0x5
 1395 0033 01       		.uleb128 0x1
 1396 0034 01       		.byte	0x1
 1397 0035 49       		.uleb128 0x49
 1398 0036 13       		.uleb128 0x13
 1399 0037 01       		.uleb128 0x1
 1400 0038 13       		.uleb128 0x13
 1401 0039 00       		.byte	0
 1402 003a 00       		.byte	0
 1403 003b 06       		.uleb128 0x6
 1404 003c 21       		.uleb128 0x21
 1405 003d 00       		.byte	0
 1406 003e 49       		.uleb128 0x49
 1407 003f 13       		.uleb128 0x13
 1408 0040 2F       		.uleb128 0x2f
 1409 0041 05       		.uleb128 0x5
 1410 0042 00       		.byte	0
 1411 0043 00       		.byte	0
 1412 0044 07       		.uleb128 0x7
 1413 0045 26       		.uleb128 0x26
 1414 0046 00       		.byte	0
 1415 0047 49       		.uleb128 0x49
 1416 0048 13       		.uleb128 0x13
 1417 0049 00       		.byte	0
 1418 004a 00       		.byte	0
 1419 004b 08       		.uleb128 0x8
 1420 004c 34       		.uleb128 0x34
 1421 004d 00       		.byte	0
ARM GAS  C:\Users\z004e6he\AppData\Local\Temp\cc1wJk6j.s 			page 26


 1422 004e 03       		.uleb128 0x3
 1423 004f 0E       		.uleb128 0xe
 1424 0050 3A       		.uleb128 0x3a
 1425 0051 0B       		.uleb128 0xb
 1426 0052 3B       		.uleb128 0x3b
 1427 0053 0B       		.uleb128 0xb
 1428 0054 49       		.uleb128 0x49
 1429 0055 13       		.uleb128 0x13
 1430 0056 3F       		.uleb128 0x3f
 1431 0057 19       		.uleb128 0x19
 1432 0058 02       		.uleb128 0x2
 1433 0059 18       		.uleb128 0x18
 1434 005a 00       		.byte	0
 1435 005b 00       		.byte	0
 1436 005c 09       		.uleb128 0x9
 1437 005d 21       		.uleb128 0x21
 1438 005e 00       		.byte	0
 1439 005f 49       		.uleb128 0x49
 1440 0060 13       		.uleb128 0x13
 1441 0061 2F       		.uleb128 0x2f
 1442 0062 0B       		.uleb128 0xb
 1443 0063 00       		.byte	0
 1444 0064 00       		.byte	0
 1445 0065 0A       		.uleb128 0xa
 1446 0066 34       		.uleb128 0x34
 1447 0067 00       		.byte	0
 1448 0068 03       		.uleb128 0x3
 1449 0069 0E       		.uleb128 0xe
 1450 006a 3A       		.uleb128 0x3a
 1451 006b 0B       		.uleb128 0xb
 1452 006c 3B       		.uleb128 0x3b
 1453 006d 05       		.uleb128 0x5
 1454 006e 49       		.uleb128 0x49
 1455 006f 13       		.uleb128 0x13
 1456 0070 3F       		.uleb128 0x3f
 1457 0071 19       		.uleb128 0x19
 1458 0072 02       		.uleb128 0x2
 1459 0073 18       		.uleb128 0x18
 1460 0074 00       		.byte	0
 1461 0075 00       		.byte	0
 1462 0076 00       		.byte	0
 1463              		.section	.debug_aranges,"",%progbits
 1464 0000 14000000 		.4byte	0x14
 1465 0004 0200     		.2byte	0x2
 1466 0006 00000000 		.4byte	.Ldebug_info0
 1467 000a 04       		.byte	0x4
 1468 000b 00       		.byte	0
 1469 000c 0000     		.2byte	0
 1470 000e 0000     		.2byte	0
 1471 0010 00000000 		.4byte	0
 1472 0014 00000000 		.4byte	0
 1473              		.section	.debug_line,"",%progbits
 1474              	.Ldebug_line0:
 1475 0000 3D010000 		.section	.debug_str,"MS",%progbits,1
 1475      02003701 
 1475      00000201 
 1475      FB0E0D00 
ARM GAS  C:\Users\z004e6he\AppData\Local\Temp\cc1wJk6j.s 			page 27


 1475      01010101 
 1476              	.LASF9:
 1477 0000 5F5F7569 		.ascii	"__uint8_t\000"
 1477      6E74385F 
 1477      7400
 1478              	.LASF16:
 1479 000a 63795F6D 		.ascii	"cy_metadata\000"
 1479      65746164 
 1479      61746100 
 1480              	.LASF1:
 1481 0016 756E7369 		.ascii	"unsigned char\000"
 1481      676E6564 
 1481      20636861 
 1481      7200
 1482              	.LASF17:
 1483 0024 474E5520 		.ascii	"GNU C11 5.4.1 20160609 (release) [ARM/embedded-5-br"
 1483      43313120 
 1483      352E342E 
 1483      31203230 
 1483      31363036 
 1484 0057 616E6368 		.ascii	"anch revision 237715] -mcpu=cortex-m3 -mthumb -g -O"
 1484      20726576 
 1484      6973696F 
 1484      6E203233 
 1484      37373135 
 1485 008a 67202D66 		.ascii	"g -ffunction-sections -ffat-lto-objects\000"
 1485      66756E63 
 1485      74696F6E 
 1485      2D736563 
 1485      74696F6E 
 1486              	.LASF5:
 1487 00b2 6C6F6E67 		.ascii	"long unsigned int\000"
 1487      20756E73 
 1487      69676E65 
 1487      6420696E 
 1487      7400
 1488              	.LASF3:
 1489 00c4 73686F72 		.ascii	"short unsigned int\000"
 1489      7420756E 
 1489      7369676E 
 1489      65642069 
 1489      6E7400
 1490              	.LASF13:
 1491 00d7 63795F6D 		.ascii	"cy_meta_custnvl\000"
 1491      6574615F 
 1491      63757374 
 1491      6E766C00 
 1492              	.LASF12:
 1493 00e7 63795F6D 		.ascii	"cy_meta_configecc\000"
 1493      6574615F 
 1493      636F6E66 
 1493      69676563 
 1493      6300
 1494              	.LASF8:
 1495 00f9 756E7369 		.ascii	"unsigned int\000"
 1495      676E6564 
 1495      20696E74 
ARM GAS  C:\Users\z004e6he\AppData\Local\Temp\cc1wJk6j.s 			page 28


 1495      00
 1496              	.LASF7:
 1497 0106 6C6F6E67 		.ascii	"long long unsigned int\000"
 1497      206C6F6E 
 1497      6720756E 
 1497      7369676E 
 1497      65642069 
 1498              	.LASF10:
 1499 011d 75696E74 		.ascii	"uint8_t\000"
 1499      385F7400 
 1500              	.LASF15:
 1501 0125 63795F6D 		.ascii	"cy_meta_flashprotect\000"
 1501      6574615F 
 1501      666C6173 
 1501      6870726F 
 1501      74656374 
 1502              	.LASF19:
 1503 013a 433A5C55 		.ascii	"C:\\UserData\\z004e6he\\OneDrive - Siemens AG\\Docu"
 1503      73657244 
 1503      6174615C 
 1503      7A303034 
 1503      65366865 
 1504 0169 6D656E74 		.ascii	"ments\\PSoC Creator\\PSoC Course\\Exercise2\\Design"
 1504      735C5053 
 1504      6F432043 
 1504      72656174 
 1504      6F725C50 
 1505 0198 322E6379 		.ascii	"2.cydsn\000"
 1505      64736E00 
 1506              	.LASF14:
 1507 01a0 63795F6D 		.ascii	"cy_meta_wonvl\000"
 1507      6574615F 
 1507      776F6E76 
 1507      6C00
 1508              	.LASF11:
 1509 01ae 73697A65 		.ascii	"sizetype\000"
 1509      74797065 
 1509      00
 1510              	.LASF6:
 1511 01b7 6C6F6E67 		.ascii	"long long int\000"
 1511      206C6F6E 
 1511      6720696E 
 1511      7400
 1512              	.LASF2:
 1513 01c5 73686F72 		.ascii	"short int\000"
 1513      7420696E 
 1513      7400
 1514              	.LASF4:
 1515 01cf 6C6F6E67 		.ascii	"long int\000"
 1515      20696E74 
 1515      00
 1516              	.LASF0:
 1517 01d8 7369676E 		.ascii	"signed char\000"
 1517      65642063 
 1517      68617200 
 1518              	.LASF18:
 1519 01e4 47656E65 		.ascii	"Generated_Source\\PSoC5\\cymetadata.c\000"
ARM GAS  C:\Users\z004e6he\AppData\Local\Temp\cc1wJk6j.s 			page 29


 1519      72617465 
 1519      645F536F 
 1519      75726365 
 1519      5C50536F 
 1520              		.ident	"GCC: (GNU Tools for ARM Embedded Processors) 5.4.1 20160609 (release) [ARM/embedded-5-bran
