ARM GAS  C:\Users\z004e6he\AppData\Local\Temp\ccnNoNIF.s 			page 1


   1              		.syntax unified
   2              		.cpu cortex-m3
   3              		.fpu softvfp
   4              		.eabi_attribute 20, 1
   5              		.eabi_attribute 21, 1
   6              		.eabi_attribute 23, 3
   7              		.eabi_attribute 24, 1
   8              		.eabi_attribute 25, 1
   9              		.eabi_attribute 26, 1
  10              		.eabi_attribute 30, 1
  11              		.eabi_attribute 34, 1
  12              		.eabi_attribute 18, 4
  13              		.thumb
  14              		.syntax unified
  15              		.file	"main.c"
  16              		.text
  17              	.Ltext0:
  18              		.cfi_sections	.debug_frame
  19              		.section	.text.main,"ax",%progbits
  20              		.align	2
  21              		.global	main
  22              		.thumb
  23              		.thumb_func
  24              		.type	main, %function
  25              	main:
  26              	.LFB63:
  27              		.file 1 "main.c"
   1:main.c        **** /* ========================================
   2:main.c        ****  *
   3:main.c        ****  * Copyright YOUR COMPANY, THE YEAR
   4:main.c        ****  * All Rights Reserved
   5:main.c        ****  * UNPUBLISHED, LICENSED SOFTWARE.
   6:main.c        ****  *
   7:main.c        ****  * CONFIDENTIAL AND PROPRIETARY INFORMATION
   8:main.c        ****  * WHICH IS THE PROPERTY OF your company.
   9:main.c        ****  *
  10:main.c        ****  * ========================================
  11:main.c        **** */
  12:main.c        **** #include "project.h"
  13:main.c        **** #include <stdbool.h>
  14:main.c        **** #include "rx_isr.h"
  15:main.c        **** 
  16:main.c        **** #define STEP_SIZE 1 //How large the change in pulse_width is per loop in microseconds
  17:main.c        **** #define STEP_LENGTH 1 //How long the time between steps is, in milliseconds
  18:main.c        **** 
  19:main.c        **** int pulse_width[6] = {1000, 1200, 1400, 1600, 1800, 2000}; //in microseconds
  20:main.c        **** uint8 position = 0; //Track current position
  21:main.c        **** bool gRX_ISR = false; //RX Interrupt Flag
  22:main.c        **** 
  23:main.c        **** int main(void){
  28              		.loc 1 23 0
  29              		.cfi_startproc
  30              		@ args = 0, pretend = 0, frame = 0
  31              		@ frame_needed = 0, uses_anonymous_args = 0
  32 0000 10B5     		push	{r4, lr}
  33              		.cfi_def_cfa_offset 8
  34              		.cfi_offset 4, -8
ARM GAS  C:\Users\z004e6he\AppData\Local\Temp\ccnNoNIF.s 			page 2


  35              		.cfi_offset 14, -4
  24:main.c        ****     CyGlobalIntEnable; /* Enable global interrupts. */
  36              		.loc 1 24 0
  37              		.syntax unified
  38              	@ 24 "main.c" 1
  39 0002 62B6     		CPSIE   i
  40              	@ 0 "" 2
  25:main.c        ****     UART_1_Start(); //Initialize the UART Interface
  41              		.loc 1 25 0
  42              		.thumb
  43              		.syntax unified
  44 0004 FFF7FEFF 		bl	UART_1_Start
  45              	.LVL0:
  26:main.c        ****     rx_isr_Start(); //Start RX Interrupt
  46              		.loc 1 26 0
  47 0008 FFF7FEFF 		bl	rx_isr_Start
  48              	.LVL1:
  27:main.c        ****     rx_isr_ClearPending();
  49              		.loc 1 27 0
  50 000c FFF7FEFF 		bl	rx_isr_ClearPending
  51              	.LVL2:
  28:main.c        ****     PWM_1_Start(); //Initialize PWM 
  52              		.loc 1 28 0
  53 0010 FFF7FEFF 		bl	PWM_1_Start
  54              	.LVL3:
  29:main.c        ****     int current_pulse_width = 1000;
  30:main.c        ****     PWM_1_WriteCompare(current_pulse_width);
  55              		.loc 1 30 0
  56 0014 4FF47A70 		mov	r0, #1000
  57 0018 FFF7FEFF 		bl	PWM_1_WriteCompare
  58              	.LVL4:
  29:main.c        ****     int current_pulse_width = 1000;
  59              		.loc 1 29 0
  60 001c 4FF47A74 		mov	r4, #1000
  61              	.LVL5:
  62              	.L2:
  31:main.c        **** 
  32:main.c        ****     for(;;)
  33:main.c        ****     {
  34:main.c        ****         if(gRX_ISR){
  63              		.loc 1 34 0
  64 0020 194B     		ldr	r3, .L10
  65 0022 1B78     		ldrb	r3, [r3]	@ zero_extendqisi2
  66 0024 6BB1     		cbz	r3, .L3
  35:main.c        ****             if(position > 4){
  67              		.loc 1 35 0
  68 0026 184B     		ldr	r3, .L10
  69 0028 5B78     		ldrb	r3, [r3, #1]	@ zero_extendqisi2
  70 002a 042B     		cmp	r3, #4
  71 002c 03D9     		bls	.L4
  36:main.c        ****                 position = 0;
  72              		.loc 1 36 0
  73 002e 0022     		movs	r2, #0
  74 0030 154B     		ldr	r3, .L10
  75 0032 5A70     		strb	r2, [r3, #1]
  76 0034 02E0     		b	.L5
  77              	.L4:
ARM GAS  C:\Users\z004e6he\AppData\Local\Temp\ccnNoNIF.s 			page 3


  37:main.c        ****             }else{
  38:main.c        ****                 position++;
  78              		.loc 1 38 0
  79 0036 0133     		adds	r3, r3, #1
  80 0038 134A     		ldr	r2, .L10
  81 003a 5370     		strb	r3, [r2, #1]
  82              	.L5:
  39:main.c        ****             }
  40:main.c        ****             gRX_ISR = false;
  83              		.loc 1 40 0
  84 003c 0022     		movs	r2, #0
  85 003e 124B     		ldr	r3, .L10
  86 0040 1A70     		strb	r2, [r3]
  87              	.L3:
  41:main.c        ****         }
  42:main.c        ****         if(pulse_width[position] > current_pulse_width){
  88              		.loc 1 42 0
  89 0042 114B     		ldr	r3, .L10
  90 0044 5A78     		ldrb	r2, [r3, #1]	@ zero_extendqisi2
  91 0046 114B     		ldr	r3, .L10+4
  92 0048 53F82230 		ldr	r3, [r3, r2, lsl #2]
  93 004c 9C42     		cmp	r4, r3
  94 004e 0ADA     		bge	.L6
  43:main.c        ****             current_pulse_width += STEP_SIZE;
  95              		.loc 1 43 0
  96 0050 0134     		adds	r4, r4, #1
  97              	.LVL6:
  44:main.c        ****             PWM_1_WriteCompare(current_pulse_width);
  98              		.loc 1 44 0
  99 0052 A0B2     		uxth	r0, r4
 100 0054 FFF7FEFF 		bl	PWM_1_WriteCompare
 101              	.LVL7:
  45:main.c        ****             ledPin_Write(1);
 102              		.loc 1 45 0
 103 0058 0120     		movs	r0, #1
 104 005a FFF7FEFF 		bl	ledPin_Write
 105              	.LVL8:
  46:main.c        ****             CyDelay(STEP_LENGTH);
 106              		.loc 1 46 0
 107 005e 0120     		movs	r0, #1
 108 0060 FFF7FEFF 		bl	CyDelay
 109              	.LVL9:
 110 0064 DCE7     		b	.L2
 111              	.L6:
  47:main.c        ****         }else if(pulse_width[position] < current_pulse_width){
 112              		.loc 1 47 0
 113 0066 9C42     		cmp	r4, r3
 114 0068 0ADD     		ble	.L8
  48:main.c        ****             current_pulse_width -= STEP_SIZE;
 115              		.loc 1 48 0
 116 006a 013C     		subs	r4, r4, #1
 117              	.LVL10:
  49:main.c        ****             PWM_1_WriteCompare(current_pulse_width);
 118              		.loc 1 49 0
 119 006c A0B2     		uxth	r0, r4
 120 006e FFF7FEFF 		bl	PWM_1_WriteCompare
 121              	.LVL11:
ARM GAS  C:\Users\z004e6he\AppData\Local\Temp\ccnNoNIF.s 			page 4


  50:main.c        ****             ledPin_Write(1);
 122              		.loc 1 50 0
 123 0072 0120     		movs	r0, #1
 124 0074 FFF7FEFF 		bl	ledPin_Write
 125              	.LVL12:
  51:main.c        ****             CyDelay(STEP_LENGTH);
 126              		.loc 1 51 0
 127 0078 0120     		movs	r0, #1
 128 007a FFF7FEFF 		bl	CyDelay
 129              	.LVL13:
 130 007e CFE7     		b	.L2
 131              	.L8:
  52:main.c        ****         }else{
  53:main.c        ****             ledPin_Write(0);
 132              		.loc 1 53 0
 133 0080 0020     		movs	r0, #0
 134 0082 FFF7FEFF 		bl	ledPin_Write
 135              	.LVL14:
 136 0086 CBE7     		b	.L2
 137              	.L11:
 138              		.align	2
 139              	.L10:
 140 0088 00000000 		.word	.LANCHOR0
 141 008c 00000000 		.word	.LANCHOR1
 142              		.cfi_endproc
 143              	.LFE63:
 144              		.size	main, .-main
 145              		.global	gRX_ISR
 146              		.global	position
 147              		.global	pulse_width
 148              		.data
 149              		.align	2
 150              		.set	.LANCHOR1,. + 0
 151              		.type	pulse_width, %object
 152              		.size	pulse_width, 24
 153              	pulse_width:
 154 0000 E8030000 		.word	1000
 155 0004 B0040000 		.word	1200
 156 0008 78050000 		.word	1400
 157 000c 40060000 		.word	1600
 158 0010 08070000 		.word	1800
 159 0014 D0070000 		.word	2000
 160              		.bss
 161              		.set	.LANCHOR0,. + 0
 162              		.type	gRX_ISR, %object
 163              		.size	gRX_ISR, 1
 164              	gRX_ISR:
 165 0000 00       		.space	1
 166              		.type	position, %object
 167              		.size	position, 1
 168              	position:
 169 0001 00       		.space	1
 170              		.text
 171              	.Letext0:
 172              		.file 2 "c:\\program files (x86)\\cypress\\psoc creator\\4.4\\psoc creator\\import\\gnu\\arm\\5.4.
 173              		.file 3 "c:\\program files (x86)\\cypress\\psoc creator\\4.4\\psoc creator\\import\\gnu\\arm\\5.4.
 174              		.file 4 "Generated_Source\\PSoC5/cytypes.h"
ARM GAS  C:\Users\z004e6he\AppData\Local\Temp\ccnNoNIF.s 			page 5


 175              		.file 5 "Generated_Source\\PSoC5/core_cm3.h"
 176              		.file 6 "Generated_Source\\PSoC5/UART_1.h"
 177              		.file 7 "Generated_Source\\PSoC5/rx_isr.h"
 178              		.file 8 "Generated_Source\\PSoC5/PWM_1.h"
 179              		.file 9 "Generated_Source\\PSoC5/ledPin.h"
 180              		.file 10 "Generated_Source\\PSoC5/CyLib.h"
 181              		.section	.debug_info,"",%progbits
 182              	.Ldebug_info0:
 183 0000 3A020000 		.4byte	0x23a
 184 0004 0400     		.2byte	0x4
 185 0006 00000000 		.4byte	.Ldebug_abbrev0
 186 000a 04       		.byte	0x4
 187 000b 01       		.uleb128 0x1
 188 000c 8A000000 		.4byte	.LASF29
 189 0010 0C       		.byte	0xc
 190 0011 11020000 		.4byte	.LASF30
 191 0015 79010000 		.4byte	.LASF31
 192 0019 00000000 		.4byte	.Ldebug_ranges0+0
 193 001d 00000000 		.4byte	0
 194 0021 00000000 		.4byte	.Ldebug_line0
 195 0025 02       		.uleb128 0x2
 196 0026 01       		.byte	0x1
 197 0027 06       		.byte	0x6
 198 0028 4F020000 		.4byte	.LASF0
 199 002c 02       		.uleb128 0x2
 200 002d 01       		.byte	0x1
 201 002e 08       		.byte	0x8
 202 002f 7C000000 		.4byte	.LASF1
 203 0033 02       		.uleb128 0x2
 204 0034 02       		.byte	0x2
 205 0035 05       		.byte	0x5
 206 0036 2A020000 		.4byte	.LASF2
 207 003a 02       		.uleb128 0x2
 208 003b 02       		.byte	0x2
 209 003c 07       		.byte	0x7
 210 003d 4C000000 		.4byte	.LASF3
 211 0041 03       		.uleb128 0x3
 212 0042 2E000000 		.4byte	.LASF9
 213 0046 02       		.byte	0x2
 214 0047 3F       		.byte	0x3f
 215 0048 4C000000 		.4byte	0x4c
 216 004c 02       		.uleb128 0x2
 217 004d 04       		.byte	0x4
 218 004e 05       		.byte	0x5
 219 004f 3A020000 		.4byte	.LASF4
 220 0053 02       		.uleb128 0x2
 221 0054 04       		.byte	0x4
 222 0055 07       		.byte	0x7
 223 0056 18010000 		.4byte	.LASF5
 224 005a 02       		.uleb128 0x2
 225 005b 08       		.byte	0x8
 226 005c 05       		.byte	0x5
 227 005d 03020000 		.4byte	.LASF6
 228 0061 02       		.uleb128 0x2
 229 0062 08       		.byte	0x8
 230 0063 07       		.byte	0x7
 231 0064 65000000 		.4byte	.LASF7
ARM GAS  C:\Users\z004e6he\AppData\Local\Temp\ccnNoNIF.s 			page 6


 232 0068 04       		.uleb128 0x4
 233 0069 04       		.byte	0x4
 234 006a 05       		.byte	0x5
 235 006b 696E7400 		.ascii	"int\000"
 236 006f 02       		.uleb128 0x2
 237 0070 04       		.byte	0x4
 238 0071 07       		.byte	0x7
 239 0072 64010000 		.4byte	.LASF8
 240 0076 03       		.uleb128 0x3
 241 0077 DF010000 		.4byte	.LASF10
 242 007b 03       		.byte	0x3
 243 007c 2C       		.byte	0x2c
 244 007d 41000000 		.4byte	0x41
 245 0081 05       		.uleb128 0x5
 246 0082 34020000 		.4byte	.LASF11
 247 0086 04       		.byte	0x4
 248 0087 E801     		.2byte	0x1e8
 249 0089 2C000000 		.4byte	0x2c
 250 008d 02       		.uleb128 0x2
 251 008e 04       		.byte	0x4
 252 008f 04       		.byte	0x4
 253 0090 5F000000 		.4byte	.LASF12
 254 0094 02       		.uleb128 0x2
 255 0095 08       		.byte	0x8
 256 0096 04       		.byte	0x4
 257 0097 43010000 		.4byte	.LASF13
 258 009b 02       		.uleb128 0x2
 259 009c 01       		.byte	0x1
 260 009d 08       		.byte	0x8
 261 009e 18020000 		.4byte	.LASF14
 262 00a2 02       		.uleb128 0x2
 263 00a3 08       		.byte	0x8
 264 00a4 04       		.byte	0x4
 265 00a5 43020000 		.4byte	.LASF15
 266 00a9 02       		.uleb128 0x2
 267 00aa 04       		.byte	0x4
 268 00ab 07       		.byte	0x7
 269 00ac E7010000 		.4byte	.LASF16
 270 00b0 06       		.uleb128 0x6
 271 00b1 4A010000 		.4byte	.LASF32
 272 00b5 01       		.byte	0x1
 273 00b6 17       		.byte	0x17
 274 00b7 68000000 		.4byte	0x68
 275 00bb 00000000 		.4byte	.LFB63
 276 00bf 90000000 		.4byte	.LFE63-.LFB63
 277 00c3 01       		.uleb128 0x1
 278 00c4 9C       		.byte	0x9c
 279 00c5 95010000 		.4byte	0x195
 280 00c9 07       		.uleb128 0x7
 281 00ca 38000000 		.4byte	.LASF33
 282 00ce 01       		.byte	0x1
 283 00cf 1D       		.byte	0x1d
 284 00d0 68000000 		.4byte	0x68
 285 00d4 00000000 		.4byte	.LLST0
 286 00d8 08       		.uleb128 0x8
 287 00d9 08000000 		.4byte	.LVL0
 288 00dd F0010000 		.4byte	0x1f0
ARM GAS  C:\Users\z004e6he\AppData\Local\Temp\ccnNoNIF.s 			page 7


 289 00e1 08       		.uleb128 0x8
 290 00e2 0C000000 		.4byte	.LVL1
 291 00e6 FB010000 		.4byte	0x1fb
 292 00ea 08       		.uleb128 0x8
 293 00eb 10000000 		.4byte	.LVL2
 294 00ef 06020000 		.4byte	0x206
 295 00f3 08       		.uleb128 0x8
 296 00f4 14000000 		.4byte	.LVL3
 297 00f8 11020000 		.4byte	0x211
 298 00fc 09       		.uleb128 0x9
 299 00fd 1C000000 		.4byte	.LVL4
 300 0101 1C020000 		.4byte	0x21c
 301 0105 11010000 		.4byte	0x111
 302 0109 0A       		.uleb128 0xa
 303 010a 01       		.uleb128 0x1
 304 010b 50       		.byte	0x50
 305 010c 03       		.uleb128 0x3
 306 010d 0A       		.byte	0xa
 307 010e E803     		.2byte	0x3e8
 308 0110 00       		.byte	0
 309 0111 09       		.uleb128 0x9
 310 0112 58000000 		.4byte	.LVL7
 311 0116 1C020000 		.4byte	0x21c
 312 011a 25010000 		.4byte	0x125
 313 011e 0A       		.uleb128 0xa
 314 011f 01       		.uleb128 0x1
 315 0120 50       		.byte	0x50
 316 0121 02       		.uleb128 0x2
 317 0122 74       		.byte	0x74
 318 0123 00       		.sleb128 0
 319 0124 00       		.byte	0
 320 0125 09       		.uleb128 0x9
 321 0126 5E000000 		.4byte	.LVL8
 322 012a 27020000 		.4byte	0x227
 323 012e 38010000 		.4byte	0x138
 324 0132 0A       		.uleb128 0xa
 325 0133 01       		.uleb128 0x1
 326 0134 50       		.byte	0x50
 327 0135 01       		.uleb128 0x1
 328 0136 31       		.byte	0x31
 329 0137 00       		.byte	0
 330 0138 09       		.uleb128 0x9
 331 0139 64000000 		.4byte	.LVL9
 332 013d 32020000 		.4byte	0x232
 333 0141 4B010000 		.4byte	0x14b
 334 0145 0A       		.uleb128 0xa
 335 0146 01       		.uleb128 0x1
 336 0147 50       		.byte	0x50
 337 0148 01       		.uleb128 0x1
 338 0149 31       		.byte	0x31
 339 014a 00       		.byte	0
 340 014b 09       		.uleb128 0x9
 341 014c 72000000 		.4byte	.LVL11
 342 0150 1C020000 		.4byte	0x21c
 343 0154 5F010000 		.4byte	0x15f
 344 0158 0A       		.uleb128 0xa
 345 0159 01       		.uleb128 0x1
ARM GAS  C:\Users\z004e6he\AppData\Local\Temp\ccnNoNIF.s 			page 8


 346 015a 50       		.byte	0x50
 347 015b 02       		.uleb128 0x2
 348 015c 74       		.byte	0x74
 349 015d 00       		.sleb128 0
 350 015e 00       		.byte	0
 351 015f 09       		.uleb128 0x9
 352 0160 78000000 		.4byte	.LVL12
 353 0164 27020000 		.4byte	0x227
 354 0168 72010000 		.4byte	0x172
 355 016c 0A       		.uleb128 0xa
 356 016d 01       		.uleb128 0x1
 357 016e 50       		.byte	0x50
 358 016f 01       		.uleb128 0x1
 359 0170 31       		.byte	0x31
 360 0171 00       		.byte	0
 361 0172 09       		.uleb128 0x9
 362 0173 7E000000 		.4byte	.LVL13
 363 0177 32020000 		.4byte	0x232
 364 017b 85010000 		.4byte	0x185
 365 017f 0A       		.uleb128 0xa
 366 0180 01       		.uleb128 0x1
 367 0181 50       		.byte	0x50
 368 0182 01       		.uleb128 0x1
 369 0183 31       		.byte	0x31
 370 0184 00       		.byte	0
 371 0185 0B       		.uleb128 0xb
 372 0186 86000000 		.4byte	.LVL14
 373 018a 27020000 		.4byte	0x227
 374 018e 0A       		.uleb128 0xa
 375 018f 01       		.uleb128 0x1
 376 0190 50       		.byte	0x50
 377 0191 01       		.uleb128 0x1
 378 0192 30       		.byte	0x30
 379 0193 00       		.byte	0
 380 0194 00       		.byte	0
 381 0195 0C       		.uleb128 0xc
 382 0196 36010000 		.4byte	.LASF17
 383 019a 05       		.byte	0x5
 384 019b 1207     		.2byte	0x712
 385 019d A1010000 		.4byte	0x1a1
 386 01a1 0D       		.uleb128 0xd
 387 01a2 76000000 		.4byte	0x76
 388 01a6 0E       		.uleb128 0xe
 389 01a7 68000000 		.4byte	0x68
 390 01ab B6010000 		.4byte	0x1b6
 391 01af 0F       		.uleb128 0xf
 392 01b0 A9000000 		.4byte	0xa9
 393 01b4 05       		.byte	0x5
 394 01b5 00       		.byte	0
 395 01b6 10       		.uleb128 0x10
 396 01b7 58010000 		.4byte	.LASF18
 397 01bb 01       		.byte	0x1
 398 01bc 13       		.byte	0x13
 399 01bd A6010000 		.4byte	0x1a6
 400 01c1 05       		.uleb128 0x5
 401 01c2 03       		.byte	0x3
 402 01c3 00000000 		.4byte	pulse_width
ARM GAS  C:\Users\z004e6he\AppData\Local\Temp\ccnNoNIF.s 			page 9


 403 01c7 10       		.uleb128 0x10
 404 01c8 4F010000 		.4byte	.LASF19
 405 01cc 01       		.byte	0x1
 406 01cd 14       		.byte	0x14
 407 01ce 81000000 		.4byte	0x81
 408 01d2 05       		.uleb128 0x5
 409 01d3 03       		.byte	0x3
 410 01d4 00000000 		.4byte	position
 411 01d8 10       		.uleb128 0x10
 412 01d9 71010000 		.4byte	.LASF20
 413 01dd 01       		.byte	0x1
 414 01de 15       		.byte	0x15
 415 01df E9010000 		.4byte	0x1e9
 416 01e3 05       		.uleb128 0x5
 417 01e4 03       		.byte	0x3
 418 01e5 00000000 		.4byte	gRX_ISR
 419 01e9 02       		.uleb128 0x2
 420 01ea 01       		.byte	0x1
 421 01eb 02       		.byte	0x2
 422 01ec 5B020000 		.4byte	.LASF21
 423 01f0 11       		.uleb128 0x11
 424 01f1 00000000 		.4byte	.LASF22
 425 01f5 00000000 		.4byte	.LASF22
 426 01f9 06       		.byte	0x6
 427 01fa 54       		.byte	0x54
 428 01fb 11       		.uleb128 0x11
 429 01fc 21000000 		.4byte	.LASF23
 430 0200 21000000 		.4byte	.LASF23
 431 0204 07       		.byte	0x7
 432 0205 17       		.byte	0x17
 433 0206 11       		.uleb128 0x11
 434 0207 0D000000 		.4byte	.LASF24
 435 020b 0D000000 		.4byte	.LASF24
 436 020f 07       		.byte	0x7
 437 0210 28       		.byte	0x28
 438 0211 11       		.uleb128 0x11
 439 0212 2A010000 		.4byte	.LASF25
 440 0216 2A010000 		.4byte	.LASF25
 441 021a 08       		.byte	0x8
 442 021b 92       		.byte	0x92
 443 021c 11       		.uleb128 0x11
 444 021d F0010000 		.4byte	.LASF26
 445 0221 F0010000 		.4byte	.LASF26
 446 0225 08       		.byte	0x8
 447 0226 C3       		.byte	0xc3
 448 0227 11       		.uleb128 0x11
 449 0228 1D020000 		.4byte	.LASF27
 450 022c 1D020000 		.4byte	.LASF27
 451 0230 09       		.byte	0x9
 452 0231 26       		.byte	0x26
 453 0232 11       		.uleb128 0x11
 454 0233 61020000 		.4byte	.LASF28
 455 0237 61020000 		.4byte	.LASF28
 456 023b 0A       		.byte	0xa
 457 023c 76       		.byte	0x76
 458 023d 00       		.byte	0
 459              		.section	.debug_abbrev,"",%progbits
ARM GAS  C:\Users\z004e6he\AppData\Local\Temp\ccnNoNIF.s 			page 10


 460              	.Ldebug_abbrev0:
 461 0000 01       		.uleb128 0x1
 462 0001 11       		.uleb128 0x11
 463 0002 01       		.byte	0x1
 464 0003 25       		.uleb128 0x25
 465 0004 0E       		.uleb128 0xe
 466 0005 13       		.uleb128 0x13
 467 0006 0B       		.uleb128 0xb
 468 0007 03       		.uleb128 0x3
 469 0008 0E       		.uleb128 0xe
 470 0009 1B       		.uleb128 0x1b
 471 000a 0E       		.uleb128 0xe
 472 000b 55       		.uleb128 0x55
 473 000c 17       		.uleb128 0x17
 474 000d 11       		.uleb128 0x11
 475 000e 01       		.uleb128 0x1
 476 000f 10       		.uleb128 0x10
 477 0010 17       		.uleb128 0x17
 478 0011 00       		.byte	0
 479 0012 00       		.byte	0
 480 0013 02       		.uleb128 0x2
 481 0014 24       		.uleb128 0x24
 482 0015 00       		.byte	0
 483 0016 0B       		.uleb128 0xb
 484 0017 0B       		.uleb128 0xb
 485 0018 3E       		.uleb128 0x3e
 486 0019 0B       		.uleb128 0xb
 487 001a 03       		.uleb128 0x3
 488 001b 0E       		.uleb128 0xe
 489 001c 00       		.byte	0
 490 001d 00       		.byte	0
 491 001e 03       		.uleb128 0x3
 492 001f 16       		.uleb128 0x16
 493 0020 00       		.byte	0
 494 0021 03       		.uleb128 0x3
 495 0022 0E       		.uleb128 0xe
 496 0023 3A       		.uleb128 0x3a
 497 0024 0B       		.uleb128 0xb
 498 0025 3B       		.uleb128 0x3b
 499 0026 0B       		.uleb128 0xb
 500 0027 49       		.uleb128 0x49
 501 0028 13       		.uleb128 0x13
 502 0029 00       		.byte	0
 503 002a 00       		.byte	0
 504 002b 04       		.uleb128 0x4
 505 002c 24       		.uleb128 0x24
 506 002d 00       		.byte	0
 507 002e 0B       		.uleb128 0xb
 508 002f 0B       		.uleb128 0xb
 509 0030 3E       		.uleb128 0x3e
 510 0031 0B       		.uleb128 0xb
 511 0032 03       		.uleb128 0x3
 512 0033 08       		.uleb128 0x8
 513 0034 00       		.byte	0
 514 0035 00       		.byte	0
 515 0036 05       		.uleb128 0x5
 516 0037 16       		.uleb128 0x16
ARM GAS  C:\Users\z004e6he\AppData\Local\Temp\ccnNoNIF.s 			page 11


 517 0038 00       		.byte	0
 518 0039 03       		.uleb128 0x3
 519 003a 0E       		.uleb128 0xe
 520 003b 3A       		.uleb128 0x3a
 521 003c 0B       		.uleb128 0xb
 522 003d 3B       		.uleb128 0x3b
 523 003e 05       		.uleb128 0x5
 524 003f 49       		.uleb128 0x49
 525 0040 13       		.uleb128 0x13
 526 0041 00       		.byte	0
 527 0042 00       		.byte	0
 528 0043 06       		.uleb128 0x6
 529 0044 2E       		.uleb128 0x2e
 530 0045 01       		.byte	0x1
 531 0046 3F       		.uleb128 0x3f
 532 0047 19       		.uleb128 0x19
 533 0048 03       		.uleb128 0x3
 534 0049 0E       		.uleb128 0xe
 535 004a 3A       		.uleb128 0x3a
 536 004b 0B       		.uleb128 0xb
 537 004c 3B       		.uleb128 0x3b
 538 004d 0B       		.uleb128 0xb
 539 004e 27       		.uleb128 0x27
 540 004f 19       		.uleb128 0x19
 541 0050 49       		.uleb128 0x49
 542 0051 13       		.uleb128 0x13
 543 0052 8701     		.uleb128 0x87
 544 0054 19       		.uleb128 0x19
 545 0055 11       		.uleb128 0x11
 546 0056 01       		.uleb128 0x1
 547 0057 12       		.uleb128 0x12
 548 0058 06       		.uleb128 0x6
 549 0059 40       		.uleb128 0x40
 550 005a 18       		.uleb128 0x18
 551 005b 9742     		.uleb128 0x2117
 552 005d 19       		.uleb128 0x19
 553 005e 01       		.uleb128 0x1
 554 005f 13       		.uleb128 0x13
 555 0060 00       		.byte	0
 556 0061 00       		.byte	0
 557 0062 07       		.uleb128 0x7
 558 0063 34       		.uleb128 0x34
 559 0064 00       		.byte	0
 560 0065 03       		.uleb128 0x3
 561 0066 0E       		.uleb128 0xe
 562 0067 3A       		.uleb128 0x3a
 563 0068 0B       		.uleb128 0xb
 564 0069 3B       		.uleb128 0x3b
 565 006a 0B       		.uleb128 0xb
 566 006b 49       		.uleb128 0x49
 567 006c 13       		.uleb128 0x13
 568 006d 02       		.uleb128 0x2
 569 006e 17       		.uleb128 0x17
 570 006f 00       		.byte	0
 571 0070 00       		.byte	0
 572 0071 08       		.uleb128 0x8
 573 0072 898201   		.uleb128 0x4109
ARM GAS  C:\Users\z004e6he\AppData\Local\Temp\ccnNoNIF.s 			page 12


 574 0075 00       		.byte	0
 575 0076 11       		.uleb128 0x11
 576 0077 01       		.uleb128 0x1
 577 0078 31       		.uleb128 0x31
 578 0079 13       		.uleb128 0x13
 579 007a 00       		.byte	0
 580 007b 00       		.byte	0
 581 007c 09       		.uleb128 0x9
 582 007d 898201   		.uleb128 0x4109
 583 0080 01       		.byte	0x1
 584 0081 11       		.uleb128 0x11
 585 0082 01       		.uleb128 0x1
 586 0083 31       		.uleb128 0x31
 587 0084 13       		.uleb128 0x13
 588 0085 01       		.uleb128 0x1
 589 0086 13       		.uleb128 0x13
 590 0087 00       		.byte	0
 591 0088 00       		.byte	0
 592 0089 0A       		.uleb128 0xa
 593 008a 8A8201   		.uleb128 0x410a
 594 008d 00       		.byte	0
 595 008e 02       		.uleb128 0x2
 596 008f 18       		.uleb128 0x18
 597 0090 9142     		.uleb128 0x2111
 598 0092 18       		.uleb128 0x18
 599 0093 00       		.byte	0
 600 0094 00       		.byte	0
 601 0095 0B       		.uleb128 0xb
 602 0096 898201   		.uleb128 0x4109
 603 0099 01       		.byte	0x1
 604 009a 11       		.uleb128 0x11
 605 009b 01       		.uleb128 0x1
 606 009c 31       		.uleb128 0x31
 607 009d 13       		.uleb128 0x13
 608 009e 00       		.byte	0
 609 009f 00       		.byte	0
 610 00a0 0C       		.uleb128 0xc
 611 00a1 34       		.uleb128 0x34
 612 00a2 00       		.byte	0
 613 00a3 03       		.uleb128 0x3
 614 00a4 0E       		.uleb128 0xe
 615 00a5 3A       		.uleb128 0x3a
 616 00a6 0B       		.uleb128 0xb
 617 00a7 3B       		.uleb128 0x3b
 618 00a8 05       		.uleb128 0x5
 619 00a9 49       		.uleb128 0x49
 620 00aa 13       		.uleb128 0x13
 621 00ab 3F       		.uleb128 0x3f
 622 00ac 19       		.uleb128 0x19
 623 00ad 3C       		.uleb128 0x3c
 624 00ae 19       		.uleb128 0x19
 625 00af 00       		.byte	0
 626 00b0 00       		.byte	0
 627 00b1 0D       		.uleb128 0xd
 628 00b2 35       		.uleb128 0x35
 629 00b3 00       		.byte	0
 630 00b4 49       		.uleb128 0x49
ARM GAS  C:\Users\z004e6he\AppData\Local\Temp\ccnNoNIF.s 			page 13


 631 00b5 13       		.uleb128 0x13
 632 00b6 00       		.byte	0
 633 00b7 00       		.byte	0
 634 00b8 0E       		.uleb128 0xe
 635 00b9 01       		.uleb128 0x1
 636 00ba 01       		.byte	0x1
 637 00bb 49       		.uleb128 0x49
 638 00bc 13       		.uleb128 0x13
 639 00bd 01       		.uleb128 0x1
 640 00be 13       		.uleb128 0x13
 641 00bf 00       		.byte	0
 642 00c0 00       		.byte	0
 643 00c1 0F       		.uleb128 0xf
 644 00c2 21       		.uleb128 0x21
 645 00c3 00       		.byte	0
 646 00c4 49       		.uleb128 0x49
 647 00c5 13       		.uleb128 0x13
 648 00c6 2F       		.uleb128 0x2f
 649 00c7 0B       		.uleb128 0xb
 650 00c8 00       		.byte	0
 651 00c9 00       		.byte	0
 652 00ca 10       		.uleb128 0x10
 653 00cb 34       		.uleb128 0x34
 654 00cc 00       		.byte	0
 655 00cd 03       		.uleb128 0x3
 656 00ce 0E       		.uleb128 0xe
 657 00cf 3A       		.uleb128 0x3a
 658 00d0 0B       		.uleb128 0xb
 659 00d1 3B       		.uleb128 0x3b
 660 00d2 0B       		.uleb128 0xb
 661 00d3 49       		.uleb128 0x49
 662 00d4 13       		.uleb128 0x13
 663 00d5 3F       		.uleb128 0x3f
 664 00d6 19       		.uleb128 0x19
 665 00d7 02       		.uleb128 0x2
 666 00d8 18       		.uleb128 0x18
 667 00d9 00       		.byte	0
 668 00da 00       		.byte	0
 669 00db 11       		.uleb128 0x11
 670 00dc 2E       		.uleb128 0x2e
 671 00dd 00       		.byte	0
 672 00de 3F       		.uleb128 0x3f
 673 00df 19       		.uleb128 0x19
 674 00e0 3C       		.uleb128 0x3c
 675 00e1 19       		.uleb128 0x19
 676 00e2 6E       		.uleb128 0x6e
 677 00e3 0E       		.uleb128 0xe
 678 00e4 03       		.uleb128 0x3
 679 00e5 0E       		.uleb128 0xe
 680 00e6 3A       		.uleb128 0x3a
 681 00e7 0B       		.uleb128 0xb
 682 00e8 3B       		.uleb128 0x3b
 683 00e9 0B       		.uleb128 0xb
 684 00ea 00       		.byte	0
 685 00eb 00       		.byte	0
 686 00ec 00       		.byte	0
 687              		.section	.debug_loc,"",%progbits
ARM GAS  C:\Users\z004e6he\AppData\Local\Temp\ccnNoNIF.s 			page 14


 688              	.Ldebug_loc0:
 689              	.LLST0:
 690 0000 14000000 		.4byte	.LVL3
 691 0004 20000000 		.4byte	.LVL5
 692 0008 0400     		.2byte	0x4
 693 000a 0A       		.byte	0xa
 694 000b E803     		.2byte	0x3e8
 695 000d 9F       		.byte	0x9f
 696 000e 20000000 		.4byte	.LVL5
 697 0012 90000000 		.4byte	.LFE63
 698 0016 0100     		.2byte	0x1
 699 0018 54       		.byte	0x54
 700 0019 00000000 		.4byte	0
 701 001d 00000000 		.4byte	0
 702              		.section	.debug_aranges,"",%progbits
 703 0000 1C000000 		.4byte	0x1c
 704 0004 0200     		.2byte	0x2
 705 0006 00000000 		.4byte	.Ldebug_info0
 706 000a 04       		.byte	0x4
 707 000b 00       		.byte	0
 708 000c 0000     		.2byte	0
 709 000e 0000     		.2byte	0
 710 0010 00000000 		.4byte	.LFB63
 711 0014 90000000 		.4byte	.LFE63-.LFB63
 712 0018 00000000 		.4byte	0
 713 001c 00000000 		.4byte	0
 714              		.section	.debug_ranges,"",%progbits
 715              	.Ldebug_ranges0:
 716 0000 00000000 		.4byte	.LFB63
 717 0004 90000000 		.4byte	.LFE63
 718 0008 00000000 		.4byte	0
 719 000c 00000000 		.4byte	0
 720              		.section	.debug_line,"",%progbits
 721              	.Ldebug_line0:
 722 0000 B2010000 		.section	.debug_str,"MS",%progbits,1
 722      02008601 
 722      00000201 
 722      FB0E0D00 
 722      01010101 
 723              	.LASF22:
 724 0000 55415254 		.ascii	"UART_1_Start\000"
 724      5F315F53 
 724      74617274 
 724      00
 725              	.LASF24:
 726 000d 72785F69 		.ascii	"rx_isr_ClearPending\000"
 726      73725F43 
 726      6C656172 
 726      50656E64 
 726      696E6700 
 727              	.LASF23:
 728 0021 72785F69 		.ascii	"rx_isr_Start\000"
 728      73725F53 
 728      74617274 
 728      00
 729              	.LASF9:
 730 002e 5F5F696E 		.ascii	"__int32_t\000"
ARM GAS  C:\Users\z004e6he\AppData\Local\Temp\ccnNoNIF.s 			page 15


 730      7433325F 
 730      7400
 731              	.LASF33:
 732 0038 63757272 		.ascii	"current_pulse_width\000"
 732      656E745F 
 732      70756C73 
 732      655F7769 
 732      64746800 
 733              	.LASF3:
 734 004c 73686F72 		.ascii	"short unsigned int\000"
 734      7420756E 
 734      7369676E 
 734      65642069 
 734      6E7400
 735              	.LASF12:
 736 005f 666C6F61 		.ascii	"float\000"
 736      7400
 737              	.LASF7:
 738 0065 6C6F6E67 		.ascii	"long long unsigned int\000"
 738      206C6F6E 
 738      6720756E 
 738      7369676E 
 738      65642069 
 739              	.LASF1:
 740 007c 756E7369 		.ascii	"unsigned char\000"
 740      676E6564 
 740      20636861 
 740      7200
 741              	.LASF29:
 742 008a 474E5520 		.ascii	"GNU C11 5.4.1 20160609 (release) [ARM/embedded-5-br"
 742      43313120 
 742      352E342E 
 742      31203230 
 742      31363036 
 743 00bd 616E6368 		.ascii	"anch revision 237715] -mcpu=cortex-m3 -mthumb -g -O"
 743      20726576 
 743      6973696F 
 743      6E203233 
 743      37373135 
 744 00f0 67202D66 		.ascii	"g -ffunction-sections -ffat-lto-objects\000"
 744      66756E63 
 744      74696F6E 
 744      2D736563 
 744      74696F6E 
 745              	.LASF5:
 746 0118 6C6F6E67 		.ascii	"long unsigned int\000"
 746      20756E73 
 746      69676E65 
 746      6420696E 
 746      7400
 747              	.LASF25:
 748 012a 50574D5F 		.ascii	"PWM_1_Start\000"
 748      315F5374 
 748      61727400 
 749              	.LASF17:
 750 0136 49544D5F 		.ascii	"ITM_RxBuffer\000"
 750      52784275 
ARM GAS  C:\Users\z004e6he\AppData\Local\Temp\ccnNoNIF.s 			page 16


 750      66666572 
 750      00
 751              	.LASF13:
 752 0143 646F7562 		.ascii	"double\000"
 752      6C6500
 753              	.LASF32:
 754 014a 6D61696E 		.ascii	"main\000"
 754      00
 755              	.LASF19:
 756 014f 706F7369 		.ascii	"position\000"
 756      74696F6E 
 756      00
 757              	.LASF18:
 758 0158 70756C73 		.ascii	"pulse_width\000"
 758      655F7769 
 758      64746800 
 759              	.LASF8:
 760 0164 756E7369 		.ascii	"unsigned int\000"
 760      676E6564 
 760      20696E74 
 760      00
 761              	.LASF20:
 762 0171 6752585F 		.ascii	"gRX_ISR\000"
 762      49535200 
 763              	.LASF31:
 764 0179 433A5C55 		.ascii	"C:\\UserData\\z004e6he\\OneDrive - Siemens AG\\Docu"
 764      73657244 
 764      6174615C 
 764      7A303034 
 764      65366865 
 765 01a8 6D656E74 		.ascii	"ments\\PSoC Creator\\PSoC Course\\Exercise2\\Design"
 765      735C5053 
 765      6F432043 
 765      72656174 
 765      6F725C50 
 766 01d7 322E6379 		.ascii	"2.cydsn\000"
 766      64736E00 
 767              	.LASF10:
 768 01df 696E7433 		.ascii	"int32_t\000"
 768      325F7400 
 769              	.LASF16:
 770 01e7 73697A65 		.ascii	"sizetype\000"
 770      74797065 
 770      00
 771              	.LASF26:
 772 01f0 50574D5F 		.ascii	"PWM_1_WriteCompare\000"
 772      315F5772 
 772      69746543 
 772      6F6D7061 
 772      726500
 773              	.LASF6:
 774 0203 6C6F6E67 		.ascii	"long long int\000"
 774      206C6F6E 
 774      6720696E 
 774      7400
 775              	.LASF30:
 776 0211 6D61696E 		.ascii	"main.c\000"
ARM GAS  C:\Users\z004e6he\AppData\Local\Temp\ccnNoNIF.s 			page 17


 776      2E6300
 777              	.LASF14:
 778 0218 63686172 		.ascii	"char\000"
 778      00
 779              	.LASF27:
 780 021d 6C656450 		.ascii	"ledPin_Write\000"
 780      696E5F57 
 780      72697465 
 780      00
 781              	.LASF2:
 782 022a 73686F72 		.ascii	"short int\000"
 782      7420696E 
 782      7400
 783              	.LASF11:
 784 0234 75696E74 		.ascii	"uint8\000"
 784      3800
 785              	.LASF4:
 786 023a 6C6F6E67 		.ascii	"long int\000"
 786      20696E74 
 786      00
 787              	.LASF15:
 788 0243 6C6F6E67 		.ascii	"long double\000"
 788      20646F75 
 788      626C6500 
 789              	.LASF0:
 790 024f 7369676E 		.ascii	"signed char\000"
 790      65642063 
 790      68617200 
 791              	.LASF21:
 792 025b 5F426F6F 		.ascii	"_Bool\000"
 792      6C00
 793              	.LASF28:
 794 0261 43794465 		.ascii	"CyDelay\000"
 794      6C617900 
 795              		.ident	"GCC: (GNU Tools for ARM Embedded Processors) 5.4.1 20160609 (release) [ARM/embedded-5-bran
