--------------- Rebuild Started: 04/10/2024 13:08:05 Project: LucaSpenglerPSoC5DAQ, Configuration: ARM GCC 5.4-2016-q2-update Debug ---------------
Deleting file ".\ARM_GCC_541\Debug\main.o"
Deleting file ".\ARM_GCC_541\Debug\cyfitter_cfg.o"
Deleting file ".\ARM_GCC_541\Debug\cymetadata.o"
Deleting file ".\ARM_GCC_541\Debug\ADC_DelSig_1.o"
Deleting file ".\ARM_GCC_541\Debug\ADC_DelSig_1_PM.o"
Deleting file ".\ARM_GCC_541\Debug\ADC_DelSig_1_INT.o"
Deleting file ".\ARM_GCC_541\Debug\Vin.o"
Deleting file ".\ARM_GCC_541\Debug\UART_1.o"
Deleting file ".\ARM_GCC_541\Debug\UART_1_PM.o"
Deleting file ".\ARM_GCC_541\Debug\UART_1_INT.o"
Deleting file ".\ARM_GCC_541\Debug\UART_1_BOOT.o"
Deleting file ".\ARM_GCC_541\Debug\rx_isr.o"
Deleting file ".\ARM_GCC_541\Debug\ADC_DelSig_1_AMux.o"
Deleting file ".\ARM_GCC_541\Debug\ADC_DelSig_1_Ext_CP_Clk.o"
Deleting file ".\ARM_GCC_541\Debug\ADC_DelSig_1_IRQ.o"
Deleting file ".\ARM_GCC_541\Debug\ADC_DelSig_1_theACLK.o"
Deleting file ".\ARM_GCC_541\Debug\UART_1_IntClock.o"
Deleting file ".\ARM_GCC_541\Debug\Cm3Start.o"
Deleting file ".\ARM_GCC_541\Debug\CyBootAsmGnu.o"
Deleting file ".\ARM_GCC_541\Debug\CyDmac.o"
Deleting file ".\ARM_GCC_541\Debug\CyFlash.o"
Deleting file ".\ARM_GCC_541\Debug\CyLib.o"
Deleting file ".\ARM_GCC_541\Debug\cyPm.o"
Deleting file ".\ARM_GCC_541\Debug\CySpc.o"
Deleting file ".\ARM_GCC_541\Debug\cyutils.o"
Deleting file ".\ARM_GCC_541\Debug\cy_em_eeprom.o"
Deleting file ".\ARM_GCC_541\Debug\ledOut.o"
Deleting file ".\ARM_GCC_541\Debug\Button.o"
Deleting file ".\ARM_GCC_541\Debug\LucaSpenglerPSoC5DAQ.map"
Deleting file ".\LucaSpenglerPSoC5DAQ.cycdx"
Deleting file ".\LucaSpenglerPSoC5DAQ.svd"
Deleting file ".\LucaSpenglerPSoC5DAQ.rpt"
Deleting file ".\LucaSpenglerPSoC5DAQ_timing.html"
Deleting file ".\ARM_GCC_541\Debug\.deps\SOURCE_C__ARM_GCC_GENERIC.P"
Deleting file ".\ARM_GCC_541\Debug\.deps\SOURCE_ASM__ARM_GCC_GENERIC.P"
cydsfit.exe -.appdatapath "C:\Users\z004e6he\AppData\Local\Cypress Semiconductor\PSoC Creator\4.4" -.fdsnotice -.fdswarpdepfile=warp_dependencies.txt -.fdselabdepfile=elab_dependencies.txt -.fdsbldfile=generated_files.txt -.fdsreffile=referenced_files.txt -p "C:\UserData\z004e6he\OneDrive - Siemens AG\Documents\PSoC Creator\PSoC\Exercise3\LucaSpenglerPSoC5DAQ.cydsn\LucaSpenglerPSoC5DAQ.cyprj" -d CY8C5888LTI-LP097 -s "C:\UserData\z004e6he\OneDrive - Siemens AG\Documents\PSoC Creator\PSoC\Exercise3\LucaSpenglerPSoC5DAQ.cydsn\Generated_Source\PSoC5" -- -yv2 -q10 -ygs -o2 -v3 -.fftcfgtype=LE
Elaborating Design...
HDL Generation...
Synthesis...
Tech Mapping...
Analog Placement...
Info: apr.M0002: Analog signal "\ADC_DelSig_1:Net_35\" is connected to one terminal only. (App=cydsfit)
Analog Routing...
Analog Code Generation...
Digital Placement...
Digital Routing...
Bitstream Generation...
Bitstream Verification...
Static timing analysis...
API Generation...
Dependency Generation...
Cleanup...
arm-none-eabi-gcc.exe -mcpu=cortex-m3 -mthumb -I. -IGenerated_Source\PSoC5 -Wa,-alh=.\ARM_GCC_541\Debug/main.lst -g -ffunction-sections -ffat-lto-objects -O0 -c main.c -o .\ARM_GCC_541\Debug\main.o
arm-none-eabi-gcc.exe -mcpu=cortex-m3 -mthumb -I. -IGenerated_Source\PSoC5 -Wa,-alh=.\ARM_GCC_541\Debug/cyfitter_cfg.lst -g -ffunction-sections -ffat-lto-objects -O0 -c Generated_Source\PSoC5\cyfitter_cfg.c -o .\ARM_GCC_541\Debug\cyfitter_cfg.o
arm-none-eabi-gcc.exe -mcpu=cortex-m3 -mthumb -I. -IGenerated_Source\PSoC5 -Wa,-alh=.\ARM_GCC_541\Debug/cymetadata.lst -g -ffunction-sections -ffat-lto-objects -O0 -c Generated_Source\PSoC5\cymetadata.c -o .\ARM_GCC_541\Debug\cymetadata.o
arm-none-eabi-gcc.exe -mcpu=cortex-m3 -mthumb -I. -IGenerated_Source\PSoC5 -Wa,-alh=.\ARM_GCC_541\Debug/ADC_DelSig_1.lst -g -ffunction-sections -ffat-lto-objects -O0 -c Generated_Source\PSoC5\ADC_DelSig_1.c -o .\ARM_GCC_541\Debug\ADC_DelSig_1.o
arm-none-eabi-gcc.exe -mcpu=cortex-m3 -mthumb -I. -IGenerated_Source\PSoC5 -Wa,-alh=.\ARM_GCC_541\Debug/ADC_DelSig_1_PM.lst -g -ffunction-sections -ffat-lto-objects -O0 -c Generated_Source\PSoC5\ADC_DelSig_1_PM.c -o .\ARM_GCC_541\Debug\ADC_DelSig_1_PM.o
arm-none-eabi-gcc.exe -mcpu=cortex-m3 -mthumb -I. -IGenerated_Source\PSoC5 -Wa,-alh=.\ARM_GCC_541\Debug/ADC_DelSig_1_INT.lst -g -ffunction-sections -ffat-lto-objects -O0 -c Generated_Source\PSoC5\ADC_DelSig_1_INT.c -o .\ARM_GCC_541\Debug\ADC_DelSig_1_INT.o
arm-none-eabi-gcc.exe -mcpu=cortex-m3 -mthumb -I. -IGenerated_Source\PSoC5 -Wa,-alh=.\ARM_GCC_541\Debug/Vin.lst -g -ffunction-sections -ffat-lto-objects -O0 -c Generated_Source\PSoC5\Vin.c -o .\ARM_GCC_541\Debug\Vin.o
arm-none-eabi-gcc.exe -mcpu=cortex-m3 -mthumb -I. -IGenerated_Source\PSoC5 -Wa,-alh=.\ARM_GCC_541\Debug/UART_1.lst -g -ffunction-sections -ffat-lto-objects -O0 -c Generated_Source\PSoC5\UART_1.c -o .\ARM_GCC_541\Debug\UART_1.o
arm-none-eabi-gcc.exe -mcpu=cortex-m3 -mthumb -I. -IGenerated_Source\PSoC5 -Wa,-alh=.\ARM_GCC_541\Debug/UART_1_PM.lst -g -ffunction-sections -ffat-lto-objects -O0 -c Generated_Source\PSoC5\UART_1_PM.c -o .\ARM_GCC_541\Debug\UART_1_PM.o
arm-none-eabi-gcc.exe -mcpu=cortex-m3 -mthumb -I. -IGenerated_Source\PSoC5 -Wa,-alh=.\ARM_GCC_541\Debug/UART_1_INT.lst -g -ffunction-sections -ffat-lto-objects -O0 -c Generated_Source\PSoC5\UART_1_INT.c -o .\ARM_GCC_541\Debug\UART_1_INT.o
arm-none-eabi-gcc.exe -mcpu=cortex-m3 -mthumb -I. -IGenerated_Source\PSoC5 -Wa,-alh=.\ARM_GCC_541\Debug/UART_1_BOOT.lst -g -ffunction-sections -ffat-lto-objects -O0 -c Generated_Source\PSoC5\UART_1_BOOT.c -o .\ARM_GCC_541\Debug\UART_1_BOOT.o
arm-none-eabi-gcc.exe -mcpu=cortex-m3 -mthumb -I. -IGenerated_Source\PSoC5 -Wa,-alh=.\ARM_GCC_541\Debug/rx_isr.lst -g -ffunction-sections -ffat-lto-objects -O0 -c Generated_Source\PSoC5\rx_isr.c -o .\ARM_GCC_541\Debug\rx_isr.o
arm-none-eabi-gcc.exe -mcpu=cortex-m3 -mthumb -I. -IGenerated_Source\PSoC5 -Wa,-alh=.\ARM_GCC_541\Debug/ADC_DelSig_1_AMux.lst -g -ffunction-sections -ffat-lto-objects -O0 -c Generated_Source\PSoC5\ADC_DelSig_1_AMux.c -o .\ARM_GCC_541\Debug\ADC_DelSig_1_AMux.o
arm-none-eabi-gcc.exe -mcpu=cortex-m3 -mthumb -I. -IGenerated_Source\PSoC5 -Wa,-alh=.\ARM_GCC_541\Debug/ADC_DelSig_1_Ext_CP_Clk.lst -g -ffunction-sections -ffat-lto-objects -O0 -c Generated_Source\PSoC5\ADC_DelSig_1_Ext_CP_Clk.c -o .\ARM_GCC_541\Debug\ADC_DelSig_1_Ext_CP_Clk.o
arm-none-eabi-gcc.exe -mcpu=cortex-m3 -mthumb -I. -IGenerated_Source\PSoC5 -Wa,-alh=.\ARM_GCC_541\Debug/ADC_DelSig_1_IRQ.lst -g -ffunction-sections -ffat-lto-objects -O0 -c Generated_Source\PSoC5\ADC_DelSig_1_IRQ.c -o .\ARM_GCC_541\Debug\ADC_DelSig_1_IRQ.o
arm-none-eabi-gcc.exe -mcpu=cortex-m3 -mthumb -I. -IGenerated_Source\PSoC5 -Wa,-alh=.\ARM_GCC_541\Debug/ADC_DelSig_1_theACLK.lst -g -ffunction-sections -ffat-lto-objects -O0 -c Generated_Source\PSoC5\ADC_DelSig_1_theACLK.c -o .\ARM_GCC_541\Debug\ADC_DelSig_1_theACLK.o
arm-none-eabi-gcc.exe -mcpu=cortex-m3 -mthumb -I. -IGenerated_Source\PSoC5 -Wa,-alh=.\ARM_GCC_541\Debug/UART_1_IntClock.lst -g -ffunction-sections -ffat-lto-objects -O0 -c Generated_Source\PSoC5\UART_1_IntClock.c -o .\ARM_GCC_541\Debug\UART_1_IntClock.o
arm-none-eabi-gcc.exe -mcpu=cortex-m3 -mthumb -I. -IGenerated_Source\PSoC5 -Wa,-alh=.\ARM_GCC_541\Debug/Cm3Start.lst -g -ffunction-sections -ffat-lto-objects -O0 -c Generated_Source\PSoC5\Cm3Start.c -o .\ARM_GCC_541\Debug\Cm3Start.o
arm-none-eabi-gcc.exe -mcpu=cortex-m3 -mthumb -I. -IGenerated_Source\PSoC5 -Wa,-alh=.\ARM_GCC_541\Debug/CyDmac.lst -g -ffunction-sections -ffat-lto-objects -O0 -c Generated_Source\PSoC5\CyDmac.c -o .\ARM_GCC_541\Debug\CyDmac.o
arm-none-eabi-gcc.exe -mcpu=cortex-m3 -mthumb -I. -IGenerated_Source\PSoC5 -Wa,-alh=.\ARM_GCC_541\Debug/CyFlash.lst -g -ffunction-sections -ffat-lto-objects -O0 -c Generated_Source\PSoC5\CyFlash.c -o .\ARM_GCC_541\Debug\CyFlash.o
arm-none-eabi-gcc.exe -mcpu=cortex-m3 -mthumb -I. -IGenerated_Source\PSoC5 -Wa,-alh=.\ARM_GCC_541\Debug/CyLib.lst -g -ffunction-sections -ffat-lto-objects -O0 -c Generated_Source\PSoC5\CyLib.c -o .\ARM_GCC_541\Debug\CyLib.o
arm-none-eabi-gcc.exe -mcpu=cortex-m3 -mthumb -I. -IGenerated_Source\PSoC5 -Wa,-alh=.\ARM_GCC_541\Debug/cyPm.lst -g -ffunction-sections -ffat-lto-objects -O0 -c Generated_Source\PSoC5\cyPm.c -o .\ARM_GCC_541\Debug\cyPm.o
arm-none-eabi-gcc.exe -mcpu=cortex-m3 -mthumb -I. -IGenerated_Source\PSoC5 -Wa,-alh=.\ARM_GCC_541\Debug/CySpc.lst -g -ffunction-sections -ffat-lto-objects -O0 -c Generated_Source\PSoC5\CySpc.c -o .\ARM_GCC_541\Debug\CySpc.o
arm-none-eabi-gcc.exe -mcpu=cortex-m3 -mthumb -I. -IGenerated_Source\PSoC5 -Wa,-alh=.\ARM_GCC_541\Debug/cyutils.lst -g -ffunction-sections -ffat-lto-objects -O0 -c Generated_Source\PSoC5\cyutils.c -o .\ARM_GCC_541\Debug\cyutils.o
arm-none-eabi-gcc.exe -mcpu=cortex-m3 -mthumb -I. -IGenerated_Source\PSoC5 -Wa,-alh=.\ARM_GCC_541\Debug/cy_em_eeprom.lst -g -ffunction-sections -ffat-lto-objects -O0 -c Generated_Source\PSoC5\cy_em_eeprom.c -o .\ARM_GCC_541\Debug\cy_em_eeprom.o
arm-none-eabi-gcc.exe -mcpu=cortex-m3 -mthumb -I. -IGenerated_Source\PSoC5 -Wa,-alh=.\ARM_GCC_541\Debug/ledOut.lst -g -ffunction-sections -ffat-lto-objects -O0 -c Generated_Source\PSoC5\ledOut.c -o .\ARM_GCC_541\Debug\ledOut.o
arm-none-eabi-gcc.exe -mcpu=cortex-m3 -mthumb -I. -IGenerated_Source\PSoC5 -Wa,-alh=.\ARM_GCC_541\Debug/Button.lst -g -ffunction-sections -ffat-lto-objects -O0 -c Generated_Source\PSoC5\Button.c -o .\ARM_GCC_541\Debug\Button.o
arm-none-eabi-as.exe -mcpu=cortex-m3 -mthumb -I. -IGenerated_Source\PSoC5 -alh=.\ARM_GCC_541\Debug/CyBootAsmGnu.lst -g -o .\ARM_GCC_541\Debug\CyBootAsmGnu.o Generated_Source\PSoC5\CyBootAsmGnu.s
arm-none-eabi-ar.exe -rs .\ARM_GCC_541\Debug\LucaSpenglerPSoC5DAQ.a .\ARM_GCC_541\Debug\ADC_DelSig_1.o .\ARM_GCC_541\Debug\ADC_DelSig_1_PM.o .\ARM_GCC_541\Debug\ADC_DelSig_1_INT.o .\ARM_GCC_541\Debug\Vin.o .\ARM_GCC_541\Debug\UART_1.o .\ARM_GCC_541\Debug\UART_1_PM.o .\ARM_GCC_541\Debug\UART_1_INT.o .\ARM_GCC_541\Debug\UART_1_BOOT.o .\ARM_GCC_541\Debug\rx_isr.o .\ARM_GCC_541\Debug\ADC_DelSig_1_AMux.o .\ARM_GCC_541\Debug\ADC_DelSig_1_Ext_CP_Clk.o .\ARM_GCC_541\Debug\ADC_DelSig_1_IRQ.o .\ARM_GCC_541\Debug\ADC_DelSig_1_theACLK.o .\ARM_GCC_541\Debug\UART_1_IntClock.o .\ARM_GCC_541\Debug\CyDmac.o .\ARM_GCC_541\Debug\CyFlash.o .\ARM_GCC_541\Debug\CyLib.o .\ARM_GCC_541\Debug\cyPm.o .\ARM_GCC_541\Debug\CySpc.o .\ARM_GCC_541\Debug\cyutils.o .\ARM_GCC_541\Debug\cy_em_eeprom.o .\ARM_GCC_541\Debug\ledOut.o .\ARM_GCC_541\Debug\Button.o .\ARM_GCC_541\Debug\CyBootAsmGnu.o
arm-none-eabi-ar.exe: creating .\ARM_GCC_541\Debug\LucaSpenglerPSoC5DAQ.a
arm-none-eabi-gcc.exe -Wl,--start-group -o "C:\UserData\z004e6he\OneDrive - Siemens AG\Documents\PSoC Creator\PSoC\Exercise3\LucaSpenglerPSoC5DAQ.cydsn\ARM_GCC_541\Debug\LucaSpenglerPSoC5DAQ.elf" .\ARM_GCC_541\Debug\main.o .\ARM_GCC_541\Debug\cyfitter_cfg.o .\ARM_GCC_541\Debug\cymetadata.o .\ARM_GCC_541\Debug\Cm3Start.o .\ARM_GCC_541\Debug\LucaSpenglerPSoC5DAQ.a "C:\Program Files (x86)\Cypress\PSoC Creator\4.4\PSoC Creator\psoc\content\cycomponentlibrary\CyComponentLibrary.cylib\CortexM3\ARM_GCC_541\Debug\CyComponentLibrary.a" -mcpu=cortex-m3 -mthumb -L Generated_Source\PSoC5 -Wl,-Map,.\ARM_GCC_541\Debug/LucaSpenglerPSoC5DAQ.map -T Generated_Source\PSoC5\cm3gcc.ld -specs=nano.specs -Wl,--gc-sections -g -ffunction-sections -O0 -ffat-lto-objects -Wl,--end-group
.\ARM_GCC_541\Debug\main.o: In function `main':
C:\UserData\z004e6he\OneDrive - Siemens AG\Documents\PSoC Creator\PSoC\Exercise3\LucaSpenglerPSoC5DAQ.cydsn/main.c:167: undefined reference to `truncf'
collect2.exe: error: ld returned 1 exit status
The command 'arm-none-eabi-gcc.exe' failed with exit code '1'.
--------------- Rebuild Failed: 04/10/2024 13:08:21 ---------------
