ARM GAS  C:\Users\z004e6he\AppData\Local\Temp\cczjiDkw.s 			page 1


   1              		.syntax unified
   2              		.cpu cortex-m3
   3              		.fpu softvfp
   4              		.eabi_attribute 20, 1
   5              		.eabi_attribute 21, 1
   6              		.eabi_attribute 23, 3
   7              		.eabi_attribute 24, 1
   8              		.eabi_attribute 25, 1
   9              		.eabi_attribute 26, 1
  10              		.eabi_attribute 30, 6
  11              		.eabi_attribute 34, 1
  12              		.eabi_attribute 18, 4
  13              		.thumb
  14              		.syntax unified
  15              		.file	"OneWire.c"
  16              		.text
  17              	.Ltext0:
  18              		.cfi_sections	.debug_frame
  19              		.section	.text.ResetBus,"ax",%progbits
  20              		.align	2
  21              		.global	ResetBus
  22              		.thumb
  23              		.thumb_func
  24              		.type	ResetBus, %function
  25              	ResetBus:
  26              	.LFB63:
  27              		.file 1 "OneWire.c"
   1:OneWire.c     **** /* ========================================
   2:OneWire.c     ****  *
   3:OneWire.c     ****  * Copyright YOUR COMPANY, THE YEAR
   4:OneWire.c     ****  * All Rights Reserved
   5:OneWire.c     ****  * UNPUBLISHED, LICENSED SOFTWARE.
   6:OneWire.c     ****  *
   7:OneWire.c     ****  * CONFIDENTIAL AND PROPRIETARY INFORMATION
   8:OneWire.c     ****  * WHICH IS THE PROPERTY OF your company.
   9:OneWire.c     ****  *
  10:OneWire.c     ****  * ========================================
  11:OneWire.c     **** */
  12:OneWire.c     **** 
  13:OneWire.c     **** #include "OneWire.h"
  14:OneWire.c     **** 
  15:OneWire.c     **** int ResetBus(){
  28              		.loc 1 15 0
  29              		.cfi_startproc
  30              		@ args = 0, pretend = 0, frame = 8
  31              		@ frame_needed = 1, uses_anonymous_args = 0
  32 0000 80B5     		push	{r7, lr}
  33              		.cfi_def_cfa_offset 8
  34              		.cfi_offset 7, -8
  35              		.cfi_offset 14, -4
  36 0002 82B0     		sub	sp, sp, #8
  37              		.cfi_def_cfa_offset 16
  38 0004 00AF     		add	r7, sp, #0
  39              		.cfi_def_cfa_register 7
  16:OneWire.c     ****     int returnValue = 0;
  40              		.loc 1 16 0
  41 0006 0023     		movs	r3, #0
ARM GAS  C:\Users\z004e6he\AppData\Local\Temp\cczjiDkw.s 			page 2


  42 0008 7B60     		str	r3, [r7, #4]
  17:OneWire.c     ****     onewire_pin_Write(LOW);
  43              		.loc 1 17 0
  44 000a 0020     		movs	r0, #0
  45 000c FFF7FEFF 		bl	onewire_pin_Write
  18:OneWire.c     ****     CyDelayUs(WAIT_H);
  46              		.loc 1 18 0
  47 0010 4FF4F070 		mov	r0, #480
  48 0014 FFF7FEFF 		bl	CyDelayUs
  19:OneWire.c     ****     onewire_pin_Write(HIGH);
  49              		.loc 1 19 0
  50 0018 0120     		movs	r0, #1
  51 001a FFF7FEFF 		bl	onewire_pin_Write
  20:OneWire.c     ****     CyDelayUs(WAIT_I);
  52              		.loc 1 20 0
  53 001e 4620     		movs	r0, #70
  54 0020 FFF7FEFF 		bl	CyDelayUs
  21:OneWire.c     ****     returnValue = onewire_pin_Read() ^ 0x01;
  55              		.loc 1 21 0
  56 0024 FFF7FEFF 		bl	onewire_pin_Read
  57 0028 0346     		mov	r3, r0
  58 002a 83F00103 		eor	r3, r3, #1
  59 002e DBB2     		uxtb	r3, r3
  60 0030 7B60     		str	r3, [r7, #4]
  22:OneWire.c     ****     CyDelayUs(WAIT_J);
  61              		.loc 1 22 0
  62 0032 4FF4CD70 		mov	r0, #410
  63 0036 FFF7FEFF 		bl	CyDelayUs
  23:OneWire.c     ****     return(returnValue);
  64              		.loc 1 23 0
  65 003a 7B68     		ldr	r3, [r7, #4]
  24:OneWire.c     **** }
  66              		.loc 1 24 0
  67 003c 1846     		mov	r0, r3
  68 003e 0837     		adds	r7, r7, #8
  69              		.cfi_def_cfa_offset 8
  70 0040 BD46     		mov	sp, r7
  71              		.cfi_def_cfa_register 13
  72              		@ sp needed
  73 0042 80BD     		pop	{r7, pc}
  74              		.cfi_endproc
  75              	.LFE63:
  76              		.size	ResetBus, .-ResetBus
  77              		.section	.text.WriteBit,"ax",%progbits
  78              		.align	2
  79              		.global	WriteBit
  80              		.thumb
  81              		.thumb_func
  82              		.type	WriteBit, %function
  83              	WriteBit:
  84              	.LFB64:
  25:OneWire.c     **** 
  26:OneWire.c     **** void WriteBit(int message){
  85              		.loc 1 26 0
  86              		.cfi_startproc
  87              		@ args = 0, pretend = 0, frame = 8
  88              		@ frame_needed = 1, uses_anonymous_args = 0
ARM GAS  C:\Users\z004e6he\AppData\Local\Temp\cczjiDkw.s 			page 3


  89 0000 80B5     		push	{r7, lr}
  90              		.cfi_def_cfa_offset 8
  91              		.cfi_offset 7, -8
  92              		.cfi_offset 14, -4
  93 0002 82B0     		sub	sp, sp, #8
  94              		.cfi_def_cfa_offset 16
  95 0004 00AF     		add	r7, sp, #0
  96              		.cfi_def_cfa_register 7
  97 0006 7860     		str	r0, [r7, #4]
  27:OneWire.c     ****     onewire_pin_Write(LOW);       
  98              		.loc 1 27 0
  99 0008 0020     		movs	r0, #0
 100 000a FFF7FEFF 		bl	onewire_pin_Write
  28:OneWire.c     ****     if(message == HIGH){
 101              		.loc 1 28 0
 102 000e 7B68     		ldr	r3, [r7, #4]
 103 0010 012B     		cmp	r3, #1
 104 0012 09D1     		bne	.L4
  29:OneWire.c     ****         CyDelayUs(WAIT_A); //1 write
 105              		.loc 1 29 0
 106 0014 0620     		movs	r0, #6
 107 0016 FFF7FEFF 		bl	CyDelayUs
  30:OneWire.c     ****         onewire_pin_Write(HIGH);
 108              		.loc 1 30 0
 109 001a 0120     		movs	r0, #1
 110 001c FFF7FEFF 		bl	onewire_pin_Write
  31:OneWire.c     ****         CyDelayUs(WAIT_B);
 111              		.loc 1 31 0
 112 0020 4020     		movs	r0, #64
 113 0022 FFF7FEFF 		bl	CyDelayUs
  32:OneWire.c     ****     }else{     		    
  33:OneWire.c     ****         CyDelayUs(WAIT_C); //0 write
  34:OneWire.c     ****         onewire_pin_Write(HIGH);
  35:OneWire.c     ****         CyDelayUs(WAIT_D);
  36:OneWire.c     ****     }
  37:OneWire.c     **** }
 114              		.loc 1 37 0
 115 0026 08E0     		b	.L6
 116              	.L4:
  33:OneWire.c     ****         onewire_pin_Write(HIGH);
 117              		.loc 1 33 0
 118 0028 3C20     		movs	r0, #60
 119 002a FFF7FEFF 		bl	CyDelayUs
  34:OneWire.c     ****         CyDelayUs(WAIT_D);
 120              		.loc 1 34 0
 121 002e 0120     		movs	r0, #1
 122 0030 FFF7FEFF 		bl	onewire_pin_Write
  35:OneWire.c     ****     }
 123              		.loc 1 35 0
 124 0034 0A20     		movs	r0, #10
 125 0036 FFF7FEFF 		bl	CyDelayUs
 126              	.L6:
 127              		.loc 1 37 0
 128 003a 00BF     		nop
 129 003c 0837     		adds	r7, r7, #8
 130              		.cfi_def_cfa_offset 8
 131 003e BD46     		mov	sp, r7
ARM GAS  C:\Users\z004e6he\AppData\Local\Temp\cczjiDkw.s 			page 4


 132              		.cfi_def_cfa_register 13
 133              		@ sp needed
 134 0040 80BD     		pop	{r7, pc}
 135              		.cfi_endproc
 136              	.LFE64:
 137              		.size	WriteBit, .-WriteBit
 138 0042 00BF     		.section	.text.WriteByte,"ax",%progbits
 139              		.align	2
 140              		.global	WriteByte
 141              		.thumb
 142              		.thumb_func
 143              		.type	WriteByte, %function
 144              	WriteByte:
 145              	.LFB65:
  38:OneWire.c     **** 
  39:OneWire.c     **** void WriteByte(int message){ 
 146              		.loc 1 39 0
 147              		.cfi_startproc
 148              		@ args = 0, pretend = 0, frame = 16
 149              		@ frame_needed = 1, uses_anonymous_args = 0
 150 0000 80B5     		push	{r7, lr}
 151              		.cfi_def_cfa_offset 8
 152              		.cfi_offset 7, -8
 153              		.cfi_offset 14, -4
 154 0002 84B0     		sub	sp, sp, #16
 155              		.cfi_def_cfa_offset 24
 156 0004 00AF     		add	r7, sp, #0
 157              		.cfi_def_cfa_register 7
 158 0006 7860     		str	r0, [r7, #4]
 159              	.LBB2:
  40:OneWire.c     ****     for (uint8 shiftcount = 0; shiftcount <= 7; shiftcount++) {
 160              		.loc 1 40 0
 161 0008 0023     		movs	r3, #0
 162 000a FB73     		strb	r3, [r7, #15]
 163 000c 0BE0     		b	.L8
 164              	.L9:
  41:OneWire.c     ****         WriteBit((message >> shiftcount) & 0x01);
 165              		.loc 1 41 0 discriminator 3
 166 000e FB7B     		ldrb	r3, [r7, #15]	@ zero_extendqisi2
 167 0010 7A68     		ldr	r2, [r7, #4]
 168 0012 42FA03F3 		asr	r3, r2, r3
 169 0016 03F00103 		and	r3, r3, #1
 170 001a 1846     		mov	r0, r3
 171 001c FFF7FEFF 		bl	WriteBit
  40:OneWire.c     ****     for (uint8 shiftcount = 0; shiftcount <= 7; shiftcount++) {
 172              		.loc 1 40 0 discriminator 3
 173 0020 FB7B     		ldrb	r3, [r7, #15]	@ zero_extendqisi2
 174 0022 0133     		adds	r3, r3, #1
 175 0024 FB73     		strb	r3, [r7, #15]
 176              	.L8:
  40:OneWire.c     ****     for (uint8 shiftcount = 0; shiftcount <= 7; shiftcount++) {
 177              		.loc 1 40 0 is_stmt 0 discriminator 1
 178 0026 FB7B     		ldrb	r3, [r7, #15]	@ zero_extendqisi2
 179 0028 072B     		cmp	r3, #7
 180 002a F0D9     		bls	.L9
 181              	.LBE2:
  42:OneWire.c     ****     }
ARM GAS  C:\Users\z004e6he\AppData\Local\Temp\cczjiDkw.s 			page 5


  43:OneWire.c     **** }
 182              		.loc 1 43 0 is_stmt 1
 183 002c 00BF     		nop
 184 002e 1037     		adds	r7, r7, #16
 185              		.cfi_def_cfa_offset 8
 186 0030 BD46     		mov	sp, r7
 187              		.cfi_def_cfa_register 13
 188              		@ sp needed
 189 0032 80BD     		pop	{r7, pc}
 190              		.cfi_endproc
 191              	.LFE65:
 192              		.size	WriteByte, .-WriteByte
 193              		.section	.text.ReadBit,"ax",%progbits
 194              		.align	2
 195              		.global	ReadBit
 196              		.thumb
 197              		.thumb_func
 198              		.type	ReadBit, %function
 199              	ReadBit:
 200              	.LFB66:
  44:OneWire.c     **** 
  45:OneWire.c     **** int ReadBit(){ 
 201              		.loc 1 45 0
 202              		.cfi_startproc
 203              		@ args = 0, pretend = 0, frame = 8
 204              		@ frame_needed = 1, uses_anonymous_args = 0
 205 0000 80B5     		push	{r7, lr}
 206              		.cfi_def_cfa_offset 8
 207              		.cfi_offset 7, -8
 208              		.cfi_offset 14, -4
 209 0002 82B0     		sub	sp, sp, #8
 210              		.cfi_def_cfa_offset 16
 211 0004 00AF     		add	r7, sp, #0
 212              		.cfi_def_cfa_register 7
  46:OneWire.c     ****     onewire_pin_Write(LOW);    // signal want to read
 213              		.loc 1 46 0
 214 0006 0020     		movs	r0, #0
 215 0008 FFF7FEFF 		bl	onewire_pin_Write
  47:OneWire.c     ****     CyDelayUs(WAIT_A); 
 216              		.loc 1 47 0
 217 000c 0620     		movs	r0, #6
 218 000e FFF7FEFF 		bl	CyDelayUs
  48:OneWire.c     ****     onewire_pin_Write(HIGH);    // send pin high so can read device response on line 
 219              		.loc 1 48 0
 220 0012 0120     		movs	r0, #1
 221 0014 FFF7FEFF 		bl	onewire_pin_Write
  49:OneWire.c     ****     CyDelayUs(WAIT_E);
 222              		.loc 1 49 0
 223 0018 0920     		movs	r0, #9
 224 001a FFF7FEFF 		bl	CyDelayUs
  50:OneWire.c     ****     int resultValue = onewire_pin_Read();
 225              		.loc 1 50 0
 226 001e FFF7FEFF 		bl	onewire_pin_Read
 227 0022 0346     		mov	r3, r0
 228 0024 7B60     		str	r3, [r7, #4]
  51:OneWire.c     ****     CyDelayUs(WAIT_F);
 229              		.loc 1 51 0
ARM GAS  C:\Users\z004e6he\AppData\Local\Temp\cczjiDkw.s 			page 6


 230 0026 3720     		movs	r0, #55
 231 0028 FFF7FEFF 		bl	CyDelayUs
  52:OneWire.c     ****  	return(resultValue);
 232              		.loc 1 52 0
 233 002c 7B68     		ldr	r3, [r7, #4]
  53:OneWire.c     **** }
 234              		.loc 1 53 0
 235 002e 1846     		mov	r0, r3
 236 0030 0837     		adds	r7, r7, #8
 237              		.cfi_def_cfa_offset 8
 238 0032 BD46     		mov	sp, r7
 239              		.cfi_def_cfa_register 13
 240              		@ sp needed
 241 0034 80BD     		pop	{r7, pc}
 242              		.cfi_endproc
 243              	.LFE66:
 244              		.size	ReadBit, .-ReadBit
 245 0036 00BF     		.section	.text.ReadByte,"ax",%progbits
 246              		.align	2
 247              		.global	ReadByte
 248              		.thumb
 249              		.thumb_func
 250              		.type	ReadByte, %function
 251              	ReadByte:
 252              	.LFB67:
  54:OneWire.c     **** 
  55:OneWire.c     **** int ReadByte(){
 253              		.loc 1 55 0
 254              		.cfi_startproc
 255              		@ args = 0, pretend = 0, frame = 8
 256              		@ frame_needed = 1, uses_anonymous_args = 0
 257 0000 80B5     		push	{r7, lr}
 258              		.cfi_def_cfa_offset 8
 259              		.cfi_offset 7, -8
 260              		.cfi_offset 14, -4
 261 0002 82B0     		sub	sp, sp, #8
 262              		.cfi_def_cfa_offset 16
 263 0004 00AF     		add	r7, sp, #0
 264              		.cfi_def_cfa_register 7
  56:OneWire.c     **** 	uint8 IncomingByte = 0, shiftcount = 0;
 265              		.loc 1 56 0
 266 0006 0023     		movs	r3, #0
 267 0008 FB71     		strb	r3, [r7, #7]
 268 000a 0023     		movs	r3, #0
 269 000c BB71     		strb	r3, [r7, #6]
  57:OneWire.c     **** 	for(shiftcount = 0; shiftcount <= 7; shiftcount++){
 270              		.loc 1 57 0
 271 000e 0023     		movs	r3, #0
 272 0010 BB71     		strb	r3, [r7, #6]
 273 0012 0EE0     		b	.L13
 274              	.L15:
  58:OneWire.c     ****         IncomingByte >>= 1;
 275              		.loc 1 58 0
 276 0014 FB79     		ldrb	r3, [r7, #7]	@ zero_extendqisi2
 277 0016 5B08     		lsrs	r3, r3, #1
 278 0018 FB71     		strb	r3, [r7, #7]
  59:OneWire.c     ****         if(ReadBit()){
ARM GAS  C:\Users\z004e6he\AppData\Local\Temp\cczjiDkw.s 			page 7


 279              		.loc 1 59 0
 280 001a FFF7FEFF 		bl	ReadBit
 281 001e 0346     		mov	r3, r0
 282 0020 002B     		cmp	r3, #0
 283 0022 03D0     		beq	.L14
  60:OneWire.c     ****             IncomingByte |= 0x80;
 284              		.loc 1 60 0
 285 0024 FB79     		ldrb	r3, [r7, #7]
 286 0026 63F07F03 		orn	r3, r3, #127
 287 002a FB71     		strb	r3, [r7, #7]
 288              	.L14:
  57:OneWire.c     ****         IncomingByte >>= 1;
 289              		.loc 1 57 0 discriminator 2
 290 002c BB79     		ldrb	r3, [r7, #6]	@ zero_extendqisi2
 291 002e 0133     		adds	r3, r3, #1
 292 0030 BB71     		strb	r3, [r7, #6]
 293              	.L13:
  57:OneWire.c     ****         IncomingByte >>= 1;
 294              		.loc 1 57 0 is_stmt 0 discriminator 1
 295 0032 BB79     		ldrb	r3, [r7, #6]	@ zero_extendqisi2
 296 0034 072B     		cmp	r3, #7
 297 0036 EDD9     		bls	.L15
  61:OneWire.c     ****         }
  62:OneWire.c     ****     }
  63:OneWire.c     ****     return(IncomingByte);
 298              		.loc 1 63 0 is_stmt 1
 299 0038 FB79     		ldrb	r3, [r7, #7]	@ zero_extendqisi2
  64:OneWire.c     **** }
 300              		.loc 1 64 0
 301 003a 1846     		mov	r0, r3
 302 003c 0837     		adds	r7, r7, #8
 303              		.cfi_def_cfa_offset 8
 304 003e BD46     		mov	sp, r7
 305              		.cfi_def_cfa_register 13
 306              		@ sp needed
 307 0040 80BD     		pop	{r7, pc}
 308              		.cfi_endproc
 309              	.LFE67:
 310              		.size	ReadByte, .-ReadByte
 311 0042 00BF     		.section	.text.TouchByte,"ax",%progbits
 312              		.align	2
 313              		.global	TouchByte
 314              		.thumb
 315              		.thumb_func
 316              		.type	TouchByte, %function
 317              	TouchByte:
 318              	.LFB68:
  65:OneWire.c     **** 
  66:OneWire.c     **** int TouchByte(int message){
 319              		.loc 1 66 0
 320              		.cfi_startproc
 321              		@ args = 0, pretend = 0, frame = 16
 322              		@ frame_needed = 1, uses_anonymous_args = 0
 323 0000 80B5     		push	{r7, lr}
 324              		.cfi_def_cfa_offset 8
 325              		.cfi_offset 7, -8
 326              		.cfi_offset 14, -4
ARM GAS  C:\Users\z004e6he\AppData\Local\Temp\cczjiDkw.s 			page 8


 327 0002 84B0     		sub	sp, sp, #16
 328              		.cfi_def_cfa_offset 24
 329 0004 00AF     		add	r7, sp, #0
 330              		.cfi_def_cfa_register 7
 331 0006 7860     		str	r0, [r7, #4]
  67:OneWire.c     ****     uint8 shiftcount, result = 0;
 332              		.loc 1 67 0
 333 0008 0023     		movs	r3, #0
 334 000a BB73     		strb	r3, [r7, #14]
  68:OneWire.c     ****     for(shiftcount = 0; shiftcount <= 7; shiftcount++){
 335              		.loc 1 68 0
 336 000c 0023     		movs	r3, #0
 337 000e FB73     		strb	r3, [r7, #15]
 338 0010 1AE0     		b	.L18
 339              	.L21:
  69:OneWire.c     ****         result >>= 1;
 340              		.loc 1 69 0
 341 0012 BB7B     		ldrb	r3, [r7, #14]	@ zero_extendqisi2
 342 0014 5B08     		lsrs	r3, r3, #1
 343 0016 BB73     		strb	r3, [r7, #14]
  70:OneWire.c     ****         if(message & 0x01){
 344              		.loc 1 70 0
 345 0018 7B68     		ldr	r3, [r7, #4]
 346 001a 03F00103 		and	r3, r3, #1
 347 001e 002B     		cmp	r3, #0
 348 0020 0CD0     		beq	.L19
  71:OneWire.c     ****             if(ReadBit()){
 349              		.loc 1 71 0
 350 0022 FFF7FEFF 		bl	ReadBit
 351 0026 0346     		mov	r3, r0
 352 0028 002B     		cmp	r3, #0
 353 002a 04D0     		beq	.L20
  72:OneWire.c     ****                 result |= 0x80;
 354              		.loc 1 72 0
 355 002c BB7B     		ldrb	r3, [r7, #14]
 356 002e 63F07F03 		orn	r3, r3, #127
 357 0032 BB73     		strb	r3, [r7, #14]
 358 0034 02E0     		b	.L19
 359              	.L20:
  73:OneWire.c     ****             }else{
  74:OneWire.c     ****                 WriteBit(0);
 360              		.loc 1 74 0
 361 0036 0020     		movs	r0, #0
 362 0038 FFF7FEFF 		bl	WriteBit
 363              	.L19:
  75:OneWire.c     ****             }
  76:OneWire.c     ****         }
  77:OneWire.c     ****         message >>= 1;
 364              		.loc 1 77 0 discriminator 2
 365 003c 7B68     		ldr	r3, [r7, #4]
 366 003e 5B10     		asrs	r3, r3, #1
 367 0040 7B60     		str	r3, [r7, #4]
  68:OneWire.c     ****         result >>= 1;
 368              		.loc 1 68 0 discriminator 2
 369 0042 FB7B     		ldrb	r3, [r7, #15]	@ zero_extendqisi2
 370 0044 0133     		adds	r3, r3, #1
 371 0046 FB73     		strb	r3, [r7, #15]
ARM GAS  C:\Users\z004e6he\AppData\Local\Temp\cczjiDkw.s 			page 9


 372              	.L18:
  68:OneWire.c     ****         result >>= 1;
 373              		.loc 1 68 0 is_stmt 0 discriminator 1
 374 0048 FB7B     		ldrb	r3, [r7, #15]	@ zero_extendqisi2
 375 004a 072B     		cmp	r3, #7
 376 004c E1D9     		bls	.L21
  78:OneWire.c     ****     }
  79:OneWire.c     ****     return(result);
 377              		.loc 1 79 0 is_stmt 1
 378 004e BB7B     		ldrb	r3, [r7, #14]	@ zero_extendqisi2
  80:OneWire.c     **** }
 379              		.loc 1 80 0
 380 0050 1846     		mov	r0, r3
 381 0052 1037     		adds	r7, r7, #16
 382              		.cfi_def_cfa_offset 8
 383 0054 BD46     		mov	sp, r7
 384              		.cfi_def_cfa_register 13
 385              		@ sp needed
 386 0056 80BD     		pop	{r7, pc}
 387              		.cfi_endproc
 388              	.LFE68:
 389              		.size	TouchByte, .-TouchByte
 390              		.text
 391              	.Letext0:
 392              		.file 2 "c:\\program files (x86)\\cypress\\psoc creator\\4.4\\psoc creator\\import\\gnu\\arm\\5.4.
 393              		.file 3 "c:\\program files (x86)\\cypress\\psoc creator\\4.4\\psoc creator\\import\\gnu\\arm\\5.4.
 394              		.file 4 "Generated_Source\\PSoC5/cytypes.h"
 395              		.file 5 "Generated_Source\\PSoC5/core_cm3.h"
 396              		.section	.debug_info,"",%progbits
 397              	.Ldebug_info0:
 398 0000 E8010000 		.4byte	0x1e8
 399 0004 0400     		.2byte	0x4
 400 0006 00000000 		.4byte	.Ldebug_abbrev0
 401 000a 04       		.byte	0x4
 402 000b 01       		.uleb128 0x1
 403 000c 08000000 		.4byte	.LASF28
 404 0010 0C       		.byte	0xc
 405 0011 44020000 		.4byte	.LASF29
 406 0015 37010000 		.4byte	.LASF30
 407 0019 00000000 		.4byte	.Ldebug_ranges0+0
 408 001d 00000000 		.4byte	0
 409 0021 00000000 		.4byte	.Ldebug_line0
 410 0025 02       		.uleb128 0x2
 411 0026 01       		.byte	0x1
 412 0027 06       		.byte	0x6
 413 0028 2F020000 		.4byte	.LASF0
 414 002c 02       		.uleb128 0x2
 415 002d 01       		.byte	0x1
 416 002e 08       		.byte	0x8
 417 002f C5000000 		.4byte	.LASF1
 418 0033 02       		.uleb128 0x2
 419 0034 02       		.byte	0x2
 420 0035 05       		.byte	0x5
 421 0036 0A020000 		.4byte	.LASF2
 422 003a 02       		.uleb128 0x2
 423 003b 02       		.byte	0x2
 424 003c 07       		.byte	0x7
ARM GAS  C:\Users\z004e6he\AppData\Local\Temp\cczjiDkw.s 			page 10


 425 003d F1000000 		.4byte	.LASF3
 426 0041 03       		.uleb128 0x3
 427 0042 96000000 		.4byte	.LASF9
 428 0046 02       		.byte	0x2
 429 0047 3F       		.byte	0x3f
 430 0048 4C000000 		.4byte	0x4c
 431 004c 02       		.uleb128 0x2
 432 004d 04       		.byte	0x4
 433 004e 05       		.byte	0x5
 434 004f 1A020000 		.4byte	.LASF4
 435 0053 02       		.uleb128 0x2
 436 0054 04       		.byte	0x4
 437 0055 07       		.byte	0x7
 438 0056 DF000000 		.4byte	.LASF5
 439 005a 02       		.uleb128 0x2
 440 005b 08       		.byte	0x8
 441 005c 05       		.byte	0x5
 442 005d EC010000 		.4byte	.LASF6
 443 0061 02       		.uleb128 0x2
 444 0062 08       		.byte	0x8
 445 0063 07       		.byte	0x7
 446 0064 BD010000 		.4byte	.LASF7
 447 0068 04       		.uleb128 0x4
 448 0069 04       		.byte	0x4
 449 006a 05       		.byte	0x5
 450 006b 696E7400 		.ascii	"int\000"
 451 006f 02       		.uleb128 0x2
 452 0070 04       		.byte	0x4
 453 0071 07       		.byte	0x7
 454 0072 B0010000 		.4byte	.LASF8
 455 0076 03       		.uleb128 0x3
 456 0077 DB010000 		.4byte	.LASF10
 457 007b 03       		.byte	0x3
 458 007c 2C       		.byte	0x2c
 459 007d 41000000 		.4byte	0x41
 460 0081 05       		.uleb128 0x5
 461 0082 14020000 		.4byte	.LASF11
 462 0086 04       		.byte	0x4
 463 0087 E801     		.2byte	0x1e8
 464 0089 2C000000 		.4byte	0x2c
 465 008d 02       		.uleb128 0x2
 466 008e 04       		.byte	0x4
 467 008f 04       		.byte	0x4
 468 0090 B5000000 		.4byte	.LASF12
 469 0094 02       		.uleb128 0x2
 470 0095 08       		.byte	0x8
 471 0096 04       		.byte	0x4
 472 0097 30010000 		.4byte	.LASF13
 473 009b 02       		.uleb128 0x2
 474 009c 01       		.byte	0x1
 475 009d 08       		.byte	0x8
 476 009e FA010000 		.4byte	.LASF14
 477 00a2 02       		.uleb128 0x2
 478 00a3 08       		.byte	0x8
 479 00a4 04       		.byte	0x4
 480 00a5 23020000 		.4byte	.LASF15
 481 00a9 02       		.uleb128 0x2
ARM GAS  C:\Users\z004e6he\AppData\Local\Temp\cczjiDkw.s 			page 11


 482 00aa 04       		.byte	0x4
 483 00ab 07       		.byte	0x7
 484 00ac E3010000 		.4byte	.LASF16
 485 00b0 06       		.uleb128 0x6
 486 00b1 A7010000 		.4byte	.LASF17
 487 00b5 01       		.byte	0x1
 488 00b6 0F       		.byte	0xf
 489 00b7 68000000 		.4byte	0x68
 490 00bb 00000000 		.4byte	.LFB63
 491 00bf 44000000 		.4byte	.LFE63-.LFB63
 492 00c3 01       		.uleb128 0x1
 493 00c4 9C       		.byte	0x9c
 494 00c5 D8000000 		.4byte	0xd8
 495 00c9 07       		.uleb128 0x7
 496 00ca D3000000 		.4byte	.LASF21
 497 00ce 01       		.byte	0x1
 498 00cf 10       		.byte	0x10
 499 00d0 68000000 		.4byte	0x68
 500 00d4 02       		.uleb128 0x2
 501 00d5 91       		.byte	0x91
 502 00d6 74       		.sleb128 -12
 503 00d7 00       		.byte	0
 504 00d8 08       		.uleb128 0x8
 505 00d9 A0000000 		.4byte	.LASF18
 506 00dd 01       		.byte	0x1
 507 00de 1A       		.byte	0x1a
 508 00df 00000000 		.4byte	.LFB64
 509 00e3 42000000 		.4byte	.LFE64-.LFB64
 510 00e7 01       		.uleb128 0x1
 511 00e8 9C       		.byte	0x9c
 512 00e9 FC000000 		.4byte	0xfc
 513 00ed 09       		.uleb128 0x9
 514 00ee 00000000 		.4byte	.LASF20
 515 00f2 01       		.byte	0x1
 516 00f3 1A       		.byte	0x1a
 517 00f4 68000000 		.4byte	0x68
 518 00f8 02       		.uleb128 0x2
 519 00f9 91       		.byte	0x91
 520 00fa 74       		.sleb128 -12
 521 00fb 00       		.byte	0
 522 00fc 08       		.uleb128 0x8
 523 00fd 26010000 		.4byte	.LASF19
 524 0101 01       		.byte	0x1
 525 0102 27       		.byte	0x27
 526 0103 00000000 		.4byte	.LFB65
 527 0107 34000000 		.4byte	.LFE65-.LFB65
 528 010b 01       		.uleb128 0x1
 529 010c 9C       		.byte	0x9c
 530 010d 38010000 		.4byte	0x138
 531 0111 09       		.uleb128 0x9
 532 0112 00000000 		.4byte	.LASF20
 533 0116 01       		.byte	0x1
 534 0117 27       		.byte	0x27
 535 0118 68000000 		.4byte	0x68
 536 011c 02       		.uleb128 0x2
 537 011d 91       		.byte	0x91
 538 011e 6C       		.sleb128 -20
ARM GAS  C:\Users\z004e6he\AppData\Local\Temp\cczjiDkw.s 			page 12


 539 011f 0A       		.uleb128 0xa
 540 0120 08000000 		.4byte	.LBB2
 541 0124 24000000 		.4byte	.LBE2-.LBB2
 542 0128 07       		.uleb128 0x7
 543 0129 FF010000 		.4byte	.LASF22
 544 012d 01       		.byte	0x1
 545 012e 28       		.byte	0x28
 546 012f 81000000 		.4byte	0x81
 547 0133 02       		.uleb128 0x2
 548 0134 91       		.byte	0x91
 549 0135 77       		.sleb128 -9
 550 0136 00       		.byte	0
 551 0137 00       		.byte	0
 552 0138 06       		.uleb128 0x6
 553 0139 1E010000 		.4byte	.LASF23
 554 013d 01       		.byte	0x1
 555 013e 2D       		.byte	0x2d
 556 013f 68000000 		.4byte	0x68
 557 0143 00000000 		.4byte	.LFB66
 558 0147 36000000 		.4byte	.LFE66-.LFB66
 559 014b 01       		.uleb128 0x1
 560 014c 9C       		.byte	0x9c
 561 014d 60010000 		.4byte	0x160
 562 0151 07       		.uleb128 0x7
 563 0152 A9000000 		.4byte	.LASF24
 564 0156 01       		.byte	0x1
 565 0157 32       		.byte	0x32
 566 0158 68000000 		.4byte	0x68
 567 015c 02       		.uleb128 0x2
 568 015d 91       		.byte	0x91
 569 015e 74       		.sleb128 -12
 570 015f 00       		.byte	0
 571 0160 06       		.uleb128 0x6
 572 0161 3B020000 		.4byte	.LASF25
 573 0165 01       		.byte	0x1
 574 0166 37       		.byte	0x37
 575 0167 68000000 		.4byte	0x68
 576 016b 00000000 		.4byte	.LFB67
 577 016f 42000000 		.4byte	.LFE67-.LFB67
 578 0173 01       		.uleb128 0x1
 579 0174 9C       		.byte	0x9c
 580 0175 96010000 		.4byte	0x196
 581 0179 07       		.uleb128 0x7
 582 017a 04010000 		.4byte	.LASF26
 583 017e 01       		.byte	0x1
 584 017f 38       		.byte	0x38
 585 0180 81000000 		.4byte	0x81
 586 0184 02       		.uleb128 0x2
 587 0185 91       		.byte	0x91
 588 0186 77       		.sleb128 -9
 589 0187 07       		.uleb128 0x7
 590 0188 FF010000 		.4byte	.LASF22
 591 018c 01       		.byte	0x1
 592 018d 38       		.byte	0x38
 593 018e 81000000 		.4byte	0x81
 594 0192 02       		.uleb128 0x2
 595 0193 91       		.byte	0x91
ARM GAS  C:\Users\z004e6he\AppData\Local\Temp\cczjiDkw.s 			page 13


 596 0194 76       		.sleb128 -10
 597 0195 00       		.byte	0
 598 0196 0B       		.uleb128 0xb
 599 0197 BB000000 		.4byte	.LASF31
 600 019b 01       		.byte	0x1
 601 019c 42       		.byte	0x42
 602 019d 68000000 		.4byte	0x68
 603 01a1 00000000 		.4byte	.LFB68
 604 01a5 58000000 		.4byte	.LFE68-.LFB68
 605 01a9 01       		.uleb128 0x1
 606 01aa 9C       		.byte	0x9c
 607 01ab DA010000 		.4byte	0x1da
 608 01af 09       		.uleb128 0x9
 609 01b0 00000000 		.4byte	.LASF20
 610 01b4 01       		.byte	0x1
 611 01b5 42       		.byte	0x42
 612 01b6 68000000 		.4byte	0x68
 613 01ba 02       		.uleb128 0x2
 614 01bb 91       		.byte	0x91
 615 01bc 6C       		.sleb128 -20
 616 01bd 07       		.uleb128 0x7
 617 01be FF010000 		.4byte	.LASF22
 618 01c2 01       		.byte	0x1
 619 01c3 43       		.byte	0x43
 620 01c4 81000000 		.4byte	0x81
 621 01c8 02       		.uleb128 0x2
 622 01c9 91       		.byte	0x91
 623 01ca 77       		.sleb128 -9
 624 01cb 07       		.uleb128 0x7
 625 01cc D4010000 		.4byte	.LASF27
 626 01d0 01       		.byte	0x1
 627 01d1 43       		.byte	0x43
 628 01d2 81000000 		.4byte	0x81
 629 01d6 02       		.uleb128 0x2
 630 01d7 91       		.byte	0x91
 631 01d8 76       		.sleb128 -10
 632 01d9 00       		.byte	0
 633 01da 0C       		.uleb128 0xc
 634 01db 11010000 		.4byte	.LASF32
 635 01df 05       		.byte	0x5
 636 01e0 1207     		.2byte	0x712
 637 01e2 E6010000 		.4byte	0x1e6
 638 01e6 0D       		.uleb128 0xd
 639 01e7 76000000 		.4byte	0x76
 640 01eb 00       		.byte	0
 641              		.section	.debug_abbrev,"",%progbits
 642              	.Ldebug_abbrev0:
 643 0000 01       		.uleb128 0x1
 644 0001 11       		.uleb128 0x11
 645 0002 01       		.byte	0x1
 646 0003 25       		.uleb128 0x25
 647 0004 0E       		.uleb128 0xe
 648 0005 13       		.uleb128 0x13
 649 0006 0B       		.uleb128 0xb
 650 0007 03       		.uleb128 0x3
 651 0008 0E       		.uleb128 0xe
 652 0009 1B       		.uleb128 0x1b
ARM GAS  C:\Users\z004e6he\AppData\Local\Temp\cczjiDkw.s 			page 14


 653 000a 0E       		.uleb128 0xe
 654 000b 55       		.uleb128 0x55
 655 000c 17       		.uleb128 0x17
 656 000d 11       		.uleb128 0x11
 657 000e 01       		.uleb128 0x1
 658 000f 10       		.uleb128 0x10
 659 0010 17       		.uleb128 0x17
 660 0011 00       		.byte	0
 661 0012 00       		.byte	0
 662 0013 02       		.uleb128 0x2
 663 0014 24       		.uleb128 0x24
 664 0015 00       		.byte	0
 665 0016 0B       		.uleb128 0xb
 666 0017 0B       		.uleb128 0xb
 667 0018 3E       		.uleb128 0x3e
 668 0019 0B       		.uleb128 0xb
 669 001a 03       		.uleb128 0x3
 670 001b 0E       		.uleb128 0xe
 671 001c 00       		.byte	0
 672 001d 00       		.byte	0
 673 001e 03       		.uleb128 0x3
 674 001f 16       		.uleb128 0x16
 675 0020 00       		.byte	0
 676 0021 03       		.uleb128 0x3
 677 0022 0E       		.uleb128 0xe
 678 0023 3A       		.uleb128 0x3a
 679 0024 0B       		.uleb128 0xb
 680 0025 3B       		.uleb128 0x3b
 681 0026 0B       		.uleb128 0xb
 682 0027 49       		.uleb128 0x49
 683 0028 13       		.uleb128 0x13
 684 0029 00       		.byte	0
 685 002a 00       		.byte	0
 686 002b 04       		.uleb128 0x4
 687 002c 24       		.uleb128 0x24
 688 002d 00       		.byte	0
 689 002e 0B       		.uleb128 0xb
 690 002f 0B       		.uleb128 0xb
 691 0030 3E       		.uleb128 0x3e
 692 0031 0B       		.uleb128 0xb
 693 0032 03       		.uleb128 0x3
 694 0033 08       		.uleb128 0x8
 695 0034 00       		.byte	0
 696 0035 00       		.byte	0
 697 0036 05       		.uleb128 0x5
 698 0037 16       		.uleb128 0x16
 699 0038 00       		.byte	0
 700 0039 03       		.uleb128 0x3
 701 003a 0E       		.uleb128 0xe
 702 003b 3A       		.uleb128 0x3a
 703 003c 0B       		.uleb128 0xb
 704 003d 3B       		.uleb128 0x3b
 705 003e 05       		.uleb128 0x5
 706 003f 49       		.uleb128 0x49
 707 0040 13       		.uleb128 0x13
 708 0041 00       		.byte	0
 709 0042 00       		.byte	0
ARM GAS  C:\Users\z004e6he\AppData\Local\Temp\cczjiDkw.s 			page 15


 710 0043 06       		.uleb128 0x6
 711 0044 2E       		.uleb128 0x2e
 712 0045 01       		.byte	0x1
 713 0046 3F       		.uleb128 0x3f
 714 0047 19       		.uleb128 0x19
 715 0048 03       		.uleb128 0x3
 716 0049 0E       		.uleb128 0xe
 717 004a 3A       		.uleb128 0x3a
 718 004b 0B       		.uleb128 0xb
 719 004c 3B       		.uleb128 0x3b
 720 004d 0B       		.uleb128 0xb
 721 004e 49       		.uleb128 0x49
 722 004f 13       		.uleb128 0x13
 723 0050 11       		.uleb128 0x11
 724 0051 01       		.uleb128 0x1
 725 0052 12       		.uleb128 0x12
 726 0053 06       		.uleb128 0x6
 727 0054 40       		.uleb128 0x40
 728 0055 18       		.uleb128 0x18
 729 0056 9642     		.uleb128 0x2116
 730 0058 19       		.uleb128 0x19
 731 0059 01       		.uleb128 0x1
 732 005a 13       		.uleb128 0x13
 733 005b 00       		.byte	0
 734 005c 00       		.byte	0
 735 005d 07       		.uleb128 0x7
 736 005e 34       		.uleb128 0x34
 737 005f 00       		.byte	0
 738 0060 03       		.uleb128 0x3
 739 0061 0E       		.uleb128 0xe
 740 0062 3A       		.uleb128 0x3a
 741 0063 0B       		.uleb128 0xb
 742 0064 3B       		.uleb128 0x3b
 743 0065 0B       		.uleb128 0xb
 744 0066 49       		.uleb128 0x49
 745 0067 13       		.uleb128 0x13
 746 0068 02       		.uleb128 0x2
 747 0069 18       		.uleb128 0x18
 748 006a 00       		.byte	0
 749 006b 00       		.byte	0
 750 006c 08       		.uleb128 0x8
 751 006d 2E       		.uleb128 0x2e
 752 006e 01       		.byte	0x1
 753 006f 3F       		.uleb128 0x3f
 754 0070 19       		.uleb128 0x19
 755 0071 03       		.uleb128 0x3
 756 0072 0E       		.uleb128 0xe
 757 0073 3A       		.uleb128 0x3a
 758 0074 0B       		.uleb128 0xb
 759 0075 3B       		.uleb128 0x3b
 760 0076 0B       		.uleb128 0xb
 761 0077 27       		.uleb128 0x27
 762 0078 19       		.uleb128 0x19
 763 0079 11       		.uleb128 0x11
 764 007a 01       		.uleb128 0x1
 765 007b 12       		.uleb128 0x12
 766 007c 06       		.uleb128 0x6
ARM GAS  C:\Users\z004e6he\AppData\Local\Temp\cczjiDkw.s 			page 16


 767 007d 40       		.uleb128 0x40
 768 007e 18       		.uleb128 0x18
 769 007f 9642     		.uleb128 0x2116
 770 0081 19       		.uleb128 0x19
 771 0082 01       		.uleb128 0x1
 772 0083 13       		.uleb128 0x13
 773 0084 00       		.byte	0
 774 0085 00       		.byte	0
 775 0086 09       		.uleb128 0x9
 776 0087 05       		.uleb128 0x5
 777 0088 00       		.byte	0
 778 0089 03       		.uleb128 0x3
 779 008a 0E       		.uleb128 0xe
 780 008b 3A       		.uleb128 0x3a
 781 008c 0B       		.uleb128 0xb
 782 008d 3B       		.uleb128 0x3b
 783 008e 0B       		.uleb128 0xb
 784 008f 49       		.uleb128 0x49
 785 0090 13       		.uleb128 0x13
 786 0091 02       		.uleb128 0x2
 787 0092 18       		.uleb128 0x18
 788 0093 00       		.byte	0
 789 0094 00       		.byte	0
 790 0095 0A       		.uleb128 0xa
 791 0096 0B       		.uleb128 0xb
 792 0097 01       		.byte	0x1
 793 0098 11       		.uleb128 0x11
 794 0099 01       		.uleb128 0x1
 795 009a 12       		.uleb128 0x12
 796 009b 06       		.uleb128 0x6
 797 009c 00       		.byte	0
 798 009d 00       		.byte	0
 799 009e 0B       		.uleb128 0xb
 800 009f 2E       		.uleb128 0x2e
 801 00a0 01       		.byte	0x1
 802 00a1 3F       		.uleb128 0x3f
 803 00a2 19       		.uleb128 0x19
 804 00a3 03       		.uleb128 0x3
 805 00a4 0E       		.uleb128 0xe
 806 00a5 3A       		.uleb128 0x3a
 807 00a6 0B       		.uleb128 0xb
 808 00a7 3B       		.uleb128 0x3b
 809 00a8 0B       		.uleb128 0xb
 810 00a9 27       		.uleb128 0x27
 811 00aa 19       		.uleb128 0x19
 812 00ab 49       		.uleb128 0x49
 813 00ac 13       		.uleb128 0x13
 814 00ad 11       		.uleb128 0x11
 815 00ae 01       		.uleb128 0x1
 816 00af 12       		.uleb128 0x12
 817 00b0 06       		.uleb128 0x6
 818 00b1 40       		.uleb128 0x40
 819 00b2 18       		.uleb128 0x18
 820 00b3 9642     		.uleb128 0x2116
 821 00b5 19       		.uleb128 0x19
 822 00b6 01       		.uleb128 0x1
 823 00b7 13       		.uleb128 0x13
ARM GAS  C:\Users\z004e6he\AppData\Local\Temp\cczjiDkw.s 			page 17


 824 00b8 00       		.byte	0
 825 00b9 00       		.byte	0
 826 00ba 0C       		.uleb128 0xc
 827 00bb 34       		.uleb128 0x34
 828 00bc 00       		.byte	0
 829 00bd 03       		.uleb128 0x3
 830 00be 0E       		.uleb128 0xe
 831 00bf 3A       		.uleb128 0x3a
 832 00c0 0B       		.uleb128 0xb
 833 00c1 3B       		.uleb128 0x3b
 834 00c2 05       		.uleb128 0x5
 835 00c3 49       		.uleb128 0x49
 836 00c4 13       		.uleb128 0x13
 837 00c5 3F       		.uleb128 0x3f
 838 00c6 19       		.uleb128 0x19
 839 00c7 3C       		.uleb128 0x3c
 840 00c8 19       		.uleb128 0x19
 841 00c9 00       		.byte	0
 842 00ca 00       		.byte	0
 843 00cb 0D       		.uleb128 0xd
 844 00cc 35       		.uleb128 0x35
 845 00cd 00       		.byte	0
 846 00ce 49       		.uleb128 0x49
 847 00cf 13       		.uleb128 0x13
 848 00d0 00       		.byte	0
 849 00d1 00       		.byte	0
 850 00d2 00       		.byte	0
 851              		.section	.debug_aranges,"",%progbits
 852 0000 44000000 		.4byte	0x44
 853 0004 0200     		.2byte	0x2
 854 0006 00000000 		.4byte	.Ldebug_info0
 855 000a 04       		.byte	0x4
 856 000b 00       		.byte	0
 857 000c 0000     		.2byte	0
 858 000e 0000     		.2byte	0
 859 0010 00000000 		.4byte	.LFB63
 860 0014 44000000 		.4byte	.LFE63-.LFB63
 861 0018 00000000 		.4byte	.LFB64
 862 001c 42000000 		.4byte	.LFE64-.LFB64
 863 0020 00000000 		.4byte	.LFB65
 864 0024 34000000 		.4byte	.LFE65-.LFB65
 865 0028 00000000 		.4byte	.LFB66
 866 002c 36000000 		.4byte	.LFE66-.LFB66
 867 0030 00000000 		.4byte	.LFB67
 868 0034 42000000 		.4byte	.LFE67-.LFB67
 869 0038 00000000 		.4byte	.LFB68
 870 003c 58000000 		.4byte	.LFE68-.LFB68
 871 0040 00000000 		.4byte	0
 872 0044 00000000 		.4byte	0
 873              		.section	.debug_ranges,"",%progbits
 874              	.Ldebug_ranges0:
 875 0000 00000000 		.4byte	.LFB63
 876 0004 44000000 		.4byte	.LFE63
 877 0008 00000000 		.4byte	.LFB64
 878 000c 42000000 		.4byte	.LFE64
 879 0010 00000000 		.4byte	.LFB65
 880 0014 34000000 		.4byte	.LFE65
ARM GAS  C:\Users\z004e6he\AppData\Local\Temp\cczjiDkw.s 			page 18


 881 0018 00000000 		.4byte	.LFB66
 882 001c 36000000 		.4byte	.LFE66
 883 0020 00000000 		.4byte	.LFB67
 884 0024 42000000 		.4byte	.LFE67
 885 0028 00000000 		.4byte	.LFB68
 886 002c 58000000 		.4byte	.LFE68
 887 0030 00000000 		.4byte	0
 888 0034 00000000 		.4byte	0
 889              		.section	.debug_line,"",%progbits
 890              	.Ldebug_line0:
 891 0000 0F020000 		.section	.debug_str,"MS",%progbits,1
 891      02004F01 
 891      00000201 
 891      FB0E0D00 
 891      01010101 
 892              	.LASF20:
 893 0000 6D657373 		.ascii	"message\000"
 893      61676500 
 894              	.LASF28:
 895 0008 474E5520 		.ascii	"GNU C11 5.4.1 20160609 (release) [ARM/embedded-5-br"
 895      43313120 
 895      352E342E 
 895      31203230 
 895      31363036 
 896 003b 616E6368 		.ascii	"anch revision 237715] -mcpu=cortex-m3 -mthumb -g -O"
 896      20726576 
 896      6973696F 
 896      6E203233 
 896      37373135 
 897 006e 30202D66 		.ascii	"0 -ffunction-sections -ffat-lto-objects\000"
 897      66756E63 
 897      74696F6E 
 897      2D736563 
 897      74696F6E 
 898              	.LASF9:
 899 0096 5F5F696E 		.ascii	"__int32_t\000"
 899      7433325F 
 899      7400
 900              	.LASF18:
 901 00a0 57726974 		.ascii	"WriteBit\000"
 901      65426974 
 901      00
 902              	.LASF24:
 903 00a9 72657375 		.ascii	"resultValue\000"
 903      6C745661 
 903      6C756500 
 904              	.LASF12:
 905 00b5 666C6F61 		.ascii	"float\000"
 905      7400
 906              	.LASF31:
 907 00bb 546F7563 		.ascii	"TouchByte\000"
 907      68427974 
 907      6500
 908              	.LASF1:
 909 00c5 756E7369 		.ascii	"unsigned char\000"
 909      676E6564 
 909      20636861 
ARM GAS  C:\Users\z004e6he\AppData\Local\Temp\cczjiDkw.s 			page 19


 909      7200
 910              	.LASF21:
 911 00d3 72657475 		.ascii	"returnValue\000"
 911      726E5661 
 911      6C756500 
 912              	.LASF5:
 913 00df 6C6F6E67 		.ascii	"long unsigned int\000"
 913      20756E73 
 913      69676E65 
 913      6420696E 
 913      7400
 914              	.LASF3:
 915 00f1 73686F72 		.ascii	"short unsigned int\000"
 915      7420756E 
 915      7369676E 
 915      65642069 
 915      6E7400
 916              	.LASF26:
 917 0104 496E636F 		.ascii	"IncomingByte\000"
 917      6D696E67 
 917      42797465 
 917      00
 918              	.LASF32:
 919 0111 49544D5F 		.ascii	"ITM_RxBuffer\000"
 919      52784275 
 919      66666572 
 919      00
 920              	.LASF23:
 921 011e 52656164 		.ascii	"ReadBit\000"
 921      42697400 
 922              	.LASF19:
 923 0126 57726974 		.ascii	"WriteByte\000"
 923      65427974 
 923      6500
 924              	.LASF13:
 925 0130 646F7562 		.ascii	"double\000"
 925      6C6500
 926              	.LASF30:
 927 0137 433A5C55 		.ascii	"C:\\UserData\\z004e6he\\OneDrive - Siemens AG\\Docu"
 927      73657244 
 927      6174615C 
 927      7A303034 
 927      65366865 
 928 0166 6D656E74 		.ascii	"ments\\PSoC Creator\\PSoC\\Exercise5\\LucaSpenglerP"
 928      735C5053 
 928      6F432043 
 928      72656174 
 928      6F725C50 
 929 0195 536F4335 		.ascii	"SoC5OneWire.cydsn\000"
 929      4F6E6557 
 929      6972652E 
 929      63796473 
 929      6E00
 930              	.LASF17:
 931 01a7 52657365 		.ascii	"ResetBus\000"
 931      74427573 
 931      00
ARM GAS  C:\Users\z004e6he\AppData\Local\Temp\cczjiDkw.s 			page 20


 932              	.LASF8:
 933 01b0 756E7369 		.ascii	"unsigned int\000"
 933      676E6564 
 933      20696E74 
 933      00
 934              	.LASF7:
 935 01bd 6C6F6E67 		.ascii	"long long unsigned int\000"
 935      206C6F6E 
 935      6720756E 
 935      7369676E 
 935      65642069 
 936              	.LASF27:
 937 01d4 72657375 		.ascii	"result\000"
 937      6C7400
 938              	.LASF10:
 939 01db 696E7433 		.ascii	"int32_t\000"
 939      325F7400 
 940              	.LASF16:
 941 01e3 73697A65 		.ascii	"sizetype\000"
 941      74797065 
 941      00
 942              	.LASF6:
 943 01ec 6C6F6E67 		.ascii	"long long int\000"
 943      206C6F6E 
 943      6720696E 
 943      7400
 944              	.LASF14:
 945 01fa 63686172 		.ascii	"char\000"
 945      00
 946              	.LASF22:
 947 01ff 73686966 		.ascii	"shiftcount\000"
 947      74636F75 
 947      6E7400
 948              	.LASF2:
 949 020a 73686F72 		.ascii	"short int\000"
 949      7420696E 
 949      7400
 950              	.LASF11:
 951 0214 75696E74 		.ascii	"uint8\000"
 951      3800
 952              	.LASF4:
 953 021a 6C6F6E67 		.ascii	"long int\000"
 953      20696E74 
 953      00
 954              	.LASF15:
 955 0223 6C6F6E67 		.ascii	"long double\000"
 955      20646F75 
 955      626C6500 
 956              	.LASF0:
 957 022f 7369676E 		.ascii	"signed char\000"
 957      65642063 
 957      68617200 
 958              	.LASF25:
 959 023b 52656164 		.ascii	"ReadByte\000"
 959      42797465 
 959      00
 960              	.LASF29:
ARM GAS  C:\Users\z004e6he\AppData\Local\Temp\cczjiDkw.s 			page 21


 961 0244 4F6E6557 		.ascii	"OneWire.c\000"
 961      6972652E 
 961      6300
 962              		.ident	"GCC: (GNU Tools for ARM Embedded Processors) 5.4.1 20160609 (release) [ARM/embedded-5-bran
