ARM GAS  C:\Users\z004e6he\AppData\Local\Temp\ccsqMnS9.s 			page 1


   1              		.syntax unified
   2              		.cpu cortex-m3
   3              		.fpu softvfp
   4              		.eabi_attribute 20, 1
   5              		.eabi_attribute 21, 1
   6              		.eabi_attribute 23, 3
   7              		.eabi_attribute 24, 1
   8              		.eabi_attribute 25, 1
   9              		.eabi_attribute 26, 1
  10              		.eabi_attribute 30, 1
  11              		.eabi_attribute 34, 1
  12              		.eabi_attribute 18, 4
  13              		.thumb
  14              		.syntax unified
  15              		.file	"cyfitter_cfg.c"
  16              		.text
  17              	.Ltext0:
  18              		.cfi_sections	.debug_frame
  19              		.section	.text.CyClockStartupError,"ax",%progbits
  20              		.align	2
  21              		.thumb
  22              		.thumb_func
  23              		.type	CyClockStartupError, %function
  24              	CyClockStartupError:
  25              	.LFB3:
  26              		.file 1 "Generated_Source\\PSoC5\\cyfitter_cfg.c"
   1:Generated_Source\PSoC5/cyfitter_cfg.c **** 
   2:Generated_Source\PSoC5/cyfitter_cfg.c **** /*******************************************************************************
   3:Generated_Source\PSoC5/cyfitter_cfg.c **** * File Name: cyfitter_cfg.c
   4:Generated_Source\PSoC5/cyfitter_cfg.c **** * 
   5:Generated_Source\PSoC5/cyfitter_cfg.c **** * PSoC Creator  4.4
   6:Generated_Source\PSoC5/cyfitter_cfg.c **** *
   7:Generated_Source\PSoC5/cyfitter_cfg.c **** * Description:
   8:Generated_Source\PSoC5/cyfitter_cfg.c **** * This file contains device initialization code.
   9:Generated_Source\PSoC5/cyfitter_cfg.c **** * Except for the user defined sections in CyClockStartupError(), this file should not be modified.
  10:Generated_Source\PSoC5/cyfitter_cfg.c **** * This file is automatically generated by PSoC Creator.
  11:Generated_Source\PSoC5/cyfitter_cfg.c **** *
  12:Generated_Source\PSoC5/cyfitter_cfg.c **** ********************************************************************************
  13:Generated_Source\PSoC5/cyfitter_cfg.c **** * Copyright (c) 2007-2020 Cypress Semiconductor.  All rights reserved.
  14:Generated_Source\PSoC5/cyfitter_cfg.c **** * You may use this file only in accordance with the license, terms, conditions, 
  15:Generated_Source\PSoC5/cyfitter_cfg.c **** * disclaimers, and limitations in the end user license agreement accompanying 
  16:Generated_Source\PSoC5/cyfitter_cfg.c **** * the software package with which this file was provided.
  17:Generated_Source\PSoC5/cyfitter_cfg.c **** ********************************************************************************/
  18:Generated_Source\PSoC5/cyfitter_cfg.c **** 
  19:Generated_Source\PSoC5/cyfitter_cfg.c **** #include <string.h>
  20:Generated_Source\PSoC5/cyfitter_cfg.c **** #include "cytypes.h"
  21:Generated_Source\PSoC5/cyfitter_cfg.c **** #include "cydevice_trm.h"
  22:Generated_Source\PSoC5/cyfitter_cfg.c **** #include "cyfitter.h"
  23:Generated_Source\PSoC5/cyfitter_cfg.c **** #include "CyLib.h"
  24:Generated_Source\PSoC5/cyfitter_cfg.c **** #include "cyfitter_cfg.h"
  25:Generated_Source\PSoC5/cyfitter_cfg.c **** #include "cyapicallbacks.h"
  26:Generated_Source\PSoC5/cyfitter_cfg.c **** 
  27:Generated_Source\PSoC5/cyfitter_cfg.c **** #define CY_NEED_CYCLOCKSTARTUPERROR 1
  28:Generated_Source\PSoC5/cyfitter_cfg.c **** 
  29:Generated_Source\PSoC5/cyfitter_cfg.c **** 
  30:Generated_Source\PSoC5/cyfitter_cfg.c **** #if defined(__GNUC__) || defined(__ARMCC_VERSION)
  31:Generated_Source\PSoC5/cyfitter_cfg.c ****     #define CYPACKED 
ARM GAS  C:\Users\z004e6he\AppData\Local\Temp\ccsqMnS9.s 			page 2


  32:Generated_Source\PSoC5/cyfitter_cfg.c ****     #define CYPACKED_ATTR __attribute__ ((packed))
  33:Generated_Source\PSoC5/cyfitter_cfg.c ****     #define CYALIGNED __attribute__ ((aligned))
  34:Generated_Source\PSoC5/cyfitter_cfg.c ****     #define CY_CFG_UNUSED __attribute__ ((unused))
  35:Generated_Source\PSoC5/cyfitter_cfg.c ****     #ifndef CY_CFG_SECTION
  36:Generated_Source\PSoC5/cyfitter_cfg.c ****         #define CY_CFG_SECTION __attribute__ ((section(".psocinit")))
  37:Generated_Source\PSoC5/cyfitter_cfg.c ****     #endif
  38:Generated_Source\PSoC5/cyfitter_cfg.c ****     
  39:Generated_Source\PSoC5/cyfitter_cfg.c ****     #if defined(__ARMCC_VERSION)
  40:Generated_Source\PSoC5/cyfitter_cfg.c ****         #define CY_CFG_MEMORY_BARRIER() __memory_changed()
  41:Generated_Source\PSoC5/cyfitter_cfg.c ****     #else
  42:Generated_Source\PSoC5/cyfitter_cfg.c ****         #define CY_CFG_MEMORY_BARRIER() __sync_synchronize()
  43:Generated_Source\PSoC5/cyfitter_cfg.c ****     #endif
  44:Generated_Source\PSoC5/cyfitter_cfg.c ****     
  45:Generated_Source\PSoC5/cyfitter_cfg.c **** #elif defined(__ICCARM__)
  46:Generated_Source\PSoC5/cyfitter_cfg.c ****     #include <intrinsics.h>
  47:Generated_Source\PSoC5/cyfitter_cfg.c **** 
  48:Generated_Source\PSoC5/cyfitter_cfg.c ****     #define CYPACKED __packed
  49:Generated_Source\PSoC5/cyfitter_cfg.c ****     #define CYPACKED_ATTR 
  50:Generated_Source\PSoC5/cyfitter_cfg.c ****     #define CYALIGNED _Pragma("data_alignment=4")
  51:Generated_Source\PSoC5/cyfitter_cfg.c ****     #define CY_CFG_UNUSED _Pragma("diag_suppress=Pe177")
  52:Generated_Source\PSoC5/cyfitter_cfg.c ****     #define CY_CFG_SECTION _Pragma("location=\".psocinit\"")
  53:Generated_Source\PSoC5/cyfitter_cfg.c ****     
  54:Generated_Source\PSoC5/cyfitter_cfg.c ****     #define CY_CFG_MEMORY_BARRIER() __DMB()
  55:Generated_Source\PSoC5/cyfitter_cfg.c ****     
  56:Generated_Source\PSoC5/cyfitter_cfg.c **** #else
  57:Generated_Source\PSoC5/cyfitter_cfg.c ****     #error Unsupported toolchain
  58:Generated_Source\PSoC5/cyfitter_cfg.c **** #endif
  59:Generated_Source\PSoC5/cyfitter_cfg.c **** 
  60:Generated_Source\PSoC5/cyfitter_cfg.c **** #ifndef CYCODE
  61:Generated_Source\PSoC5/cyfitter_cfg.c ****     #define CYCODE
  62:Generated_Source\PSoC5/cyfitter_cfg.c **** #endif
  63:Generated_Source\PSoC5/cyfitter_cfg.c **** #ifndef CYDATA
  64:Generated_Source\PSoC5/cyfitter_cfg.c ****     #define CYDATA
  65:Generated_Source\PSoC5/cyfitter_cfg.c **** #endif
  66:Generated_Source\PSoC5/cyfitter_cfg.c **** #ifndef CYFAR
  67:Generated_Source\PSoC5/cyfitter_cfg.c ****     #define CYFAR
  68:Generated_Source\PSoC5/cyfitter_cfg.c **** #endif
  69:Generated_Source\PSoC5/cyfitter_cfg.c **** #ifndef CYXDATA
  70:Generated_Source\PSoC5/cyfitter_cfg.c ****     #define CYXDATA
  71:Generated_Source\PSoC5/cyfitter_cfg.c **** #endif
  72:Generated_Source\PSoC5/cyfitter_cfg.c **** 
  73:Generated_Source\PSoC5/cyfitter_cfg.c **** 
  74:Generated_Source\PSoC5/cyfitter_cfg.c **** CY_CFG_UNUSED
  75:Generated_Source\PSoC5/cyfitter_cfg.c **** static void CYMEMZERO(void *s, size_t n);
  76:Generated_Source\PSoC5/cyfitter_cfg.c **** CY_CFG_UNUSED
  77:Generated_Source\PSoC5/cyfitter_cfg.c **** static void CYMEMZERO(void *s, size_t n)
  78:Generated_Source\PSoC5/cyfitter_cfg.c **** {
  79:Generated_Source\PSoC5/cyfitter_cfg.c **** 	(void)memset(s, 0, n);
  80:Generated_Source\PSoC5/cyfitter_cfg.c **** }
  81:Generated_Source\PSoC5/cyfitter_cfg.c **** CY_CFG_UNUSED
  82:Generated_Source\PSoC5/cyfitter_cfg.c **** static void CYCONFIGCPY(void *dest, const void *src, size_t n);
  83:Generated_Source\PSoC5/cyfitter_cfg.c **** CY_CFG_UNUSED
  84:Generated_Source\PSoC5/cyfitter_cfg.c **** static void CYCONFIGCPY(void *dest, const void *src, size_t n)
  85:Generated_Source\PSoC5/cyfitter_cfg.c **** {
  86:Generated_Source\PSoC5/cyfitter_cfg.c **** 	(void)memcpy(dest, src, n);
  87:Generated_Source\PSoC5/cyfitter_cfg.c **** }
  88:Generated_Source\PSoC5/cyfitter_cfg.c **** CY_CFG_UNUSED
ARM GAS  C:\Users\z004e6he\AppData\Local\Temp\ccsqMnS9.s 			page 3


  89:Generated_Source\PSoC5/cyfitter_cfg.c **** static void CYCONFIGCPYCODE(void *dest, const void *src, size_t n);
  90:Generated_Source\PSoC5/cyfitter_cfg.c **** CY_CFG_UNUSED
  91:Generated_Source\PSoC5/cyfitter_cfg.c **** static void CYCONFIGCPYCODE(void *dest, const void *src, size_t n)
  92:Generated_Source\PSoC5/cyfitter_cfg.c **** {
  93:Generated_Source\PSoC5/cyfitter_cfg.c **** 	(void)memcpy(dest, src, n);
  94:Generated_Source\PSoC5/cyfitter_cfg.c **** }
  95:Generated_Source\PSoC5/cyfitter_cfg.c **** 
  96:Generated_Source\PSoC5/cyfitter_cfg.c **** 
  97:Generated_Source\PSoC5/cyfitter_cfg.c **** 
  98:Generated_Source\PSoC5/cyfitter_cfg.c **** 
  99:Generated_Source\PSoC5/cyfitter_cfg.c **** /* Clock startup error codes                                                   */
 100:Generated_Source\PSoC5/cyfitter_cfg.c **** #define CYCLOCKSTART_NO_ERROR    0u
 101:Generated_Source\PSoC5/cyfitter_cfg.c **** #define CYCLOCKSTART_XTAL_ERROR  1u
 102:Generated_Source\PSoC5/cyfitter_cfg.c **** #define CYCLOCKSTART_32KHZ_ERROR 2u
 103:Generated_Source\PSoC5/cyfitter_cfg.c **** #define CYCLOCKSTART_PLL_ERROR   3u
 104:Generated_Source\PSoC5/cyfitter_cfg.c **** #define CYCLOCKSTART_FLL_ERROR   4u
 105:Generated_Source\PSoC5/cyfitter_cfg.c **** #define CYCLOCKSTART_WCO_ERROR   5u
 106:Generated_Source\PSoC5/cyfitter_cfg.c **** 
 107:Generated_Source\PSoC5/cyfitter_cfg.c **** 
 108:Generated_Source\PSoC5/cyfitter_cfg.c **** #ifdef CY_NEED_CYCLOCKSTARTUPERROR
 109:Generated_Source\PSoC5/cyfitter_cfg.c **** /*******************************************************************************
 110:Generated_Source\PSoC5/cyfitter_cfg.c **** * Function Name: CyClockStartupError
 111:Generated_Source\PSoC5/cyfitter_cfg.c **** ********************************************************************************
 112:Generated_Source\PSoC5/cyfitter_cfg.c **** * Summary:
 113:Generated_Source\PSoC5/cyfitter_cfg.c **** *  If an error is encountered during clock configuration (crystal startup error,
 114:Generated_Source\PSoC5/cyfitter_cfg.c **** *  PLL lock error, etc.), the system will end up here.  Unless reimplemented by
 115:Generated_Source\PSoC5/cyfitter_cfg.c **** *  the customer, this function will stop in an infinite loop.
 116:Generated_Source\PSoC5/cyfitter_cfg.c **** *
 117:Generated_Source\PSoC5/cyfitter_cfg.c **** * Parameters:
 118:Generated_Source\PSoC5/cyfitter_cfg.c **** *   void
 119:Generated_Source\PSoC5/cyfitter_cfg.c **** *
 120:Generated_Source\PSoC5/cyfitter_cfg.c **** * Return:
 121:Generated_Source\PSoC5/cyfitter_cfg.c **** *   void
 122:Generated_Source\PSoC5/cyfitter_cfg.c **** *
 123:Generated_Source\PSoC5/cyfitter_cfg.c **** *******************************************************************************/
 124:Generated_Source\PSoC5/cyfitter_cfg.c **** CY_CFG_UNUSED
 125:Generated_Source\PSoC5/cyfitter_cfg.c **** static void CyClockStartupError(uint8 errorCode);
 126:Generated_Source\PSoC5/cyfitter_cfg.c **** CY_CFG_UNUSED
 127:Generated_Source\PSoC5/cyfitter_cfg.c **** static void CyClockStartupError(uint8 errorCode)
 128:Generated_Source\PSoC5/cyfitter_cfg.c **** {
  27              		.loc 1 128 0
  28              		.cfi_startproc
  29              		@ Volatile: function does not return.
  30              		@ args = 0, pretend = 0, frame = 0
  31              		@ frame_needed = 0, uses_anonymous_args = 0
  32              		@ link register save eliminated.
  33              	.LVL0:
  34              	.L2:
  35 0000 FEE7     		b	.L2
  36              		.cfi_endproc
  37              	.LFE3:
  38              		.size	CyClockStartupError, .-CyClockStartupError
  39 0002 00BF     		.section	.text.AnalogSetDefault,"ax",%progbits
  40              		.align	2
  41              		.thumb
  42              		.thumb_func
  43              		.type	AnalogSetDefault, %function
ARM GAS  C:\Users\z004e6he\AppData\Local\Temp\ccsqMnS9.s 			page 4


  44              	AnalogSetDefault:
  45              	.LFB5:
 129:Generated_Source\PSoC5/cyfitter_cfg.c ****     /* To remove the compiler warning if errorCode not used.                */
 130:Generated_Source\PSoC5/cyfitter_cfg.c ****     errorCode = errorCode;
 131:Generated_Source\PSoC5/cyfitter_cfg.c **** 
 132:Generated_Source\PSoC5/cyfitter_cfg.c ****     /* If we have a clock startup error (bad MHz crystal, PLL lock, etc.),  */
 133:Generated_Source\PSoC5/cyfitter_cfg.c ****     /* we will end up here to allow the customer to implement something to  */
 134:Generated_Source\PSoC5/cyfitter_cfg.c ****     /* deal with the clock condition.                                       */
 135:Generated_Source\PSoC5/cyfitter_cfg.c **** 
 136:Generated_Source\PSoC5/cyfitter_cfg.c **** #ifdef CY_CFG_CLOCK_STARTUP_ERROR_CALLBACK
 137:Generated_Source\PSoC5/cyfitter_cfg.c ****     CY_CFG_Clock_Startup_ErrorCallback();
 138:Generated_Source\PSoC5/cyfitter_cfg.c **** #else
 139:Generated_Source\PSoC5/cyfitter_cfg.c ****     /*  If not using CY_CFG_CLOCK_STARTUP_ERROR_CALLBACK, place your clock startup code here. */
 140:Generated_Source\PSoC5/cyfitter_cfg.c ****     /* `#START CyClockStartupError` */
 141:Generated_Source\PSoC5/cyfitter_cfg.c **** 
 142:Generated_Source\PSoC5/cyfitter_cfg.c **** 
 143:Generated_Source\PSoC5/cyfitter_cfg.c **** 
 144:Generated_Source\PSoC5/cyfitter_cfg.c ****     /* `#END` */
 145:Generated_Source\PSoC5/cyfitter_cfg.c **** 
 146:Generated_Source\PSoC5/cyfitter_cfg.c ****     while(1) {}
 147:Generated_Source\PSoC5/cyfitter_cfg.c **** #endif /* CY_CFG_CLOCK_STARTUP_ERROR_CALLBACK */
 148:Generated_Source\PSoC5/cyfitter_cfg.c **** }
 149:Generated_Source\PSoC5/cyfitter_cfg.c **** #endif
 150:Generated_Source\PSoC5/cyfitter_cfg.c **** 
 151:Generated_Source\PSoC5/cyfitter_cfg.c **** /* IOPINS0_0 Address: CYREG_PRT0_DM0 Size (bytes): 8 */
 152:Generated_Source\PSoC5/cyfitter_cfg.c **** #define BS_IOPINS0_0_VAL ((const uint8 CYFAR *)0x48000000u)
 153:Generated_Source\PSoC5/cyfitter_cfg.c **** 
 154:Generated_Source\PSoC5/cyfitter_cfg.c **** /* IOPINS0_1 Address: CYREG_PRT1_DM0 Size (bytes): 8 */
 155:Generated_Source\PSoC5/cyfitter_cfg.c **** #define BS_IOPINS0_1_VAL ((const uint8 CYFAR *)0x48000008u)
 156:Generated_Source\PSoC5/cyfitter_cfg.c **** 
 157:Generated_Source\PSoC5/cyfitter_cfg.c **** /* IOPINS0_3 Address: CYREG_PRT3_DM0 Size (bytes): 8 */
 158:Generated_Source\PSoC5/cyfitter_cfg.c **** #define BS_IOPINS0_3_VAL ((const uint8 CYFAR *)0x48000010u)
 159:Generated_Source\PSoC5/cyfitter_cfg.c **** 
 160:Generated_Source\PSoC5/cyfitter_cfg.c **** 
 161:Generated_Source\PSoC5/cyfitter_cfg.c **** /*******************************************************************************
 162:Generated_Source\PSoC5/cyfitter_cfg.c **** * Function Name: ClockSetup
 163:Generated_Source\PSoC5/cyfitter_cfg.c **** ********************************************************************************
 164:Generated_Source\PSoC5/cyfitter_cfg.c **** *
 165:Generated_Source\PSoC5/cyfitter_cfg.c **** * Summary:
 166:Generated_Source\PSoC5/cyfitter_cfg.c **** *  Performs the initialization of all of the clocks in the device based on the
 167:Generated_Source\PSoC5/cyfitter_cfg.c **** *  settings in the Clock tab of the DWR.  This includes enabling the requested
 168:Generated_Source\PSoC5/cyfitter_cfg.c **** *  clocks and setting the necessary dividers to produce the desired frequency. 
 169:Generated_Source\PSoC5/cyfitter_cfg.c **** *
 170:Generated_Source\PSoC5/cyfitter_cfg.c **** * Parameters:
 171:Generated_Source\PSoC5/cyfitter_cfg.c **** *  void
 172:Generated_Source\PSoC5/cyfitter_cfg.c **** *
 173:Generated_Source\PSoC5/cyfitter_cfg.c **** * Return:
 174:Generated_Source\PSoC5/cyfitter_cfg.c **** *  void
 175:Generated_Source\PSoC5/cyfitter_cfg.c **** *
 176:Generated_Source\PSoC5/cyfitter_cfg.c **** *******************************************************************************/
 177:Generated_Source\PSoC5/cyfitter_cfg.c **** static void ClockSetup(void);
 178:Generated_Source\PSoC5/cyfitter_cfg.c **** static void ClockSetup(void)
 179:Generated_Source\PSoC5/cyfitter_cfg.c **** {
 180:Generated_Source\PSoC5/cyfitter_cfg.c **** 	uint32 timeout;
 181:Generated_Source\PSoC5/cyfitter_cfg.c **** 	uint8 pllLock;
 182:Generated_Source\PSoC5/cyfitter_cfg.c **** 
 183:Generated_Source\PSoC5/cyfitter_cfg.c **** 
ARM GAS  C:\Users\z004e6he\AppData\Local\Temp\ccsqMnS9.s 			page 5


 184:Generated_Source\PSoC5/cyfitter_cfg.c **** 	/* Configure ILO based on settings from Clock DWR */
 185:Generated_Source\PSoC5/cyfitter_cfg.c **** 	CY_SET_XTND_REG8((void CYFAR *)(CYREG_SLOWCLK_ILO_CR0), 0x02u);
 186:Generated_Source\PSoC5/cyfitter_cfg.c **** 	CY_SET_XTND_REG8((void CYFAR *)(CYREG_CLKDIST_CR), 0x08u);
 187:Generated_Source\PSoC5/cyfitter_cfg.c **** 
 188:Generated_Source\PSoC5/cyfitter_cfg.c **** 	/* Configure IMO based on settings from Clock DWR */
 189:Generated_Source\PSoC5/cyfitter_cfg.c **** 	CY_SET_XTND_REG8((void CYFAR *)(CYREG_FASTCLK_IMO_CR), 0x03u);
 190:Generated_Source\PSoC5/cyfitter_cfg.c **** 	CY_SET_XTND_REG8((void CYFAR *)(CYREG_IMO_TR1), (CY_GET_XTND_REG8((void CYFAR *)CYREG_FLSHID_CUST_
 191:Generated_Source\PSoC5/cyfitter_cfg.c **** 
 192:Generated_Source\PSoC5/cyfitter_cfg.c **** 	/* Configure PLL based on settings from Clock DWR */
 193:Generated_Source\PSoC5/cyfitter_cfg.c **** 	CY_SET_XTND_REG16((void CYFAR *)(CYREG_FASTCLK_PLL_P), 0x0008u);
 194:Generated_Source\PSoC5/cyfitter_cfg.c **** 	CY_SET_XTND_REG16((void CYFAR *)(CYREG_FASTCLK_PLL_CFG0), 0x1251u);
 195:Generated_Source\PSoC5/cyfitter_cfg.c **** 	/* Wait up to 250us for the PLL to lock */
 196:Generated_Source\PSoC5/cyfitter_cfg.c **** 	pllLock = 0u;
 197:Generated_Source\PSoC5/cyfitter_cfg.c **** 	for (timeout = 250u / 10u; (timeout > 0u) && (pllLock != 0x03u); timeout--)
 198:Generated_Source\PSoC5/cyfitter_cfg.c **** 	{ 
 199:Generated_Source\PSoC5/cyfitter_cfg.c **** 		pllLock = 0x03u & ((uint8)((uint8)pllLock << 1) | ((CY_GET_XTND_REG8((void CYFAR *)CYREG_FASTCLK_
 200:Generated_Source\PSoC5/cyfitter_cfg.c **** 		CyDelayCycles(10u * 48u); /* Delay 10us based on 48MHz clock */
 201:Generated_Source\PSoC5/cyfitter_cfg.c **** 	}
 202:Generated_Source\PSoC5/cyfitter_cfg.c **** 	/* If we ran out of time the PLL didn't lock so go to the error function */
 203:Generated_Source\PSoC5/cyfitter_cfg.c **** 	if (timeout == 0u)
 204:Generated_Source\PSoC5/cyfitter_cfg.c **** 	{
 205:Generated_Source\PSoC5/cyfitter_cfg.c **** 		CyClockStartupError(CYCLOCKSTART_PLL_ERROR);
 206:Generated_Source\PSoC5/cyfitter_cfg.c **** 	}
 207:Generated_Source\PSoC5/cyfitter_cfg.c **** 
 208:Generated_Source\PSoC5/cyfitter_cfg.c **** 	/* Configure Bus/Master Clock based on settings from Clock DWR */
 209:Generated_Source\PSoC5/cyfitter_cfg.c **** 	CY_SET_XTND_REG16((void CYFAR *)(CYREG_CLKDIST_MSTR0), 0x0100u);
 210:Generated_Source\PSoC5/cyfitter_cfg.c **** 	CY_SET_XTND_REG8((void CYFAR *)(CYREG_CLKDIST_MSTR0), 0x07u);
 211:Generated_Source\PSoC5/cyfitter_cfg.c **** 	CY_SET_XTND_REG8((void CYFAR *)(CYREG_CLKDIST_BCFG0), 0x00u);
 212:Generated_Source\PSoC5/cyfitter_cfg.c **** 	CY_SET_XTND_REG8((void CYFAR *)(CYREG_CLKDIST_BCFG2), 0x48u);
 213:Generated_Source\PSoC5/cyfitter_cfg.c **** 	CY_SET_XTND_REG8((void CYFAR *)(CYREG_CLKDIST_MSTR0), 0x00u);
 214:Generated_Source\PSoC5/cyfitter_cfg.c **** 	CY_SET_XTND_REG8((void CYFAR *)(CYREG_CLKDIST_LD), 0x02u);
 215:Generated_Source\PSoC5/cyfitter_cfg.c **** }
 216:Generated_Source\PSoC5/cyfitter_cfg.c **** 
 217:Generated_Source\PSoC5/cyfitter_cfg.c **** 
 218:Generated_Source\PSoC5/cyfitter_cfg.c **** /* Analog API Functions */
 219:Generated_Source\PSoC5/cyfitter_cfg.c **** 
 220:Generated_Source\PSoC5/cyfitter_cfg.c **** 
 221:Generated_Source\PSoC5/cyfitter_cfg.c **** /*******************************************************************************
 222:Generated_Source\PSoC5/cyfitter_cfg.c **** * Function Name: AnalogSetDefault
 223:Generated_Source\PSoC5/cyfitter_cfg.c **** ********************************************************************************
 224:Generated_Source\PSoC5/cyfitter_cfg.c **** *
 225:Generated_Source\PSoC5/cyfitter_cfg.c **** * Summary:
 226:Generated_Source\PSoC5/cyfitter_cfg.c **** *  Sets up the analog portions of the chip to default values based on chip
 227:Generated_Source\PSoC5/cyfitter_cfg.c **** *  configuration options from the project.
 228:Generated_Source\PSoC5/cyfitter_cfg.c **** *
 229:Generated_Source\PSoC5/cyfitter_cfg.c **** * Parameters:
 230:Generated_Source\PSoC5/cyfitter_cfg.c **** *  void
 231:Generated_Source\PSoC5/cyfitter_cfg.c **** *
 232:Generated_Source\PSoC5/cyfitter_cfg.c **** * Return:
 233:Generated_Source\PSoC5/cyfitter_cfg.c **** *  void
 234:Generated_Source\PSoC5/cyfitter_cfg.c **** *
 235:Generated_Source\PSoC5/cyfitter_cfg.c **** *******************************************************************************/
 236:Generated_Source\PSoC5/cyfitter_cfg.c **** static void AnalogSetDefault(void);
 237:Generated_Source\PSoC5/cyfitter_cfg.c **** static void AnalogSetDefault(void)
 238:Generated_Source\PSoC5/cyfitter_cfg.c **** {
  46              		.loc 1 238 0
  47              		.cfi_startproc
ARM GAS  C:\Users\z004e6he\AppData\Local\Temp\ccsqMnS9.s 			page 6


  48              		@ args = 0, pretend = 0, frame = 0
  49              		@ frame_needed = 0, uses_anonymous_args = 0
  50              		@ link register save eliminated.
 239:Generated_Source\PSoC5/cyfitter_cfg.c **** 	uint8 bg_xover_inl_trim = CY_GET_XTND_REG8((void CYFAR *)(CYREG_FLSHID_MFG_CFG_BG_XOVER_INL_TRIM +
  51              		.loc 1 239 0
  52 0000 064B     		ldr	r3, .L4
  53 0002 1B78     		ldrb	r3, [r3]	@ zero_extendqisi2
  54 0004 DBB2     		uxtb	r3, r3
  55              	.LVL1:
 240:Generated_Source\PSoC5/cyfitter_cfg.c **** 	CY_SET_XTND_REG8((void CYFAR *)(CYREG_BG_DFT0), (bg_xover_inl_trim & 0x07u));
  56              		.loc 1 240 0
  57 0006 03F00701 		and	r1, r3, #7
  58 000a 054A     		ldr	r2, .L4+4
  59 000c 1170     		strb	r1, [r2]
 241:Generated_Source\PSoC5/cyfitter_cfg.c **** 	CY_SET_XTND_REG8((void CYFAR *)(CYREG_BG_DFT1), ((bg_xover_inl_trim >> 4) & 0x0Fu));
  60              		.loc 1 241 0
  61 000e 1B09     		lsrs	r3, r3, #4
  62              	.LVL2:
  63 0010 0132     		adds	r2, r2, #1
  64 0012 1370     		strb	r3, [r2]
 242:Generated_Source\PSoC5/cyfitter_cfg.c **** 	CY_SET_XTND_REG8((void CYFAR *)CYREG_PUMP_CR0, 0x44u);
  65              		.loc 1 242 0
  66 0014 4422     		movs	r2, #68
  67 0016 034B     		ldr	r3, .L4+8
  68 0018 1A70     		strb	r2, [r3]
  69 001a 7047     		bx	lr
  70              	.L5:
  71              		.align	2
  72              	.L4:
  73 001c CF010049 		.word	1224737231
  74 0020 6E580040 		.word	1073764462
  75 0024 76580040 		.word	1073764470
  76              		.cfi_endproc
  77              	.LFE5:
  78              		.size	AnalogSetDefault, .-AnalogSetDefault
  79              		.section	.text.CYMEMZERO,"ax",%progbits
  80              		.align	2
  81              		.thumb
  82              		.thumb_func
  83              		.type	CYMEMZERO, %function
  84              	CYMEMZERO:
  85              	.LFB0:
  78:Generated_Source\PSoC5/cyfitter_cfg.c **** 	(void)memset(s, 0, n);
  86              		.loc 1 78 0
  87              		.cfi_startproc
  88              		@ args = 0, pretend = 0, frame = 0
  89              		@ frame_needed = 0, uses_anonymous_args = 0
  90              	.LVL3:
  91 0000 08B5     		push	{r3, lr}
  92              		.cfi_def_cfa_offset 8
  93              		.cfi_offset 3, -8
  94              		.cfi_offset 14, -4
  79:Generated_Source\PSoC5/cyfitter_cfg.c **** }
  95              		.loc 1 79 0
  96 0002 0A46     		mov	r2, r1
  97 0004 0021     		movs	r1, #0
  98              	.LVL4:
ARM GAS  C:\Users\z004e6he\AppData\Local\Temp\ccsqMnS9.s 			page 7


  99 0006 FFF7FEFF 		bl	memset
 100              	.LVL5:
 101 000a 08BD     		pop	{r3, pc}
 102              		.cfi_endproc
 103              	.LFE0:
 104              		.size	CYMEMZERO, .-CYMEMZERO
 105              		.section	.text.ClockSetup,"ax",%progbits
 106              		.align	2
 107              		.thumb
 108              		.thumb_func
 109              		.type	ClockSetup, %function
 110              	ClockSetup:
 111              	.LFB4:
 179:Generated_Source\PSoC5/cyfitter_cfg.c **** 	uint32 timeout;
 112              		.loc 1 179 0
 113              		.cfi_startproc
 114              		@ args = 0, pretend = 0, frame = 0
 115              		@ frame_needed = 0, uses_anonymous_args = 0
 116 0000 38B5     		push	{r3, r4, r5, lr}
 117              		.cfi_def_cfa_offset 16
 118              		.cfi_offset 3, -16
 119              		.cfi_offset 4, -12
 120              		.cfi_offset 5, -8
 121              		.cfi_offset 14, -4
 185:Generated_Source\PSoC5/cyfitter_cfg.c **** 	CY_SET_XTND_REG8((void CYFAR *)(CYREG_CLKDIST_CR), 0x08u);
 122              		.loc 1 185 0
 123 0002 0222     		movs	r2, #2
 124 0004 1E4B     		ldr	r3, .L14
 125 0006 1A70     		strb	r2, [r3]
 186:Generated_Source\PSoC5/cyfitter_cfg.c **** 
 126              		.loc 1 186 0
 127 0008 0822     		movs	r2, #8
 128 000a 4FF04023 		mov	r3, #1073758208
 129 000e 1A70     		strb	r2, [r3]
 189:Generated_Source\PSoC5/cyfitter_cfg.c **** 	CY_SET_XTND_REG8((void CYFAR *)(CYREG_IMO_TR1), (CY_GET_XTND_REG8((void CYFAR *)CYREG_FLSHID_CUST_
 130              		.loc 1 189 0
 131 0010 0321     		movs	r1, #3
 132 0012 03F50073 		add	r3, r3, #512
 133 0016 1970     		strb	r1, [r3]
 190:Generated_Source\PSoC5/cyfitter_cfg.c **** 
 134              		.loc 1 190 0
 135 0018 1A4B     		ldr	r3, .L14+4
 136 001a 1B78     		ldrb	r3, [r3]	@ zero_extendqisi2
 137 001c DBB2     		uxtb	r3, r3
 138 001e 1A49     		ldr	r1, .L14+8
 139 0020 0B70     		strb	r3, [r1]
 193:Generated_Source\PSoC5/cyfitter_cfg.c **** 	CY_SET_XTND_REG16((void CYFAR *)(CYREG_FASTCLK_PLL_CFG0), 0x1251u);
 140              		.loc 1 193 0
 141 0022 1A4B     		ldr	r3, .L14+12
 142 0024 1A80     		strh	r2, [r3]	@ movhi
 194:Generated_Source\PSoC5/cyfitter_cfg.c **** 	/* Wait up to 250us for the PLL to lock */
 143              		.loc 1 194 0
 144 0026 41F25122 		movw	r2, #4689
 145 002a 023B     		subs	r3, r3, #2
 146 002c 1A80     		strh	r2, [r3]	@ movhi
 147              	.LVL6:
 196:Generated_Source\PSoC5/cyfitter_cfg.c **** 	for (timeout = 250u / 10u; (timeout > 0u) && (pllLock != 0x03u); timeout--)
ARM GAS  C:\Users\z004e6he\AppData\Local\Temp\ccsqMnS9.s 			page 8


 148              		.loc 1 196 0
 149 002e 0024     		movs	r4, #0
 197:Generated_Source\PSoC5/cyfitter_cfg.c **** 	{ 
 150              		.loc 1 197 0
 151 0030 1925     		movs	r5, #25
 152 0032 0CE0     		b	.L9
 153              	.LVL7:
 154              	.L11:
 199:Generated_Source\PSoC5/cyfitter_cfg.c **** 		CyDelayCycles(10u * 48u); /* Delay 10us based on 48MHz clock */
 155              		.loc 1 199 0 discriminator 4
 156 0034 164B     		ldr	r3, .L14+16
 157 0036 1B78     		ldrb	r3, [r3]	@ zero_extendqisi2
 158 0038 03F00103 		and	r3, r3, #1
 159 003c 43EA4404 		orr	r4, r3, r4, lsl #1
 160              	.LVL8:
 161 0040 04F00304 		and	r4, r4, #3
 162              	.LVL9:
 200:Generated_Source\PSoC5/cyfitter_cfg.c **** 	}
 163              		.loc 1 200 0 discriminator 4
 164 0044 4FF4F070 		mov	r0, #480
 165 0048 FFF7FEFF 		bl	CyDelayCycles
 166              	.LVL10:
 197:Generated_Source\PSoC5/cyfitter_cfg.c **** 	{ 
 167              		.loc 1 197 0 discriminator 4
 168 004c 013D     		subs	r5, r5, #1
 169              	.LVL11:
 170              	.L9:
 197:Generated_Source\PSoC5/cyfitter_cfg.c **** 	{ 
 171              		.loc 1 197 0 is_stmt 0 discriminator 1
 172 004e 0DB1     		cbz	r5, .L10
 197:Generated_Source\PSoC5/cyfitter_cfg.c **** 	{ 
 173              		.loc 1 197 0 discriminator 3
 174 0050 032C     		cmp	r4, #3
 175 0052 EFD1     		bne	.L11
 176              	.L10:
 203:Generated_Source\PSoC5/cyfitter_cfg.c **** 	{
 177              		.loc 1 203 0 is_stmt 1
 178 0054 15B9     		cbnz	r5, .L12
 205:Generated_Source\PSoC5/cyfitter_cfg.c **** 	}
 179              		.loc 1 205 0
 180 0056 0320     		movs	r0, #3
 181 0058 FFF7FEFF 		bl	CyClockStartupError
 182              	.LVL12:
 183              	.L12:
 209:Generated_Source\PSoC5/cyfitter_cfg.c **** 	CY_SET_XTND_REG8((void CYFAR *)(CYREG_CLKDIST_MSTR0), 0x07u);
 184              		.loc 1 209 0
 185 005c 0D4B     		ldr	r3, .L14+20
 186 005e 4FF48072 		mov	r2, #256
 187 0062 1A80     		strh	r2, [r3]	@ movhi
 210:Generated_Source\PSoC5/cyfitter_cfg.c **** 	CY_SET_XTND_REG8((void CYFAR *)(CYREG_CLKDIST_BCFG0), 0x00u);
 188              		.loc 1 210 0
 189 0064 0722     		movs	r2, #7
 190 0066 1A70     		strb	r2, [r3]
 211:Generated_Source\PSoC5/cyfitter_cfg.c **** 	CY_SET_XTND_REG8((void CYFAR *)(CYREG_CLKDIST_BCFG2), 0x48u);
 191              		.loc 1 211 0
 192 0068 0022     		movs	r2, #0
 193 006a 0B49     		ldr	r1, .L14+24
ARM GAS  C:\Users\z004e6he\AppData\Local\Temp\ccsqMnS9.s 			page 9


 194 006c 0A70     		strb	r2, [r1]
 212:Generated_Source\PSoC5/cyfitter_cfg.c **** 	CY_SET_XTND_REG8((void CYFAR *)(CYREG_CLKDIST_MSTR0), 0x00u);
 195              		.loc 1 212 0
 196 006e 4820     		movs	r0, #72
 197 0070 0231     		adds	r1, r1, #2
 198 0072 0870     		strb	r0, [r1]
 213:Generated_Source\PSoC5/cyfitter_cfg.c **** 	CY_SET_XTND_REG8((void CYFAR *)(CYREG_CLKDIST_LD), 0x02u);
 199              		.loc 1 213 0
 200 0074 1A70     		strb	r2, [r3]
 214:Generated_Source\PSoC5/cyfitter_cfg.c **** }
 201              		.loc 1 214 0
 202 0076 0222     		movs	r2, #2
 203 0078 033B     		subs	r3, r3, #3
 204 007a 1A70     		strb	r2, [r3]
 205 007c 38BD     		pop	{r3, r4, r5, pc}
 206              	.LVL13:
 207              	.L15:
 208 007e 00BF     		.align	2
 209              	.L14:
 210 0080 00430040 		.word	1073758976
 211 0084 08010049 		.word	1224737032
 212 0088 A1460040 		.word	1073759905
 213 008c 22420040 		.word	1073758754
 214 0090 25420040 		.word	1073758757
 215 0094 04400040 		.word	1073758212
 216 0098 06400040 		.word	1073758214
 217              		.cfi_endproc
 218              	.LFE4:
 219              		.size	ClockSetup, .-ClockSetup
 220              		.section	.text.CYCONFIGCPY,"ax",%progbits
 221              		.align	2
 222              		.thumb
 223              		.thumb_func
 224              		.type	CYCONFIGCPY, %function
 225              	CYCONFIGCPY:
 226              	.LFB1:
  85:Generated_Source\PSoC5/cyfitter_cfg.c **** 	(void)memcpy(dest, src, n);
 227              		.loc 1 85 0
 228              		.cfi_startproc
 229              		@ args = 0, pretend = 0, frame = 0
 230              		@ frame_needed = 0, uses_anonymous_args = 0
 231              	.LVL14:
 232 0000 08B5     		push	{r3, lr}
 233              		.cfi_def_cfa_offset 8
 234              		.cfi_offset 3, -8
 235              		.cfi_offset 14, -4
  86:Generated_Source\PSoC5/cyfitter_cfg.c **** }
 236              		.loc 1 86 0
 237 0002 FFF7FEFF 		bl	memcpy
 238              	.LVL15:
 239 0006 08BD     		pop	{r3, pc}
 240              		.cfi_endproc
 241              	.LFE1:
 242              		.size	CYCONFIGCPY, .-CYCONFIGCPY
 243              		.section	.text.SetAnalogRoutingPumps,"ax",%progbits
 244              		.align	2
 245              		.global	SetAnalogRoutingPumps
ARM GAS  C:\Users\z004e6he\AppData\Local\Temp\ccsqMnS9.s 			page 10


 246              		.thumb
 247              		.thumb_func
 248              		.type	SetAnalogRoutingPumps, %function
 249              	SetAnalogRoutingPumps:
 250              	.LFB6:
 243:Generated_Source\PSoC5/cyfitter_cfg.c **** }
 244:Generated_Source\PSoC5/cyfitter_cfg.c **** 
 245:Generated_Source\PSoC5/cyfitter_cfg.c **** 
 246:Generated_Source\PSoC5/cyfitter_cfg.c **** /*******************************************************************************
 247:Generated_Source\PSoC5/cyfitter_cfg.c **** * Function Name: SetAnalogRoutingPumps
 248:Generated_Source\PSoC5/cyfitter_cfg.c **** ********************************************************************************
 249:Generated_Source\PSoC5/cyfitter_cfg.c **** *
 250:Generated_Source\PSoC5/cyfitter_cfg.c **** * Summary:
 251:Generated_Source\PSoC5/cyfitter_cfg.c **** * Enables or disables the analog pumps feeding analog routing switches.
 252:Generated_Source\PSoC5/cyfitter_cfg.c **** * Intended to be called at startup, based on the Vdda system configuration;
 253:Generated_Source\PSoC5/cyfitter_cfg.c **** * may be called during operation when the user informs us that the Vdda voltage
 254:Generated_Source\PSoC5/cyfitter_cfg.c **** * crossed the pump threshold.
 255:Generated_Source\PSoC5/cyfitter_cfg.c **** *
 256:Generated_Source\PSoC5/cyfitter_cfg.c **** * Parameters:
 257:Generated_Source\PSoC5/cyfitter_cfg.c **** *  enabled - 1 to enable the pumps, 0 to disable the pumps
 258:Generated_Source\PSoC5/cyfitter_cfg.c **** *
 259:Generated_Source\PSoC5/cyfitter_cfg.c **** * Return:
 260:Generated_Source\PSoC5/cyfitter_cfg.c **** *  void
 261:Generated_Source\PSoC5/cyfitter_cfg.c **** *
 262:Generated_Source\PSoC5/cyfitter_cfg.c **** *******************************************************************************/
 263:Generated_Source\PSoC5/cyfitter_cfg.c **** void SetAnalogRoutingPumps(uint8 enabled)
 264:Generated_Source\PSoC5/cyfitter_cfg.c **** {
 251              		.loc 1 264 0
 252              		.cfi_startproc
 253              		@ args = 0, pretend = 0, frame = 0
 254              		@ frame_needed = 0, uses_anonymous_args = 0
 255              		@ link register save eliminated.
 256              	.LVL16:
 265:Generated_Source\PSoC5/cyfitter_cfg.c **** 	uint8 regValue = CY_GET_XTND_REG8((void CYFAR *)CYREG_PUMP_CR0);
 257              		.loc 1 265 0
 258 0000 024A     		ldr	r2, .L19
 259 0002 1378     		ldrb	r3, [r2]	@ zero_extendqisi2
 260 0004 DBB2     		uxtb	r3, r3
 261              	.LVL17:
 266:Generated_Source\PSoC5/cyfitter_cfg.c **** 	if (enabled != 0u)
 267:Generated_Source\PSoC5/cyfitter_cfg.c **** 	{
 268:Generated_Source\PSoC5/cyfitter_cfg.c **** 		regValue |= 0x00u;
 269:Generated_Source\PSoC5/cyfitter_cfg.c **** 	}
 270:Generated_Source\PSoC5/cyfitter_cfg.c **** 	else
 271:Generated_Source\PSoC5/cyfitter_cfg.c **** 	{
 272:Generated_Source\PSoC5/cyfitter_cfg.c **** 		regValue &= (uint8)~0x00u;
 273:Generated_Source\PSoC5/cyfitter_cfg.c **** 	}
 274:Generated_Source\PSoC5/cyfitter_cfg.c **** 	CY_SET_XTND_REG8((void CYFAR *)CYREG_PUMP_CR0, regValue);
 262              		.loc 1 274 0
 263 0006 1370     		strb	r3, [r2]
 264 0008 7047     		bx	lr
 265              	.L20:
 266 000a 00BF     		.align	2
 267              	.L19:
 268 000c 76580040 		.word	1073764470
 269              		.cfi_endproc
 270              	.LFE6:
ARM GAS  C:\Users\z004e6he\AppData\Local\Temp\ccsqMnS9.s 			page 11


 271              		.size	SetAnalogRoutingPumps, .-SetAnalogRoutingPumps
 272              		.section	.text.cyfitter_cfg,"ax",%progbits
 273              		.align	2
 274              		.global	cyfitter_cfg
 275              		.thumb
 276              		.thumb_func
 277              		.type	cyfitter_cfg, %function
 278              	cyfitter_cfg:
 279              	.LFB7:
 275:Generated_Source\PSoC5/cyfitter_cfg.c **** }
 276:Generated_Source\PSoC5/cyfitter_cfg.c **** 
 277:Generated_Source\PSoC5/cyfitter_cfg.c **** 
 278:Generated_Source\PSoC5/cyfitter_cfg.c **** 
 279:Generated_Source\PSoC5/cyfitter_cfg.c **** 
 280:Generated_Source\PSoC5/cyfitter_cfg.c **** /*******************************************************************************
 281:Generated_Source\PSoC5/cyfitter_cfg.c **** * Function Name: cyfitter_cfg
 282:Generated_Source\PSoC5/cyfitter_cfg.c **** ********************************************************************************
 283:Generated_Source\PSoC5/cyfitter_cfg.c **** * Summary:
 284:Generated_Source\PSoC5/cyfitter_cfg.c **** *  This function is called by the start-up code for the selected device. It
 285:Generated_Source\PSoC5/cyfitter_cfg.c **** *  performs all of the necessary device configuration based on the design
 286:Generated_Source\PSoC5/cyfitter_cfg.c **** *  settings.  This includes settings from the Design Wide Resources (DWR) such
 287:Generated_Source\PSoC5/cyfitter_cfg.c **** *  as Clocks and Pins as well as any component configuration that is necessary.
 288:Generated_Source\PSoC5/cyfitter_cfg.c **** *
 289:Generated_Source\PSoC5/cyfitter_cfg.c **** * Parameters:
 290:Generated_Source\PSoC5/cyfitter_cfg.c **** *   void
 291:Generated_Source\PSoC5/cyfitter_cfg.c **** *
 292:Generated_Source\PSoC5/cyfitter_cfg.c **** * Return:
 293:Generated_Source\PSoC5/cyfitter_cfg.c **** *   void
 294:Generated_Source\PSoC5/cyfitter_cfg.c **** *
 295:Generated_Source\PSoC5/cyfitter_cfg.c **** *******************************************************************************/
 296:Generated_Source\PSoC5/cyfitter_cfg.c **** 
 297:Generated_Source\PSoC5/cyfitter_cfg.c **** void cyfitter_cfg(void)
 298:Generated_Source\PSoC5/cyfitter_cfg.c **** {
 280              		.loc 1 298 0
 281              		.cfi_startproc
 282              		@ args = 0, pretend = 0, frame = 0
 283              		@ frame_needed = 0, uses_anonymous_args = 0
 284 0000 38B5     		push	{r3, r4, r5, lr}
 285              		.cfi_def_cfa_offset 16
 286              		.cfi_offset 3, -16
 287              		.cfi_offset 4, -12
 288              		.cfi_offset 5, -8
 289              		.cfi_offset 14, -4
 299:Generated_Source\PSoC5/cyfitter_cfg.c **** #ifdef CYGlobalIntDisable
 300:Generated_Source\PSoC5/cyfitter_cfg.c **** 	/* Disable interrupts by default. Let user enable if/when they want. */
 301:Generated_Source\PSoC5/cyfitter_cfg.c **** 	CYGlobalIntDisable
 290              		.loc 1 301 0
 291              		.syntax unified
 292              	@ 301 "Generated_Source\PSoC5\cyfitter_cfg.c" 1
 293 0002 72B6     		CPSID   i
 294              	@ 0 "" 2
 302:Generated_Source\PSoC5/cyfitter_cfg.c **** #endif
 303:Generated_Source\PSoC5/cyfitter_cfg.c **** 
 304:Generated_Source\PSoC5/cyfitter_cfg.c **** 	/* Enable/Disable Debug functionality based on settings from System DWR */
 305:Generated_Source\PSoC5/cyfitter_cfg.c **** 	CY_SET_XTND_REG8((void CYFAR *)CYREG_MLOGIC_DEBUG, (CY_GET_XTND_REG8((void CYFAR *)CYREG_MLOGIC_DE
 295              		.loc 1 305 0
 296              		.thumb
ARM GAS  C:\Users\z004e6he\AppData\Local\Temp\ccsqMnS9.s 			page 12


 297              		.syntax unified
 298 0004 234A     		ldr	r2, .L25
 299 0006 1378     		ldrb	r3, [r2]	@ zero_extendqisi2
 300 0008 43F00403 		orr	r3, r3, #4
 301 000c 1370     		strb	r3, [r2]
 302              	.LVL18:
 303              	.LBB2:
 306:Generated_Source\PSoC5/cyfitter_cfg.c **** 
 307:Generated_Source\PSoC5/cyfitter_cfg.c **** 	{
 308:Generated_Source\PSoC5/cyfitter_cfg.c **** 
 309:Generated_Source\PSoC5/cyfitter_cfg.c **** 		CYPACKED typedef struct {
 310:Generated_Source\PSoC5/cyfitter_cfg.c **** 			void CYFAR *address;
 311:Generated_Source\PSoC5/cyfitter_cfg.c **** 			uint16 size;
 312:Generated_Source\PSoC5/cyfitter_cfg.c **** 		} CYPACKED_ATTR cfg_memset_t;
 313:Generated_Source\PSoC5/cyfitter_cfg.c **** 
 314:Generated_Source\PSoC5/cyfitter_cfg.c **** 		static const cfg_memset_t CYCODE cfg_memset_list[] = {
 315:Generated_Source\PSoC5/cyfitter_cfg.c **** 			/* address, size */
 316:Generated_Source\PSoC5/cyfitter_cfg.c **** 			{(void CYFAR *)(CYREG_PRT2_DR), 16u},
 317:Generated_Source\PSoC5/cyfitter_cfg.c **** 			{(void CYFAR *)(CYREG_PRT4_DR), 48u},
 318:Generated_Source\PSoC5/cyfitter_cfg.c **** 			{(void CYFAR *)(CYREG_PRT12_DR), 16u},
 319:Generated_Source\PSoC5/cyfitter_cfg.c **** 			{(void CYFAR *)(CYREG_PRT15_DR), 16u},
 320:Generated_Source\PSoC5/cyfitter_cfg.c **** 			{(void CYFAR *)(CYDEV_UCFG_B0_P0_U0_BASE), 4096u},
 321:Generated_Source\PSoC5/cyfitter_cfg.c **** 			{(void CYFAR *)(CYDEV_UCFG_B1_P2_U0_BASE), 2048u},
 322:Generated_Source\PSoC5/cyfitter_cfg.c **** 			{(void CYFAR *)(CYDEV_UCFG_DSI0_BASE), 2560u},
 323:Generated_Source\PSoC5/cyfitter_cfg.c **** 			{(void CYFAR *)(CYDEV_UCFG_DSI12_BASE), 512u},
 324:Generated_Source\PSoC5/cyfitter_cfg.c **** 			{(void CYFAR *)(CYREG_BCTL0_MDCLK_EN), 32u},
 325:Generated_Source\PSoC5/cyfitter_cfg.c **** 		};
 326:Generated_Source\PSoC5/cyfitter_cfg.c **** 
 327:Generated_Source\PSoC5/cyfitter_cfg.c **** 		uint8 CYDATA i;
 328:Generated_Source\PSoC5/cyfitter_cfg.c **** 
 329:Generated_Source\PSoC5/cyfitter_cfg.c **** 		/* Zero out critical memory blocks before beginning configuration */
 330:Generated_Source\PSoC5/cyfitter_cfg.c **** 		for (i = 0u; i < (sizeof(cfg_memset_list)/sizeof(cfg_memset_list[0])); i++)
 304              		.loc 1 330 0
 305 000e 0024     		movs	r4, #0
 306 0010 0CE0     		b	.L22
 307              	.LVL19:
 308              	.L23:
 309              	.LBB3:
 331:Generated_Source\PSoC5/cyfitter_cfg.c **** 		{
 332:Generated_Source\PSoC5/cyfitter_cfg.c **** 			const cfg_memset_t CYCODE * CYDATA ms = &cfg_memset_list[i];
 333:Generated_Source\PSoC5/cyfitter_cfg.c **** 			CYMEMZERO(ms->address, (size_t)(uint32)(ms->size));
 310              		.loc 1 333 0 discriminator 3
 311 0012 214D     		ldr	r5, .L25+4
 312 0014 6300     		lsls	r3, r4, #1
 313 0016 1919     		adds	r1, r3, r4
 314 0018 4A00     		lsls	r2, r1, #1
 315 001a 1146     		mov	r1, r2
 316 001c 2A44     		add	r2, r2, r5
 317 001e 0846     		mov	r0, r1
 318 0020 9188     		ldrh	r1, [r2, #4]
 319 0022 2858     		ldr	r0, [r5, r0]	@ unaligned
 320 0024 FFF7FEFF 		bl	CYMEMZERO
 321              	.LVL20:
 322              	.LBE3:
 330:Generated_Source\PSoC5/cyfitter_cfg.c **** 		{
 323              		.loc 1 330 0 discriminator 3
 324 0028 0134     		adds	r4, r4, #1
ARM GAS  C:\Users\z004e6he\AppData\Local\Temp\ccsqMnS9.s 			page 13


 325              	.LVL21:
 326 002a E4B2     		uxtb	r4, r4
 327              	.LVL22:
 328              	.L22:
 330:Generated_Source\PSoC5/cyfitter_cfg.c **** 		{
 329              		.loc 1 330 0 is_stmt 0 discriminator 1
 330 002c 082C     		cmp	r4, #8
 331 002e F0D9     		bls	.L23
 334:Generated_Source\PSoC5/cyfitter_cfg.c **** 		}
 335:Generated_Source\PSoC5/cyfitter_cfg.c **** 
 336:Generated_Source\PSoC5/cyfitter_cfg.c **** 		/* Enable digital routing */
 337:Generated_Source\PSoC5/cyfitter_cfg.c **** 		CY_SET_XTND_REG8((void CYFAR *)CYREG_BCTL0_BANK_CTL, CY_GET_XTND_REG8((void CYFAR *)CYREG_BCTL0_B
 332              		.loc 1 337 0 is_stmt 1
 333 0030 1A4A     		ldr	r2, .L25+8
 334 0032 1378     		ldrb	r3, [r2]	@ zero_extendqisi2
 335 0034 43F00203 		orr	r3, r3, #2
 336 0038 1370     		strb	r3, [r2]
 338:Generated_Source\PSoC5/cyfitter_cfg.c **** 		CY_SET_XTND_REG8((void CYFAR *)CYREG_BCTL1_BANK_CTL, CY_GET_XTND_REG8((void CYFAR *)CYREG_BCTL1_B
 337              		.loc 1 338 0
 338 003a 1032     		adds	r2, r2, #16
 339 003c 1378     		ldrb	r3, [r2]	@ zero_extendqisi2
 340 003e 43F00203 		orr	r3, r3, #2
 341 0042 1370     		strb	r3, [r2]
 342              	.LBE2:
 339:Generated_Source\PSoC5/cyfitter_cfg.c **** 	}
 340:Generated_Source\PSoC5/cyfitter_cfg.c **** 
 341:Generated_Source\PSoC5/cyfitter_cfg.c **** 
 342:Generated_Source\PSoC5/cyfitter_cfg.c **** 	/* Perform second pass device configuration. These items must be configured in specific order afte
 343:Generated_Source\PSoC5/cyfitter_cfg.c **** 	CYCONFIGCPY((void CYFAR *)(CYREG_PRT0_DM0), (const void CYFAR *)(BS_IOPINS0_0_VAL), 8u);
 343              		.loc 1 343 0
 344 0044 0822     		movs	r2, #8
 345 0046 4FF09041 		mov	r1, #1207959552
 346 004a 1548     		ldr	r0, .L25+12
 347 004c FFF7FEFF 		bl	CYCONFIGCPY
 348              	.LVL23:
 344:Generated_Source\PSoC5/cyfitter_cfg.c **** 	CYCONFIGCPY((void CYFAR *)(CYREG_PRT1_DM0), (const void CYFAR *)(BS_IOPINS0_1_VAL), 8u);
 349              		.loc 1 344 0
 350 0050 0822     		movs	r2, #8
 351 0052 1449     		ldr	r1, .L25+16
 352 0054 1448     		ldr	r0, .L25+20
 353 0056 FFF7FEFF 		bl	CYCONFIGCPY
 354              	.LVL24:
 345:Generated_Source\PSoC5/cyfitter_cfg.c **** 	CYCONFIGCPY((void CYFAR *)(CYREG_PRT3_DM0), (const void CYFAR *)(BS_IOPINS0_3_VAL), 8u);
 355              		.loc 1 345 0
 356 005a 0822     		movs	r2, #8
 357 005c 1349     		ldr	r1, .L25+24
 358 005e 1448     		ldr	r0, .L25+28
 359 0060 FFF7FEFF 		bl	CYCONFIGCPY
 360              	.LVL25:
 346:Generated_Source\PSoC5/cyfitter_cfg.c **** 	/* Switch Boost to the precision bandgap reference from its internal reference */
 347:Generated_Source\PSoC5/cyfitter_cfg.c **** 	CY_SET_REG8((void CYXDATA *)CYREG_BOOST_CR2, (CY_GET_REG8((void CYXDATA *)CYREG_BOOST_CR2) | 0x08u
 361              		.loc 1 347 0
 362 0064 134A     		ldr	r2, .L25+32
 363 0066 1378     		ldrb	r3, [r2]	@ zero_extendqisi2
 364 0068 43F00803 		orr	r3, r3, #8
 365 006c 1370     		strb	r3, [r2]
 348:Generated_Source\PSoC5/cyfitter_cfg.c **** 
ARM GAS  C:\Users\z004e6he\AppData\Local\Temp\ccsqMnS9.s 			page 14


 349:Generated_Source\PSoC5/cyfitter_cfg.c **** 	/* Set Flash Cycles based on max possible frequency in case a glitch occurs during ClockSetup(). *
 350:Generated_Source\PSoC5/cyfitter_cfg.c **** 	CY_SET_XTND_REG8((void CYFAR *)(CYREG_CACHE_CC_CTL), (((CYDEV_INSTRUCT_CACHE_ENABLED) != 0) ? 0x61
 366              		.loc 1 350 0
 367 006e 124C     		ldr	r4, .L25+36
 368              	.LVL26:
 369 0070 6123     		movs	r3, #97
 370 0072 2370     		strb	r3, [r4]
 351:Generated_Source\PSoC5/cyfitter_cfg.c **** 	/* Setup clocks based on selections from Clock DWR */
 352:Generated_Source\PSoC5/cyfitter_cfg.c **** 	ClockSetup();
 371              		.loc 1 352 0
 372 0074 FFF7FEFF 		bl	ClockSetup
 373              	.LVL27:
 353:Generated_Source\PSoC5/cyfitter_cfg.c **** 	/* Set Flash Cycles based on newly configured 24.00MHz Bus Clock. */
 354:Generated_Source\PSoC5/cyfitter_cfg.c **** 	CY_SET_XTND_REG8((void CYFAR *)(CYREG_CACHE_CC_CTL), (((CYDEV_INSTRUCT_CACHE_ENABLED) != 0) ? 0x81
 374              		.loc 1 354 0
 375 0078 8123     		movs	r3, #129
 376 007a 2370     		strb	r3, [r4]
 355:Generated_Source\PSoC5/cyfitter_cfg.c **** 	CY_SET_XTND_REG8((void CYFAR *)(CYREG_PANTHER_WAITPIPE), 0x01u);
 377              		.loc 1 355 0
 378 007c 0122     		movs	r2, #1
 379 007e 0F4B     		ldr	r3, .L25+40
 380 0080 1A70     		strb	r2, [r3]
 356:Generated_Source\PSoC5/cyfitter_cfg.c **** 
 357:Generated_Source\PSoC5/cyfitter_cfg.c **** 	/* Perform basic analog initialization to defaults */
 358:Generated_Source\PSoC5/cyfitter_cfg.c **** 	AnalogSetDefault();
 381              		.loc 1 358 0
 382 0082 FFF7FEFF 		bl	AnalogSetDefault
 383              	.LVL28:
 359:Generated_Source\PSoC5/cyfitter_cfg.c **** 
 360:Generated_Source\PSoC5/cyfitter_cfg.c **** 	/* Configure alternate active mode */
 361:Generated_Source\PSoC5/cyfitter_cfg.c **** 	CYCONFIGCPY((void CYFAR *)CYDEV_PM_STBY_BASE, (const void CYFAR *)CYDEV_PM_ACT_BASE, 14u);
 384              		.loc 1 361 0
 385 0086 0E22     		movs	r2, #14
 386 0088 0D49     		ldr	r1, .L25+44
 387 008a 0E48     		ldr	r0, .L25+48
 388 008c FFF7FEFF 		bl	CYCONFIGCPY
 389              	.LVL29:
 390 0090 38BD     		pop	{r3, r4, r5, pc}
 391              	.L26:
 392 0092 00BF     		.align	2
 393              	.L25:
 394 0094 E8460040 		.word	1073759976
 395 0098 00000000 		.word	.LANCHOR0
 396 009c 03500140 		.word	1073827843
 397 00a0 02510040 		.word	1073762562
 398 00a4 08000048 		.word	1207959560
 399 00a8 12510040 		.word	1073762578
 400 00ac 10000048 		.word	1207959568
 401 00b0 32510040 		.word	1073762610
 402 00b4 22430040 		.word	1073759010
 403 00b8 00480040 		.word	1073760256
 404 00bc 04000840 		.word	1074266116
 405 00c0 A0430040 		.word	1073759136
 406 00c4 B0430040 		.word	1073759152
 407              		.cfi_endproc
 408              	.LFE7:
 409              		.size	cyfitter_cfg, .-cyfitter_cfg
ARM GAS  C:\Users\z004e6he\AppData\Local\Temp\ccsqMnS9.s 			page 15


 410              		.section	.rodata
 411              		.align	2
 412              		.set	.LANCHOR0,. + 0
 413              		.type	cfg_memset_list.4992, %object
 414              		.size	cfg_memset_list.4992, 54
 415              	cfg_memset_list.4992:
 416 0000 20510040 		.word	1073762592
 417 0004 1000     		.short	16
 418 0006 40510040 		.4byte	1073762624
 419 000a 3000     		.short	48
 420 000c C0510040 		.word	1073762752
 421 0010 1000     		.short	16
 422 0012 F0510040 		.4byte	1073762800
 423 0016 1000     		.short	16
 424 0018 00000140 		.word	1073807360
 425 001c 0010     		.short	4096
 426 001e 00140140 		.4byte	1073812480
 427 0022 0008     		.short	2048
 428 0024 00400140 		.word	1073823744
 429 0028 000A     		.short	2560
 430 002a 004C0140 		.4byte	1073826816
 431 002e 0002     		.short	512
 432 0030 00500140 		.word	1073827840
 433 0034 2000     		.short	32
 434              		.text
 435              	.Letext0:
 436              		.file 2 "c:\\program files (x86)\\cypress\\psoc creator\\4.4\\psoc creator\\import\\gnu\\arm\\5.4.
 437              		.file 3 "Generated_Source\\PSoC5\\cytypes.h"
 438              		.file 4 "Generated_Source\\PSoC5\\CyLib.h"
 439              		.section	.debug_info,"",%progbits
 440              	.Ldebug_info0:
 441 0000 F2030000 		.4byte	0x3f2
 442 0004 0400     		.2byte	0x4
 443 0006 00000000 		.4byte	.Ldebug_abbrev0
 444 000a 04       		.byte	0x4
 445 000b 01       		.uleb128 0x1
 446 000c 95000000 		.4byte	.LASF39
 447 0010 0C       		.byte	0xc
 448 0011 48020000 		.4byte	.LASF40
 449 0015 6E010000 		.4byte	.LASF41
 450 0019 00000000 		.4byte	.Ldebug_ranges0+0
 451 001d 00000000 		.4byte	0
 452 0021 00000000 		.4byte	.Ldebug_line0
 453 0025 02       		.uleb128 0x2
 454 0026 04       		.byte	0x4
 455 0027 05       		.byte	0x5
 456 0028 696E7400 		.ascii	"int\000"
 457 002c 03       		.uleb128 0x3
 458 002d 14000000 		.4byte	.LASF12
 459 0031 02       		.byte	0x2
 460 0032 D8       		.byte	0xd8
 461 0033 37000000 		.4byte	0x37
 462 0037 04       		.uleb128 0x4
 463 0038 04       		.byte	0x4
 464 0039 07       		.byte	0x7
 465 003a F8010000 		.4byte	.LASF0
 466 003e 04       		.uleb128 0x4
ARM GAS  C:\Users\z004e6he\AppData\Local\Temp\ccsqMnS9.s 			page 16


 467 003f 08       		.byte	0x8
 468 0040 05       		.byte	0x5
 469 0041 3A020000 		.4byte	.LASF1
 470 0045 04       		.uleb128 0x4
 471 0046 08       		.byte	0x8
 472 0047 04       		.byte	0x4
 473 0048 95020000 		.4byte	.LASF2
 474 004c 04       		.uleb128 0x4
 475 004d 01       		.byte	0x1
 476 004e 06       		.byte	0x6
 477 004f B3020000 		.4byte	.LASF3
 478 0053 04       		.uleb128 0x4
 479 0054 01       		.byte	0x1
 480 0055 08       		.byte	0x8
 481 0056 60010000 		.4byte	.LASF4
 482 005a 04       		.uleb128 0x4
 483 005b 02       		.byte	0x2
 484 005c 05       		.byte	0x5
 485 005d 75020000 		.4byte	.LASF5
 486 0061 04       		.uleb128 0x4
 487 0062 02       		.byte	0x2
 488 0063 07       		.byte	0x7
 489 0064 56000000 		.4byte	.LASF6
 490 0068 04       		.uleb128 0x4
 491 0069 04       		.byte	0x4
 492 006a 05       		.byte	0x5
 493 006b 87020000 		.4byte	.LASF7
 494 006f 04       		.uleb128 0x4
 495 0070 04       		.byte	0x4
 496 0071 07       		.byte	0x7
 497 0072 28010000 		.4byte	.LASF8
 498 0076 04       		.uleb128 0x4
 499 0077 08       		.byte	0x8
 500 0078 07       		.byte	0x7
 501 0079 0D020000 		.4byte	.LASF9
 502 007d 04       		.uleb128 0x4
 503 007e 04       		.byte	0x4
 504 007f 07       		.byte	0x7
 505 0080 31020000 		.4byte	.LASF10
 506 0084 05       		.uleb128 0x5
 507 0085 04       		.byte	0x4
 508 0086 04       		.uleb128 0x4
 509 0087 01       		.byte	0x1
 510 0088 08       		.byte	0x8
 511 0089 90020000 		.4byte	.LASF11
 512 008d 06       		.uleb128 0x6
 513 008e 3A010000 		.4byte	.LASF13
 514 0092 03       		.byte	0x3
 515 0093 E801     		.2byte	0x1e8
 516 0095 53000000 		.4byte	0x53
 517 0099 06       		.uleb128 0x6
 518 009a E0010000 		.4byte	.LASF14
 519 009e 03       		.byte	0x3
 520 009f E901     		.2byte	0x1e9
 521 00a1 61000000 		.4byte	0x61
 522 00a5 06       		.uleb128 0x6
 523 00a6 F1010000 		.4byte	.LASF15
ARM GAS  C:\Users\z004e6he\AppData\Local\Temp\ccsqMnS9.s 			page 17


 524 00aa 03       		.byte	0x3
 525 00ab EA01     		.2byte	0x1ea
 526 00ad 6F000000 		.4byte	0x6f
 527 00b1 04       		.uleb128 0x4
 528 00b2 04       		.byte	0x4
 529 00b3 04       		.byte	0x4
 530 00b4 71000000 		.4byte	.LASF16
 531 00b8 04       		.uleb128 0x4
 532 00b9 08       		.byte	0x8
 533 00ba 04       		.byte	0x4
 534 00bb CC010000 		.4byte	.LASF17
 535 00bf 06       		.uleb128 0x6
 536 00c0 23010000 		.4byte	.LASF18
 537 00c4 03       		.byte	0x3
 538 00c5 9202     		.2byte	0x292
 539 00c7 CB000000 		.4byte	0xcb
 540 00cb 07       		.uleb128 0x7
 541 00cc 8D000000 		.4byte	0x8d
 542 00d0 06       		.uleb128 0x6
 543 00d1 00000000 		.4byte	.LASF19
 544 00d5 03       		.byte	0x3
 545 00d6 9302     		.2byte	0x293
 546 00d8 DC000000 		.4byte	0xdc
 547 00dc 07       		.uleb128 0x7
 548 00dd 99000000 		.4byte	0x99
 549 00e1 08       		.uleb128 0x8
 550 00e2 77000000 		.4byte	.LASF42
 551 00e6 01       		.byte	0x1
 552 00e7 7F       		.byte	0x7f
 553 00e8 00000000 		.4byte	.LFB3
 554 00ec 02000000 		.4byte	.LFE3-.LFB3
 555 00f0 01       		.uleb128 0x1
 556 00f1 9C       		.byte	0x9c
 557 00f2 04010000 		.4byte	0x104
 558 00f6 09       		.uleb128 0x9
 559 00f7 E7010000 		.4byte	.LASF22
 560 00fb 01       		.byte	0x1
 561 00fc 7F       		.byte	0x7f
 562 00fd 8D000000 		.4byte	0x8d
 563 0101 01       		.uleb128 0x1
 564 0102 50       		.byte	0x50
 565 0103 00       		.byte	0
 566 0104 0A       		.uleb128 0xa
 567 0105 1B000000 		.4byte	.LASF20
 568 0109 01       		.byte	0x1
 569 010a ED       		.byte	0xed
 570 010b 00000000 		.4byte	.LFB5
 571 010f 28000000 		.4byte	.LFE5-.LFB5
 572 0113 01       		.uleb128 0x1
 573 0114 9C       		.byte	0x9c
 574 0115 29010000 		.4byte	0x129
 575 0119 0B       		.uleb128 0xb
 576 011a A1020000 		.4byte	.LASF24
 577 011e 01       		.byte	0x1
 578 011f EF       		.byte	0xef
 579 0120 8D000000 		.4byte	0x8d
 580 0124 00000000 		.4byte	.LLST0
ARM GAS  C:\Users\z004e6he\AppData\Local\Temp\ccsqMnS9.s 			page 18


 581 0128 00       		.byte	0
 582 0129 0A       		.uleb128 0xa
 583 012a 40010000 		.4byte	.LASF21
 584 012e 01       		.byte	0x1
 585 012f 4D       		.byte	0x4d
 586 0130 00000000 		.4byte	.LFB0
 587 0134 0C000000 		.4byte	.LFE0-.LFB0
 588 0138 01       		.uleb128 0x1
 589 0139 9C       		.byte	0x9c
 590 013a 76010000 		.4byte	0x176
 591 013e 0C       		.uleb128 0xc
 592 013f 7300     		.ascii	"s\000"
 593 0141 01       		.byte	0x1
 594 0142 4D       		.byte	0x4d
 595 0143 84000000 		.4byte	0x84
 596 0147 13000000 		.4byte	.LLST1
 597 014b 0C       		.uleb128 0xc
 598 014c 6E00     		.ascii	"n\000"
 599 014e 01       		.byte	0x1
 600 014f 4D       		.byte	0x4d
 601 0150 2C000000 		.4byte	0x2c
 602 0154 34000000 		.4byte	.LLST2
 603 0158 0D       		.uleb128 0xd
 604 0159 0A000000 		.4byte	.LVL5
 605 015d D8030000 		.4byte	0x3d8
 606 0161 0E       		.uleb128 0xe
 607 0162 01       		.uleb128 0x1
 608 0163 50       		.byte	0x50
 609 0164 03       		.uleb128 0x3
 610 0165 F3       		.byte	0xf3
 611 0166 01       		.uleb128 0x1
 612 0167 50       		.byte	0x50
 613 0168 0E       		.uleb128 0xe
 614 0169 01       		.uleb128 0x1
 615 016a 51       		.byte	0x51
 616 016b 01       		.uleb128 0x1
 617 016c 30       		.byte	0x30
 618 016d 0E       		.uleb128 0xe
 619 016e 01       		.uleb128 0x1
 620 016f 52       		.byte	0x52
 621 0170 03       		.uleb128 0x3
 622 0171 F3       		.byte	0xf3
 623 0172 01       		.uleb128 0x1
 624 0173 51       		.byte	0x51
 625 0174 00       		.byte	0
 626 0175 00       		.byte	0
 627 0176 0A       		.uleb128 0xa
 628 0177 44000000 		.4byte	.LASF23
 629 017b 01       		.byte	0x1
 630 017c B2       		.byte	0xb2
 631 017d 00000000 		.4byte	.LFB4
 632 0181 9C000000 		.4byte	.LFE4-.LFB4
 633 0185 01       		.uleb128 0x1
 634 0186 9C       		.byte	0x9c
 635 0187 CE010000 		.4byte	0x1ce
 636 018b 0B       		.uleb128 0xb
 637 018c 2C000000 		.4byte	.LASF25
ARM GAS  C:\Users\z004e6he\AppData\Local\Temp\ccsqMnS9.s 			page 19


 638 0190 01       		.byte	0x1
 639 0191 B4       		.byte	0xb4
 640 0192 A5000000 		.4byte	0xa5
 641 0196 60000000 		.4byte	.LLST3
 642 019a 0B       		.uleb128 0xb
 643 019b 69000000 		.4byte	.LASF26
 644 019f 01       		.byte	0x1
 645 01a0 B5       		.byte	0xb5
 646 01a1 8D000000 		.4byte	0x8d
 647 01a5 7F000000 		.4byte	.LLST4
 648 01a9 0F       		.uleb128 0xf
 649 01aa 4C000000 		.4byte	.LVL10
 650 01ae E1030000 		.4byte	0x3e1
 651 01b2 BE010000 		.4byte	0x1be
 652 01b6 0E       		.uleb128 0xe
 653 01b7 01       		.uleb128 0x1
 654 01b8 50       		.byte	0x50
 655 01b9 03       		.uleb128 0x3
 656 01ba 0A       		.byte	0xa
 657 01bb E001     		.2byte	0x1e0
 658 01bd 00       		.byte	0
 659 01be 0D       		.uleb128 0xd
 660 01bf 5C000000 		.4byte	.LVL12
 661 01c3 E1000000 		.4byte	0xe1
 662 01c7 0E       		.uleb128 0xe
 663 01c8 01       		.uleb128 0x1
 664 01c9 50       		.byte	0x50
 665 01ca 01       		.uleb128 0x1
 666 01cb 33       		.byte	0x33
 667 01cc 00       		.byte	0
 668 01cd 00       		.byte	0
 669 01ce 0A       		.uleb128 0xa
 670 01cf C8020000 		.4byte	.LASF27
 671 01d3 01       		.byte	0x1
 672 01d4 54       		.byte	0x54
 673 01d5 00000000 		.4byte	.LFB1
 674 01d9 08000000 		.4byte	.LFE1-.LFB1
 675 01dd 01       		.uleb128 0x1
 676 01de 9C       		.byte	0x9c
 677 01df 2E020000 		.4byte	0x22e
 678 01e3 10       		.uleb128 0x10
 679 01e4 8B000000 		.4byte	.LASF28
 680 01e8 01       		.byte	0x1
 681 01e9 54       		.byte	0x54
 682 01ea 84000000 		.4byte	0x84
 683 01ee A9000000 		.4byte	.LLST5
 684 01f2 0C       		.uleb128 0xc
 685 01f3 73726300 		.ascii	"src\000"
 686 01f7 01       		.byte	0x1
 687 01f8 54       		.byte	0x54
 688 01f9 2E020000 		.4byte	0x22e
 689 01fd CA000000 		.4byte	.LLST6
 690 0201 0C       		.uleb128 0xc
 691 0202 6E00     		.ascii	"n\000"
 692 0204 01       		.byte	0x1
 693 0205 54       		.byte	0x54
 694 0206 2C000000 		.4byte	0x2c
ARM GAS  C:\Users\z004e6he\AppData\Local\Temp\ccsqMnS9.s 			page 20


 695 020a EB000000 		.4byte	.LLST7
 696 020e 0D       		.uleb128 0xd
 697 020f 06000000 		.4byte	.LVL15
 698 0213 EC030000 		.4byte	0x3ec
 699 0217 0E       		.uleb128 0xe
 700 0218 01       		.uleb128 0x1
 701 0219 50       		.byte	0x50
 702 021a 03       		.uleb128 0x3
 703 021b F3       		.byte	0xf3
 704 021c 01       		.uleb128 0x1
 705 021d 50       		.byte	0x50
 706 021e 0E       		.uleb128 0xe
 707 021f 01       		.uleb128 0x1
 708 0220 51       		.byte	0x51
 709 0221 03       		.uleb128 0x3
 710 0222 F3       		.byte	0xf3
 711 0223 01       		.uleb128 0x1
 712 0224 51       		.byte	0x51
 713 0225 0E       		.uleb128 0xe
 714 0226 01       		.uleb128 0x1
 715 0227 52       		.byte	0x52
 716 0228 03       		.uleb128 0x3
 717 0229 F3       		.byte	0xf3
 718 022a 01       		.uleb128 0x1
 719 022b 52       		.byte	0x52
 720 022c 00       		.byte	0
 721 022d 00       		.byte	0
 722 022e 11       		.uleb128 0x11
 723 022f 04       		.byte	0x4
 724 0230 34020000 		.4byte	0x234
 725 0234 12       		.uleb128 0x12
 726 0235 13       		.uleb128 0x13
 727 0236 4A010000 		.4byte	.LASF31
 728 023a 01       		.byte	0x1
 729 023b 0701     		.2byte	0x107
 730 023d 00000000 		.4byte	.LFB6
 731 0241 10000000 		.4byte	.LFE6-.LFB6
 732 0245 01       		.uleb128 0x1
 733 0246 9C       		.byte	0x9c
 734 0247 68020000 		.4byte	0x268
 735 024b 14       		.uleb128 0x14
 736 024c 7F020000 		.4byte	.LASF29
 737 0250 01       		.byte	0x1
 738 0251 0701     		.2byte	0x107
 739 0253 8D000000 		.4byte	0x8d
 740 0257 01       		.uleb128 0x1
 741 0258 50       		.byte	0x50
 742 0259 15       		.uleb128 0x15
 743 025a BF020000 		.4byte	.LASF30
 744 025e 01       		.byte	0x1
 745 025f 0901     		.2byte	0x109
 746 0261 8D000000 		.4byte	0x8d
 747 0265 01       		.uleb128 0x1
 748 0266 53       		.byte	0x53
 749 0267 00       		.byte	0
 750 0268 13       		.uleb128 0x13
 751 0269 D3010000 		.4byte	.LASF32
ARM GAS  C:\Users\z004e6he\AppData\Local\Temp\ccsqMnS9.s 			page 21


 752 026d 01       		.byte	0x1
 753 026e 2901     		.2byte	0x129
 754 0270 00000000 		.4byte	.LFB7
 755 0274 C8000000 		.4byte	.LFE7-.LFB7
 756 0278 01       		.uleb128 0x1
 757 0279 9C       		.byte	0x9c
 758 027a D8030000 		.4byte	0x3d8
 759 027e 16       		.uleb128 0x16
 760 027f 0E000000 		.4byte	.LBB2
 761 0283 36000000 		.4byte	.LBE2-.LBB2
 762 0287 37030000 		.4byte	0x337
 763 028b 17       		.uleb128 0x17
 764 028c 06       		.byte	0x6
 765 028d 01       		.byte	0x1
 766 028e 3501     		.2byte	0x135
 767 0290 AF020000 		.4byte	0x2af
 768 0294 18       		.uleb128 0x18
 769 0295 05020000 		.4byte	.LASF33
 770 0299 01       		.byte	0x1
 771 029a 3601     		.2byte	0x136
 772 029c 84000000 		.4byte	0x84
 773 02a0 00       		.byte	0
 774 02a1 18       		.uleb128 0x18
 775 02a2 90000000 		.4byte	.LASF34
 776 02a6 01       		.byte	0x1
 777 02a7 3701     		.2byte	0x137
 778 02a9 99000000 		.4byte	0x99
 779 02ad 04       		.byte	0x4
 780 02ae 00       		.byte	0
 781 02af 06       		.uleb128 0x6
 782 02b0 24020000 		.4byte	.LASF35
 783 02b4 01       		.byte	0x1
 784 02b5 3801     		.2byte	0x138
 785 02b7 8B020000 		.4byte	0x28b
 786 02bb 19       		.uleb128 0x19
 787 02bc CB020000 		.4byte	0x2cb
 788 02c0 CB020000 		.4byte	0x2cb
 789 02c4 1A       		.uleb128 0x1a
 790 02c5 7D000000 		.4byte	0x7d
 791 02c9 08       		.byte	0x8
 792 02ca 00       		.byte	0
 793 02cb 1B       		.uleb128 0x1b
 794 02cc AF020000 		.4byte	0x2af
 795 02d0 15       		.uleb128 0x15
 796 02d1 34000000 		.4byte	.LASF36
 797 02d5 01       		.byte	0x1
 798 02d6 3A01     		.2byte	0x13a
 799 02d8 E2020000 		.4byte	0x2e2
 800 02dc 05       		.uleb128 0x5
 801 02dd 03       		.byte	0x3
 802 02de 00000000 		.4byte	cfg_memset_list.4992
 803 02e2 1B       		.uleb128 0x1b
 804 02e3 BB020000 		.4byte	0x2bb
 805 02e7 1C       		.uleb128 0x1c
 806 02e8 6900     		.ascii	"i\000"
 807 02ea 01       		.byte	0x1
 808 02eb 4701     		.2byte	0x147
ARM GAS  C:\Users\z004e6he\AppData\Local\Temp\ccsqMnS9.s 			page 22


 809 02ed 8D000000 		.4byte	0x8d
 810 02f1 0C010000 		.4byte	.LLST8
 811 02f5 1D       		.uleb128 0x1d
 812 02f6 12000000 		.4byte	.LBB3
 813 02fa 16000000 		.4byte	.LBE3-.LBB3
 814 02fe 1C       		.uleb128 0x1c
 815 02ff 6D7300   		.ascii	"ms\000"
 816 0302 01       		.byte	0x1
 817 0303 4C01     		.2byte	0x14c
 818 0305 0D030000 		.4byte	0x30d
 819 0309 36010000 		.4byte	.LLST9
 820 030d 11       		.uleb128 0x11
 821 030e 04       		.byte	0x4
 822 030f CB020000 		.4byte	0x2cb
 823 0313 0D       		.uleb128 0xd
 824 0314 28000000 		.4byte	.LVL20
 825 0318 29010000 		.4byte	0x129
 826 031c 0E       		.uleb128 0xe
 827 031d 01       		.uleb128 0x1
 828 031e 51       		.byte	0x51
 829 031f 14       		.uleb128 0x14
 830 0320 74       		.byte	0x74
 831 0321 00       		.sleb128 0
 832 0322 31       		.byte	0x31
 833 0323 24       		.byte	0x24
 834 0324 74       		.byte	0x74
 835 0325 00       		.sleb128 0
 836 0326 22       		.byte	0x22
 837 0327 31       		.byte	0x31
 838 0328 24       		.byte	0x24
 839 0329 75       		.byte	0x75
 840 032a 00       		.sleb128 0
 841 032b 22       		.byte	0x22
 842 032c 23       		.byte	0x23
 843 032d 04       		.uleb128 0x4
 844 032e 94       		.byte	0x94
 845 032f 02       		.byte	0x2
 846 0330 0A       		.byte	0xa
 847 0331 FFFF     		.2byte	0xffff
 848 0333 1A       		.byte	0x1a
 849 0334 00       		.byte	0
 850 0335 00       		.byte	0
 851 0336 00       		.byte	0
 852 0337 0F       		.uleb128 0xf
 853 0338 50000000 		.4byte	.LVL23
 854 033c CE010000 		.4byte	0x1ce
 855 0340 5A030000 		.4byte	0x35a
 856 0344 0E       		.uleb128 0xe
 857 0345 01       		.uleb128 0x1
 858 0346 50       		.byte	0x50
 859 0347 05       		.uleb128 0x5
 860 0348 0C       		.byte	0xc
 861 0349 02510040 		.4byte	0x40005102
 862 034d 0E       		.uleb128 0xe
 863 034e 01       		.uleb128 0x1
 864 034f 51       		.byte	0x51
 865 0350 03       		.uleb128 0x3
ARM GAS  C:\Users\z004e6he\AppData\Local\Temp\ccsqMnS9.s 			page 23


 866 0351 42       		.byte	0x42
 867 0352 4A       		.byte	0x4a
 868 0353 24       		.byte	0x24
 869 0354 0E       		.uleb128 0xe
 870 0355 01       		.uleb128 0x1
 871 0356 52       		.byte	0x52
 872 0357 01       		.uleb128 0x1
 873 0358 38       		.byte	0x38
 874 0359 00       		.byte	0
 875 035a 0F       		.uleb128 0xf
 876 035b 5A000000 		.4byte	.LVL24
 877 035f CE010000 		.4byte	0x1ce
 878 0363 7F030000 		.4byte	0x37f
 879 0367 0E       		.uleb128 0xe
 880 0368 01       		.uleb128 0x1
 881 0369 50       		.byte	0x50
 882 036a 05       		.uleb128 0x5
 883 036b 0C       		.byte	0xc
 884 036c 12510040 		.4byte	0x40005112
 885 0370 0E       		.uleb128 0xe
 886 0371 01       		.uleb128 0x1
 887 0372 51       		.byte	0x51
 888 0373 05       		.uleb128 0x5
 889 0374 0C       		.byte	0xc
 890 0375 08000048 		.4byte	0x48000008
 891 0379 0E       		.uleb128 0xe
 892 037a 01       		.uleb128 0x1
 893 037b 52       		.byte	0x52
 894 037c 01       		.uleb128 0x1
 895 037d 38       		.byte	0x38
 896 037e 00       		.byte	0
 897 037f 0F       		.uleb128 0xf
 898 0380 64000000 		.4byte	.LVL25
 899 0384 CE010000 		.4byte	0x1ce
 900 0388 A4030000 		.4byte	0x3a4
 901 038c 0E       		.uleb128 0xe
 902 038d 01       		.uleb128 0x1
 903 038e 50       		.byte	0x50
 904 038f 05       		.uleb128 0x5
 905 0390 0C       		.byte	0xc
 906 0391 32510040 		.4byte	0x40005132
 907 0395 0E       		.uleb128 0xe
 908 0396 01       		.uleb128 0x1
 909 0397 51       		.byte	0x51
 910 0398 05       		.uleb128 0x5
 911 0399 0C       		.byte	0xc
 912 039a 10000048 		.4byte	0x48000010
 913 039e 0E       		.uleb128 0xe
 914 039f 01       		.uleb128 0x1
 915 03a0 52       		.byte	0x52
 916 03a1 01       		.uleb128 0x1
 917 03a2 38       		.byte	0x38
 918 03a3 00       		.byte	0
 919 03a4 1E       		.uleb128 0x1e
 920 03a5 78000000 		.4byte	.LVL27
 921 03a9 76010000 		.4byte	0x176
 922 03ad 1E       		.uleb128 0x1e
ARM GAS  C:\Users\z004e6he\AppData\Local\Temp\ccsqMnS9.s 			page 24


 923 03ae 86000000 		.4byte	.LVL28
 924 03b2 04010000 		.4byte	0x104
 925 03b6 0D       		.uleb128 0xd
 926 03b7 90000000 		.4byte	.LVL29
 927 03bb CE010000 		.4byte	0x1ce
 928 03bf 0E       		.uleb128 0xe
 929 03c0 01       		.uleb128 0x1
 930 03c1 50       		.byte	0x50
 931 03c2 05       		.uleb128 0x5
 932 03c3 0C       		.byte	0xc
 933 03c4 B0430040 		.4byte	0x400043b0
 934 03c8 0E       		.uleb128 0xe
 935 03c9 01       		.uleb128 0x1
 936 03ca 51       		.byte	0x51
 937 03cb 05       		.uleb128 0x5
 938 03cc 0C       		.byte	0xc
 939 03cd A0430040 		.4byte	0x400043a0
 940 03d1 0E       		.uleb128 0xe
 941 03d2 01       		.uleb128 0x1
 942 03d3 52       		.byte	0x52
 943 03d4 01       		.uleb128 0x1
 944 03d5 3E       		.byte	0x3e
 945 03d6 00       		.byte	0
 946 03d7 00       		.byte	0
 947 03d8 1F       		.uleb128 0x1f
 948 03d9 4F000000 		.4byte	.LASF37
 949 03dd 4F000000 		.4byte	.LASF37
 950 03e1 20       		.uleb128 0x20
 951 03e2 06000000 		.4byte	.LASF43
 952 03e6 06000000 		.4byte	.LASF43
 953 03ea 04       		.byte	0x4
 954 03eb 79       		.byte	0x79
 955 03ec 1F       		.uleb128 0x1f
 956 03ed 6E020000 		.4byte	.LASF38
 957 03f1 6E020000 		.4byte	.LASF38
 958 03f5 00       		.byte	0
 959              		.section	.debug_abbrev,"",%progbits
 960              	.Ldebug_abbrev0:
 961 0000 01       		.uleb128 0x1
 962 0001 11       		.uleb128 0x11
 963 0002 01       		.byte	0x1
 964 0003 25       		.uleb128 0x25
 965 0004 0E       		.uleb128 0xe
 966 0005 13       		.uleb128 0x13
 967 0006 0B       		.uleb128 0xb
 968 0007 03       		.uleb128 0x3
 969 0008 0E       		.uleb128 0xe
 970 0009 1B       		.uleb128 0x1b
 971 000a 0E       		.uleb128 0xe
 972 000b 55       		.uleb128 0x55
 973 000c 17       		.uleb128 0x17
 974 000d 11       		.uleb128 0x11
 975 000e 01       		.uleb128 0x1
 976 000f 10       		.uleb128 0x10
 977 0010 17       		.uleb128 0x17
 978 0011 00       		.byte	0
 979 0012 00       		.byte	0
ARM GAS  C:\Users\z004e6he\AppData\Local\Temp\ccsqMnS9.s 			page 25


 980 0013 02       		.uleb128 0x2
 981 0014 24       		.uleb128 0x24
 982 0015 00       		.byte	0
 983 0016 0B       		.uleb128 0xb
 984 0017 0B       		.uleb128 0xb
 985 0018 3E       		.uleb128 0x3e
 986 0019 0B       		.uleb128 0xb
 987 001a 03       		.uleb128 0x3
 988 001b 08       		.uleb128 0x8
 989 001c 00       		.byte	0
 990 001d 00       		.byte	0
 991 001e 03       		.uleb128 0x3
 992 001f 16       		.uleb128 0x16
 993 0020 00       		.byte	0
 994 0021 03       		.uleb128 0x3
 995 0022 0E       		.uleb128 0xe
 996 0023 3A       		.uleb128 0x3a
 997 0024 0B       		.uleb128 0xb
 998 0025 3B       		.uleb128 0x3b
 999 0026 0B       		.uleb128 0xb
 1000 0027 49       		.uleb128 0x49
 1001 0028 13       		.uleb128 0x13
 1002 0029 00       		.byte	0
 1003 002a 00       		.byte	0
 1004 002b 04       		.uleb128 0x4
 1005 002c 24       		.uleb128 0x24
 1006 002d 00       		.byte	0
 1007 002e 0B       		.uleb128 0xb
 1008 002f 0B       		.uleb128 0xb
 1009 0030 3E       		.uleb128 0x3e
 1010 0031 0B       		.uleb128 0xb
 1011 0032 03       		.uleb128 0x3
 1012 0033 0E       		.uleb128 0xe
 1013 0034 00       		.byte	0
 1014 0035 00       		.byte	0
 1015 0036 05       		.uleb128 0x5
 1016 0037 0F       		.uleb128 0xf
 1017 0038 00       		.byte	0
 1018 0039 0B       		.uleb128 0xb
 1019 003a 0B       		.uleb128 0xb
 1020 003b 00       		.byte	0
 1021 003c 00       		.byte	0
 1022 003d 06       		.uleb128 0x6
 1023 003e 16       		.uleb128 0x16
 1024 003f 00       		.byte	0
 1025 0040 03       		.uleb128 0x3
 1026 0041 0E       		.uleb128 0xe
 1027 0042 3A       		.uleb128 0x3a
 1028 0043 0B       		.uleb128 0xb
 1029 0044 3B       		.uleb128 0x3b
 1030 0045 05       		.uleb128 0x5
 1031 0046 49       		.uleb128 0x49
 1032 0047 13       		.uleb128 0x13
 1033 0048 00       		.byte	0
 1034 0049 00       		.byte	0
 1035 004a 07       		.uleb128 0x7
 1036 004b 35       		.uleb128 0x35
ARM GAS  C:\Users\z004e6he\AppData\Local\Temp\ccsqMnS9.s 			page 26


 1037 004c 00       		.byte	0
 1038 004d 49       		.uleb128 0x49
 1039 004e 13       		.uleb128 0x13
 1040 004f 00       		.byte	0
 1041 0050 00       		.byte	0
 1042 0051 08       		.uleb128 0x8
 1043 0052 2E       		.uleb128 0x2e
 1044 0053 01       		.byte	0x1
 1045 0054 03       		.uleb128 0x3
 1046 0055 0E       		.uleb128 0xe
 1047 0056 3A       		.uleb128 0x3a
 1048 0057 0B       		.uleb128 0xb
 1049 0058 3B       		.uleb128 0x3b
 1050 0059 0B       		.uleb128 0xb
 1051 005a 27       		.uleb128 0x27
 1052 005b 19       		.uleb128 0x19
 1053 005c 8701     		.uleb128 0x87
 1054 005e 19       		.uleb128 0x19
 1055 005f 11       		.uleb128 0x11
 1056 0060 01       		.uleb128 0x1
 1057 0061 12       		.uleb128 0x12
 1058 0062 06       		.uleb128 0x6
 1059 0063 40       		.uleb128 0x40
 1060 0064 18       		.uleb128 0x18
 1061 0065 9742     		.uleb128 0x2117
 1062 0067 19       		.uleb128 0x19
 1063 0068 01       		.uleb128 0x1
 1064 0069 13       		.uleb128 0x13
 1065 006a 00       		.byte	0
 1066 006b 00       		.byte	0
 1067 006c 09       		.uleb128 0x9
 1068 006d 05       		.uleb128 0x5
 1069 006e 00       		.byte	0
 1070 006f 03       		.uleb128 0x3
 1071 0070 0E       		.uleb128 0xe
 1072 0071 3A       		.uleb128 0x3a
 1073 0072 0B       		.uleb128 0xb
 1074 0073 3B       		.uleb128 0x3b
 1075 0074 0B       		.uleb128 0xb
 1076 0075 49       		.uleb128 0x49
 1077 0076 13       		.uleb128 0x13
 1078 0077 02       		.uleb128 0x2
 1079 0078 18       		.uleb128 0x18
 1080 0079 00       		.byte	0
 1081 007a 00       		.byte	0
 1082 007b 0A       		.uleb128 0xa
 1083 007c 2E       		.uleb128 0x2e
 1084 007d 01       		.byte	0x1
 1085 007e 03       		.uleb128 0x3
 1086 007f 0E       		.uleb128 0xe
 1087 0080 3A       		.uleb128 0x3a
 1088 0081 0B       		.uleb128 0xb
 1089 0082 3B       		.uleb128 0x3b
 1090 0083 0B       		.uleb128 0xb
 1091 0084 27       		.uleb128 0x27
 1092 0085 19       		.uleb128 0x19
 1093 0086 11       		.uleb128 0x11
ARM GAS  C:\Users\z004e6he\AppData\Local\Temp\ccsqMnS9.s 			page 27


 1094 0087 01       		.uleb128 0x1
 1095 0088 12       		.uleb128 0x12
 1096 0089 06       		.uleb128 0x6
 1097 008a 40       		.uleb128 0x40
 1098 008b 18       		.uleb128 0x18
 1099 008c 9742     		.uleb128 0x2117
 1100 008e 19       		.uleb128 0x19
 1101 008f 01       		.uleb128 0x1
 1102 0090 13       		.uleb128 0x13
 1103 0091 00       		.byte	0
 1104 0092 00       		.byte	0
 1105 0093 0B       		.uleb128 0xb
 1106 0094 34       		.uleb128 0x34
 1107 0095 00       		.byte	0
 1108 0096 03       		.uleb128 0x3
 1109 0097 0E       		.uleb128 0xe
 1110 0098 3A       		.uleb128 0x3a
 1111 0099 0B       		.uleb128 0xb
 1112 009a 3B       		.uleb128 0x3b
 1113 009b 0B       		.uleb128 0xb
 1114 009c 49       		.uleb128 0x49
 1115 009d 13       		.uleb128 0x13
 1116 009e 02       		.uleb128 0x2
 1117 009f 17       		.uleb128 0x17
 1118 00a0 00       		.byte	0
 1119 00a1 00       		.byte	0
 1120 00a2 0C       		.uleb128 0xc
 1121 00a3 05       		.uleb128 0x5
 1122 00a4 00       		.byte	0
 1123 00a5 03       		.uleb128 0x3
 1124 00a6 08       		.uleb128 0x8
 1125 00a7 3A       		.uleb128 0x3a
 1126 00a8 0B       		.uleb128 0xb
 1127 00a9 3B       		.uleb128 0x3b
 1128 00aa 0B       		.uleb128 0xb
 1129 00ab 49       		.uleb128 0x49
 1130 00ac 13       		.uleb128 0x13
 1131 00ad 02       		.uleb128 0x2
 1132 00ae 17       		.uleb128 0x17
 1133 00af 00       		.byte	0
 1134 00b0 00       		.byte	0
 1135 00b1 0D       		.uleb128 0xd
 1136 00b2 898201   		.uleb128 0x4109
 1137 00b5 01       		.byte	0x1
 1138 00b6 11       		.uleb128 0x11
 1139 00b7 01       		.uleb128 0x1
 1140 00b8 31       		.uleb128 0x31
 1141 00b9 13       		.uleb128 0x13
 1142 00ba 00       		.byte	0
 1143 00bb 00       		.byte	0
 1144 00bc 0E       		.uleb128 0xe
 1145 00bd 8A8201   		.uleb128 0x410a
 1146 00c0 00       		.byte	0
 1147 00c1 02       		.uleb128 0x2
 1148 00c2 18       		.uleb128 0x18
 1149 00c3 9142     		.uleb128 0x2111
 1150 00c5 18       		.uleb128 0x18
ARM GAS  C:\Users\z004e6he\AppData\Local\Temp\ccsqMnS9.s 			page 28


 1151 00c6 00       		.byte	0
 1152 00c7 00       		.byte	0
 1153 00c8 0F       		.uleb128 0xf
 1154 00c9 898201   		.uleb128 0x4109
 1155 00cc 01       		.byte	0x1
 1156 00cd 11       		.uleb128 0x11
 1157 00ce 01       		.uleb128 0x1
 1158 00cf 31       		.uleb128 0x31
 1159 00d0 13       		.uleb128 0x13
 1160 00d1 01       		.uleb128 0x1
 1161 00d2 13       		.uleb128 0x13
 1162 00d3 00       		.byte	0
 1163 00d4 00       		.byte	0
 1164 00d5 10       		.uleb128 0x10
 1165 00d6 05       		.uleb128 0x5
 1166 00d7 00       		.byte	0
 1167 00d8 03       		.uleb128 0x3
 1168 00d9 0E       		.uleb128 0xe
 1169 00da 3A       		.uleb128 0x3a
 1170 00db 0B       		.uleb128 0xb
 1171 00dc 3B       		.uleb128 0x3b
 1172 00dd 0B       		.uleb128 0xb
 1173 00de 49       		.uleb128 0x49
 1174 00df 13       		.uleb128 0x13
 1175 00e0 02       		.uleb128 0x2
 1176 00e1 17       		.uleb128 0x17
 1177 00e2 00       		.byte	0
 1178 00e3 00       		.byte	0
 1179 00e4 11       		.uleb128 0x11
 1180 00e5 0F       		.uleb128 0xf
 1181 00e6 00       		.byte	0
 1182 00e7 0B       		.uleb128 0xb
 1183 00e8 0B       		.uleb128 0xb
 1184 00e9 49       		.uleb128 0x49
 1185 00ea 13       		.uleb128 0x13
 1186 00eb 00       		.byte	0
 1187 00ec 00       		.byte	0
 1188 00ed 12       		.uleb128 0x12
 1189 00ee 26       		.uleb128 0x26
 1190 00ef 00       		.byte	0
 1191 00f0 00       		.byte	0
 1192 00f1 00       		.byte	0
 1193 00f2 13       		.uleb128 0x13
 1194 00f3 2E       		.uleb128 0x2e
 1195 00f4 01       		.byte	0x1
 1196 00f5 3F       		.uleb128 0x3f
 1197 00f6 19       		.uleb128 0x19
 1198 00f7 03       		.uleb128 0x3
 1199 00f8 0E       		.uleb128 0xe
 1200 00f9 3A       		.uleb128 0x3a
 1201 00fa 0B       		.uleb128 0xb
 1202 00fb 3B       		.uleb128 0x3b
 1203 00fc 05       		.uleb128 0x5
 1204 00fd 27       		.uleb128 0x27
 1205 00fe 19       		.uleb128 0x19
 1206 00ff 11       		.uleb128 0x11
 1207 0100 01       		.uleb128 0x1
ARM GAS  C:\Users\z004e6he\AppData\Local\Temp\ccsqMnS9.s 			page 29


 1208 0101 12       		.uleb128 0x12
 1209 0102 06       		.uleb128 0x6
 1210 0103 40       		.uleb128 0x40
 1211 0104 18       		.uleb128 0x18
 1212 0105 9742     		.uleb128 0x2117
 1213 0107 19       		.uleb128 0x19
 1214 0108 01       		.uleb128 0x1
 1215 0109 13       		.uleb128 0x13
 1216 010a 00       		.byte	0
 1217 010b 00       		.byte	0
 1218 010c 14       		.uleb128 0x14
 1219 010d 05       		.uleb128 0x5
 1220 010e 00       		.byte	0
 1221 010f 03       		.uleb128 0x3
 1222 0110 0E       		.uleb128 0xe
 1223 0111 3A       		.uleb128 0x3a
 1224 0112 0B       		.uleb128 0xb
 1225 0113 3B       		.uleb128 0x3b
 1226 0114 05       		.uleb128 0x5
 1227 0115 49       		.uleb128 0x49
 1228 0116 13       		.uleb128 0x13
 1229 0117 02       		.uleb128 0x2
 1230 0118 18       		.uleb128 0x18
 1231 0119 00       		.byte	0
 1232 011a 00       		.byte	0
 1233 011b 15       		.uleb128 0x15
 1234 011c 34       		.uleb128 0x34
 1235 011d 00       		.byte	0
 1236 011e 03       		.uleb128 0x3
 1237 011f 0E       		.uleb128 0xe
 1238 0120 3A       		.uleb128 0x3a
 1239 0121 0B       		.uleb128 0xb
 1240 0122 3B       		.uleb128 0x3b
 1241 0123 05       		.uleb128 0x5
 1242 0124 49       		.uleb128 0x49
 1243 0125 13       		.uleb128 0x13
 1244 0126 02       		.uleb128 0x2
 1245 0127 18       		.uleb128 0x18
 1246 0128 00       		.byte	0
 1247 0129 00       		.byte	0
 1248 012a 16       		.uleb128 0x16
 1249 012b 0B       		.uleb128 0xb
 1250 012c 01       		.byte	0x1
 1251 012d 11       		.uleb128 0x11
 1252 012e 01       		.uleb128 0x1
 1253 012f 12       		.uleb128 0x12
 1254 0130 06       		.uleb128 0x6
 1255 0131 01       		.uleb128 0x1
 1256 0132 13       		.uleb128 0x13
 1257 0133 00       		.byte	0
 1258 0134 00       		.byte	0
 1259 0135 17       		.uleb128 0x17
 1260 0136 13       		.uleb128 0x13
 1261 0137 01       		.byte	0x1
 1262 0138 0B       		.uleb128 0xb
 1263 0139 0B       		.uleb128 0xb
 1264 013a 3A       		.uleb128 0x3a
ARM GAS  C:\Users\z004e6he\AppData\Local\Temp\ccsqMnS9.s 			page 30


 1265 013b 0B       		.uleb128 0xb
 1266 013c 3B       		.uleb128 0x3b
 1267 013d 05       		.uleb128 0x5
 1268 013e 01       		.uleb128 0x1
 1269 013f 13       		.uleb128 0x13
 1270 0140 00       		.byte	0
 1271 0141 00       		.byte	0
 1272 0142 18       		.uleb128 0x18
 1273 0143 0D       		.uleb128 0xd
 1274 0144 00       		.byte	0
 1275 0145 03       		.uleb128 0x3
 1276 0146 0E       		.uleb128 0xe
 1277 0147 3A       		.uleb128 0x3a
 1278 0148 0B       		.uleb128 0xb
 1279 0149 3B       		.uleb128 0x3b
 1280 014a 05       		.uleb128 0x5
 1281 014b 49       		.uleb128 0x49
 1282 014c 13       		.uleb128 0x13
 1283 014d 38       		.uleb128 0x38
 1284 014e 0B       		.uleb128 0xb
 1285 014f 00       		.byte	0
 1286 0150 00       		.byte	0
 1287 0151 19       		.uleb128 0x19
 1288 0152 01       		.uleb128 0x1
 1289 0153 01       		.byte	0x1
 1290 0154 49       		.uleb128 0x49
 1291 0155 13       		.uleb128 0x13
 1292 0156 01       		.uleb128 0x1
 1293 0157 13       		.uleb128 0x13
 1294 0158 00       		.byte	0
 1295 0159 00       		.byte	0
 1296 015a 1A       		.uleb128 0x1a
 1297 015b 21       		.uleb128 0x21
 1298 015c 00       		.byte	0
 1299 015d 49       		.uleb128 0x49
 1300 015e 13       		.uleb128 0x13
 1301 015f 2F       		.uleb128 0x2f
 1302 0160 0B       		.uleb128 0xb
 1303 0161 00       		.byte	0
 1304 0162 00       		.byte	0
 1305 0163 1B       		.uleb128 0x1b
 1306 0164 26       		.uleb128 0x26
 1307 0165 00       		.byte	0
 1308 0166 49       		.uleb128 0x49
 1309 0167 13       		.uleb128 0x13
 1310 0168 00       		.byte	0
 1311 0169 00       		.byte	0
 1312 016a 1C       		.uleb128 0x1c
 1313 016b 34       		.uleb128 0x34
 1314 016c 00       		.byte	0
 1315 016d 03       		.uleb128 0x3
 1316 016e 08       		.uleb128 0x8
 1317 016f 3A       		.uleb128 0x3a
 1318 0170 0B       		.uleb128 0xb
 1319 0171 3B       		.uleb128 0x3b
 1320 0172 05       		.uleb128 0x5
 1321 0173 49       		.uleb128 0x49
ARM GAS  C:\Users\z004e6he\AppData\Local\Temp\ccsqMnS9.s 			page 31


 1322 0174 13       		.uleb128 0x13
 1323 0175 02       		.uleb128 0x2
 1324 0176 17       		.uleb128 0x17
 1325 0177 00       		.byte	0
 1326 0178 00       		.byte	0
 1327 0179 1D       		.uleb128 0x1d
 1328 017a 0B       		.uleb128 0xb
 1329 017b 01       		.byte	0x1
 1330 017c 11       		.uleb128 0x11
 1331 017d 01       		.uleb128 0x1
 1332 017e 12       		.uleb128 0x12
 1333 017f 06       		.uleb128 0x6
 1334 0180 00       		.byte	0
 1335 0181 00       		.byte	0
 1336 0182 1E       		.uleb128 0x1e
 1337 0183 898201   		.uleb128 0x4109
 1338 0186 00       		.byte	0
 1339 0187 11       		.uleb128 0x11
 1340 0188 01       		.uleb128 0x1
 1341 0189 31       		.uleb128 0x31
 1342 018a 13       		.uleb128 0x13
 1343 018b 00       		.byte	0
 1344 018c 00       		.byte	0
 1345 018d 1F       		.uleb128 0x1f
 1346 018e 2E       		.uleb128 0x2e
 1347 018f 00       		.byte	0
 1348 0190 3F       		.uleb128 0x3f
 1349 0191 19       		.uleb128 0x19
 1350 0192 3C       		.uleb128 0x3c
 1351 0193 19       		.uleb128 0x19
 1352 0194 6E       		.uleb128 0x6e
 1353 0195 0E       		.uleb128 0xe
 1354 0196 03       		.uleb128 0x3
 1355 0197 0E       		.uleb128 0xe
 1356 0198 00       		.byte	0
 1357 0199 00       		.byte	0
 1358 019a 20       		.uleb128 0x20
 1359 019b 2E       		.uleb128 0x2e
 1360 019c 00       		.byte	0
 1361 019d 3F       		.uleb128 0x3f
 1362 019e 19       		.uleb128 0x19
 1363 019f 3C       		.uleb128 0x3c
 1364 01a0 19       		.uleb128 0x19
 1365 01a1 6E       		.uleb128 0x6e
 1366 01a2 0E       		.uleb128 0xe
 1367 01a3 03       		.uleb128 0x3
 1368 01a4 0E       		.uleb128 0xe
 1369 01a5 3A       		.uleb128 0x3a
 1370 01a6 0B       		.uleb128 0xb
 1371 01a7 3B       		.uleb128 0x3b
 1372 01a8 0B       		.uleb128 0xb
 1373 01a9 00       		.byte	0
 1374 01aa 00       		.byte	0
 1375 01ab 00       		.byte	0
 1376              		.section	.debug_loc,"",%progbits
 1377              	.Ldebug_loc0:
 1378              	.LLST0:
ARM GAS  C:\Users\z004e6he\AppData\Local\Temp\ccsqMnS9.s 			page 32


 1379 0000 06000000 		.4byte	.LVL1
 1380 0004 10000000 		.4byte	.LVL2
 1381 0008 0100     		.2byte	0x1
 1382 000a 53       		.byte	0x53
 1383 000b 00000000 		.4byte	0
 1384 000f 00000000 		.4byte	0
 1385              	.LLST1:
 1386 0013 00000000 		.4byte	.LVL3
 1387 0017 09000000 		.4byte	.LVL5-1
 1388 001b 0100     		.2byte	0x1
 1389 001d 50       		.byte	0x50
 1390 001e 09000000 		.4byte	.LVL5-1
 1391 0022 0C000000 		.4byte	.LFE0
 1392 0026 0400     		.2byte	0x4
 1393 0028 F3       		.byte	0xf3
 1394 0029 01       		.uleb128 0x1
 1395 002a 50       		.byte	0x50
 1396 002b 9F       		.byte	0x9f
 1397 002c 00000000 		.4byte	0
 1398 0030 00000000 		.4byte	0
 1399              	.LLST2:
 1400 0034 00000000 		.4byte	.LVL3
 1401 0038 06000000 		.4byte	.LVL4
 1402 003c 0100     		.2byte	0x1
 1403 003e 51       		.byte	0x51
 1404 003f 06000000 		.4byte	.LVL4
 1405 0043 09000000 		.4byte	.LVL5-1
 1406 0047 0100     		.2byte	0x1
 1407 0049 52       		.byte	0x52
 1408 004a 09000000 		.4byte	.LVL5-1
 1409 004e 0C000000 		.4byte	.LFE0
 1410 0052 0400     		.2byte	0x4
 1411 0054 F3       		.byte	0xf3
 1412 0055 01       		.uleb128 0x1
 1413 0056 51       		.byte	0x51
 1414 0057 9F       		.byte	0x9f
 1415 0058 00000000 		.4byte	0
 1416 005c 00000000 		.4byte	0
 1417              	.LLST3:
 1418 0060 2E000000 		.4byte	.LVL6
 1419 0064 34000000 		.4byte	.LVL7
 1420 0068 0200     		.2byte	0x2
 1421 006a 49       		.byte	0x49
 1422 006b 9F       		.byte	0x9f
 1423 006c 34000000 		.4byte	.LVL7
 1424 0070 7E000000 		.4byte	.LVL13
 1425 0074 0100     		.2byte	0x1
 1426 0076 55       		.byte	0x55
 1427 0077 00000000 		.4byte	0
 1428 007b 00000000 		.4byte	0
 1429              	.LLST4:
 1430 007f 2E000000 		.4byte	.LVL6
 1431 0083 34000000 		.4byte	.LVL7
 1432 0087 0200     		.2byte	0x2
 1433 0089 30       		.byte	0x30
 1434 008a 9F       		.byte	0x9f
 1435 008b 34000000 		.4byte	.LVL7
ARM GAS  C:\Users\z004e6he\AppData\Local\Temp\ccsqMnS9.s 			page 33


 1436 008f 40000000 		.4byte	.LVL8
 1437 0093 0100     		.2byte	0x1
 1438 0095 54       		.byte	0x54
 1439 0096 44000000 		.4byte	.LVL9
 1440 009a 7E000000 		.4byte	.LVL13
 1441 009e 0100     		.2byte	0x1
 1442 00a0 54       		.byte	0x54
 1443 00a1 00000000 		.4byte	0
 1444 00a5 00000000 		.4byte	0
 1445              	.LLST5:
 1446 00a9 00000000 		.4byte	.LVL14
 1447 00ad 05000000 		.4byte	.LVL15-1
 1448 00b1 0100     		.2byte	0x1
 1449 00b3 50       		.byte	0x50
 1450 00b4 05000000 		.4byte	.LVL15-1
 1451 00b8 08000000 		.4byte	.LFE1
 1452 00bc 0400     		.2byte	0x4
 1453 00be F3       		.byte	0xf3
 1454 00bf 01       		.uleb128 0x1
 1455 00c0 50       		.byte	0x50
 1456 00c1 9F       		.byte	0x9f
 1457 00c2 00000000 		.4byte	0
 1458 00c6 00000000 		.4byte	0
 1459              	.LLST6:
 1460 00ca 00000000 		.4byte	.LVL14
 1461 00ce 05000000 		.4byte	.LVL15-1
 1462 00d2 0100     		.2byte	0x1
 1463 00d4 51       		.byte	0x51
 1464 00d5 05000000 		.4byte	.LVL15-1
 1465 00d9 08000000 		.4byte	.LFE1
 1466 00dd 0400     		.2byte	0x4
 1467 00df F3       		.byte	0xf3
 1468 00e0 01       		.uleb128 0x1
 1469 00e1 51       		.byte	0x51
 1470 00e2 9F       		.byte	0x9f
 1471 00e3 00000000 		.4byte	0
 1472 00e7 00000000 		.4byte	0
 1473              	.LLST7:
 1474 00eb 00000000 		.4byte	.LVL14
 1475 00ef 05000000 		.4byte	.LVL15-1
 1476 00f3 0100     		.2byte	0x1
 1477 00f5 52       		.byte	0x52
 1478 00f6 05000000 		.4byte	.LVL15-1
 1479 00fa 08000000 		.4byte	.LFE1
 1480 00fe 0400     		.2byte	0x4
 1481 0100 F3       		.byte	0xf3
 1482 0101 01       		.uleb128 0x1
 1483 0102 52       		.byte	0x52
 1484 0103 9F       		.byte	0x9f
 1485 0104 00000000 		.4byte	0
 1486 0108 00000000 		.4byte	0
 1487              	.LLST8:
 1488 010c 0E000000 		.4byte	.LVL18
 1489 0110 12000000 		.4byte	.LVL19
 1490 0114 0200     		.2byte	0x2
 1491 0116 30       		.byte	0x30
 1492 0117 9F       		.byte	0x9f
ARM GAS  C:\Users\z004e6he\AppData\Local\Temp\ccsqMnS9.s 			page 34


 1493 0118 12000000 		.4byte	.LVL19
 1494 011c 2A000000 		.4byte	.LVL21
 1495 0120 0100     		.2byte	0x1
 1496 0122 54       		.byte	0x54
 1497 0123 2C000000 		.4byte	.LVL22
 1498 0127 70000000 		.4byte	.LVL26
 1499 012b 0100     		.2byte	0x1
 1500 012d 54       		.byte	0x54
 1501 012e 00000000 		.4byte	0
 1502 0132 00000000 		.4byte	0
 1503              	.LLST9:
 1504 0136 12000000 		.4byte	.LVL19
 1505 013a 2A000000 		.4byte	.LVL21
 1506 013e 0B00     		.2byte	0xb
 1507 0140 74       		.byte	0x74
 1508 0141 00       		.sleb128 0
 1509 0142 36       		.byte	0x36
 1510 0143 1E       		.byte	0x1e
 1511 0144 03       		.byte	0x3
 1512 0145 00000000 		.4byte	cfg_memset_list.4992
 1513 0149 22       		.byte	0x22
 1514 014a 9F       		.byte	0x9f
 1515 014b 2A000000 		.4byte	.LVL21
 1516 014f 2C000000 		.4byte	.LVL22
 1517 0153 0B00     		.2byte	0xb
 1518 0155 74       		.byte	0x74
 1519 0156 7F       		.sleb128 -1
 1520 0157 36       		.byte	0x36
 1521 0158 1E       		.byte	0x1e
 1522 0159 03       		.byte	0x3
 1523 015a 00000000 		.4byte	cfg_memset_list.4992
 1524 015e 22       		.byte	0x22
 1525 015f 9F       		.byte	0x9f
 1526 0160 00000000 		.4byte	0
 1527 0164 00000000 		.4byte	0
 1528              		.section	.debug_aranges,"",%progbits
 1529 0000 4C000000 		.4byte	0x4c
 1530 0004 0200     		.2byte	0x2
 1531 0006 00000000 		.4byte	.Ldebug_info0
 1532 000a 04       		.byte	0x4
 1533 000b 00       		.byte	0
 1534 000c 0000     		.2byte	0
 1535 000e 0000     		.2byte	0
 1536 0010 00000000 		.4byte	.LFB3
 1537 0014 02000000 		.4byte	.LFE3-.LFB3
 1538 0018 00000000 		.4byte	.LFB5
 1539 001c 28000000 		.4byte	.LFE5-.LFB5
 1540 0020 00000000 		.4byte	.LFB0
 1541 0024 0C000000 		.4byte	.LFE0-.LFB0
 1542 0028 00000000 		.4byte	.LFB4
 1543 002c 9C000000 		.4byte	.LFE4-.LFB4
 1544 0030 00000000 		.4byte	.LFB1
 1545 0034 08000000 		.4byte	.LFE1-.LFB1
 1546 0038 00000000 		.4byte	.LFB6
 1547 003c 10000000 		.4byte	.LFE6-.LFB6
 1548 0040 00000000 		.4byte	.LFB7
 1549 0044 C8000000 		.4byte	.LFE7-.LFB7
ARM GAS  C:\Users\z004e6he\AppData\Local\Temp\ccsqMnS9.s 			page 35


 1550 0048 00000000 		.4byte	0
 1551 004c 00000000 		.4byte	0
 1552              		.section	.debug_ranges,"",%progbits
 1553              	.Ldebug_ranges0:
 1554 0000 00000000 		.4byte	.LFB3
 1555 0004 02000000 		.4byte	.LFE3
 1556 0008 00000000 		.4byte	.LFB5
 1557 000c 28000000 		.4byte	.LFE5
 1558 0010 00000000 		.4byte	.LFB0
 1559 0014 0C000000 		.4byte	.LFE0
 1560 0018 00000000 		.4byte	.LFB4
 1561 001c 9C000000 		.4byte	.LFE4
 1562 0020 00000000 		.4byte	.LFB1
 1563 0024 08000000 		.4byte	.LFE1
 1564 0028 00000000 		.4byte	.LFB6
 1565 002c 10000000 		.4byte	.LFE6
 1566 0030 00000000 		.4byte	.LFB7
 1567 0034 C8000000 		.4byte	.LFE7
 1568 0038 00000000 		.4byte	0
 1569 003c 00000000 		.4byte	0
 1570              		.section	.debug_line,"",%progbits
 1571              	.Ldebug_line0:
 1572 0000 A3010000 		.section	.debug_str,"MS",%progbits,1
 1572      0200D600 
 1572      00000201 
 1572      FB0E0D00 
 1572      01010101 
 1573              	.LASF19:
 1574 0000 72656731 		.ascii	"reg16\000"
 1574      3600
 1575              	.LASF43:
 1576 0006 43794465 		.ascii	"CyDelayCycles\000"
 1576      6C617943 
 1576      79636C65 
 1576      7300
 1577              	.LASF12:
 1578 0014 73697A65 		.ascii	"size_t\000"
 1578      5F7400
 1579              	.LASF20:
 1580 001b 416E616C 		.ascii	"AnalogSetDefault\000"
 1580      6F675365 
 1580      74446566 
 1580      61756C74 
 1580      00
 1581              	.LASF25:
 1582 002c 74696D65 		.ascii	"timeout\000"
 1582      6F757400 
 1583              	.LASF36:
 1584 0034 6366675F 		.ascii	"cfg_memset_list\000"
 1584      6D656D73 
 1584      65745F6C 
 1584      69737400 
 1585              	.LASF23:
 1586 0044 436C6F63 		.ascii	"ClockSetup\000"
 1586      6B536574 
 1586      757000
 1587              	.LASF37:
ARM GAS  C:\Users\z004e6he\AppData\Local\Temp\ccsqMnS9.s 			page 36


 1588 004f 6D656D73 		.ascii	"memset\000"
 1588      657400
 1589              	.LASF6:
 1590 0056 73686F72 		.ascii	"short unsigned int\000"
 1590      7420756E 
 1590      7369676E 
 1590      65642069 
 1590      6E7400
 1591              	.LASF26:
 1592 0069 706C6C4C 		.ascii	"pllLock\000"
 1592      6F636B00 
 1593              	.LASF16:
 1594 0071 666C6F61 		.ascii	"float\000"
 1594      7400
 1595              	.LASF42:
 1596 0077 4379436C 		.ascii	"CyClockStartupError\000"
 1596      6F636B53 
 1596      74617274 
 1596      75704572 
 1596      726F7200 
 1597              	.LASF28:
 1598 008b 64657374 		.ascii	"dest\000"
 1598      00
 1599              	.LASF34:
 1600 0090 73697A65 		.ascii	"size\000"
 1600      00
 1601              	.LASF39:
 1602 0095 474E5520 		.ascii	"GNU C11 5.4.1 20160609 (release) [ARM/embedded-5-br"
 1602      43313120 
 1602      352E342E 
 1602      31203230 
 1602      31363036 
 1603 00c8 616E6368 		.ascii	"anch revision 237715] -mcpu=cortex-m3 -mthumb -g -O"
 1603      20726576 
 1603      6973696F 
 1603      6E203233 
 1603      37373135 
 1604 00fb 67202D66 		.ascii	"g -ffunction-sections -ffat-lto-objects\000"
 1604      66756E63 
 1604      74696F6E 
 1604      2D736563 
 1604      74696F6E 
 1605              	.LASF18:
 1606 0123 72656738 		.ascii	"reg8\000"
 1606      00
 1607              	.LASF8:
 1608 0128 6C6F6E67 		.ascii	"long unsigned int\000"
 1608      20756E73 
 1608      69676E65 
 1608      6420696E 
 1608      7400
 1609              	.LASF13:
 1610 013a 75696E74 		.ascii	"uint8\000"
 1610      3800
 1611              	.LASF21:
 1612 0140 43594D45 		.ascii	"CYMEMZERO\000"
 1612      4D5A4552 
ARM GAS  C:\Users\z004e6he\AppData\Local\Temp\ccsqMnS9.s 			page 37


 1612      4F00
 1613              	.LASF31:
 1614 014a 53657441 		.ascii	"SetAnalogRoutingPumps\000"
 1614      6E616C6F 
 1614      67526F75 
 1614      74696E67 
 1614      50756D70 
 1615              	.LASF4:
 1616 0160 756E7369 		.ascii	"unsigned char\000"
 1616      676E6564 
 1616      20636861 
 1616      7200
 1617              	.LASF41:
 1618 016e 433A5C55 		.ascii	"C:\\UserData\\z004e6he\\OneDrive - Siemens AG\\Docu"
 1618      73657244 
 1618      6174615C 
 1618      7A303034 
 1618      65366865 
 1619 019d 6D656E74 		.ascii	"ments\\PSoC Creator\\PSoC\\Project\\Design01.cydsn\000"
 1619      735C5053 
 1619      6F432043 
 1619      72656174 
 1619      6F725C50 
 1620              	.LASF17:
 1621 01cc 646F7562 		.ascii	"double\000"
 1621      6C6500
 1622              	.LASF32:
 1623 01d3 63796669 		.ascii	"cyfitter_cfg\000"
 1623      74746572 
 1623      5F636667 
 1623      00
 1624              	.LASF14:
 1625 01e0 75696E74 		.ascii	"uint16\000"
 1625      313600
 1626              	.LASF22:
 1627 01e7 6572726F 		.ascii	"errorCode\000"
 1627      72436F64 
 1627      6500
 1628              	.LASF15:
 1629 01f1 75696E74 		.ascii	"uint32\000"
 1629      333200
 1630              	.LASF0:
 1631 01f8 756E7369 		.ascii	"unsigned int\000"
 1631      676E6564 
 1631      20696E74 
 1631      00
 1632              	.LASF33:
 1633 0205 61646472 		.ascii	"address\000"
 1633      65737300 
 1634              	.LASF9:
 1635 020d 6C6F6E67 		.ascii	"long long unsigned int\000"
 1635      206C6F6E 
 1635      6720756E 
 1635      7369676E 
 1635      65642069 
 1636              	.LASF35:
 1637 0224 6366675F 		.ascii	"cfg_memset_t\000"
ARM GAS  C:\Users\z004e6he\AppData\Local\Temp\ccsqMnS9.s 			page 38


 1637      6D656D73 
 1637      65745F74 
 1637      00
 1638              	.LASF10:
 1639 0231 73697A65 		.ascii	"sizetype\000"
 1639      74797065 
 1639      00
 1640              	.LASF1:
 1641 023a 6C6F6E67 		.ascii	"long long int\000"
 1641      206C6F6E 
 1641      6720696E 
 1641      7400
 1642              	.LASF40:
 1643 0248 47656E65 		.ascii	"Generated_Source\\PSoC5\\cyfitter_cfg.c\000"
 1643      72617465 
 1643      645F536F 
 1643      75726365 
 1643      5C50536F 
 1644              	.LASF38:
 1645 026e 6D656D63 		.ascii	"memcpy\000"
 1645      707900
 1646              	.LASF5:
 1647 0275 73686F72 		.ascii	"short int\000"
 1647      7420696E 
 1647      7400
 1648              	.LASF29:
 1649 027f 656E6162 		.ascii	"enabled\000"
 1649      6C656400 
 1650              	.LASF7:
 1651 0287 6C6F6E67 		.ascii	"long int\000"
 1651      20696E74 
 1651      00
 1652              	.LASF11:
 1653 0290 63686172 		.ascii	"char\000"
 1653      00
 1654              	.LASF2:
 1655 0295 6C6F6E67 		.ascii	"long double\000"
 1655      20646F75 
 1655      626C6500 
 1656              	.LASF24:
 1657 02a1 62675F78 		.ascii	"bg_xover_inl_trim\000"
 1657      6F766572 
 1657      5F696E6C 
 1657      5F747269 
 1657      6D00
 1658              	.LASF3:
 1659 02b3 7369676E 		.ascii	"signed char\000"
 1659      65642063 
 1659      68617200 
 1660              	.LASF30:
 1661 02bf 72656756 		.ascii	"regValue\000"
 1661      616C7565 
 1661      00
 1662              	.LASF27:
 1663 02c8 4359434F 		.ascii	"CYCONFIGCPY\000"
 1663      4E464947 
 1663      43505900 
ARM GAS  C:\Users\z004e6he\AppData\Local\Temp\ccsqMnS9.s 			page 39


 1664              		.ident	"GCC: (GNU Tools for ARM Embedded Processors) 5.4.1 20160609 (release) [ARM/embedded-5-bran
