ARM GAS  C:\Users\z004e6he\AppData\Local\Temp\ccYDqOKk.s 			page 1


   1              		.syntax unified
   2              		.cpu cortex-m3
   3              		.fpu softvfp
   4              		.eabi_attribute 20, 1
   5              		.eabi_attribute 21, 1
   6              		.eabi_attribute 23, 3
   7              		.eabi_attribute 24, 1
   8              		.eabi_attribute 25, 1
   9              		.eabi_attribute 26, 1
  10              		.eabi_attribute 30, 1
  11              		.eabi_attribute 34, 1
  12              		.eabi_attribute 18, 4
  13              		.thumb
  14              		.syntax unified
  15              		.file	"cymetadata.c"
  16              		.text
  17              	.Ltext0:
  18              		.cfi_sections	.debug_frame
  19              		.global	cy_metadata
  20              		.global	cy_meta_flashprotect
  21              		.global	cy_meta_wonvl
  22              		.global	cy_meta_custnvl
  23              		.global	cy_meta_configecc
  24              		.section	.cyconfigecc,"a",%progbits
  25              		.align	2
  26              		.type	cy_meta_configecc, %object
  27              		.size	cy_meta_configecc, 2516
  28              	cy_meta_configecc:
  29 0000 03       		.byte	3
  30 0001 52       		.byte	82
  31 0002 00       		.byte	0
  32 0003 40       		.byte	64
  33 0004 04       		.byte	4
  34 0005 64       		.byte	100
  35 0006 00       		.byte	0
  36 0007 40       		.byte	64
  37 0008 01       		.byte	1
  38 0009 65       		.byte	101
  39 000a 00       		.byte	0
  40 000b 40       		.byte	64
  41 000c 14       		.byte	20
  42 000d 00       		.byte	0
  43 000e 01       		.byte	1
  44 000f 40       		.byte	64
  45 0010 34       		.byte	52
  46 0011 01       		.byte	1
  47 0012 01       		.byte	1
  48 0013 40       		.byte	64
  49 0014 54       		.byte	84
  50 0015 02       		.byte	2
  51 0016 01       		.byte	1
  52 0017 40       		.byte	64
  53 0018 3D       		.byte	61
  54 0019 03       		.byte	3
  55 001a 01       		.byte	1
  56 001b 40       		.byte	64
  57 001c 6B       		.byte	107
ARM GAS  C:\Users\z004e6he\AppData\Local\Temp\ccYDqOKk.s 			page 2


  58 001d 04       		.byte	4
  59 001e 01       		.byte	1
  60 001f 40       		.byte	64
  61 0020 4B       		.byte	75
  62 0021 05       		.byte	5
  63 0022 01       		.byte	1
  64 0023 40       		.byte	64
  65 0024 68       		.byte	104
  66 0025 06       		.byte	6
  67 0026 01       		.byte	1
  68 0027 40       		.byte	64
  69 0028 3F       		.byte	63
  70 0029 07       		.byte	7
  71 002a 01       		.byte	1
  72 002b 40       		.byte	64
  73 002c 01       		.byte	1
  74 002d 0B       		.byte	11
  75 002e 01       		.byte	1
  76 002f 40       		.byte	64
  77 0030 65       		.byte	101
  78 0031 0C       		.byte	12
  79 0032 01       		.byte	1
  80 0033 40       		.byte	64
  81 0034 35       		.byte	53
  82 0035 0D       		.byte	13
  83 0036 01       		.byte	1
  84 0037 40       		.byte	64
  85 0038 01       		.byte	1
  86 0039 0F       		.byte	15
  87 003a 01       		.byte	1
  88 003b 40       		.byte	64
  89 003c 1D       		.byte	29
  90 003d 14       		.byte	20
  91 003e 01       		.byte	1
  92 003f 40       		.byte	64
  93 0040 46       		.byte	70
  94 0041 15       		.byte	21
  95 0042 01       		.byte	1
  96 0043 40       		.byte	64
  97 0044 48       		.byte	72
  98 0045 16       		.byte	22
  99 0046 01       		.byte	1
 100 0047 40       		.byte	64
 101 0048 49       		.byte	73
 102 0049 17       		.byte	23
 103 004a 01       		.byte	1
 104 004b 40       		.byte	64
 105 004c 01       		.byte	1
 106 004d 1B       		.byte	27
 107 004e 01       		.byte	1
 108 004f 40       		.byte	64
 109 0050 05       		.byte	5
 110 0051 40       		.byte	64
 111 0052 01       		.byte	1
 112 0053 40       		.byte	64
 113 0054 03       		.byte	3
 114 0055 41       		.byte	65
ARM GAS  C:\Users\z004e6he\AppData\Local\Temp\ccYDqOKk.s 			page 3


 115 0056 01       		.byte	1
 116 0057 40       		.byte	64
 117 0058 04       		.byte	4
 118 0059 42       		.byte	66
 119 005a 01       		.byte	1
 120 005b 40       		.byte	64
 121 005c 02       		.byte	2
 122 005d 43       		.byte	67
 123 005e 01       		.byte	1
 124 005f 40       		.byte	64
 125 0060 04       		.byte	4
 126 0061 44       		.byte	68
 127 0062 01       		.byte	1
 128 0063 40       		.byte	64
 129 0064 05       		.byte	5
 130 0065 45       		.byte	69
 131 0066 01       		.byte	1
 132 0067 40       		.byte	64
 133 0068 04       		.byte	4
 134 0069 46       		.byte	70
 135 006a 01       		.byte	1
 136 006b 40       		.byte	64
 137 006c 01       		.byte	1
 138 006d 47       		.byte	71
 139 006e 01       		.byte	1
 140 006f 40       		.byte	64
 141 0070 07       		.byte	7
 142 0071 48       		.byte	72
 143 0072 01       		.byte	1
 144 0073 40       		.byte	64
 145 0074 0C       		.byte	12
 146 0075 49       		.byte	73
 147 0076 01       		.byte	1
 148 0077 40       		.byte	64
 149 0078 01       		.byte	1
 150 0079 4C       		.byte	76
 151 007a 01       		.byte	1
 152 007b 40       		.byte	64
 153 007c 02       		.byte	2
 154 007d 4D       		.byte	77
 155 007e 01       		.byte	1
 156 007f 40       		.byte	64
 157 0080 09       		.byte	9
 158 0081 50       		.byte	80
 159 0082 01       		.byte	1
 160 0083 40       		.byte	64
 161 0084 01       		.byte	1
 162 0085 51       		.byte	81
 163 0086 01       		.byte	1
 164 0087 40       		.byte	64
 165 0088 10       		.byte	16
 166 0089 40       		.byte	64
 167 008a 60       		.byte	96
 168 008b 83       		.byte	-125
 169 008c 61       		.byte	97
 170 008d 01       		.byte	1
 171 008e 26       		.byte	38
ARM GAS  C:\Users\z004e6he\AppData\Local\Temp\ccYDqOKk.s 			page 4


 172 008f 0F       		.byte	15
 173 0090 36       		.byte	54
 174 0091 08       		.byte	8
 175 0092 81       		.byte	-127
 176 0093 0F       		.byte	15
 177 0094 8D       		.byte	-115
 178 0095 0F       		.byte	15
 179 0096 24       		.byte	36
 180 0097 04       		.byte	4
 181 0098 40       		.byte	64
 182 0099 60       		.byte	96
 183 009a 41       		.byte	65
 184 009b 02       		.byte	2
 185 009c 49       		.byte	73
 186 009d FF       		.byte	-1
 187 009e 4A       		.byte	74
 188 009f FF       		.byte	-1
 189 00a0 4B       		.byte	75
 190 00a1 FF       		.byte	-1
 191 00a2 4D       		.byte	77
 192 00a3 A0       		.byte	-96
 193 00a4 4F       		.byte	79
 194 00a5 04       		.byte	4
 195 00a6 50       		.byte	80
 196 00a7 18       		.byte	24
 197 00a8 5A       		.byte	90
 198 00a9 04       		.byte	4
 199 00aa 5D       		.byte	93
 200 00ab 02       		.byte	2
 201 00ac 5F       		.byte	95
 202 00ad 01       		.byte	1
 203 00ae 60       		.byte	96
 204 00af 40       		.byte	64
 205 00b0 62       		.byte	98
 206 00b1 C0       		.byte	-64
 207 00b2 64       		.byte	100
 208 00b3 40       		.byte	64
 209 00b4 65       		.byte	101
 210 00b5 40       		.byte	64
 211 00b6 66       		.byte	102
 212 00b7 C0       		.byte	-64
 213 00b8 68       		.byte	104
 214 00b9 C0       		.byte	-64
 215 00ba 6A       		.byte	106
 216 00bb C0       		.byte	-64
 217 00bc 6C       		.byte	108
 218 00bd C0       		.byte	-64
 219 00be 6E       		.byte	110
 220 00bf C0       		.byte	-64
 221 00c0 00       		.byte	0
 222 00c1 40       		.byte	64
 223 00c2 02       		.byte	2
 224 00c3 01       		.byte	1
 225 00c4 04       		.byte	4
 226 00c5 10       		.byte	16
 227 00c6 05       		.byte	5
 228 00c7 40       		.byte	64
ARM GAS  C:\Users\z004e6he\AppData\Local\Temp\ccYDqOKk.s 			page 5


 229 00c8 07       		.byte	7
 230 00c9 10       		.byte	16
 231 00ca 0E       		.byte	14
 232 00cb 26       		.byte	38
 233 00cc 16       		.byte	22
 234 00cd 6A       		.byte	106
 235 00ce 1C       		.byte	28
 236 00cf 40       		.byte	64
 237 00d0 1D       		.byte	29
 238 00d1 40       		.byte	64
 239 00d2 1E       		.byte	30
 240 00d3 24       		.byte	36
 241 00d4 25       		.byte	37
 242 00d5 21       		.byte	33
 243 00d6 26       		.byte	38
 244 00d7 4C       		.byte	76
 245 00d8 27       		.byte	39
 246 00d9 10       		.byte	16
 247 00da 2C       		.byte	44
 248 00db 02       		.byte	2
 249 00dc 2E       		.byte	46
 250 00dd 24       		.byte	36
 251 00de 2F       		.byte	47
 252 00df 02       		.byte	2
 253 00e0 35       		.byte	53
 254 00e1 01       		.byte	1
 255 00e2 36       		.byte	54
 256 00e3 18       		.byte	24
 257 00e4 3C       		.byte	60
 258 00e5 90       		.byte	-112
 259 00e6 3D       		.byte	61
 260 00e7 02       		.byte	2
 261 00e8 3E       		.byte	62
 262 00e9 18       		.byte	24
 263 00ea 43       		.byte	67
 264 00eb 20       		.byte	32
 265 00ec 46       		.byte	70
 266 00ed 10       		.byte	16
 267 00ee 48       		.byte	72
 268 00ef 04       		.byte	4
 269 00f0 4B       		.byte	75
 270 00f1 10       		.byte	16
 271 00f2 4C       		.byte	76
 272 00f3 80       		.byte	-128
 273 00f4 4F       		.byte	79
 274 00f5 10       		.byte	16
 275 00f6 56       		.byte	86
 276 00f7 10       		.byte	16
 277 00f8 57       		.byte	87
 278 00f9 20       		.byte	32
 279 00fa 5D       		.byte	93
 280 00fb 01       		.byte	1
 281 00fc 5E       		.byte	94
 282 00fd 80       		.byte	-128
 283 00fe 5F       		.byte	95
 284 00ff 24       		.byte	36
 285 0100 65       		.byte	101
ARM GAS  C:\Users\z004e6he\AppData\Local\Temp\ccYDqOKk.s 			page 6


 286 0101 02       		.byte	2
 287 0102 6D       		.byte	109
 288 0103 30       		.byte	48
 289 0104 6F       		.byte	111
 290 0105 05       		.byte	5
 291 0106 74       		.byte	116
 292 0107 40       		.byte	64
 293 0108 75       		.byte	117
 294 0109 01       		.byte	1
 295 010a 76       		.byte	118
 296 010b 42       		.byte	66
 297 010c 7F       		.byte	127
 298 010d 02       		.byte	2
 299 010e 81       		.byte	-127
 300 010f 0A       		.byte	10
 301 0110 C0       		.byte	-64
 302 0111 E0       		.byte	-32
 303 0112 C2       		.byte	-62
 304 0113 E0       		.byte	-32
 305 0114 C4       		.byte	-60
 306 0115 F0       		.byte	-16
 307 0116 CA       		.byte	-54
 308 0117 70       		.byte	112
 309 0118 CC       		.byte	-52
 310 0119 E0       		.byte	-32
 311 011a CE       		.byte	-50
 312 011b F0       		.byte	-16
 313 011c D0       		.byte	-48
 314 011d 44       		.byte	68
 315 011e D2       		.byte	-46
 316 011f 24       		.byte	36
 317 0120 D6       		.byte	-42
 318 0121 F0       		.byte	-16
 319 0122 D8       		.byte	-40
 320 0123 80       		.byte	-128
 321 0124 DE       		.byte	-34
 322 0125 10       		.byte	16
 323 0126 E0       		.byte	-32
 324 0127 01       		.byte	1
 325 0128 01       		.byte	1
 326 0129 0F       		.byte	15
 327 012a 05       		.byte	5
 328 012b 0F       		.byte	15
 329 012c 09       		.byte	9
 330 012d 03       		.byte	3
 331 012e 0A       		.byte	10
 332 012f 0E       		.byte	14
 333 0130 0B       		.byte	11
 334 0131 0C       		.byte	12
 335 0132 0C       		.byte	12
 336 0133 05       		.byte	5
 337 0134 11       		.byte	17
 338 0135 05       		.byte	5
 339 0136 12       		.byte	18
 340 0137 19       		.byte	25
 341 0138 13       		.byte	19
 342 0139 0A       		.byte	10
ARM GAS  C:\Users\z004e6he\AppData\Local\Temp\ccYDqOKk.s 			page 7


 343 013a 16       		.byte	22
 344 013b 0F       		.byte	15
 345 013c 17       		.byte	23
 346 013d 0F       		.byte	15
 347 013e 1A       		.byte	26
 348 013f 0F       		.byte	15
 349 0140 1B       		.byte	27
 350 0141 0F       		.byte	15
 351 0142 1C       		.byte	28
 352 0143 06       		.byte	6
 353 0144 1E       		.byte	30
 354 0145 10       		.byte	16
 355 0146 22       		.byte	34
 356 0147 20       		.byte	32
 357 0148 26       		.byte	38
 358 0149 03       		.byte	3
 359 014a 28       		.byte	40
 360 014b 0F       		.byte	15
 361 014c 29       		.byte	41
 362 014d 05       		.byte	5
 363 014e 2B       		.byte	43
 364 014f 0A       		.byte	10
 365 0150 2D       		.byte	45
 366 0151 03       		.byte	3
 367 0152 2F       		.byte	47
 368 0153 0C       		.byte	12
 369 0154 30       		.byte	48
 370 0155 1F       		.byte	31
 371 0156 32       		.byte	50
 372 0157 20       		.byte	32
 373 0158 33       		.byte	51
 374 0159 0F       		.byte	15
 375 015a 3A       		.byte	58
 376 015b 02       		.byte	2
 377 015c 58       		.byte	88
 378 015d 04       		.byte	4
 379 015e 59       		.byte	89
 380 015f 04       		.byte	4
 381 0160 5C       		.byte	92
 382 0161 99       		.byte	-103
 383 0162 5F       		.byte	95
 384 0163 01       		.byte	1
 385 0164 80       		.byte	-128
 386 0165 92       		.byte	-110
 387 0166 82       		.byte	-126
 388 0167 60       		.byte	96
 389 0168 83       		.byte	-125
 390 0169 03       		.byte	3
 391 016a 84       		.byte	-124
 392 016b 01       		.byte	1
 393 016c 87       		.byte	-121
 394 016d 02       		.byte	2
 395 016e 8A       		.byte	-118
 396 016f 08       		.byte	8
 397 0170 8B       		.byte	-117
 398 0171 01       		.byte	1
 399 0172 8C       		.byte	-116
ARM GAS  C:\Users\z004e6he\AppData\Local\Temp\ccYDqOKk.s 			page 8


 400 0173 04       		.byte	4
 401 0174 8E       		.byte	-114
 402 0175 E0       		.byte	-32
 403 0176 90       		.byte	-112
 404 0177 0D       		.byte	13
 405 0178 94       		.byte	-108
 406 0179 5D       		.byte	93
 407 017a 96       		.byte	-106
 408 017b A2       		.byte	-94
 409 017c 98       		.byte	-104
 410 017d E2       		.byte	-30
 411 017e 9B       		.byte	-101
 412 017f 01       		.byte	1
 413 0180 9E       		.byte	-98
 414 0181 02       		.byte	2
 415 0182 9F       		.byte	-97
 416 0183 01       		.byte	1
 417 0184 A2       		.byte	-94
 418 0185 FF       		.byte	-1
 419 0186 A4       		.byte	-92
 420 0187 3D       		.byte	61
 421 0188 A6       		.byte	-90
 422 0189 C2       		.byte	-62
 423 018a A7       		.byte	-89
 424 018b 04       		.byte	4
 425 018c A8       		.byte	-88
 426 018d 01       		.byte	1
 427 018e AC       		.byte	-84
 428 018f 40       		.byte	64
 429 0190 AE       		.byte	-82
 430 0191 1D       		.byte	29
 431 0192 B1       		.byte	-79
 432 0193 07       		.byte	7
 433 0194 B2       		.byte	-78
 434 0195 FF       		.byte	-1
 435 0196 BB       		.byte	-69
 436 0197 02       		.byte	2
 437 0198 BE       		.byte	-66
 438 0199 04       		.byte	4
 439 019a C0       		.byte	-64
 440 019b 43       		.byte	67
 441 019c C1       		.byte	-63
 442 019d 05       		.byte	5
 443 019e C2       		.byte	-62
 444 019f 02       		.byte	2
 445 01a0 C9       		.byte	-55
 446 01a1 FF       		.byte	-1
 447 01a2 CA       		.byte	-54
 448 01a3 FF       		.byte	-1
 449 01a4 CB       		.byte	-53
 450 01a5 FF       		.byte	-1
 451 01a6 CF       		.byte	-49
 452 01a7 01       		.byte	1
 453 01a8 D0       		.byte	-48
 454 01a9 18       		.byte	24
 455 01aa D2       		.byte	-46
 456 01ab 01       		.byte	1
ARM GAS  C:\Users\z004e6he\AppData\Local\Temp\ccYDqOKk.s 			page 9


 457 01ac D3       		.byte	-45
 458 01ad 01       		.byte	1
 459 01ae D6       		.byte	-42
 460 01af 10       		.byte	16
 461 01b0 D8       		.byte	-40
 462 01b1 04       		.byte	4
 463 01b2 D9       		.byte	-39
 464 01b3 04       		.byte	4
 465 01b4 DA       		.byte	-38
 466 01b5 04       		.byte	4
 467 01b6 DB       		.byte	-37
 468 01b7 04       		.byte	4
 469 01b8 DC       		.byte	-36
 470 01b9 10       		.byte	16
 471 01ba DD       		.byte	-35
 472 01bb 99       		.byte	-103
 473 01bc DF       		.byte	-33
 474 01bd 01       		.byte	1
 475 01be E0       		.byte	-32
 476 01bf 40       		.byte	64
 477 01c0 E2       		.byte	-30
 478 01c1 40       		.byte	64
 479 01c2 E4       		.byte	-28
 480 01c3 40       		.byte	64
 481 01c4 E5       		.byte	-27
 482 01c5 40       		.byte	64
 483 01c6 E6       		.byte	-26
 484 01c7 80       		.byte	-128
 485 01c8 E8       		.byte	-24
 486 01c9 80       		.byte	-128
 487 01ca EA       		.byte	-22
 488 01cb 80       		.byte	-128
 489 01cc EC       		.byte	-20
 490 01cd 80       		.byte	-128
 491 01ce EE       		.byte	-18
 492 01cf 80       		.byte	-128
 493 01d0 01       		.byte	1
 494 01d1 88       		.byte	-120
 495 01d2 03       		.byte	3
 496 01d3 48       		.byte	72
 497 01d4 05       		.byte	5
 498 01d5 30       		.byte	48
 499 01d6 07       		.byte	7
 500 01d7 01       		.byte	1
 501 01d8 0A       		.byte	10
 502 01d9 80       		.byte	-128
 503 01da 0B       		.byte	11
 504 01db 19       		.byte	25
 505 01dc 0E       		.byte	14
 506 01dd 6A       		.byte	106
 507 01de 10       		.byte	16
 508 01df 48       		.byte	72
 509 01e0 12       		.byte	18
 510 01e1 02       		.byte	2
 511 01e2 13       		.byte	19
 512 01e3 08       		.byte	8
 513 01e4 16       		.byte	22
ARM GAS  C:\Users\z004e6he\AppData\Local\Temp\ccYDqOKk.s 			page 10


 514 01e5 48       		.byte	72
 515 01e6 17       		.byte	23
 516 01e7 04       		.byte	4
 517 01e8 19       		.byte	25
 518 01e9 04       		.byte	4
 519 01ea 1E       		.byte	30
 520 01eb 50       		.byte	80
 521 01ec 20       		.byte	32
 522 01ed 80       		.byte	-128
 523 01ee 21       		.byte	33
 524 01ef 01       		.byte	1
 525 01f0 22       		.byte	34
 526 01f1 02       		.byte	2
 527 01f2 27       		.byte	39
 528 01f3 20       		.byte	32
 529 01f4 29       		.byte	41
 530 01f5 04       		.byte	4
 531 01f6 2D       		.byte	45
 532 01f7 20       		.byte	32
 533 01f8 2E       		.byte	46
 534 01f9 40       		.byte	64
 535 01fa 30       		.byte	48
 536 01fb 40       		.byte	64
 537 01fc 32       		.byte	50
 538 01fd 10       		.byte	16
 539 01fe 36       		.byte	54
 540 01ff 14       		.byte	20
 541 0200 37       		.byte	55
 542 0201 01       		.byte	1
 543 0202 39       		.byte	57
 544 0203 02       		.byte	2
 545 0204 3B       		.byte	59
 546 0205 18       		.byte	24
 547 0206 3C       		.byte	60
 548 0207 02       		.byte	2
 549 0208 3D       		.byte	61
 550 0209 20       		.byte	32
 551 020a 3E       		.byte	62
 552 020b 08       		.byte	8
 553 020c 40       		.byte	64
 554 020d 40       		.byte	64
 555 020e 41       		.byte	65
 556 020f 20       		.byte	32
 557 0210 42       		.byte	66
 558 0211 20       		.byte	32
 559 0212 48       		.byte	72
 560 0213 01       		.byte	1
 561 0214 4A       		.byte	74
 562 0215 01       		.byte	1
 563 0216 68       		.byte	104
 564 0217 03       		.byte	3
 565 0218 80       		.byte	-128
 566 0219 40       		.byte	64
 567 021a 83       		.byte	-125
 568 021b 01       		.byte	1
 569 021c 90       		.byte	-112
 570 021d 40       		.byte	64
ARM GAS  C:\Users\z004e6he\AppData\Local\Temp\ccYDqOKk.s 			page 11


 571 021e 91       		.byte	-111
 572 021f 10       		.byte	16
 573 0220 95       		.byte	-107
 574 0221 01       		.byte	1
 575 0222 96       		.byte	-106
 576 0223 10       		.byte	16
 577 0224 97       		.byte	-105
 578 0225 04       		.byte	4
 579 0226 9A       		.byte	-102
 580 0227 41       		.byte	65
 581 0228 9B       		.byte	-101
 582 0229 05       		.byte	5
 583 022a 9E       		.byte	-98
 584 022b 28       		.byte	40
 585 022c 9F       		.byte	-97
 586 022d 20       		.byte	32
 587 022e A0       		.byte	-96
 588 022f 80       		.byte	-128
 589 0230 A1       		.byte	-95
 590 0231 30       		.byte	48
 591 0232 A2       		.byte	-94
 592 0233 14       		.byte	20
 593 0234 A4       		.byte	-92
 594 0235 06       		.byte	6
 595 0236 A5       		.byte	-91
 596 0237 08       		.byte	8
 597 0238 A6       		.byte	-90
 598 0239 01       		.byte	1
 599 023a C0       		.byte	-64
 600 023b CF       		.byte	-49
 601 023c C2       		.byte	-62
 602 023d FF       		.byte	-1
 603 023e C4       		.byte	-60
 604 023f 7F       		.byte	127
 605 0240 CA       		.byte	-54
 606 0241 32       		.byte	50
 607 0242 CC       		.byte	-52
 608 0243 EC       		.byte	-20
 609 0244 CE       		.byte	-50
 610 0245 E7       		.byte	-25
 611 0246 D0       		.byte	-48
 612 0247 07       		.byte	7
 613 0248 D2       		.byte	-46
 614 0249 08       		.byte	8
 615 024a 03       		.byte	3
 616 024b 01       		.byte	1
 617 024c 05       		.byte	5
 618 024d FF       		.byte	-1
 619 024e 06       		.byte	6
 620 024f 01       		.byte	1
 621 0250 09       		.byte	9
 622 0251 A9       		.byte	-87
 623 0252 0B       		.byte	11
 624 0253 54       		.byte	84
 625 0254 0F       		.byte	15
 626 0255 04       		.byte	4
 627 0256 11       		.byte	17
ARM GAS  C:\Users\z004e6he\AppData\Local\Temp\ccYDqOKk.s 			page 12


 628 0257 CC       		.byte	-52
 629 0258 13       		.byte	19
 630 0259 13       		.byte	19
 631 025a 17       		.byte	23
 632 025b 02       		.byte	2
 633 025c 19       		.byte	25
 634 025d 1A       		.byte	26
 635 025e 1B       		.byte	27
 636 025f 60       		.byte	96
 637 0260 1F       		.byte	31
 638 0261 B5       		.byte	-75
 639 0262 21       		.byte	33
 640 0263 4D       		.byte	77
 641 0264 22       		.byte	34
 642 0265 01       		.byte	1
 643 0266 23       		.byte	35
 644 0267 92       		.byte	-110
 645 0268 25       		.byte	37
 646 0269 04       		.byte	4
 647 026a 29       		.byte	41
 648 026b 02       		.byte	2
 649 026c 2D       		.byte	45
 650 026d A5       		.byte	-91
 651 026e 2F       		.byte	47
 652 026f 4A       		.byte	74
 653 0270 30       		.byte	48
 654 0271 01       		.byte	1
 655 0272 33       		.byte	51
 656 0273 FF       		.byte	-1
 657 0274 3F       		.byte	63
 658 0275 04       		.byte	4
 659 0276 40       		.byte	64
 660 0277 43       		.byte	67
 661 0278 41       		.byte	65
 662 0279 05       		.byte	5
 663 027a 42       		.byte	66
 664 027b 02       		.byte	2
 665 027c 49       		.byte	73
 666 027d FF       		.byte	-1
 667 027e 4A       		.byte	74
 668 027f FF       		.byte	-1
 669 0280 4B       		.byte	75
 670 0281 FF       		.byte	-1
 671 0282 4D       		.byte	77
 672 0283 83       		.byte	-125
 673 0284 4E       		.byte	78
 674 0285 03       		.byte	3
 675 0286 4F       		.byte	79
 676 0287 01       		.byte	1
 677 0288 50       		.byte	80
 678 0289 18       		.byte	24
 679 028a 58       		.byte	88
 680 028b 04       		.byte	4
 681 028c 59       		.byte	89
 682 028d 04       		.byte	4
 683 028e 5A       		.byte	90
 684 028f 04       		.byte	4
ARM GAS  C:\Users\z004e6he\AppData\Local\Temp\ccYDqOKk.s 			page 13


 685 0290 5C       		.byte	92
 686 0291 02       		.byte	2
 687 0292 5D       		.byte	93
 688 0293 09       		.byte	9
 689 0294 5F       		.byte	95
 690 0295 01       		.byte	1
 691 0296 60       		.byte	96
 692 0297 40       		.byte	64
 693 0298 62       		.byte	98
 694 0299 40       		.byte	64
 695 029a 64       		.byte	100
 696 029b 40       		.byte	64
 697 029c 65       		.byte	101
 698 029d 40       		.byte	64
 699 029e 66       		.byte	102
 700 029f 80       		.byte	-128
 701 02a0 68       		.byte	104
 702 02a1 80       		.byte	-128
 703 02a2 6A       		.byte	106
 704 02a3 80       		.byte	-128
 705 02a4 6C       		.byte	108
 706 02a5 80       		.byte	-128
 707 02a6 6E       		.byte	110
 708 02a7 80       		.byte	-128
 709 02a8 85       		.byte	-123
 710 02a9 46       		.byte	70
 711 02aa 86       		.byte	-122
 712 02ab 18       		.byte	24
 713 02ac 87       		.byte	-121
 714 02ad A9       		.byte	-87
 715 02ae 88       		.byte	-120
 716 02af 0F       		.byte	15
 717 02b0 89       		.byte	-119
 718 02b1 33       		.byte	51
 719 02b2 8B       		.byte	-117
 720 02b3 0C       		.byte	12
 721 02b4 8D       		.byte	-115
 722 02b5 40       		.byte	64
 723 02b6 8F       		.byte	-113
 724 02b7 13       		.byte	19
 725 02b8 90       		.byte	-112
 726 02b9 02       		.byte	2
 727 02ba 92       		.byte	-110
 728 02bb 01       		.byte	1
 729 02bc 93       		.byte	-109
 730 02bd 01       		.byte	1
 731 02be 95       		.byte	-107
 732 02bf 0E       		.byte	14
 733 02c0 96       		.byte	-106
 734 02c1 0F       		.byte	15
 735 02c2 97       		.byte	-105
 736 02c3 30       		.byte	48
 737 02c4 9A       		.byte	-102
 738 02c5 0F       		.byte	15
 739 02c6 9C       		.byte	-100
 740 02c7 07       		.byte	7
 741 02c8 9D       		.byte	-99
ARM GAS  C:\Users\z004e6he\AppData\Local\Temp\ccYDqOKk.s 			page 14


 742 02c9 2A       		.byte	42
 743 02ca 9E       		.byte	-98
 744 02cb 10       		.byte	16
 745 02cc 9F       		.byte	-97
 746 02cd 54       		.byte	84
 747 02ce A1       		.byte	-95
 748 02cf 80       		.byte	-128
 749 02d0 A2       		.byte	-94
 750 02d1 04       		.byte	4
 751 02d2 A3       		.byte	-93
 752 02d3 56       		.byte	86
 753 02d4 A8       		.byte	-88
 754 02d5 01       		.byte	1
 755 02d6 A9       		.byte	-87
 756 02d7 FF       		.byte	-1
 757 02d8 AA       		.byte	-86
 758 02d9 02       		.byte	2
 759 02da B3       		.byte	-77
 760 02db FF       		.byte	-1
 761 02dc B4       		.byte	-76
 762 02dd 1F       		.byte	31
 763 02de B8       		.byte	-72
 764 02df 08       		.byte	8
 765 02e0 BA       		.byte	-70
 766 02e1 20       		.byte	32
 767 02e2 BE       		.byte	-66
 768 02e3 04       		.byte	4
 769 02e4 C0       		.byte	-64
 770 02e5 13       		.byte	19
 771 02e6 C1       		.byte	-63
 772 02e7 05       		.byte	5
 773 02e8 C2       		.byte	-62
 774 02e9 02       		.byte	2
 775 02ea C5       		.byte	-59
 776 02eb EC       		.byte	-20
 777 02ec C6       		.byte	-58
 778 02ed 20       		.byte	32
 779 02ee C8       		.byte	-56
 780 02ef 0B       		.byte	11
 781 02f0 C9       		.byte	-55
 782 02f1 FF       		.byte	-1
 783 02f2 CA       		.byte	-54
 784 02f3 FF       		.byte	-1
 785 02f4 CB       		.byte	-53
 786 02f5 FF       		.byte	-1
 787 02f6 CD       		.byte	-51
 788 02f7 83       		.byte	-125
 789 02f8 CE       		.byte	-50
 790 02f9 03       		.byte	3
 791 02fa CF       		.byte	-49
 792 02fb 01       		.byte	1
 793 02fc D0       		.byte	-48
 794 02fd 18       		.byte	24
 795 02fe D2       		.byte	-46
 796 02ff 80       		.byte	-128
 797 0300 D8       		.byte	-40
 798 0301 04       		.byte	4
ARM GAS  C:\Users\z004e6he\AppData\Local\Temp\ccYDqOKk.s 			page 15


 799 0302 D9       		.byte	-39
 800 0303 04       		.byte	4
 801 0304 DA       		.byte	-38
 802 0305 04       		.byte	4
 803 0306 DB       		.byte	-37
 804 0307 04       		.byte	4
 805 0308 DC       		.byte	-36
 806 0309 19       		.byte	25
 807 030a DD       		.byte	-35
 808 030b 29       		.byte	41
 809 030c DF       		.byte	-33
 810 030d 01       		.byte	1
 811 030e E0       		.byte	-32
 812 030f 40       		.byte	64
 813 0310 E2       		.byte	-30
 814 0311 40       		.byte	64
 815 0312 E4       		.byte	-28
 816 0313 40       		.byte	64
 817 0314 E5       		.byte	-27
 818 0315 40       		.byte	64
 819 0316 E6       		.byte	-26
 820 0317 80       		.byte	-128
 821 0318 E8       		.byte	-24
 822 0319 80       		.byte	-128
 823 031a EA       		.byte	-22
 824 031b 80       		.byte	-128
 825 031c EC       		.byte	-20
 826 031d 80       		.byte	-128
 827 031e EE       		.byte	-18
 828 031f 80       		.byte	-128
 829 0320 00       		.byte	0
 830 0321 08       		.byte	8
 831 0322 04       		.byte	4
 832 0323 04       		.byte	4
 833 0324 06       		.byte	6
 834 0325 08       		.byte	8
 835 0326 0E       		.byte	14
 836 0327 6A       		.byte	106
 837 0328 10       		.byte	16
 838 0329 80       		.byte	-128
 839 032a 15       		.byte	21
 840 032b 10       		.byte	16
 841 032c 17       		.byte	23
 842 032d 01       		.byte	1
 843 032e 1B       		.byte	27
 844 032f 01       		.byte	1
 845 0330 1C       		.byte	28
 846 0331 04       		.byte	4
 847 0332 1D       		.byte	29
 848 0333 18       		.byte	24
 849 0334 20       		.byte	32
 850 0335 20       		.byte	32
 851 0336 24       		.byte	36
 852 0337 10       		.byte	16
 853 0338 25       		.byte	37
 854 0339 04       		.byte	4
 855 033a 26       		.byte	38
ARM GAS  C:\Users\z004e6he\AppData\Local\Temp\ccYDqOKk.s 			page 16


 856 033b 08       		.byte	8
 857 033c 29       		.byte	41
 858 033d 88       		.byte	-120
 859 033e 2B       		.byte	43
 860 033f 48       		.byte	72
 861 0340 2C       		.byte	44
 862 0341 40       		.byte	64
 863 0342 2F       		.byte	47
 864 0343 04       		.byte	4
 865 0344 30       		.byte	48
 866 0345 48       		.byte	72
 867 0346 31       		.byte	49
 868 0347 01       		.byte	1
 869 0348 32       		.byte	50
 870 0349 10       		.byte	16
 871 034a 35       		.byte	53
 872 034b 82       		.byte	-126
 873 034c 37       		.byte	55
 874 034d 08       		.byte	8
 875 034e 38       		.byte	56
 876 034f 82       		.byte	-126
 877 0350 39       		.byte	57
 878 0351 08       		.byte	8
 879 0352 3B       		.byte	59
 880 0353 18       		.byte	24
 881 0354 3C       		.byte	60
 882 0355 80       		.byte	-128
 883 0356 3D       		.byte	61
 884 0357 08       		.byte	8
 885 0358 3F       		.byte	63
 886 0359 90       		.byte	-112
 887 035a 40       		.byte	64
 888 035b 40       		.byte	64
 889 035c 41       		.byte	65
 890 035d 20       		.byte	32
 891 035e 42       		.byte	66
 892 035f 20       		.byte	32
 893 0360 45       		.byte	69
 894 0361 20       		.byte	32
 895 0362 46       		.byte	70
 896 0363 21       		.byte	33
 897 0364 48       		.byte	72
 898 0365 01       		.byte	1
 899 0366 4C       		.byte	76
 900 0367 02       		.byte	2
 901 0368 4D       		.byte	77
 902 0369 01       		.byte	1
 903 036a 4F       		.byte	79
 904 036b 04       		.byte	4
 905 036c 56       		.byte	86
 906 036d 20       		.byte	32
 907 036e 77       		.byte	119
 908 036f 40       		.byte	64
 909 0370 81       		.byte	-127
 910 0371 01       		.byte	1
 911 0372 82       		.byte	-126
 912 0373 08       		.byte	8
ARM GAS  C:\Users\z004e6he\AppData\Local\Temp\ccYDqOKk.s 			page 17


 913 0374 87       		.byte	-121
 914 0375 01       		.byte	1
 915 0376 90       		.byte	-112
 916 0377 40       		.byte	64
 917 0378 91       		.byte	-111
 918 0379 10       		.byte	16
 919 037a 92       		.byte	-110
 920 037b 40       		.byte	64
 921 037c 94       		.byte	-108
 922 037d 90       		.byte	-112
 923 037e 95       		.byte	-107
 924 037f 01       		.byte	1
 925 0380 96       		.byte	-106
 926 0381 A0       		.byte	-96
 927 0382 97       		.byte	-105
 928 0383 1C       		.byte	28
 929 0384 9A       		.byte	-102
 930 0385 09       		.byte	9
 931 0386 9B       		.byte	-101
 932 0387 01       		.byte	1
 933 0388 9C       		.byte	-100
 934 0389 40       		.byte	64
 935 038a 9D       		.byte	-99
 936 038b 98       		.byte	-104
 937 038c 9E       		.byte	-98
 938 038d 20       		.byte	32
 939 038e 9F       		.byte	-97
 940 038f 08       		.byte	8
 941 0390 A0       		.byte	-96
 942 0391 C3       		.byte	-61
 943 0392 A1       		.byte	-95
 944 0393 20       		.byte	32
 945 0394 A2       		.byte	-94
 946 0395 15       		.byte	21
 947 0396 A4       		.byte	-92
 948 0397 0C       		.byte	12
 949 0398 A5       		.byte	-91
 950 0399 08       		.byte	8
 951 039a A7       		.byte	-89
 952 039b 08       		.byte	8
 953 039c A8       		.byte	-88
 954 039d 10       		.byte	16
 955 039e AB       		.byte	-85
 956 039f 40       		.byte	64
 957 03a0 B6       		.byte	-74
 958 03a1 08       		.byte	8
 959 03a2 C0       		.byte	-64
 960 03a3 64       		.byte	100
 961 03a4 C2       		.byte	-62
 962 03a5 F0       		.byte	-16
 963 03a6 C4       		.byte	-60
 964 03a7 58       		.byte	88
 965 03a8 CA       		.byte	-54
 966 03a9 AF       		.byte	-81
 967 03aa CC       		.byte	-52
 968 03ab DF       		.byte	-33
 969 03ac CE       		.byte	-50
ARM GAS  C:\Users\z004e6he\AppData\Local\Temp\ccYDqOKk.s 			page 18


 970 03ad 7F       		.byte	127
 971 03ae D0       		.byte	-48
 972 03af 77       		.byte	119
 973 03b0 D2       		.byte	-46
 974 03b1 18       		.byte	24
 975 03b2 E4       		.byte	-28
 976 03b3 08       		.byte	8
 977 03b4 E8       		.byte	-24
 978 03b5 10       		.byte	16
 979 03b6 01       		.byte	1
 980 03b7 40       		.byte	64
 981 03b8 03       		.byte	3
 982 03b9 08       		.byte	8
 983 03ba 05       		.byte	5
 984 03bb 40       		.byte	64
 985 03bc 07       		.byte	7
 986 03bd 18       		.byte	24
 987 03be 09       		.byte	9
 988 03bf 50       		.byte	80
 989 03c0 0B       		.byte	11
 990 03c1 02       		.byte	2
 991 03c2 0D       		.byte	13
 992 03c3 0F       		.byte	15
 993 03c4 11       		.byte	17
 994 03c5 04       		.byte	4
 995 03c6 13       		.byte	19
 996 03c7 08       		.byte	8
 997 03c8 15       		.byte	21
 998 03c9 50       		.byte	80
 999 03ca 17       		.byte	23
 1000 03cb 01       		.byte	1
 1001 03cc 18       		.byte	24
 1002 03cd 01       		.byte	1
 1003 03ce 1B       		.byte	27
 1004 03cf 20       		.byte	32
 1005 03d0 1D       		.byte	29
 1006 03d1 80       		.byte	-128
 1007 03d2 23       		.byte	35
 1008 03d3 40       		.byte	64
 1009 03d4 28       		.byte	40
 1010 03d5 01       		.byte	1
 1011 03d6 29       		.byte	41
 1012 03d7 3F       		.byte	63
 1013 03d8 2D       		.byte	45
 1014 03d9 40       		.byte	64
 1015 03da 2E       		.byte	46
 1016 03db 02       		.byte	2
 1017 03dc 2F       		.byte	47
 1018 03dd 14       		.byte	20
 1019 03de 32       		.byte	50
 1020 03df 01       		.byte	1
 1021 03e0 34       		.byte	52
 1022 03e1 02       		.byte	2
 1023 03e2 35       		.byte	53
 1024 03e3 3F       		.byte	63
 1025 03e4 37       		.byte	55
 1026 03e5 C0       		.byte	-64
ARM GAS  C:\Users\z004e6he\AppData\Local\Temp\ccYDqOKk.s 			page 19


 1027 03e6 38       		.byte	56
 1028 03e7 08       		.byte	8
 1029 03e8 39       		.byte	57
 1030 03e9 A0       		.byte	-96
 1031 03ea 3E       		.byte	62
 1032 03eb 04       		.byte	4
 1033 03ec 3F       		.byte	63
 1034 03ed 40       		.byte	64
 1035 03ee 40       		.byte	64
 1036 03ef 34       		.byte	52
 1037 03f0 45       		.byte	69
 1038 03f1 02       		.byte	2
 1039 03f2 46       		.byte	70
 1040 03f3 05       		.byte	5
 1041 03f4 48       		.byte	72
 1042 03f5 05       		.byte	5
 1043 03f6 49       		.byte	73
 1044 03f7 FF       		.byte	-1
 1045 03f8 4A       		.byte	74
 1046 03f9 FF       		.byte	-1
 1047 03fa 4B       		.byte	75
 1048 03fb FF       		.byte	-1
 1049 03fc 4C       		.byte	76
 1050 03fd 42       		.byte	66
 1051 03fe 4D       		.byte	77
 1052 03ff A0       		.byte	-96
 1053 0400 4E       		.byte	78
 1054 0401 70       		.byte	112
 1055 0402 50       		.byte	80
 1056 0403 08       		.byte	8
 1057 0404 51       		.byte	81
 1058 0405 10       		.byte	16
 1059 0406 58       		.byte	88
 1060 0407 04       		.byte	4
 1061 0408 59       		.byte	89
 1062 0409 04       		.byte	4
 1063 040a 5A       		.byte	90
 1064 040b 04       		.byte	4
 1065 040c 5C       		.byte	92
 1066 040d 12       		.byte	18
 1067 040e 5D       		.byte	93
 1068 040f 01       		.byte	1
 1069 0410 5F       		.byte	95
 1070 0411 01       		.byte	1
 1071 0412 61       		.byte	97
 1072 0413 48       		.byte	72
 1073 0414 62       		.byte	98
 1074 0415 40       		.byte	64
 1075 0416 63       		.byte	99
 1076 0417 48       		.byte	72
 1077 0418 64       		.byte	100
 1078 0419 80       		.byte	-128
 1079 041a 65       		.byte	101
 1080 041b 48       		.byte	72
 1081 041c 66       		.byte	102
 1082 041d 80       		.byte	-128
 1083 041e 67       		.byte	103
ARM GAS  C:\Users\z004e6he\AppData\Local\Temp\ccYDqOKk.s 			page 20


 1084 041f 48       		.byte	72
 1085 0420 80       		.byte	-128
 1086 0421 03       		.byte	3
 1087 0422 81       		.byte	-127
 1088 0423 40       		.byte	64
 1089 0424 82       		.byte	-126
 1090 0425 10       		.byte	16
 1091 0426 83       		.byte	-125
 1092 0427 0B       		.byte	11
 1093 0428 84       		.byte	-124
 1094 0429 01       		.byte	1
 1095 042a 86       		.byte	-122
 1096 042b 06       		.byte	6
 1097 042c 87       		.byte	-121
 1098 042d 01       		.byte	1
 1099 042e 89       		.byte	-119
 1100 042f 40       		.byte	64
 1101 0430 8A       		.byte	-118
 1102 0431 80       		.byte	-128
 1103 0432 8B       		.byte	-117
 1104 0433 14       		.byte	20
 1105 0434 8C       		.byte	-116
 1106 0435 28       		.byte	40
 1107 0436 8D       		.byte	-115
 1108 0437 48       		.byte	72
 1109 0438 8E       		.byte	-114
 1110 0439 53       		.byte	83
 1111 043a 8F       		.byte	-113
 1112 043b 02       		.byte	2
 1113 043c 90       		.byte	-112
 1114 043d 02       		.byte	2
 1115 043e 91       		.byte	-111
 1116 043f 1F       		.byte	31
 1117 0440 92       		.byte	-110
 1118 0441 01       		.byte	1
 1119 0442 94       		.byte	-108
 1120 0443 08       		.byte	8
 1121 0444 95       		.byte	-107
 1122 0445 01       		.byte	1
 1123 0446 96       		.byte	-106
 1124 0447 23       		.byte	35
 1125 0448 99       		.byte	-103
 1126 0449 4F       		.byte	79
 1127 044a 9C       		.byte	-100
 1128 044b 40       		.byte	64
 1129 044c 9D       		.byte	-99
 1130 044d 03       		.byte	3
 1131 044e 9E       		.byte	-98
 1132 044f 2B       		.byte	43
 1133 0450 9F       		.byte	-97
 1134 0451 20       		.byte	32
 1135 0452 A0       		.byte	-96
 1136 0453 08       		.byte	8
 1137 0454 A1       		.byte	-95
 1138 0455 90       		.byte	-112
 1139 0456 A2       		.byte	-94
 1140 0457 10       		.byte	16
ARM GAS  C:\Users\z004e6he\AppData\Local\Temp\ccYDqOKk.s 			page 21


 1141 0458 A3       		.byte	-93
 1142 0459 0B       		.byte	11
 1143 045a A4       		.byte	-92
 1144 045b 0B       		.byte	11
 1145 045c A5       		.byte	-91
 1146 045d 01       		.byte	1
 1147 045e A6       		.byte	-90
 1148 045f 10       		.byte	16
 1149 0460 A8       		.byte	-88
 1150 0461 30       		.byte	48
 1151 0462 A9       		.byte	-87
 1152 0463 03       		.byte	3
 1153 0464 AA       		.byte	-86
 1154 0465 03       		.byte	3
 1155 0466 AC       		.byte	-84
 1156 0467 79       		.byte	121
 1157 0468 AD       		.byte	-83
 1158 0469 42       		.byte	66
 1159 046a AE       		.byte	-82
 1160 046b 04       		.byte	4
 1161 046c AF       		.byte	-81
 1162 046d 09       		.byte	9
 1163 046e B1       		.byte	-79
 1164 046f E0       		.byte	-32
 1165 0470 B3       		.byte	-77
 1166 0471 1F       		.byte	31
 1167 0472 B4       		.byte	-76
 1168 0473 07       		.byte	7
 1169 0474 B6       		.byte	-74
 1170 0475 F8       		.byte	-8
 1171 0476 B7       		.byte	-73
 1172 0477 40       		.byte	64
 1173 0478 B9       		.byte	-71
 1174 0479 82       		.byte	-126
 1175 047a BA       		.byte	-70
 1176 047b 20       		.byte	32
 1177 047c BF       		.byte	-65
 1178 047d 41       		.byte	65
 1179 047e D8       		.byte	-40
 1180 047f 04       		.byte	4
 1181 0480 D9       		.byte	-39
 1182 0481 04       		.byte	4
 1183 0482 DC       		.byte	-36
 1184 0483 11       		.byte	17
 1185 0484 DF       		.byte	-33
 1186 0485 01       		.byte	1
 1187 0486 00       		.byte	0
 1188 0487 24       		.byte	36
 1189 0488 01       		.byte	1
 1190 0489 80       		.byte	-128
 1191 048a 02       		.byte	2
 1192 048b 40       		.byte	64
 1193 048c 03       		.byte	3
 1194 048d 10       		.byte	16
 1195 048e 08       		.byte	8
 1196 048f 40       		.byte	64
 1197 0490 0B       		.byte	11
ARM GAS  C:\Users\z004e6he\AppData\Local\Temp\ccYDqOKk.s 			page 22


 1198 0491 90       		.byte	-112
 1199 0492 0F       		.byte	15
 1200 0493 08       		.byte	8
 1201 0494 10       		.byte	16
 1202 0495 86       		.byte	-122
 1203 0496 11       		.byte	17
 1204 0497 08       		.byte	8
 1205 0498 17       		.byte	23
 1206 0499 60       		.byte	96
 1207 049a 18       		.byte	24
 1208 049b 04       		.byte	4
 1209 049c 19       		.byte	25
 1210 049d 80       		.byte	-128
 1211 049e 1C       		.byte	28
 1212 049f 08       		.byte	8
 1213 04a0 1D       		.byte	29
 1214 04a1 08       		.byte	8
 1215 04a2 21       		.byte	33
 1216 04a3 01       		.byte	1
 1217 04a4 23       		.byte	35
 1218 04a5 11       		.byte	17
 1219 04a6 27       		.byte	39
 1220 04a7 05       		.byte	5
 1221 04a8 28       		.byte	40
 1222 04a9 40       		.byte	64
 1223 04aa 29       		.byte	41
 1224 04ab 89       		.byte	-119
 1225 04ac 2B       		.byte	43
 1226 04ad 89       		.byte	-119
 1227 04ae 2C       		.byte	44
 1228 04af 80       		.byte	-128
 1229 04b0 2D       		.byte	45
 1230 04b1 42       		.byte	66
 1231 04b2 2F       		.byte	47
 1232 04b3 04       		.byte	4
 1233 04b4 30       		.byte	48
 1234 04b5 8A       		.byte	-118
 1235 04b6 32       		.byte	50
 1236 04b7 50       		.byte	80
 1237 04b8 34       		.byte	52
 1238 04b9 04       		.byte	4
 1239 04ba 35       		.byte	53
 1240 04bb 01       		.byte	1
 1241 04bc 36       		.byte	54
 1242 04bd 80       		.byte	-128
 1243 04be 37       		.byte	55
 1244 04bf 28       		.byte	40
 1245 04c0 39       		.byte	57
 1246 04c1 45       		.byte	69
 1247 04c2 3A       		.byte	58
 1248 04c3 41       		.byte	65
 1249 04c4 3B       		.byte	59
 1250 04c5 10       		.byte	16
 1251 04c6 3D       		.byte	61
 1252 04c7 08       		.byte	8
 1253 04c8 3E       		.byte	62
 1254 04c9 80       		.byte	-128
ARM GAS  C:\Users\z004e6he\AppData\Local\Temp\ccYDqOKk.s 			page 23


 1255 04ca 3F       		.byte	63
 1256 04cb 12       		.byte	18
 1257 04cc 45       		.byte	69
 1258 04cd 08       		.byte	8
 1259 04ce 47       		.byte	71
 1260 04cf 01       		.byte	1
 1261 04d0 4F       		.byte	79
 1262 04d1 08       		.byte	8
 1263 04d2 56       		.byte	86
 1264 04d3 80       		.byte	-128
 1265 04d4 81       		.byte	-127
 1266 04d5 04       		.byte	4
 1267 04d6 82       		.byte	-126
 1268 04d7 01       		.byte	1
 1269 04d8 84       		.byte	-124
 1270 04d9 02       		.byte	2
 1271 04da 85       		.byte	-123
 1272 04db 04       		.byte	4
 1273 04dc 93       		.byte	-109
 1274 04dd 08       		.byte	8
 1275 04de 94       		.byte	-108
 1276 04df 82       		.byte	-126
 1277 04e0 95       		.byte	-107
 1278 04e1 08       		.byte	8
 1279 04e2 96       		.byte	-106
 1280 04e3 A0       		.byte	-96
 1281 04e4 97       		.byte	-105
 1282 04e5 10       		.byte	16
 1283 04e6 9B       		.byte	-101
 1284 04e7 40       		.byte	64
 1285 04e8 9C       		.byte	-100
 1286 04e9 40       		.byte	64
 1287 04ea 9D       		.byte	-99
 1288 04eb 8A       		.byte	-118
 1289 04ec 9F       		.byte	-97
 1290 04ed 08       		.byte	8
 1291 04ee A0       		.byte	-96
 1292 04ef 50       		.byte	80
 1293 04f0 A1       		.byte	-95
 1294 04f1 04       		.byte	4
 1295 04f2 A4       		.byte	-92
 1296 04f3 0C       		.byte	12
 1297 04f4 A7       		.byte	-89
 1298 04f5 08       		.byte	8
 1299 04f6 C0       		.byte	-64
 1300 04f7 0F       		.byte	15
 1301 04f8 C2       		.byte	-62
 1302 04f9 4D       		.byte	77
 1303 04fa C4       		.byte	-60
 1304 04fb CF       		.byte	-49
 1305 04fc CA       		.byte	-54
 1306 04fd BF       		.byte	-65
 1307 04fe CC       		.byte	-52
 1308 04ff FF       		.byte	-1
 1309 0500 CE       		.byte	-50
 1310 0501 FF       		.byte	-1
 1311 0502 D0       		.byte	-48
ARM GAS  C:\Users\z004e6he\AppData\Local\Temp\ccYDqOKk.s 			page 24


 1312 0503 C0       		.byte	-64
 1313 0504 E4       		.byte	-28
 1314 0505 08       		.byte	8
 1315 0506 01       		.byte	1
 1316 0507 02       		.byte	2
 1317 0508 03       		.byte	3
 1318 0509 04       		.byte	4
 1319 050a 06       		.byte	6
 1320 050b 30       		.byte	48
 1321 050c 09       		.byte	9
 1322 050d 01       		.byte	1
 1323 050e 0A       		.byte	10
 1324 050f 20       		.byte	32
 1325 0510 0B       		.byte	11
 1326 0511 14       		.byte	20
 1327 0512 10       		.byte	16
 1328 0513 32       		.byte	50
 1329 0514 12       		.byte	18
 1330 0515 0C       		.byte	12
 1331 0516 14       		.byte	20
 1332 0517 07       		.byte	7
 1333 0518 15       		.byte	21
 1334 0519 01       		.byte	1
 1335 051a 16       		.byte	22
 1336 051b 18       		.byte	24
 1337 051c 17       		.byte	23
 1338 051d 0C       		.byte	12
 1339 051e 1B       		.byte	27
 1340 051f 18       		.byte	24
 1341 0520 1E       		.byte	30
 1342 0521 0D       		.byte	13
 1343 0522 24       		.byte	36
 1344 0523 07       		.byte	7
 1345 0524 26       		.byte	38
 1346 0525 38       		.byte	56
 1347 0526 2B       		.byte	43
 1348 0527 08       		.byte	8
 1349 0528 2D       		.byte	45
 1350 0529 18       		.byte	24
 1351 052a 2F       		.byte	47
 1352 052b 05       		.byte	5
 1353 052c 30       		.byte	48
 1354 052d 3C       		.byte	60
 1355 052e 32       		.byte	50
 1356 052f 03       		.byte	3
 1357 0530 33       		.byte	51
 1358 0531 03       		.byte	3
 1359 0532 35       		.byte	53
 1360 0533 1C       		.byte	28
 1361 0534 38       		.byte	56
 1362 0535 08       		.byte	8
 1363 0536 39       		.byte	57
 1364 0537 08       		.byte	8
 1365 0538 3A       		.byte	58
 1366 0539 02       		.byte	2
 1367 053a 3B       		.byte	59
 1368 053b 20       		.byte	32
ARM GAS  C:\Users\z004e6he\AppData\Local\Temp\ccYDqOKk.s 			page 25


 1369 053c 3E       		.byte	62
 1370 053d 04       		.byte	4
 1371 053e 40       		.byte	64
 1372 053f 03       		.byte	3
 1373 0540 47       		.byte	71
 1374 0541 04       		.byte	4
 1375 0542 49       		.byte	73
 1376 0543 FF       		.byte	-1
 1377 0544 4A       		.byte	74
 1378 0545 07       		.byte	7
 1379 0546 4B       		.byte	75
 1380 0547 FF       		.byte	-1
 1381 0548 4C       		.byte	76
 1382 0549 40       		.byte	64
 1383 054a 4D       		.byte	77
 1384 054b 20       		.byte	32
 1385 054c 4E       		.byte	78
 1386 054d F0       		.byte	-16
 1387 054e 4F       		.byte	79
 1388 054f 05       		.byte	5
 1389 0550 50       		.byte	80
 1390 0551 08       		.byte	8
 1391 0552 58       		.byte	88
 1392 0553 04       		.byte	4
 1393 0554 59       		.byte	89
 1394 0555 04       		.byte	4
 1395 0556 5A       		.byte	90
 1396 0557 04       		.byte	4
 1397 0558 5C       		.byte	92
 1398 0559 33       		.byte	51
 1399 055a 5D       		.byte	93
 1400 055b 03       		.byte	3
 1401 055c 5F       		.byte	95
 1402 055d 01       		.byte	1
 1403 055e 60       		.byte	96
 1404 055f 40       		.byte	64
 1405 0560 61       		.byte	97
 1406 0561 A8       		.byte	-88
 1407 0562 62       		.byte	98
 1408 0563 40       		.byte	64
 1409 0564 63       		.byte	99
 1410 0565 20       		.byte	32
 1411 0566 84       		.byte	-124
 1412 0567 23       		.byte	35
 1413 0568 85       		.byte	-123
 1414 0569 0C       		.byte	12
 1415 056a 86       		.byte	-122
 1416 056b 04       		.byte	4
 1417 056c 87       		.byte	-121
 1418 056d 11       		.byte	17
 1419 056e 8A       		.byte	-118
 1420 056f 08       		.byte	8
 1421 0570 8C       		.byte	-116
 1422 0571 0A       		.byte	10
 1423 0572 8D       		.byte	-115
 1424 0573 1C       		.byte	28
 1425 0574 8E       		.byte	-114
ARM GAS  C:\Users\z004e6he\AppData\Local\Temp\ccYDqOKk.s 			page 26


 1426 0575 24       		.byte	36
 1427 0576 8F       		.byte	-113
 1428 0577 02       		.byte	2
 1429 0578 93       		.byte	-109
 1430 0579 03       		.byte	3
 1431 057a 94       		.byte	-108
 1432 057b 23       		.byte	35
 1433 057c 95       		.byte	-107
 1434 057d 09       		.byte	9
 1435 057e 96       		.byte	-106
 1436 057f 0C       		.byte	12
 1437 0580 97       		.byte	-105
 1438 0581 10       		.byte	16
 1439 0582 99       		.byte	-103
 1440 0583 14       		.byte	20
 1441 0584 9C       		.byte	-100
 1442 0585 10       		.byte	16
 1443 0586 A1       		.byte	-95
 1444 0587 20       		.byte	32
 1445 0588 A2       		.byte	-94
 1446 0589 25       		.byte	37
 1447 058a A5       		.byte	-91
 1448 058b 10       		.byte	16
 1449 058c A7       		.byte	-89
 1450 058d 0C       		.byte	12
 1451 058e A8       		.byte	-88
 1452 058f 03       		.byte	3
 1453 0590 A9       		.byte	-87
 1454 0591 10       		.byte	16
 1455 0592 AA       		.byte	-86
 1456 0593 24       		.byte	36
 1457 0594 B0       		.byte	-80
 1458 0595 20       		.byte	32
 1459 0596 B1       		.byte	-79
 1460 0597 1F       		.byte	31
 1461 0598 B2       		.byte	-78
 1462 0599 0F       		.byte	15
 1463 059a B3       		.byte	-77
 1464 059b 20       		.byte	32
 1465 059c B4       		.byte	-76
 1466 059d 10       		.byte	16
 1467 059e BA       		.byte	-70
 1468 059f 08       		.byte	8
 1469 05a0 BE       		.byte	-66
 1470 05a1 11       		.byte	17
 1471 05a2 BF       		.byte	-65
 1472 05a3 04       		.byte	4
 1473 05a4 C0       		.byte	-64
 1474 05a5 31       		.byte	49
 1475 05a6 C1       		.byte	-63
 1476 05a7 02       		.byte	2
 1477 05a8 C5       		.byte	-59
 1478 05a9 EB       		.byte	-21
 1479 05aa C7       		.byte	-57
 1480 05ab 0C       		.byte	12
 1481 05ac C8       		.byte	-56
 1482 05ad 13       		.byte	19
ARM GAS  C:\Users\z004e6he\AppData\Local\Temp\ccYDqOKk.s 			page 27


 1483 05ae C9       		.byte	-55
 1484 05af FF       		.byte	-1
 1485 05b0 CA       		.byte	-54
 1486 05b1 FF       		.byte	-1
 1487 05b2 CB       		.byte	-53
 1488 05b3 FF       		.byte	-1
 1489 05b4 CE       		.byte	-50
 1490 05b5 F0       		.byte	-16
 1491 05b6 CF       		.byte	-49
 1492 05b7 44       		.byte	68
 1493 05b8 D0       		.byte	-48
 1494 05b9 0C       		.byte	12
 1495 05ba D4       		.byte	-44
 1496 05bb 01       		.byte	1
 1497 05bc D8       		.byte	-40
 1498 05bd 04       		.byte	4
 1499 05be D9       		.byte	-39
 1500 05bf 04       		.byte	4
 1501 05c0 DA       		.byte	-38
 1502 05c1 04       		.byte	4
 1503 05c2 DB       		.byte	-37
 1504 05c3 04       		.byte	4
 1505 05c4 DC       		.byte	-36
 1506 05c5 33       		.byte	51
 1507 05c6 DD       		.byte	-35
 1508 05c7 33       		.byte	51
 1509 05c8 DF       		.byte	-33
 1510 05c9 01       		.byte	1
 1511 05ca E6       		.byte	-26
 1512 05cb C0       		.byte	-64
 1513 05cc EA       		.byte	-22
 1514 05cd 40       		.byte	64
 1515 05ce EB       		.byte	-21
 1516 05cf 02       		.byte	2
 1517 05d0 00       		.byte	0
 1518 05d1 44       		.byte	68
 1519 05d2 02       		.byte	2
 1520 05d3 08       		.byte	8
 1521 05d4 06       		.byte	6
 1522 05d5 04       		.byte	4
 1523 05d6 07       		.byte	7
 1524 05d7 10       		.byte	16
 1525 05d8 0A       		.byte	10
 1526 05d9 12       		.byte	18
 1527 05da 0D       		.byte	13
 1528 05db 40       		.byte	64
 1529 05dc 0E       		.byte	14
 1530 05dd 90       		.byte	-112
 1531 05de 0F       		.byte	15
 1532 05df 02       		.byte	2
 1533 05e0 10       		.byte	16
 1534 05e1 88       		.byte	-120
 1535 05e2 13       		.byte	19
 1536 05e3 20       		.byte	32
 1537 05e4 17       		.byte	23
 1538 05e5 04       		.byte	4
 1539 05e6 19       		.byte	25
ARM GAS  C:\Users\z004e6he\AppData\Local\Temp\ccYDqOKk.s 			page 28


 1540 05e7 24       		.byte	36
 1541 05e8 1A       		.byte	26
 1542 05e9 90       		.byte	-112
 1543 05ea 1C       		.byte	28
 1544 05eb 40       		.byte	64
 1545 05ec 1D       		.byte	29
 1546 05ed 08       		.byte	8
 1547 05ee 1E       		.byte	30
 1548 05ef C0       		.byte	-64
 1549 05f0 22       		.byte	34
 1550 05f1 05       		.byte	5
 1551 05f2 24       		.byte	36
 1552 05f3 04       		.byte	4
 1553 05f4 26       		.byte	38
 1554 05f5 08       		.byte	8
 1555 05f6 27       		.byte	39
 1556 05f7 14       		.byte	20
 1557 05f8 29       		.byte	41
 1558 05f9 05       		.byte	5
 1559 05fa 2B       		.byte	43
 1560 05fb 08       		.byte	8
 1561 05fc 2E       		.byte	46
 1562 05fd 40       		.byte	64
 1563 05fe 2F       		.byte	47
 1564 05ff 08       		.byte	8
 1565 0600 30       		.byte	48
 1566 0601 20       		.byte	32
 1567 0602 32       		.byte	50
 1568 0603 09       		.byte	9
 1569 0604 37       		.byte	55
 1570 0605 14       		.byte	20
 1571 0606 38       		.byte	56
 1572 0607 44       		.byte	68
 1573 0608 3E       		.byte	62
 1574 0609 10       		.byte	16
 1575 060a 3F       		.byte	63
 1576 060b 02       		.byte	2
 1577 060c 40       		.byte	64
 1578 060d 04       		.byte	4
 1579 060e 41       		.byte	65
 1580 060f 40       		.byte	64
 1581 0610 42       		.byte	66
 1582 0611 10       		.byte	16
 1583 0612 45       		.byte	69
 1584 0613 08       		.byte	8
 1585 0614 48       		.byte	72
 1586 0615 20       		.byte	32
 1587 0616 49       		.byte	73
 1588 0617 01       		.byte	1
 1589 0618 4C       		.byte	76
 1590 0619 80       		.byte	-128
 1591 061a 4F       		.byte	79
 1592 061b 02       		.byte	2
 1593 061c 50       		.byte	80
 1594 061d 08       		.byte	8
 1595 061e 56       		.byte	86
 1596 061f 04       		.byte	4
ARM GAS  C:\Users\z004e6he\AppData\Local\Temp\ccYDqOKk.s 			page 29


 1597 0620 57       		.byte	87
 1598 0621 08       		.byte	8
 1599 0622 59       		.byte	89
 1600 0623 01       		.byte	1
 1601 0624 5A       		.byte	90
 1602 0625 88       		.byte	-120
 1603 0626 5B       		.byte	91
 1604 0627 20       		.byte	32
 1605 0628 89       		.byte	-119
 1606 0629 20       		.byte	32
 1607 062a C0       		.byte	-64
 1608 062b 67       		.byte	103
 1609 062c C2       		.byte	-62
 1610 062d B5       		.byte	-75
 1611 062e C4       		.byte	-60
 1612 062f 2A       		.byte	42
 1613 0630 CA       		.byte	-54
 1614 0631 37       		.byte	55
 1615 0632 CC       		.byte	-52
 1616 0633 67       		.byte	103
 1617 0634 CE       		.byte	-50
 1618 0635 AA       		.byte	-86
 1619 0636 D0       		.byte	-48
 1620 0637 4E       		.byte	78
 1621 0638 D6       		.byte	-42
 1622 0639 0F       		.byte	15
 1623 063a E0       		.byte	-32
 1624 063b 01       		.byte	1
 1625 063c 80       		.byte	-128
 1626 063d 04       		.byte	4
 1627 063e 82       		.byte	-126
 1628 063f 18       		.byte	24
 1629 0640 84       		.byte	-124
 1630 0641 09       		.byte	9
 1631 0642 86       		.byte	-122
 1632 0643 04       		.byte	4
 1633 0644 89       		.byte	-119
 1634 0645 01       		.byte	1
 1635 0646 8B       		.byte	-117
 1636 0647 0A       		.byte	10
 1637 0648 8E       		.byte	-114
 1638 0649 2D       		.byte	45
 1639 064a 95       		.byte	-107
 1640 064b 01       		.byte	1
 1641 064c 96       		.byte	-106
 1642 064d 0D       		.byte	13
 1643 064e 97       		.byte	-105
 1644 064f 02       		.byte	2
 1645 0650 9E       		.byte	-98
 1646 0651 0D       		.byte	13
 1647 0652 A4       		.byte	-92
 1648 0653 04       		.byte	4
 1649 0654 A6       		.byte	-90
 1650 0655 10       		.byte	16
 1651 0656 A7       		.byte	-89
 1652 0657 04       		.byte	4
 1653 0658 A8       		.byte	-88
ARM GAS  C:\Users\z004e6he\AppData\Local\Temp\ccYDqOKk.s 			page 30


 1654 0659 04       		.byte	4
 1655 065a AA       		.byte	-86
 1656 065b 0B       		.byte	11
 1657 065c B0       		.byte	-80
 1658 065d 1C       		.byte	28
 1659 065e B2       		.byte	-78
 1660 065f 02       		.byte	2
 1661 0660 B3       		.byte	-77
 1662 0661 04       		.byte	4
 1663 0662 B4       		.byte	-76
 1664 0663 01       		.byte	1
 1665 0664 B5       		.byte	-75
 1666 0665 08       		.byte	8
 1667 0666 B6       		.byte	-74
 1668 0667 20       		.byte	32
 1669 0668 B7       		.byte	-73
 1670 0669 03       		.byte	3
 1671 066a BA       		.byte	-70
 1672 066b 02       		.byte	2
 1673 066c BE       		.byte	-66
 1674 066d 10       		.byte	16
 1675 066e D8       		.byte	-40
 1676 066f 04       		.byte	4
 1677 0670 D9       		.byte	-39
 1678 0671 04       		.byte	4
 1679 0672 DC       		.byte	-36
 1680 0673 11       		.byte	17
 1681 0674 DF       		.byte	-33
 1682 0675 01       		.byte	1
 1683 0676 00       		.byte	0
 1684 0677 A0       		.byte	-96
 1685 0678 01       		.byte	1
 1686 0679 0A       		.byte	10
 1687 067a 05       		.byte	5
 1688 067b 05       		.byte	5
 1689 067c 07       		.byte	7
 1690 067d 01       		.byte	1
 1691 067e 08       		.byte	8
 1692 067f 40       		.byte	64
 1693 0680 0A       		.byte	10
 1694 0681 62       		.byte	98
 1695 0682 0E       		.byte	14
 1696 0683 21       		.byte	33
 1697 0684 10       		.byte	16
 1698 0685 01       		.byte	1
 1699 0686 11       		.byte	17
 1700 0687 45       		.byte	69
 1701 0688 13       		.byte	19
 1702 0689 10       		.byte	16
 1703 068a 15       		.byte	21
 1704 068b 08       		.byte	8
 1705 068c 17       		.byte	23
 1706 068d 10       		.byte	16
 1707 068e 19       		.byte	25
 1708 068f 0A       		.byte	10
 1709 0690 1A       		.byte	26
 1710 0691 02       		.byte	2
ARM GAS  C:\Users\z004e6he\AppData\Local\Temp\ccYDqOKk.s 			page 31


 1711 0692 1B       		.byte	27
 1712 0693 28       		.byte	40
 1713 0694 1C       		.byte	28
 1714 0695 04       		.byte	4
 1715 0696 1D       		.byte	29
 1716 0697 05       		.byte	5
 1717 0698 1E       		.byte	30
 1718 0699 01       		.byte	1
 1719 069a 21       		.byte	33
 1720 069b 08       		.byte	8
 1721 069c 22       		.byte	34
 1722 069d 10       		.byte	16
 1723 069e 23       		.byte	35
 1724 069f 28       		.byte	40
 1725 06a0 26       		.byte	38
 1726 06a1 90       		.byte	-112
 1727 06a2 27       		.byte	39
 1728 06a3 10       		.byte	16
 1729 06a4 29       		.byte	41
 1730 06a5 18       		.byte	24
 1731 06a6 2B       		.byte	43
 1732 06a7 42       		.byte	66
 1733 06a8 2F       		.byte	47
 1734 06a9 20       		.byte	32
 1735 06aa 31       		.byte	49
 1736 06ab 88       		.byte	-120
 1737 06ac 32       		.byte	50
 1738 06ad 12       		.byte	18
 1739 06ae 37       		.byte	55
 1740 06af 04       		.byte	4
 1741 06b0 39       		.byte	57
 1742 06b1 4D       		.byte	77
 1743 06b2 3B       		.byte	59
 1744 06b3 10       		.byte	16
 1745 06b4 3F       		.byte	63
 1746 06b5 20       		.byte	32
 1747 06b6 41       		.byte	65
 1748 06b7 01       		.byte	1
 1749 06b8 42       		.byte	66
 1750 06b9 50       		.byte	80
 1751 06ba 43       		.byte	67
 1752 06bb 20       		.byte	32
 1753 06bc 50       		.byte	80
 1754 06bd 80       		.byte	-128
 1755 06be 52       		.byte	82
 1756 06bf 02       		.byte	2
 1757 06c0 83       		.byte	-125
 1758 06c1 10       		.byte	16
 1759 06c2 84       		.byte	-124
 1760 06c3 10       		.byte	16
 1761 06c4 87       		.byte	-121
 1762 06c5 60       		.byte	96
 1763 06c6 91       		.byte	-111
 1764 06c7 0B       		.byte	11
 1765 06c8 92       		.byte	-110
 1766 06c9 10       		.byte	16
 1767 06ca 93       		.byte	-109
ARM GAS  C:\Users\z004e6he\AppData\Local\Temp\ccYDqOKk.s 			page 32


 1768 06cb 10       		.byte	16
 1769 06cc 94       		.byte	-108
 1770 06cd 04       		.byte	4
 1771 06ce 96       		.byte	-106
 1772 06cf 20       		.byte	32
 1773 06d0 97       		.byte	-105
 1774 06d1 80       		.byte	-128
 1775 06d2 98       		.byte	-104
 1776 06d3 01       		.byte	1
 1777 06d4 99       		.byte	-103
 1778 06d5 10       		.byte	16
 1779 06d6 9B       		.byte	-101
 1780 06d7 05       		.byte	5
 1781 06d8 9C       		.byte	-100
 1782 06d9 40       		.byte	64
 1783 06da 9D       		.byte	-99
 1784 06db 02       		.byte	2
 1785 06dc 9F       		.byte	-97
 1786 06dd 08       		.byte	8
 1787 06de A0       		.byte	-96
 1788 06df 40       		.byte	64
 1789 06e0 A1       		.byte	-95
 1790 06e1 80       		.byte	-128
 1791 06e2 A3       		.byte	-93
 1792 06e3 42       		.byte	66
 1793 06e4 A4       		.byte	-92
 1794 06e5 80       		.byte	-128
 1795 06e6 A6       		.byte	-90
 1796 06e7 90       		.byte	-112
 1797 06e8 A7       		.byte	-89
 1798 06e9 08       		.byte	8
 1799 06ea AC       		.byte	-84
 1800 06eb 80       		.byte	-128
 1801 06ec AE       		.byte	-82
 1802 06ed 08       		.byte	8
 1803 06ee B4       		.byte	-76
 1804 06ef 08       		.byte	8
 1805 06f0 B7       		.byte	-73
 1806 06f1 01       		.byte	1
 1807 06f2 C0       		.byte	-64
 1808 06f3 BF       		.byte	-65
 1809 06f4 C2       		.byte	-62
 1810 06f5 AD       		.byte	-83
 1811 06f6 C4       		.byte	-60
 1812 06f7 6F       		.byte	111
 1813 06f8 CA       		.byte	-54
 1814 06f9 4F       		.byte	79
 1815 06fa CC       		.byte	-52
 1816 06fb 4F       		.byte	79
 1817 06fc CE       		.byte	-50
 1818 06fd 2F       		.byte	47
 1819 06fe D0       		.byte	-48
 1820 06ff 07       		.byte	7
 1821 0700 EC       		.byte	-20
 1822 0701 10       		.byte	16
 1823 0702 00       		.byte	0
 1824 0703 03       		.byte	3
ARM GAS  C:\Users\z004e6he\AppData\Local\Temp\ccYDqOKk.s 			page 33


 1825 0704 02       		.byte	2
 1826 0705 04       		.byte	4
 1827 0706 07       		.byte	7
 1828 0707 10       		.byte	16
 1829 0708 08       		.byte	8
 1830 0709 27       		.byte	39
 1831 070a 0A       		.byte	10
 1832 070b 40       		.byte	64
 1833 070c 0B       		.byte	11
 1834 070d 04       		.byte	4
 1835 070e 0C       		.byte	12
 1836 070f 02       		.byte	2
 1837 0710 0E       		.byte	14
 1838 0711 05       		.byte	5
 1839 0712 0F       		.byte	15
 1840 0713 08       		.byte	8
 1841 0714 10       		.byte	16
 1842 0715 01       		.byte	1
 1843 0716 12       		.byte	18
 1844 0717 0E       		.byte	14
 1845 0718 14       		.byte	20
 1846 0719 27       		.byte	39
 1847 071a 16       		.byte	22
 1848 071b 40       		.byte	64
 1849 071c 17       		.byte	23
 1850 071d 02       		.byte	2
 1851 071e 18       		.byte	24
 1852 071f 90       		.byte	-112
 1853 0720 19       		.byte	25
 1854 0721 1E       		.byte	30
 1855 0722 1B       		.byte	27
 1856 0723 01       		.byte	1
 1857 0724 1F       		.byte	31
 1858 0725 1E       		.byte	30
 1859 0726 20       		.byte	32
 1860 0727 06       		.byte	6
 1861 0728 21       		.byte	33
 1862 0729 1E       		.byte	30
 1863 072a 22       		.byte	34
 1864 072b 01       		.byte	1
 1865 072c 24       		.byte	36
 1866 072d 81       		.byte	-127
 1867 072e 26       		.byte	38
 1868 072f 08       		.byte	8
 1869 0730 27       		.byte	39
 1870 0731 1E       		.byte	30
 1871 0732 28       		.byte	40
 1872 0733 90       		.byte	-112
 1873 0734 2F       		.byte	47
 1874 0735 10       		.byte	16
 1875 0736 30       		.byte	48
 1876 0737 0F       		.byte	15
 1877 0738 32       		.byte	50
 1878 0739 70       		.byte	112
 1879 073a 33       		.byte	51
 1880 073b 1E       		.byte	30
 1881 073c 36       		.byte	54
ARM GAS  C:\Users\z004e6he\AppData\Local\Temp\ccYDqOKk.s 			page 34


 1882 073d 80       		.byte	-128
 1883 073e 37       		.byte	55
 1884 073f 01       		.byte	1
 1885 0740 38       		.byte	56
 1886 0741 88       		.byte	-120
 1887 0742 3A       		.byte	58
 1888 0743 02       		.byte	2
 1889 0744 3E       		.byte	62
 1890 0745 04       		.byte	4
 1891 0746 3F       		.byte	63
 1892 0747 04       		.byte	4
 1893 0748 58       		.byte	88
 1894 0749 04       		.byte	4
 1895 074a 59       		.byte	89
 1896 074b 04       		.byte	4
 1897 074c 5C       		.byte	92
 1898 074d 11       		.byte	17
 1899 074e 5F       		.byte	95
 1900 074f 01       		.byte	1
 1901 0750 80       		.byte	-128
 1902 0751 C0       		.byte	-64
 1903 0752 82       		.byte	-126
 1904 0753 07       		.byte	7
 1905 0754 84       		.byte	-124
 1906 0755 01       		.byte	1
 1907 0756 88       		.byte	-120
 1908 0757 03       		.byte	3
 1909 0758 89       		.byte	-119
 1910 0759 01       		.byte	1
 1911 075a 8C       		.byte	-116
 1912 075b 08       		.byte	8
 1913 075c 8E       		.byte	-114
 1914 075d 07       		.byte	7
 1915 075e 90       		.byte	-112
 1916 075f 03       		.byte	3
 1917 0760 94       		.byte	-108
 1918 0761 3A       		.byte	58
 1919 0762 96       		.byte	-106
 1920 0763 04       		.byte	4
 1921 0764 98       		.byte	-104
 1922 0765 FF       		.byte	-1
 1923 0766 9C       		.byte	-100
 1924 0767 01       		.byte	1
 1925 0768 A0       		.byte	-96
 1926 0769 10       		.byte	16
 1927 076a A2       		.byte	-94
 1928 076b 07       		.byte	7
 1929 076c A4       		.byte	-92
 1930 076d 05       		.byte	5
 1931 076e A6       		.byte	-90
 1932 076f 78       		.byte	120
 1933 0770 A8       		.byte	-88
 1934 0771 01       		.byte	1
 1935 0772 AC       		.byte	-84
 1936 0773 22       		.byte	34
 1937 0774 AE       		.byte	-82
 1938 0775 05       		.byte	5
ARM GAS  C:\Users\z004e6he\AppData\Local\Temp\ccYDqOKk.s 			page 35


 1939 0776 B0       		.byte	-80
 1940 0777 80       		.byte	-128
 1941 0778 B3       		.byte	-77
 1942 0779 01       		.byte	1
 1943 077a B4       		.byte	-76
 1944 077b 7F       		.byte	127
 1945 077c B8       		.byte	-72
 1946 077d 02       		.byte	2
 1947 077e BE       		.byte	-66
 1948 077f 10       		.byte	16
 1949 0780 D2       		.byte	-46
 1950 0781 F6       		.byte	-10
 1951 0782 D4       		.byte	-44
 1952 0783 20       		.byte	32
 1953 0784 D6       		.byte	-42
 1954 0785 04       		.byte	4
 1955 0786 D8       		.byte	-40
 1956 0787 04       		.byte	4
 1957 0788 D9       		.byte	-39
 1958 0789 04       		.byte	4
 1959 078a DB       		.byte	-37
 1960 078b 04       		.byte	4
 1961 078c DC       		.byte	-36
 1962 078d 11       		.byte	17
 1963 078e DD       		.byte	-35
 1964 078f 10       		.byte	16
 1965 0790 DF       		.byte	-33
 1966 0791 01       		.byte	1
 1967 0792 00       		.byte	0
 1968 0793 80       		.byte	-128
 1969 0794 01       		.byte	1
 1970 0795 04       		.byte	4
 1971 0796 03       		.byte	3
 1972 0797 88       		.byte	-120
 1973 0798 05       		.byte	5
 1974 0799 80       		.byte	-128
 1975 079a 06       		.byte	6
 1976 079b 80       		.byte	-128
 1977 079c 07       		.byte	7
 1978 079d 08       		.byte	8
 1979 079e 08       		.byte	8
 1980 079f 80       		.byte	-128
 1981 07a0 0A       		.byte	10
 1982 07a1 88       		.byte	-120
 1983 07a2 0B       		.byte	11
 1984 07a3 10       		.byte	16
 1985 07a4 0E       		.byte	14
 1986 07a5 40       		.byte	64
 1987 07a6 0F       		.byte	15
 1988 07a7 18       		.byte	24
 1989 07a8 10       		.byte	16
 1990 07a9 09       		.byte	9
 1991 07aa 11       		.byte	17
 1992 07ab 01       		.byte	1
 1993 07ac 13       		.byte	19
 1994 07ad 08       		.byte	8
 1995 07ae 15       		.byte	21
ARM GAS  C:\Users\z004e6he\AppData\Local\Temp\ccYDqOKk.s 			page 36


 1996 07af 09       		.byte	9
 1997 07b0 17       		.byte	23
 1998 07b1 20       		.byte	32
 1999 07b2 19       		.byte	25
 2000 07b3 10       		.byte	16
 2001 07b4 1B       		.byte	27
 2002 07b5 02       		.byte	2
 2003 07b6 1E       		.byte	30
 2004 07b7 50       		.byte	80
 2005 07b8 1F       		.byte	31
 2006 07b9 81       		.byte	-127
 2007 07ba 21       		.byte	33
 2008 07bb 04       		.byte	4
 2009 07bc 22       		.byte	34
 2010 07bd 04       		.byte	4
 2011 07be 26       		.byte	38
 2012 07bf 40       		.byte	64
 2013 07c0 27       		.byte	39
 2014 07c1 21       		.byte	33
 2015 07c2 2C       		.byte	44
 2016 07c3 21       		.byte	33
 2017 07c4 2D       		.byte	45
 2018 07c5 80       		.byte	-128
 2019 07c6 2F       		.byte	47
 2020 07c7 80       		.byte	-128
 2021 07c8 36       		.byte	54
 2022 07c9 50       		.byte	80
 2023 07ca 37       		.byte	55
 2024 07cb 08       		.byte	8
 2025 07cc 39       		.byte	57
 2026 07cd 10       		.byte	16
 2027 07ce 3C       		.byte	60
 2028 07cf 80       		.byte	-128
 2029 07d0 3D       		.byte	61
 2030 07d1 48       		.byte	72
 2031 07d2 3E       		.byte	62
 2032 07d3 80       		.byte	-128
 2033 07d4 3F       		.byte	63
 2034 07d5 90       		.byte	-112
 2035 07d6 58       		.byte	88
 2036 07d7 48       		.byte	72
 2037 07d8 59       		.byte	89
 2038 07d9 02       		.byte	2
 2039 07da 5B       		.byte	91
 2040 07db 10       		.byte	16
 2041 07dc 60       		.byte	96
 2042 07dd 04       		.byte	4
 2043 07de 63       		.byte	99
 2044 07df 41       		.byte	65
 2045 07e0 65       		.byte	101
 2046 07e1 08       		.byte	8
 2047 07e2 66       		.byte	102
 2048 07e3 08       		.byte	8
 2049 07e4 69       		.byte	105
 2050 07e5 14       		.byte	20
 2051 07e6 70       		.byte	112
 2052 07e7 49       		.byte	73
ARM GAS  C:\Users\z004e6he\AppData\Local\Temp\ccYDqOKk.s 			page 37


 2053 07e8 71       		.byte	113
 2054 07e9 80       		.byte	-128
 2055 07ea 72       		.byte	114
 2056 07eb 08       		.byte	8
 2057 07ec 87       		.byte	-121
 2058 07ed 40       		.byte	64
 2059 07ee 91       		.byte	-111
 2060 07ef 03       		.byte	3
 2061 07f0 92       		.byte	-110
 2062 07f1 80       		.byte	-128
 2063 07f2 93       		.byte	-109
 2064 07f3 11       		.byte	17
 2065 07f4 94       		.byte	-108
 2066 07f5 82       		.byte	-126
 2067 07f6 95       		.byte	-107
 2068 07f7 4C       		.byte	76
 2069 07f8 96       		.byte	-106
 2070 07f9 20       		.byte	32
 2071 07fa 97       		.byte	-105
 2072 07fb 80       		.byte	-128
 2073 07fc 99       		.byte	-103
 2074 07fd 80       		.byte	-128
 2075 07fe 9B       		.byte	-101
 2076 07ff 14       		.byte	20
 2077 0800 9D       		.byte	-99
 2078 0801 08       		.byte	8
 2079 0802 9F       		.byte	-97
 2080 0803 28       		.byte	40
 2081 0804 A0       		.byte	-96
 2082 0805 60       		.byte	96
 2083 0806 A1       		.byte	-95
 2084 0807 04       		.byte	4
 2085 0808 A3       		.byte	-93
 2086 0809 04       		.byte	4
 2087 080a A4       		.byte	-92
 2088 080b 88       		.byte	-120
 2089 080c A6       		.byte	-90
 2090 080d 80       		.byte	-128
 2091 080e A7       		.byte	-89
 2092 080f 88       		.byte	-120
 2093 0810 A8       		.byte	-88
 2094 0811 20       		.byte	32
 2095 0812 AB       		.byte	-85
 2096 0813 04       		.byte	4
 2097 0814 C0       		.byte	-64
 2098 0815 DF       		.byte	-33
 2099 0816 C2       		.byte	-62
 2100 0817 7F       		.byte	127
 2101 0818 C4       		.byte	-60
 2102 0819 7F       		.byte	127
 2103 081a CA       		.byte	-54
 2104 081b D0       		.byte	-48
 2105 081c CC       		.byte	-52
 2106 081d 70       		.byte	112
 2107 081e CE       		.byte	-50
 2108 081f 74       		.byte	116
 2109 0820 D6       		.byte	-42
ARM GAS  C:\Users\z004e6he\AppData\Local\Temp\ccYDqOKk.s 			page 38


 2110 0821 0F       		.byte	15
 2111 0822 D8       		.byte	-40
 2112 0823 0D       		.byte	13
 2113 0824 EC       		.byte	-20
 2114 0825 10       		.byte	16
 2115 0826 33       		.byte	51
 2116 0827 80       		.byte	-128
 2117 0828 36       		.byte	54
 2118 0829 40       		.byte	64
 2119 082a 83       		.byte	-125
 2120 082b 80       		.byte	-128
 2121 082c CC       		.byte	-52
 2122 082d 30       		.byte	48
 2123 082e E6       		.byte	-26
 2124 082f 20       		.byte	32
 2125 0830 03       		.byte	3
 2126 0831 08       		.byte	8
 2127 0832 A6       		.byte	-90
 2128 0833 40       		.byte	64
 2129 0834 C0       		.byte	-64
 2130 0835 40       		.byte	64
 2131 0836 56       		.byte	86
 2132 0837 80       		.byte	-128
 2133 0838 A6       		.byte	-90
 2134 0839 40       		.byte	64
 2135 083a B7       		.byte	-73
 2136 083b 08       		.byte	8
 2137 083c D4       		.byte	-44
 2138 083d 40       		.byte	64
 2139 083e 9E       		.byte	-98
 2140 083f 80       		.byte	-128
 2141 0840 A6       		.byte	-90
 2142 0841 40       		.byte	64
 2143 0842 7C       		.byte	124
 2144 0843 01       		.byte	1
 2145 0844 7E       		.byte	126
 2146 0845 01       		.byte	1
 2147 0846 80       		.byte	-128
 2148 0847 01       		.byte	1
 2149 0848 DE       		.byte	-34
 2150 0849 05       		.byte	5
 2151 084a 5D       		.byte	93
 2152 084b 02       		.byte	2
 2153 084c 8A       		.byte	-118
 2154 084d 01       		.byte	1
 2155 084e 96       		.byte	-106
 2156 084f 02       		.byte	2
 2157 0850 D6       		.byte	-42
 2158 0851 01       		.byte	1
 2159 0852 E0       		.byte	-32
 2160 0853 04       		.byte	4
 2161 0854 45       		.byte	69
 2162 0855 08       		.byte	8
 2163 0856 85       		.byte	-123
 2164 0857 02       		.byte	2
 2165 0858 9D       		.byte	-99
 2166 0859 02       		.byte	2
ARM GAS  C:\Users\z004e6he\AppData\Local\Temp\ccYDqOKk.s 			page 39


 2167 085a D0       		.byte	-48
 2168 085b 01       		.byte	1
 2169 085c A5       		.byte	-91
 2170 085d 08       		.byte	8
 2171 085e 25       		.byte	37
 2172 085f 10       		.byte	16
 2173 0860 86       		.byte	-122
 2174 0861 40       		.byte	64
 2175 0862 A6       		.byte	-90
 2176 0863 40       		.byte	64
 2177 0864 AA       		.byte	-86
 2178 0865 80       		.byte	-128
 2179 0866 C8       		.byte	-56
 2180 0867 20       		.byte	32
 2181 0868 E6       		.byte	-26
 2182 0869 40       		.byte	64
 2183 086a EA       		.byte	-22
 2184 086b 80       		.byte	-128
 2185 086c 12       		.byte	18
 2186 086d 20       		.byte	32
 2187 086e 16       		.byte	22
 2188 086f 40       		.byte	64
 2189 0870 77       		.byte	119
 2190 0871 80       		.byte	-128
 2191 0872 82       		.byte	-126
 2192 0873 20       		.byte	32
 2193 0874 86       		.byte	-122
 2194 0875 40       		.byte	64
 2195 0876 87       		.byte	-121
 2196 0877 80       		.byte	-128
 2197 0878 B5       		.byte	-75
 2198 0879 10       		.byte	16
 2199 087a C4       		.byte	-60
 2200 087b 30       		.byte	48
 2201 087c DE       		.byte	-34
 2202 087d 20       		.byte	32
 2203 087e E0       		.byte	-32
 2204 087f 10       		.byte	16
 2205 0880 E2       		.byte	-30
 2206 0881 40       		.byte	64
 2207 0882 E4       		.byte	-28
 2208 0883 80       		.byte	-128
 2209 0884 A5       		.byte	-91
 2210 0885 08       		.byte	8
 2211 0886 B5       		.byte	-75
 2212 0887 08       		.byte	8
 2213 0888 EC       		.byte	-20
 2214 0889 08       		.byte	8
 2215 088a 00       		.byte	0
 2216 088b 0E       		.byte	14
 2217 088c 01       		.byte	1
 2218 088d 01       		.byte	1
 2219 088e 08       		.byte	8
 2220 088f 06       		.byte	6
 2221 0890 09       		.byte	9
 2222 0891 01       		.byte	1
 2223 0892 0A       		.byte	10
ARM GAS  C:\Users\z004e6he\AppData\Local\Temp\ccYDqOKk.s 			page 40


 2224 0893 06       		.byte	6
 2225 0894 0B       		.byte	11
 2226 0895 01       		.byte	1
 2227 0896 0E       		.byte	14
 2228 0897 08       		.byte	8
 2229 0898 10       		.byte	16
 2230 0899 02       		.byte	2
 2231 089a 1A       		.byte	26
 2232 089b 02       		.byte	2
 2233 089c 00       		.byte	0
 2234 089d 0F       		.byte	15
 2235 089e 00       		.byte	0
 2236 089f 00       		.byte	0
 2237 08a0 00       		.byte	0
 2238 08a1 00       		.byte	0
 2239 08a2 00       		.byte	0
 2240 08a3 10       		.byte	16
 2241 08a4 10       		.byte	16
 2242 08a5 0A       		.byte	10
 2243 08a6 00       		.byte	0
 2244 08a7 04       		.byte	4
 2245 08a8 04       		.byte	4
 2246 08a9 00       		.byte	0
 2247 08aa 40       		.byte	64
 2248 08ab 01       		.byte	1
 2249 08ac 0E       		.byte	14
 2250 08ad 00       		.byte	0
 2251 08ae 80       		.byte	-128
 2252 08af 19       		.byte	25
 2253 08b0 00       		.byte	0
 2254 08b1 00       		.byte	0
 2255 08b2 00       		.byte	0
 2256 08b3 18       		.byte	24
 2257 08b4 02       		.byte	2
 2258 08b5 00       		.byte	0
 2259 08b6 41       		.byte	65
 2260 08b7 0A       		.byte	10
 2261 08b8 00       		.byte	0
 2262 08b9 00       		.byte	0
 2263 08ba 6F       		.byte	111
 2264 08bb 02       		.byte	2
 2265 08bc FE       		.byte	-2
 2266 08bd 00       		.byte	0
 2267 08be 00       		.byte	0
 2268 08bf 00       		.byte	0
 2269 08c0 00       		.byte	0
 2270 08c1 00       		.byte	0
 2271 08c2 3E       		.byte	62
 2272 08c3 00       		.byte	0
 2273 08c4 08       		.byte	8
 2274 08c5 00       		.byte	0
 2275 08c6 40       		.byte	64
 2276 08c7 01       		.byte	1
 2277 08c8 00       		.byte	0
 2278 08c9 00       		.byte	0
 2279 08ca 10       		.byte	16
 2280 08cb 01       		.byte	1
ARM GAS  C:\Users\z004e6he\AppData\Local\Temp\ccYDqOKk.s 			page 41


 2281 08cc 00       		.byte	0
 2282 08cd 18       		.byte	24
 2283 08ce 7F       		.byte	127
 2284 08cf 00       		.byte	0
 2285 08d0 01       		.byte	1
 2286 08d1 18       		.byte	24
 2287 08d2 0E       		.byte	14
 2288 08d3 04       		.byte	4
 2289 08d4 30       		.byte	48
 2290 08d5 02       		.byte	2
 2291 08d6 C0       		.byte	-64
 2292 08d7 01       		.byte	1
 2293 08d8 00       		.byte	0
 2294 08d9 00       		.byte	0
 2295 08da 00       		.byte	0
 2296 08db 00       		.byte	0
 2297 08dc 00       		.byte	0
 2298 08dd 00       		.byte	0
 2299 08de 01       		.byte	1
 2300 08df 50       		.byte	80
 2301 08e0 60       		.byte	96
 2302 08e1 03       		.byte	3
 2303 08e2 00       		.byte	0
 2304 08e3 00       		.byte	0
 2305 08e4 00       		.byte	0
 2306 08e5 10       		.byte	16
 2307 08e6 20       		.byte	32
 2308 08e7 00       		.byte	0
 2309 08e8 0A       		.byte	10
 2310 08e9 FF       		.byte	-1
 2311 08ea FF       		.byte	-1
 2312 08eb FF       		.byte	-1
 2313 08ec 00       		.byte	0
 2314 08ed AF       		.byte	-81
 2315 08ee 0F       		.byte	15
 2316 08ef 04       		.byte	4
 2317 08f0 18       		.byte	24
 2318 08f1 00       		.byte	0
 2319 08f2 93       		.byte	-109
 2320 08f3 00       		.byte	0
 2321 08f4 03       		.byte	3
 2322 08f5 00       		.byte	0
 2323 08f6 04       		.byte	4
 2324 08f7 00       		.byte	0
 2325 08f8 04       		.byte	4
 2326 08f9 04       		.byte	4
 2327 08fa 04       		.byte	4
 2328 08fb 04       		.byte	4
 2329 08fc 99       		.byte	-103
 2330 08fd 92       		.byte	-110
 2331 08fe 00       		.byte	0
 2332 08ff 05       		.byte	5
 2333 0900 40       		.byte	64
 2334 0901 00       		.byte	0
 2335 0902 C0       		.byte	-64
 2336 0903 00       		.byte	0
 2337 0904 40       		.byte	64
ARM GAS  C:\Users\z004e6he\AppData\Local\Temp\ccYDqOKk.s 			page 42


 2338 0905 40       		.byte	64
 2339 0906 C0       		.byte	-64
 2340 0907 00       		.byte	0
 2341 0908 C0       		.byte	-64
 2342 0909 00       		.byte	0
 2343 090a C0       		.byte	-64
 2344 090b 00       		.byte	0
 2345 090c C0       		.byte	-64
 2346 090d 00       		.byte	0
 2347 090e C0       		.byte	-64
 2348 090f 00       		.byte	0
 2349 0910 00       		.byte	0
 2350 0911 00       		.byte	0
 2351 0912 00       		.byte	0
 2352 0913 00       		.byte	0
 2353 0914 00       		.byte	0
 2354 0915 00       		.byte	0
 2355 0916 00       		.byte	0
 2356 0917 00       		.byte	0
 2357 0918 00       		.byte	0
 2358 0919 00       		.byte	0
 2359 091a 00       		.byte	0
 2360 091b 00       		.byte	0
 2361 091c 00       		.byte	0
 2362 091d 00       		.byte	0
 2363 091e 00       		.byte	0
 2364 091f 00       		.byte	0
 2365 0920 04       		.byte	4
 2366 0921 32       		.byte	50
 2367 0922 38       		.byte	56
 2368 0923 08       		.byte	8
 2369 0924 00       		.byte	0
 2370 0925 3F       		.byte	63
 2371 0926 40       		.byte	64
 2372 0927 00       		.byte	0
 2373 0928 00       		.byte	0
 2374 0929 18       		.byte	24
 2375 092a 80       		.byte	-128
 2376 092b 06       		.byte	6
 2377 092c 14       		.byte	20
 2378 092d 22       		.byte	34
 2379 092e 02       		.byte	2
 2380 092f 18       		.byte	24
 2381 0930 47       		.byte	71
 2382 0931 04       		.byte	4
 2383 0932 08       		.byte	8
 2384 0933 00       		.byte	0
 2385 0934 16       		.byte	22
 2386 0935 01       		.byte	1
 2387 0936 00       		.byte	0
 2388 0937 00       		.byte	0
 2389 0938 00       		.byte	0
 2390 0939 1C       		.byte	28
 2391 093a 00       		.byte	0
 2392 093b 22       		.byte	34
 2393 093c 00       		.byte	0
 2394 093d 22       		.byte	34
ARM GAS  C:\Users\z004e6he\AppData\Local\Temp\ccYDqOKk.s 			page 43


 2395 093e 01       		.byte	1
 2396 093f 00       		.byte	0
 2397 0940 10       		.byte	16
 2398 0941 2A       		.byte	42
 2399 0942 06       		.byte	6
 2400 0943 10       		.byte	16
 2401 0944 47       		.byte	71
 2402 0945 06       		.byte	6
 2403 0946 20       		.byte	32
 2404 0947 00       		.byte	0
 2405 0948 16       		.byte	22
 2406 0949 00       		.byte	0
 2407 094a 00       		.byte	0
 2408 094b 40       		.byte	64
 2409 094c 10       		.byte	16
 2410 094d 01       		.byte	1
 2411 094e 04       		.byte	4
 2412 094f 1E       		.byte	30
 2413 0950 3C       		.byte	60
 2414 0951 00       		.byte	0
 2415 0952 40       		.byte	64
 2416 0953 1F       		.byte	31
 2417 0954 80       		.byte	-128
 2418 0955 60       		.byte	96
 2419 0956 03       		.byte	3
 2420 0957 00       		.byte	0
 2421 0958 00       		.byte	0
 2422 0959 08       		.byte	8
 2423 095a 02       		.byte	2
 2424 095b 00       		.byte	0
 2425 095c 00       		.byte	0
 2426 095d 00       		.byte	0
 2427 095e 00       		.byte	0
 2428 095f 00       		.byte	0
 2429 0960 43       		.byte	67
 2430 0961 00       		.byte	0
 2431 0962 00       		.byte	0
 2432 0963 00       		.byte	0
 2433 0964 02       		.byte	2
 2434 0965 00       		.byte	0
 2435 0966 0D       		.byte	13
 2436 0967 B0       		.byte	-80
 2437 0968 24       		.byte	36
 2438 0969 FF       		.byte	-1
 2439 096a 7F       		.byte	127
 2440 096b FF       		.byte	-1
 2441 096c 42       		.byte	66
 2442 096d A0       		.byte	-96
 2443 096e 70       		.byte	112
 2444 096f 00       		.byte	0
 2445 0970 0C       		.byte	12
 2446 0971 00       		.byte	0
 2447 0972 00       		.byte	0
 2448 0973 00       		.byte	0
 2449 0974 00       		.byte	0
 2450 0975 00       		.byte	0
 2451 0976 00       		.byte	0
ARM GAS  C:\Users\z004e6he\AppData\Local\Temp\ccYDqOKk.s 			page 44


 2452 0977 00       		.byte	0
 2453 0978 04       		.byte	4
 2454 0979 04       		.byte	4
 2455 097a 04       		.byte	4
 2456 097b 00       		.byte	0
 2457 097c 11       		.byte	17
 2458 097d 01       		.byte	1
 2459 097e 00       		.byte	0
 2460 097f 01       		.byte	1
 2461 0980 00       		.byte	0
 2462 0981 09       		.byte	9
 2463 0982 40       		.byte	64
 2464 0983 09       		.byte	9
 2465 0984 30       		.byte	48
 2466 0985 09       		.byte	9
 2467 0986 00       		.byte	0
 2468 0987 00       		.byte	0
 2469 0988 00       		.byte	0
 2470 0989 00       		.byte	0
 2471 098a 00       		.byte	0
 2472 098b 00       		.byte	0
 2473 098c 00       		.byte	0
 2474 098d 00       		.byte	0
 2475 098e 00       		.byte	0
 2476 098f 00       		.byte	0
 2477 0990 00       		.byte	0
 2478 0991 00       		.byte	0
 2479 0992 00       		.byte	0
 2480 0993 00       		.byte	0
 2481 0994 00       		.byte	0
 2482 0995 00       		.byte	0
 2483 0996 00       		.byte	0
 2484 0997 00       		.byte	0
 2485 0998 00       		.byte	0
 2486 0999 00       		.byte	0
 2487 099a 00       		.byte	0
 2488 099b 00       		.byte	0
 2489 099c 00       		.byte	0
 2490 099d 00       		.byte	0
 2491 099e 00       		.byte	0
 2492 099f 00       		.byte	0
 2493 09a0 02       		.byte	2
 2494 09a1 00       		.byte	0
 2495 09a2 04       		.byte	4
 2496 09a3 02       		.byte	2
 2497 09a4 02       		.byte	2
 2498 09a5 00       		.byte	0
 2499 09a6 00       		.byte	0
 2500 09a7 00       		.byte	0
 2501 09a8 01       		.byte	1
 2502 09a9 00       		.byte	0
 2503 09aa 00       		.byte	0
 2504 09ab 00       		.byte	0
 2505 09ac 80       		.byte	-128
 2506 09ad 00       		.byte	0
 2507 09ae 00       		.byte	0
 2508 09af 80       		.byte	-128
ARM GAS  C:\Users\z004e6he\AppData\Local\Temp\ccYDqOKk.s 			page 45


 2509 09b0 83       		.byte	-125
 2510 09b1 00       		.byte	0
 2511 09b2 83       		.byte	-125
 2512 09b3 00       		.byte	0
 2513 09b4 00       		.byte	0
 2514 09b5 00       		.byte	0
 2515 09b6 00       		.byte	0
 2516 09b7 00       		.byte	0
 2517 09b8 00       		.byte	0
 2518 09b9 0B       		.byte	11
 2519 09ba 0B       		.byte	11
 2520 09bb 00       		.byte	0
 2521 09bc 00       		.byte	0
 2522 09bd 00       		.byte	0
 2523 09be 00       		.byte	0
 2524 09bf 00       		.byte	0
 2525 09c0 00       		.byte	0
 2526 09c1 40       		.byte	64
 2527 09c2 40       		.byte	64
 2528 09c3 00       		.byte	0
 2529 09c4 40       		.byte	64
 2530 09c5 00       		.byte	0
 2531 09c6 0F       		.byte	15
 2532 09c7 00       		.byte	0
 2533 09c8 00       		.byte	0
 2534 09c9 0F       		.byte	15
 2535 09ca 0F       		.byte	15
 2536 09cb 00       		.byte	0
 2537 09cc 00       		.byte	0
 2538 09cd 00       		.byte	0
 2539 09ce 00       		.byte	0
 2540 09cf 00       		.byte	0
 2541 09d0 03       		.byte	3
 2542 09d1 00       		.byte	0
 2543 09d2 18       		.byte	24
 2544 09d3 01       		.byte	1
 2545              		.section	.cywolatch,"a",%progbits
 2546              		.align	2
 2547              		.type	cy_meta_wonvl, %object
 2548              		.size	cy_meta_wonvl, 4
 2549              	cy_meta_wonvl:
 2550 0000 BC       		.byte	-68
 2551 0001 90       		.byte	-112
 2552 0002 AC       		.byte	-84
 2553 0003 AF       		.byte	-81
 2554              		.section	.cycustnvl,"a",%progbits
 2555              		.align	2
 2556              		.type	cy_meta_custnvl, %object
 2557              		.size	cy_meta_custnvl, 4
 2558              	cy_meta_custnvl:
 2559 0000 00       		.byte	0
 2560 0001 00       		.byte	0
 2561 0002 40       		.byte	64
 2562 0003 05       		.byte	5
 2563              		.section	.cymeta,"a",%progbits
 2564              		.align	2
 2565              		.type	cy_metadata, %object
ARM GAS  C:\Users\z004e6he\AppData\Local\Temp\ccYDqOKk.s 			page 46


 2566              		.size	cy_metadata, 12
 2567              	cy_metadata:
 2568 0000 00       		.byte	0
 2569 0001 01       		.byte	1
 2570 0002 2E       		.byte	46
 2571 0003 16       		.byte	22
 2572 0004 10       		.byte	16
 2573 0005 69       		.byte	105
 2574 0006 00       		.byte	0
 2575 0007 01       		.byte	1
 2576 0008 00       		.byte	0
 2577 0009 00       		.byte	0
 2578 000a 00       		.byte	0
 2579 000b 00       		.byte	0
 2580              		.section	.cyflashprotect,"a",%progbits
 2581              		.align	2
 2582              		.type	cy_meta_flashprotect, %object
 2583              		.size	cy_meta_flashprotect, 256
 2584              	cy_meta_flashprotect:
 2585 0000 00000000 		.space	256
 2585      00000000 
 2585      00000000 
 2585      00000000 
 2585      00000000 
 2586              		.text
 2587              	.Letext0:
 2588              		.file 1 "c:\\program files (x86)\\cypress\\psoc creator\\4.4\\psoc creator\\import\\gnu\\arm\\5.4.
 2589              		.file 2 "c:\\program files (x86)\\cypress\\psoc creator\\4.4\\psoc creator\\import\\gnu\\arm\\5.4.
 2590              		.file 3 "Generated_Source\\PSoC5\\cymetadata.c"
 2591              		.section	.debug_info,"",%progbits
 2592              	.Ldebug_info0:
 2593 0000 35010000 		.4byte	0x135
 2594 0004 0400     		.2byte	0x4
 2595 0006 00000000 		.4byte	.Ldebug_abbrev0
 2596 000a 04       		.byte	0x4
 2597 000b 01       		.uleb128 0x1
 2598 000c 24000000 		.4byte	.LASF17
 2599 0010 0C       		.byte	0xc
 2600 0011 DC010000 		.4byte	.LASF18
 2601 0015 D7000000 		.4byte	.LASF19
 2602 0019 00000000 		.4byte	.Ldebug_line0
 2603 001d 02       		.uleb128 0x2
 2604 001e 01       		.byte	0x1
 2605 001f 06       		.byte	0x6
 2606 0020 D0010000 		.4byte	.LASF0
 2607 0024 03       		.uleb128 0x3
 2608 0025 00000000 		.4byte	.LASF9
 2609 0029 01       		.byte	0x1
 2610 002a 1D       		.byte	0x1d
 2611 002b 2F000000 		.4byte	0x2f
 2612 002f 02       		.uleb128 0x2
 2613 0030 01       		.byte	0x1
 2614 0031 08       		.byte	0x8
 2615 0032 16000000 		.4byte	.LASF1
 2616 0036 02       		.uleb128 0x2
 2617 0037 02       		.byte	0x2
 2618 0038 05       		.byte	0x5
ARM GAS  C:\Users\z004e6he\AppData\Local\Temp\ccYDqOKk.s 			page 47


 2619 0039 BD010000 		.4byte	.LASF2
 2620 003d 02       		.uleb128 0x2
 2621 003e 02       		.byte	0x2
 2622 003f 07       		.byte	0x7
 2623 0040 C4000000 		.4byte	.LASF3
 2624 0044 02       		.uleb128 0x2
 2625 0045 04       		.byte	0x4
 2626 0046 05       		.byte	0x5
 2627 0047 C7010000 		.4byte	.LASF4
 2628 004b 02       		.uleb128 0x2
 2629 004c 04       		.byte	0x4
 2630 004d 07       		.byte	0x7
 2631 004e B2000000 		.4byte	.LASF5
 2632 0052 02       		.uleb128 0x2
 2633 0053 08       		.byte	0x8
 2634 0054 05       		.byte	0x5
 2635 0055 AF010000 		.4byte	.LASF6
 2636 0059 02       		.uleb128 0x2
 2637 005a 08       		.byte	0x8
 2638 005b 07       		.byte	0x7
 2639 005c 64010000 		.4byte	.LASF7
 2640 0060 04       		.uleb128 0x4
 2641 0061 04       		.byte	0x4
 2642 0062 05       		.byte	0x5
 2643 0063 696E7400 		.ascii	"int\000"
 2644 0067 02       		.uleb128 0x2
 2645 0068 04       		.byte	0x4
 2646 0069 07       		.byte	0x7
 2647 006a 57010000 		.4byte	.LASF8
 2648 006e 03       		.uleb128 0x3
 2649 006f 7B010000 		.4byte	.LASF10
 2650 0073 02       		.byte	0x2
 2651 0074 18       		.byte	0x18
 2652 0075 24000000 		.4byte	0x24
 2653 0079 05       		.uleb128 0x5
 2654 007a 91000000 		.4byte	0x91
 2655 007e 8A000000 		.4byte	0x8a
 2656 0082 06       		.uleb128 0x6
 2657 0083 8A000000 		.4byte	0x8a
 2658 0087 D309     		.2byte	0x9d3
 2659 0089 00       		.byte	0
 2660 008a 02       		.uleb128 0x2
 2661 008b 04       		.byte	0x4
 2662 008c 07       		.byte	0x7
 2663 008d A6010000 		.4byte	.LASF11
 2664 0091 07       		.uleb128 0x7
 2665 0092 6E000000 		.4byte	0x6e
 2666 0096 08       		.uleb128 0x8
 2667 0097 45010000 		.4byte	.LASF12
 2668 009b 03       		.byte	0x3
 2669 009c 1F       		.byte	0x1f
 2670 009d A7000000 		.4byte	0xa7
 2671 00a1 05       		.uleb128 0x5
 2672 00a2 03       		.byte	0x3
 2673 00a3 00000000 		.4byte	cy_meta_configecc
 2674 00a7 07       		.uleb128 0x7
 2675 00a8 79000000 		.4byte	0x79
ARM GAS  C:\Users\z004e6he\AppData\Local\Temp\ccYDqOKk.s 			page 48


 2676 00ac 05       		.uleb128 0x5
 2677 00ad 91000000 		.4byte	0x91
 2678 00b1 BC000000 		.4byte	0xbc
 2679 00b5 09       		.uleb128 0x9
 2680 00b6 8A000000 		.4byte	0x8a
 2681 00ba 03       		.byte	0x3
 2682 00bb 00       		.byte	0
 2683 00bc 0A       		.uleb128 0xa
 2684 00bd 35010000 		.4byte	.LASF13
 2685 00c1 03       		.byte	0x3
 2686 00c2 6701     		.2byte	0x167
 2687 00c4 CE000000 		.4byte	0xce
 2688 00c8 05       		.uleb128 0x5
 2689 00c9 03       		.byte	0x3
 2690 00ca 00000000 		.4byte	cy_meta_custnvl
 2691 00ce 07       		.uleb128 0x7
 2692 00cf AC000000 		.4byte	0xac
 2693 00d3 0A       		.uleb128 0xa
 2694 00d4 98010000 		.4byte	.LASF14
 2695 00d8 03       		.byte	0x3
 2696 00d9 7501     		.2byte	0x175
 2697 00db E5000000 		.4byte	0xe5
 2698 00df 05       		.uleb128 0x5
 2699 00e0 03       		.byte	0x3
 2700 00e1 00000000 		.4byte	cy_meta_wonvl
 2701 00e5 07       		.uleb128 0x7
 2702 00e6 AC000000 		.4byte	0xac
 2703 00ea 05       		.uleb128 0x5
 2704 00eb 91000000 		.4byte	0x91
 2705 00ef FA000000 		.4byte	0xfa
 2706 00f3 09       		.uleb128 0x9
 2707 00f4 8A000000 		.4byte	0x8a
 2708 00f8 FF       		.byte	0xff
 2709 00f9 00       		.byte	0
 2710 00fa 0A       		.uleb128 0xa
 2711 00fb 83010000 		.4byte	.LASF15
 2712 00ff 03       		.byte	0x3
 2713 0100 8301     		.2byte	0x183
 2714 0102 0C010000 		.4byte	0x10c
 2715 0106 05       		.uleb128 0x5
 2716 0107 03       		.byte	0x3
 2717 0108 00000000 		.4byte	cy_meta_flashprotect
 2718 010c 07       		.uleb128 0x7
 2719 010d EA000000 		.4byte	0xea
 2720 0111 05       		.uleb128 0x5
 2721 0112 91000000 		.4byte	0x91
 2722 0116 21010000 		.4byte	0x121
 2723 011a 09       		.uleb128 0x9
 2724 011b 8A000000 		.4byte	0x8a
 2725 011f 0B       		.byte	0xb
 2726 0120 00       		.byte	0
 2727 0121 0A       		.uleb128 0xa
 2728 0122 0A000000 		.4byte	.LASF16
 2729 0126 03       		.byte	0x3
 2730 0127 B001     		.2byte	0x1b0
 2731 0129 33010000 		.4byte	0x133
 2732 012d 05       		.uleb128 0x5
ARM GAS  C:\Users\z004e6he\AppData\Local\Temp\ccYDqOKk.s 			page 49


 2733 012e 03       		.byte	0x3
 2734 012f 00000000 		.4byte	cy_metadata
 2735 0133 07       		.uleb128 0x7
 2736 0134 11010000 		.4byte	0x111
 2737 0138 00       		.byte	0
 2738              		.section	.debug_abbrev,"",%progbits
 2739              	.Ldebug_abbrev0:
 2740 0000 01       		.uleb128 0x1
 2741 0001 11       		.uleb128 0x11
 2742 0002 01       		.byte	0x1
 2743 0003 25       		.uleb128 0x25
 2744 0004 0E       		.uleb128 0xe
 2745 0005 13       		.uleb128 0x13
 2746 0006 0B       		.uleb128 0xb
 2747 0007 03       		.uleb128 0x3
 2748 0008 0E       		.uleb128 0xe
 2749 0009 1B       		.uleb128 0x1b
 2750 000a 0E       		.uleb128 0xe
 2751 000b 10       		.uleb128 0x10
 2752 000c 17       		.uleb128 0x17
 2753 000d 00       		.byte	0
 2754 000e 00       		.byte	0
 2755 000f 02       		.uleb128 0x2
 2756 0010 24       		.uleb128 0x24
 2757 0011 00       		.byte	0
 2758 0012 0B       		.uleb128 0xb
 2759 0013 0B       		.uleb128 0xb
 2760 0014 3E       		.uleb128 0x3e
 2761 0015 0B       		.uleb128 0xb
 2762 0016 03       		.uleb128 0x3
 2763 0017 0E       		.uleb128 0xe
 2764 0018 00       		.byte	0
 2765 0019 00       		.byte	0
 2766 001a 03       		.uleb128 0x3
 2767 001b 16       		.uleb128 0x16
 2768 001c 00       		.byte	0
 2769 001d 03       		.uleb128 0x3
 2770 001e 0E       		.uleb128 0xe
 2771 001f 3A       		.uleb128 0x3a
 2772 0020 0B       		.uleb128 0xb
 2773 0021 3B       		.uleb128 0x3b
 2774 0022 0B       		.uleb128 0xb
 2775 0023 49       		.uleb128 0x49
 2776 0024 13       		.uleb128 0x13
 2777 0025 00       		.byte	0
 2778 0026 00       		.byte	0
 2779 0027 04       		.uleb128 0x4
 2780 0028 24       		.uleb128 0x24
 2781 0029 00       		.byte	0
 2782 002a 0B       		.uleb128 0xb
 2783 002b 0B       		.uleb128 0xb
 2784 002c 3E       		.uleb128 0x3e
 2785 002d 0B       		.uleb128 0xb
 2786 002e 03       		.uleb128 0x3
 2787 002f 08       		.uleb128 0x8
 2788 0030 00       		.byte	0
 2789 0031 00       		.byte	0
ARM GAS  C:\Users\z004e6he\AppData\Local\Temp\ccYDqOKk.s 			page 50


 2790 0032 05       		.uleb128 0x5
 2791 0033 01       		.uleb128 0x1
 2792 0034 01       		.byte	0x1
 2793 0035 49       		.uleb128 0x49
 2794 0036 13       		.uleb128 0x13
 2795 0037 01       		.uleb128 0x1
 2796 0038 13       		.uleb128 0x13
 2797 0039 00       		.byte	0
 2798 003a 00       		.byte	0
 2799 003b 06       		.uleb128 0x6
 2800 003c 21       		.uleb128 0x21
 2801 003d 00       		.byte	0
 2802 003e 49       		.uleb128 0x49
 2803 003f 13       		.uleb128 0x13
 2804 0040 2F       		.uleb128 0x2f
 2805 0041 05       		.uleb128 0x5
 2806 0042 00       		.byte	0
 2807 0043 00       		.byte	0
 2808 0044 07       		.uleb128 0x7
 2809 0045 26       		.uleb128 0x26
 2810 0046 00       		.byte	0
 2811 0047 49       		.uleb128 0x49
 2812 0048 13       		.uleb128 0x13
 2813 0049 00       		.byte	0
 2814 004a 00       		.byte	0
 2815 004b 08       		.uleb128 0x8
 2816 004c 34       		.uleb128 0x34
 2817 004d 00       		.byte	0
 2818 004e 03       		.uleb128 0x3
 2819 004f 0E       		.uleb128 0xe
 2820 0050 3A       		.uleb128 0x3a
 2821 0051 0B       		.uleb128 0xb
 2822 0052 3B       		.uleb128 0x3b
 2823 0053 0B       		.uleb128 0xb
 2824 0054 49       		.uleb128 0x49
 2825 0055 13       		.uleb128 0x13
 2826 0056 3F       		.uleb128 0x3f
 2827 0057 19       		.uleb128 0x19
 2828 0058 02       		.uleb128 0x2
 2829 0059 18       		.uleb128 0x18
 2830 005a 00       		.byte	0
 2831 005b 00       		.byte	0
 2832 005c 09       		.uleb128 0x9
 2833 005d 21       		.uleb128 0x21
 2834 005e 00       		.byte	0
 2835 005f 49       		.uleb128 0x49
 2836 0060 13       		.uleb128 0x13
 2837 0061 2F       		.uleb128 0x2f
 2838 0062 0B       		.uleb128 0xb
 2839 0063 00       		.byte	0
 2840 0064 00       		.byte	0
 2841 0065 0A       		.uleb128 0xa
 2842 0066 34       		.uleb128 0x34
 2843 0067 00       		.byte	0
 2844 0068 03       		.uleb128 0x3
 2845 0069 0E       		.uleb128 0xe
 2846 006a 3A       		.uleb128 0x3a
ARM GAS  C:\Users\z004e6he\AppData\Local\Temp\ccYDqOKk.s 			page 51


 2847 006b 0B       		.uleb128 0xb
 2848 006c 3B       		.uleb128 0x3b
 2849 006d 05       		.uleb128 0x5
 2850 006e 49       		.uleb128 0x49
 2851 006f 13       		.uleb128 0x13
 2852 0070 3F       		.uleb128 0x3f
 2853 0071 19       		.uleb128 0x19
 2854 0072 02       		.uleb128 0x2
 2855 0073 18       		.uleb128 0x18
 2856 0074 00       		.byte	0
 2857 0075 00       		.byte	0
 2858 0076 00       		.byte	0
 2859              		.section	.debug_aranges,"",%progbits
 2860 0000 14000000 		.4byte	0x14
 2861 0004 0200     		.2byte	0x2
 2862 0006 00000000 		.4byte	.Ldebug_info0
 2863 000a 04       		.byte	0x4
 2864 000b 00       		.byte	0
 2865 000c 0000     		.2byte	0
 2866 000e 0000     		.2byte	0
 2867 0010 00000000 		.4byte	0
 2868 0014 00000000 		.4byte	0
 2869              		.section	.debug_line,"",%progbits
 2870              	.Ldebug_line0:
 2871 0000 3D010000 		.section	.debug_str,"MS",%progbits,1
 2871      02003701 
 2871      00000201 
 2871      FB0E0D00 
 2871      01010101 
 2872              	.LASF9:
 2873 0000 5F5F7569 		.ascii	"__uint8_t\000"
 2873      6E74385F 
 2873      7400
 2874              	.LASF16:
 2875 000a 63795F6D 		.ascii	"cy_metadata\000"
 2875      65746164 
 2875      61746100 
 2876              	.LASF1:
 2877 0016 756E7369 		.ascii	"unsigned char\000"
 2877      676E6564 
 2877      20636861 
 2877      7200
 2878              	.LASF17:
 2879 0024 474E5520 		.ascii	"GNU C11 5.4.1 20160609 (release) [ARM/embedded-5-br"
 2879      43313120 
 2879      352E342E 
 2879      31203230 
 2879      31363036 
 2880 0057 616E6368 		.ascii	"anch revision 237715] -mcpu=cortex-m3 -mthumb -g -O"
 2880      20726576 
 2880      6973696F 
 2880      6E203233 
 2880      37373135 
 2881 008a 67202D66 		.ascii	"g -ffunction-sections -ffat-lto-objects\000"
 2881      66756E63 
 2881      74696F6E 
 2881      2D736563 
ARM GAS  C:\Users\z004e6he\AppData\Local\Temp\ccYDqOKk.s 			page 52


 2881      74696F6E 
 2882              	.LASF5:
 2883 00b2 6C6F6E67 		.ascii	"long unsigned int\000"
 2883      20756E73 
 2883      69676E65 
 2883      6420696E 
 2883      7400
 2884              	.LASF3:
 2885 00c4 73686F72 		.ascii	"short unsigned int\000"
 2885      7420756E 
 2885      7369676E 
 2885      65642069 
 2885      6E7400
 2886              	.LASF19:
 2887 00d7 433A5C55 		.ascii	"C:\\UserData\\z004e6he\\OneDrive - Siemens AG\\Docu"
 2887      73657244 
 2887      6174615C 
 2887      7A303034 
 2887      65366865 
 2888 0106 6D656E74 		.ascii	"ments\\PSoC Creator\\PSoC\\Project\\Design01.cydsn\000"
 2888      735C5053 
 2888      6F432043 
 2888      72656174 
 2888      6F725C50 
 2889              	.LASF13:
 2890 0135 63795F6D 		.ascii	"cy_meta_custnvl\000"
 2890      6574615F 
 2890      63757374 
 2890      6E766C00 
 2891              	.LASF12:
 2892 0145 63795F6D 		.ascii	"cy_meta_configecc\000"
 2892      6574615F 
 2892      636F6E66 
 2892      69676563 
 2892      6300
 2893              	.LASF8:
 2894 0157 756E7369 		.ascii	"unsigned int\000"
 2894      676E6564 
 2894      20696E74 
 2894      00
 2895              	.LASF7:
 2896 0164 6C6F6E67 		.ascii	"long long unsigned int\000"
 2896      206C6F6E 
 2896      6720756E 
 2896      7369676E 
 2896      65642069 
 2897              	.LASF10:
 2898 017b 75696E74 		.ascii	"uint8_t\000"
 2898      385F7400 
 2899              	.LASF15:
 2900 0183 63795F6D 		.ascii	"cy_meta_flashprotect\000"
 2900      6574615F 
 2900      666C6173 
 2900      6870726F 
 2900      74656374 
 2901              	.LASF14:
 2902 0198 63795F6D 		.ascii	"cy_meta_wonvl\000"
ARM GAS  C:\Users\z004e6he\AppData\Local\Temp\ccYDqOKk.s 			page 53


 2902      6574615F 
 2902      776F6E76 
 2902      6C00
 2903              	.LASF11:
 2904 01a6 73697A65 		.ascii	"sizetype\000"
 2904      74797065 
 2904      00
 2905              	.LASF6:
 2906 01af 6C6F6E67 		.ascii	"long long int\000"
 2906      206C6F6E 
 2906      6720696E 
 2906      7400
 2907              	.LASF2:
 2908 01bd 73686F72 		.ascii	"short int\000"
 2908      7420696E 
 2908      7400
 2909              	.LASF4:
 2910 01c7 6C6F6E67 		.ascii	"long int\000"
 2910      20696E74 
 2910      00
 2911              	.LASF0:
 2912 01d0 7369676E 		.ascii	"signed char\000"
 2912      65642063 
 2912      68617200 
 2913              	.LASF18:
 2914 01dc 47656E65 		.ascii	"Generated_Source\\PSoC5\\cymetadata.c\000"
 2914      72617465 
 2914      645F536F 
 2914      75726365 
 2914      5C50536F 
 2915              		.ident	"GCC: (GNU Tools for ARM Embedded Processors) 5.4.1 20160609 (release) [ARM/embedded-5-bran
