ARM GAS  C:\Users\z004e6he\AppData\Local\Temp\cclT3az5.s 			page 1


   1              		.syntax unified
   2              		.cpu cortex-m3
   3              		.fpu softvfp
   4              		.eabi_attribute 20, 1
   5              		.eabi_attribute 21, 1
   6              		.eabi_attribute 23, 3
   7              		.eabi_attribute 24, 1
   8              		.eabi_attribute 25, 1
   9              		.eabi_attribute 26, 1
  10              		.eabi_attribute 30, 1
  11              		.eabi_attribute 34, 1
  12              		.eabi_attribute 18, 4
  13              		.thumb
  14              		.syntax unified
  15              		.file	"sensors.c"
  16              		.text
  17              	.Ltext0:
  18              		.cfi_sections	.debug_frame
  19              		.section	.text.getHallEffectData,"ax",%progbits
  20              		.align	2
  21              		.global	getHallEffectData
  22              		.thumb
  23              		.thumb_func
  24              		.type	getHallEffectData, %function
  25              	getHallEffectData:
  26              	.LFB64:
  27              		.file 1 "sensors.c"
   1:sensors.c     **** /* ========================================
   2:sensors.c     ****  *
   3:sensors.c     ****  * Copyright YOUR COMPANY, THE YEAR
   4:sensors.c     ****  * All Rights Reserved
   5:sensors.c     ****  * UNPUBLISHED, LICENSED SOFTWARE.
   6:sensors.c     ****  *
   7:sensors.c     ****  * CONFIDENTIAL AND PROPRIETARY INFORMATION
   8:sensors.c     ****  * WHICH IS THE PROPERTY OF your company.
   9:sensors.c     ****  *
  10:sensors.c     ****  * ========================================
  11:sensors.c     **** */
  12:sensors.c     **** 
  13:sensors.c     **** #include "sensors.h"
  14:sensors.c     **** 
  15:sensors.c     **** //row 0 is Hall effect, col 0 is dashboard, display value as bar in col 1 und as val in col 2, use 
  16:sensors.c     **** //row 1 is Temperature, current Temp in row 0, graph of temp in row 1, 1 s average in row 2 and gra
  17:sensors.c     **** //row 2 is Ultrasound measurement
  18:sensors.c     **** //TODO: Display a message of what's shown when switching pages for 1 s, allows to get value in mean
  19:sensors.c     **** //TODO: OR have a key show a description message when pressed
  20:sensors.c     **** 
  21:sensors.c     **** void getSensorData(uint8 page){
  22:sensors.c     ****     switch(page){
  23:sensors.c     ****         case 0: //Dashboard
  24:sensors.c     ****         //Get data from all sensors, update ~ 1Hz
  25:sensors.c     ****         getHallEffectData(0, 0);
  26:sensors.c     ****         getTemperatureData();
  27:sensors.c     ****         getUltrasoundData();
  28:sensors.c     ****         break;
  29:sensors.c     ****         case 1: //Hall Effect as value
  30:sensors.c     ****         //Read Hall effect data from switch "01"
ARM GAS  C:\Users\z004e6he\AppData\Local\Temp\cclT3az5.s 			page 2


  31:sensors.c     ****         getHallEffectData(0, 1);
  32:sensors.c     ****         break;
  33:sensors.c     ****         case 2: //Hall Effect as bar
  34:sensors.c     ****         //Read Hall Effect data from switch "02"
  35:sensors.c     ****         getHallEffectData(0, 2);
  36:sensors.c     ****         break;
  37:sensors.c     ****         case 3: //Hall Effect as bar and servo output
  38:sensors.c     ****         //Read data from switch "03"
  39:sensors.c     ****         getHallEffectData(0, 3);
  40:sensors.c     ****         break;
  41:sensors.c     ****     }
  42:sensors.c     **** }
  43:sensors.c     **** 
  44:sensors.c     **** /* Get the value of how low the key to activate the screen is pressed */
  45:sensors.c     **** void getHallEffectData(uint8 row, uint8 col){
  28              		.loc 1 45 0
  29              		.cfi_startproc
  30              		@ args = 0, pretend = 0, frame = 0
  31              		@ frame_needed = 0, uses_anonymous_args = 0
  32              	.LVL0:
  33 0000 38B5     		push	{r3, r4, r5, lr}
  34              		.cfi_def_cfa_offset 16
  35              		.cfi_offset 3, -16
  36              		.cfi_offset 4, -12
  37              		.cfi_offset 5, -8
  38              		.cfi_offset 14, -4
  39 0002 0D46     		mov	r5, r1
  46:sensors.c     ****     //Set row and col appropriately
  47:sensors.c     ****     ADC_AMux_Select(row);
  40              		.loc 1 47 0
  41 0004 FFF7FEFF 		bl	ADC_AMux_Select
  42              	.LVL1:
  48:sensors.c     ****     (*pinWriteArr[col])(HIGH);
  43              		.loc 1 48 0
  44 0008 074C     		ldr	r4, .L3
  45 000a 54F82530 		ldr	r3, [r4, r5, lsl #2]
  46 000e 0120     		movs	r0, #1
  47 0010 9847     		blx	r3
  48              	.LVL2:
  49:sensors.c     ****     //TODO: Check if delay is needed
  50:sensors.c     ****     sensor.HallEffect = ADC_Read16() - CONVERSION_OFFSET;
  49              		.loc 1 50 0
  50 0012 FFF7FEFF 		bl	ADC_Read16
  51              	.LVL3:
  52 0016 3830     		adds	r0, r0, #56
  53 0018 044B     		ldr	r3, .L3+4
  54 001a 1870     		strb	r0, [r3]
  51:sensors.c     ****     (*pinWriteArr[col])(LOW);
  55              		.loc 1 51 0
  56 001c 54F82530 		ldr	r3, [r4, r5, lsl #2]
  57 0020 0020     		movs	r0, #0
  58 0022 9847     		blx	r3
  59              	.LVL4:
  60 0024 38BD     		pop	{r3, r4, r5, pc}
  61              	.L4:
  62 0026 00BF     		.align	2
  63              	.L3:
ARM GAS  C:\Users\z004e6he\AppData\Local\Temp\cclT3az5.s 			page 3


  64 0028 00000000 		.word	pinWriteArr
  65 002c 00000000 		.word	sensor
  66              		.cfi_endproc
  67              	.LFE64:
  68              		.size	getHallEffectData, .-getHallEffectData
  69              		.section	.text.getTemperatureData,"ax",%progbits
  70              		.align	2
  71              		.global	getTemperatureData
  72              		.thumb
  73              		.thumb_func
  74              		.type	getTemperatureData, %function
  75              	getTemperatureData:
  76              	.LFB65:
  52:sensors.c     **** }
  53:sensors.c     **** 
  54:sensors.c     **** /* Get the temperature sensor data */
  55:sensors.c     **** void getTemperatureData(void){
  77              		.loc 1 55 0
  78              		.cfi_startproc
  79              		@ args = 0, pretend = 0, frame = 0
  80              		@ frame_needed = 0, uses_anonymous_args = 0
  81 0000 08B5     		push	{r3, lr}
  82              		.cfi_def_cfa_offset 8
  83              		.cfi_offset 3, -8
  84              		.cfi_offset 14, -4
  56:sensors.c     ****     //Select the Multiplexer channel for the sensor
  57:sensors.c     ****     ADC_AMux_Select(TEMPERATURE_SENSOR_CHANNEL);
  85              		.loc 1 57 0
  86 0002 0420     		movs	r0, #4
  87 0004 FFF7FEFF 		bl	ADC_AMux_Select
  88              	.LVL5:
  58:sensors.c     ****     //TODO: Check if delay is needed
  59:sensors.c     ****     //Read the sensor temperature, convert value to mV
  60:sensors.c     ****     sensor.Temperature = ADC_CountsTo_mVolts(ADC_Read16());
  89              		.loc 1 60 0
  90 0008 FFF7FEFF 		bl	ADC_Read16
  91              	.LVL6:
  92 000c FFF7FEFF 		bl	ADC_CountsTo_mVolts
  93              	.LVL7:
  94 0010 014B     		ldr	r3, .L7
  95 0012 5880     		strh	r0, [r3, #2]	@ movhi
  96 0014 08BD     		pop	{r3, pc}
  97              	.L8:
  98 0016 00BF     		.align	2
  99              	.L7:
 100 0018 00000000 		.word	sensor
 101              		.cfi_endproc
 102              	.LFE65:
 103              		.size	getTemperatureData, .-getTemperatureData
 104              		.section	.text.getSensorData,"ax",%progbits
 105              		.align	2
 106              		.global	getSensorData
 107              		.thumb
 108              		.thumb_func
 109              		.type	getSensorData, %function
 110              	getSensorData:
 111              	.LFB63:
ARM GAS  C:\Users\z004e6he\AppData\Local\Temp\cclT3az5.s 			page 4


  21:sensors.c     ****     switch(page){
 112              		.loc 1 21 0
 113              		.cfi_startproc
 114              		@ args = 0, pretend = 0, frame = 0
 115              		@ frame_needed = 0, uses_anonymous_args = 0
 116              	.LVL8:
 117 0000 08B5     		push	{r3, lr}
 118              		.cfi_def_cfa_offset 8
 119              		.cfi_offset 3, -8
 120              		.cfi_offset 14, -4
  22:sensors.c     ****         case 0: //Dashboard
 121              		.loc 1 22 0
 122 0002 0328     		cmp	r0, #3
 123 0004 18D8     		bhi	.L9
 124 0006 DFE800F0 		tbb	[pc, r0]
 125              	.L12:
 126 000a 02       		.byte	(.L11-.L12)/2
 127 000b 09       		.byte	(.L13-.L12)/2
 128 000c 0E       		.byte	(.L14-.L12)/2
 129 000d 13       		.byte	(.L15-.L12)/2
 130              		.p2align 1
 131              	.L11:
  25:sensors.c     ****         getTemperatureData();
 132              		.loc 1 25 0
 133 000e 0021     		movs	r1, #0
 134 0010 0846     		mov	r0, r1
 135              	.LVL9:
 136 0012 FFF7FEFF 		bl	getHallEffectData
 137              	.LVL10:
  26:sensors.c     ****         getUltrasoundData();
 138              		.loc 1 26 0
 139 0016 FFF7FEFF 		bl	getTemperatureData
 140              	.LVL11:
  28:sensors.c     ****         case 1: //Hall Effect as value
 141              		.loc 1 28 0
 142 001a 08BD     		pop	{r3, pc}
 143              	.LVL12:
 144              	.L13:
  31:sensors.c     ****         break;
 145              		.loc 1 31 0
 146 001c 0121     		movs	r1, #1
 147 001e 0020     		movs	r0, #0
 148              	.LVL13:
 149 0020 FFF7FEFF 		bl	getHallEffectData
 150              	.LVL14:
  32:sensors.c     ****         case 2: //Hall Effect as bar
 151              		.loc 1 32 0
 152 0024 08BD     		pop	{r3, pc}
 153              	.LVL15:
 154              	.L14:
  35:sensors.c     ****         break;
 155              		.loc 1 35 0
 156 0026 0221     		movs	r1, #2
 157 0028 0020     		movs	r0, #0
 158              	.LVL16:
 159 002a FFF7FEFF 		bl	getHallEffectData
 160              	.LVL17:
ARM GAS  C:\Users\z004e6he\AppData\Local\Temp\cclT3az5.s 			page 5


  36:sensors.c     ****         case 3: //Hall Effect as bar and servo output
 161              		.loc 1 36 0
 162 002e 08BD     		pop	{r3, pc}
 163              	.LVL18:
 164              	.L15:
  39:sensors.c     ****         break;
 165              		.loc 1 39 0
 166 0030 0321     		movs	r1, #3
 167 0032 0020     		movs	r0, #0
 168              	.LVL19:
 169 0034 FFF7FEFF 		bl	getHallEffectData
 170              	.LVL20:
 171              	.L9:
 172 0038 08BD     		pop	{r3, pc}
 173              		.cfi_endproc
 174              	.LFE63:
 175              		.size	getSensorData, .-getSensorData
 176 003a 00BF     		.section	.text.getUltrasoundData,"ax",%progbits
 177              		.align	2
 178              		.global	getUltrasoundData
 179              		.thumb
 180              		.thumb_func
 181              		.type	getUltrasoundData, %function
 182              	getUltrasoundData:
 183              	.LFB66:
  61:sensors.c     **** }
  62:sensors.c     **** 
  63:sensors.c     **** /* Get the ultrasound sensor data */
  64:sensors.c     **** void getUltrasoundData(void){
 184              		.loc 1 64 0
 185              		.cfi_startproc
 186              		@ args = 0, pretend = 0, frame = 0
 187              		@ frame_needed = 0, uses_anonymous_args = 0
 188              		@ link register save eliminated.
 189 0000 7047     		bx	lr
 190              		.cfi_endproc
 191              	.LFE66:
 192              		.size	getUltrasoundData, .-getUltrasoundData
 193              		.comm	sensor,6,4
 194              		.comm	rapidTriggerDistance,2,2
 195              		.comm	pinWriteArr,16,4
 196              		.comm	Transmitbuffer,64,4
 197              		.comm	action,1,1
 198 0002 00BF     		.text
 199              	.Letext0:
 200              		.file 2 "c:\\program files (x86)\\cypress\\psoc creator\\4.4\\psoc creator\\import\\gnu\\arm\\5.4.
 201              		.file 3 "c:\\program files (x86)\\cypress\\psoc creator\\4.4\\psoc creator\\import\\gnu\\arm\\5.4.
 202              		.file 4 "Generated_Source\\PSoC5/cytypes.h"
 203              		.file 5 "sensors.h"
 204              		.file 6 "Generated_Source\\PSoC5/core_cm3.h"
 205              		.file 7 "HallEffect.h"
 206              		.file 8 "Generated_Source\\PSoC5/ADC_AMux.h"
 207              		.file 9 "Generated_Source\\PSoC5/ADC.h"
 208              		.section	.debug_info,"",%progbits
 209              	.Ldebug_info0:
 210 0000 E8020000 		.4byte	0x2e8
 211 0004 0400     		.2byte	0x4
ARM GAS  C:\Users\z004e6he\AppData\Local\Temp\cclT3az5.s 			page 6


 212 0006 00000000 		.4byte	.Ldebug_abbrev0
 213 000a 04       		.byte	0x4
 214 000b 01       		.uleb128 0x1
 215 000c 89000000 		.4byte	.LASF35
 216 0010 0C       		.byte	0xc
 217 0011 BC010000 		.4byte	.LASF36
 218 0015 57010000 		.4byte	.LASF37
 219 0019 00000000 		.4byte	.Ldebug_ranges0+0
 220 001d 00000000 		.4byte	0
 221 0021 00000000 		.4byte	.Ldebug_line0
 222 0025 02       		.uleb128 0x2
 223 0026 04       		.byte	0x4
 224 0027 07       		.byte	0x7
 225 0028 CD010000 		.4byte	.LASF0
 226 002c 03       		.uleb128 0x3
 227 002d 04       		.byte	0x4
 228 002e 05       		.byte	0x5
 229 002f 696E7400 		.ascii	"int\000"
 230 0033 02       		.uleb128 0x2
 231 0034 08       		.byte	0x8
 232 0035 05       		.byte	0x5
 233 0036 2A020000 		.4byte	.LASF1
 234 003a 02       		.uleb128 0x2
 235 003b 08       		.byte	0x8
 236 003c 04       		.byte	0x4
 237 003d 9C020000 		.4byte	.LASF2
 238 0041 02       		.uleb128 0x2
 239 0042 01       		.byte	0x1
 240 0043 06       		.byte	0x6
 241 0044 72000000 		.4byte	.LASF3
 242 0048 02       		.uleb128 0x2
 243 0049 01       		.byte	0x1
 244 004a 08       		.byte	0x8
 245 004b 49010000 		.4byte	.LASF4
 246 004f 02       		.uleb128 0x2
 247 0050 02       		.byte	0x2
 248 0051 05       		.byte	0x5
 249 0052 73020000 		.4byte	.LASF5
 250 0056 02       		.uleb128 0x2
 251 0057 02       		.byte	0x2
 252 0058 07       		.byte	0x7
 253 0059 29010000 		.4byte	.LASF6
 254 005d 04       		.uleb128 0x4
 255 005e 1D000000 		.4byte	.LASF12
 256 0062 02       		.byte	0x2
 257 0063 3F       		.byte	0x3f
 258 0064 68000000 		.4byte	0x68
 259 0068 02       		.uleb128 0x2
 260 0069 04       		.byte	0x4
 261 006a 05       		.byte	0x5
 262 006b 83020000 		.4byte	.LASF7
 263 006f 02       		.uleb128 0x2
 264 0070 04       		.byte	0x4
 265 0071 07       		.byte	0x7
 266 0072 17010000 		.4byte	.LASF8
 267 0076 02       		.uleb128 0x2
 268 0077 08       		.byte	0x8
ARM GAS  C:\Users\z004e6he\AppData\Local\Temp\cclT3az5.s 			page 7


 269 0078 07       		.byte	0x7
 270 0079 DA010000 		.4byte	.LASF9
 271 007d 02       		.uleb128 0x2
 272 007e 04       		.byte	0x4
 273 007f 07       		.byte	0x7
 274 0080 21020000 		.4byte	.LASF10
 275 0084 02       		.uleb128 0x2
 276 0085 01       		.byte	0x1
 277 0086 08       		.byte	0x8
 278 0087 43020000 		.4byte	.LASF11
 279 008b 04       		.uleb128 0x4
 280 008c 5C000000 		.4byte	.LASF13
 281 0090 03       		.byte	0x3
 282 0091 2C       		.byte	0x2c
 283 0092 5D000000 		.4byte	0x5d
 284 0096 05       		.uleb128 0x5
 285 0097 7D020000 		.4byte	.LASF14
 286 009b 04       		.byte	0x4
 287 009c E801     		.2byte	0x1e8
 288 009e 48000000 		.4byte	0x48
 289 00a2 05       		.uleb128 0x5
 290 00a3 C6010000 		.4byte	.LASF15
 291 00a7 04       		.byte	0x4
 292 00a8 E901     		.2byte	0x1e9
 293 00aa 56000000 		.4byte	0x56
 294 00ae 02       		.uleb128 0x2
 295 00af 04       		.byte	0x4
 296 00b0 04       		.byte	0x4
 297 00b1 05000000 		.4byte	.LASF16
 298 00b5 02       		.uleb128 0x2
 299 00b6 08       		.byte	0x8
 300 00b7 04       		.byte	0x4
 301 00b8 4D000000 		.4byte	.LASF17
 302 00bc 06       		.uleb128 0x6
 303 00bd 96000000 		.4byte	0x96
 304 00c1 07       		.uleb128 0x7
 305 00c2 17000000 		.4byte	.LASF38
 306 00c6 06       		.byte	0x6
 307 00c7 05       		.byte	0x5
 308 00c8 19       		.byte	0x19
 309 00c9 F2000000 		.4byte	0xf2
 310 00cd 08       		.uleb128 0x8
 311 00ce 38020000 		.4byte	.LASF18
 312 00d2 05       		.byte	0x5
 313 00d3 1A       		.byte	0x1a
 314 00d4 96000000 		.4byte	0x96
 315 00d8 00       		.byte	0
 316 00d9 08       		.uleb128 0x8
 317 00da 0B000000 		.4byte	.LASF19
 318 00de 05       		.byte	0x5
 319 00df 1B       		.byte	0x1b
 320 00e0 A2000000 		.4byte	0xa2
 321 00e4 02       		.byte	0x2
 322 00e5 08       		.uleb128 0x8
 323 00e6 7E000000 		.4byte	.LASF20
 324 00ea 05       		.byte	0x5
 325 00eb 1C       		.byte	0x1c
ARM GAS  C:\Users\z004e6he\AppData\Local\Temp\cclT3az5.s 			page 8


 326 00ec A2000000 		.4byte	0xa2
 327 00f0 04       		.byte	0x4
 328 00f1 00       		.byte	0
 329 00f2 04       		.uleb128 0x4
 330 00f3 54000000 		.4byte	.LASF21
 331 00f7 05       		.byte	0x5
 332 00f8 1D       		.byte	0x1d
 333 00f9 C1000000 		.4byte	0xc1
 334 00fd 09       		.uleb128 0x9
 335 00fe 0F020000 		.4byte	.LASF22
 336 0102 01       		.byte	0x1
 337 0103 2D       		.byte	0x2d
 338 0104 00000000 		.4byte	.LFB64
 339 0108 30000000 		.4byte	.LFE64-.LFB64
 340 010c 01       		.uleb128 0x1
 341 010d 9C       		.byte	0x9c
 342 010e 5D010000 		.4byte	0x15d
 343 0112 0A       		.uleb128 0xa
 344 0113 726F7700 		.ascii	"row\000"
 345 0117 01       		.byte	0x1
 346 0118 2D       		.byte	0x2d
 347 0119 96000000 		.4byte	0x96
 348 011d 00000000 		.4byte	.LLST0
 349 0121 0A       		.uleb128 0xa
 350 0122 636F6C00 		.ascii	"col\000"
 351 0126 01       		.byte	0x1
 352 0127 2D       		.byte	0x2d
 353 0128 96000000 		.4byte	0x96
 354 012c 21000000 		.4byte	.LLST1
 355 0130 0B       		.uleb128 0xb
 356 0131 08000000 		.4byte	.LVL1
 357 0135 CA020000 		.4byte	0x2ca
 358 0139 0C       		.uleb128 0xc
 359 013a 12000000 		.4byte	.LVL2
 360 013e 48010000 		.4byte	0x148
 361 0142 0D       		.uleb128 0xd
 362 0143 01       		.uleb128 0x1
 363 0144 50       		.byte	0x50
 364 0145 01       		.uleb128 0x1
 365 0146 31       		.byte	0x31
 366 0147 00       		.byte	0
 367 0148 0B       		.uleb128 0xb
 368 0149 16000000 		.4byte	.LVL3
 369 014d D5020000 		.4byte	0x2d5
 370 0151 0E       		.uleb128 0xe
 371 0152 24000000 		.4byte	.LVL4
 372 0156 0D       		.uleb128 0xd
 373 0157 01       		.uleb128 0x1
 374 0158 50       		.byte	0x50
 375 0159 01       		.uleb128 0x1
 376 015a 30       		.byte	0x30
 377 015b 00       		.byte	0
 378 015c 00       		.byte	0
 379 015d 09       		.uleb128 0x9
 380 015e F1010000 		.4byte	.LASF23
 381 0162 01       		.byte	0x1
 382 0163 37       		.byte	0x37
ARM GAS  C:\Users\z004e6he\AppData\Local\Temp\cclT3az5.s 			page 9


 383 0164 00000000 		.4byte	.LFB65
 384 0168 1C000000 		.4byte	.LFE65-.LFB65
 385 016c 01       		.uleb128 0x1
 386 016d 9C       		.byte	0x9c
 387 016e 98010000 		.4byte	0x198
 388 0172 0F       		.uleb128 0xf
 389 0173 08000000 		.4byte	.LVL5
 390 0177 CA020000 		.4byte	0x2ca
 391 017b 85010000 		.4byte	0x185
 392 017f 0D       		.uleb128 0xd
 393 0180 01       		.uleb128 0x1
 394 0181 50       		.byte	0x50
 395 0182 01       		.uleb128 0x1
 396 0183 34       		.byte	0x34
 397 0184 00       		.byte	0
 398 0185 0B       		.uleb128 0xb
 399 0186 0C000000 		.4byte	.LVL6
 400 018a D5020000 		.4byte	0x2d5
 401 018e 0B       		.uleb128 0xb
 402 018f 10000000 		.4byte	.LVL7
 403 0193 E0020000 		.4byte	0x2e0
 404 0197 00       		.byte	0
 405 0198 09       		.uleb128 0x9
 406 0199 64000000 		.4byte	.LASF24
 407 019d 01       		.byte	0x1
 408 019e 15       		.byte	0x15
 409 019f 00000000 		.4byte	.LFB63
 410 01a3 3A000000 		.4byte	.LFE63-.LFB63
 411 01a7 01       		.uleb128 0x1
 412 01a8 9C       		.byte	0x9c
 413 01a9 22020000 		.4byte	0x222
 414 01ad 10       		.uleb128 0x10
 415 01ae 00000000 		.4byte	.LASF25
 416 01b2 01       		.byte	0x1
 417 01b3 15       		.byte	0x15
 418 01b4 96000000 		.4byte	0x96
 419 01b8 42000000 		.4byte	.LLST2
 420 01bc 0F       		.uleb128 0xf
 421 01bd 16000000 		.4byte	.LVL10
 422 01c1 FD000000 		.4byte	0xfd
 423 01c5 D4010000 		.4byte	0x1d4
 424 01c9 0D       		.uleb128 0xd
 425 01ca 01       		.uleb128 0x1
 426 01cb 50       		.byte	0x50
 427 01cc 01       		.uleb128 0x1
 428 01cd 30       		.byte	0x30
 429 01ce 0D       		.uleb128 0xd
 430 01cf 01       		.uleb128 0x1
 431 01d0 51       		.byte	0x51
 432 01d1 01       		.uleb128 0x1
 433 01d2 30       		.byte	0x30
 434 01d3 00       		.byte	0
 435 01d4 0B       		.uleb128 0xb
 436 01d5 1A000000 		.4byte	.LVL11
 437 01d9 5D010000 		.4byte	0x15d
 438 01dd 0F       		.uleb128 0xf
 439 01de 24000000 		.4byte	.LVL14
ARM GAS  C:\Users\z004e6he\AppData\Local\Temp\cclT3az5.s 			page 10


 440 01e2 FD000000 		.4byte	0xfd
 441 01e6 F5010000 		.4byte	0x1f5
 442 01ea 0D       		.uleb128 0xd
 443 01eb 01       		.uleb128 0x1
 444 01ec 50       		.byte	0x50
 445 01ed 01       		.uleb128 0x1
 446 01ee 30       		.byte	0x30
 447 01ef 0D       		.uleb128 0xd
 448 01f0 01       		.uleb128 0x1
 449 01f1 51       		.byte	0x51
 450 01f2 01       		.uleb128 0x1
 451 01f3 31       		.byte	0x31
 452 01f4 00       		.byte	0
 453 01f5 0F       		.uleb128 0xf
 454 01f6 2E000000 		.4byte	.LVL17
 455 01fa FD000000 		.4byte	0xfd
 456 01fe 0D020000 		.4byte	0x20d
 457 0202 0D       		.uleb128 0xd
 458 0203 01       		.uleb128 0x1
 459 0204 50       		.byte	0x50
 460 0205 01       		.uleb128 0x1
 461 0206 30       		.byte	0x30
 462 0207 0D       		.uleb128 0xd
 463 0208 01       		.uleb128 0x1
 464 0209 51       		.byte	0x51
 465 020a 01       		.uleb128 0x1
 466 020b 32       		.byte	0x32
 467 020c 00       		.byte	0
 468 020d 11       		.uleb128 0x11
 469 020e 38000000 		.4byte	.LVL20
 470 0212 FD000000 		.4byte	0xfd
 471 0216 0D       		.uleb128 0xd
 472 0217 01       		.uleb128 0x1
 473 0218 50       		.byte	0x50
 474 0219 01       		.uleb128 0x1
 475 021a 30       		.byte	0x30
 476 021b 0D       		.uleb128 0xd
 477 021c 01       		.uleb128 0x1
 478 021d 51       		.byte	0x51
 479 021e 01       		.uleb128 0x1
 480 021f 33       		.byte	0x33
 481 0220 00       		.byte	0
 482 0221 00       		.byte	0
 483 0222 12       		.uleb128 0x12
 484 0223 3B000000 		.4byte	.LASF39
 485 0227 01       		.byte	0x1
 486 0228 40       		.byte	0x40
 487 0229 00000000 		.4byte	.LFB66
 488 022d 02000000 		.4byte	.LFE66-.LFB66
 489 0231 01       		.uleb128 0x1
 490 0232 9C       		.byte	0x9c
 491 0233 13       		.uleb128 0x13
 492 0234 3C010000 		.4byte	.LASF26
 493 0238 06       		.byte	0x6
 494 0239 1207     		.2byte	0x712
 495 023b 3F020000 		.4byte	0x23f
 496 023f 06       		.uleb128 0x6
ARM GAS  C:\Users\z004e6he\AppData\Local\Temp\cclT3az5.s 			page 11


 497 0240 8B000000 		.4byte	0x8b
 498 0244 14       		.uleb128 0x14
 499 0245 B5010000 		.4byte	.LASF27
 500 0249 07       		.byte	0x7
 501 024a 3A       		.byte	0x3a
 502 024b BC000000 		.4byte	0xbc
 503 024f 05       		.uleb128 0x5
 504 0250 03       		.byte	0x3
 505 0251 00000000 		.4byte	action
 506 0255 15       		.uleb128 0x15
 507 0256 84000000 		.4byte	0x84
 508 025a 65020000 		.4byte	0x265
 509 025e 16       		.uleb128 0x16
 510 025f 7D000000 		.4byte	0x7d
 511 0263 3F       		.byte	0x3f
 512 0264 00       		.byte	0
 513 0265 14       		.uleb128 0x14
 514 0266 48020000 		.4byte	.LASF28
 515 026a 07       		.byte	0x7
 516 026b 3D       		.byte	0x3d
 517 026c 55020000 		.4byte	0x255
 518 0270 05       		.uleb128 0x5
 519 0271 03       		.byte	0x3
 520 0272 00000000 		.4byte	Transmitbuffer
 521 0276 15       		.uleb128 0x15
 522 0277 86020000 		.4byte	0x286
 523 027b 86020000 		.4byte	0x286
 524 027f 16       		.uleb128 0x16
 525 0280 7D000000 		.4byte	0x7d
 526 0284 03       		.byte	0x3
 527 0285 00       		.byte	0
 528 0286 17       		.uleb128 0x17
 529 0287 04       		.byte	0x4
 530 0288 8C020000 		.4byte	0x28c
 531 028c 18       		.uleb128 0x18
 532 028d 97020000 		.4byte	0x297
 533 0291 19       		.uleb128 0x19
 534 0292 96000000 		.4byte	0x96
 535 0296 00       		.byte	0
 536 0297 14       		.uleb128 0x14
 537 0298 A8020000 		.4byte	.LASF29
 538 029c 07       		.byte	0x7
 539 029d 40       		.byte	0x40
 540 029e 76020000 		.4byte	0x276
 541 02a2 05       		.uleb128 0x5
 542 02a3 03       		.byte	0x3
 543 02a4 00000000 		.4byte	pinWriteArr
 544 02a8 14       		.uleb128 0x14
 545 02a9 57020000 		.4byte	.LASF30
 546 02ad 07       		.byte	0x7
 547 02ae 44       		.byte	0x44
 548 02af A2000000 		.4byte	0xa2
 549 02b3 05       		.uleb128 0x5
 550 02b4 03       		.byte	0x3
 551 02b5 00000000 		.4byte	rapidTriggerDistance
 552 02b9 14       		.uleb128 0x14
 553 02ba 6C020000 		.4byte	.LASF31
ARM GAS  C:\Users\z004e6he\AppData\Local\Temp\cclT3az5.s 			page 12


 554 02be 05       		.byte	0x5
 555 02bf 1F       		.byte	0x1f
 556 02c0 F2000000 		.4byte	0xf2
 557 02c4 05       		.uleb128 0x5
 558 02c5 03       		.byte	0x3
 559 02c6 00000000 		.4byte	sensor
 560 02ca 1A       		.uleb128 0x1a
 561 02cb 8C020000 		.4byte	.LASF32
 562 02cf 8C020000 		.4byte	.LASF32
 563 02d3 08       		.byte	0x8
 564 02d4 57       		.byte	0x57
 565 02d5 1A       		.uleb128 0x1a
 566 02d6 04020000 		.4byte	.LASF33
 567 02da 04020000 		.4byte	.LASF33
 568 02de 09       		.byte	0x9
 569 02df 55       		.byte	0x55
 570 02e0 1A       		.uleb128 0x1a
 571 02e1 27000000 		.4byte	.LASF34
 572 02e5 27000000 		.4byte	.LASF34
 573 02e9 09       		.byte	0x9
 574 02ea 47       		.byte	0x47
 575 02eb 00       		.byte	0
 576              		.section	.debug_abbrev,"",%progbits
 577              	.Ldebug_abbrev0:
 578 0000 01       		.uleb128 0x1
 579 0001 11       		.uleb128 0x11
 580 0002 01       		.byte	0x1
 581 0003 25       		.uleb128 0x25
 582 0004 0E       		.uleb128 0xe
 583 0005 13       		.uleb128 0x13
 584 0006 0B       		.uleb128 0xb
 585 0007 03       		.uleb128 0x3
 586 0008 0E       		.uleb128 0xe
 587 0009 1B       		.uleb128 0x1b
 588 000a 0E       		.uleb128 0xe
 589 000b 55       		.uleb128 0x55
 590 000c 17       		.uleb128 0x17
 591 000d 11       		.uleb128 0x11
 592 000e 01       		.uleb128 0x1
 593 000f 10       		.uleb128 0x10
 594 0010 17       		.uleb128 0x17
 595 0011 00       		.byte	0
 596 0012 00       		.byte	0
 597 0013 02       		.uleb128 0x2
 598 0014 24       		.uleb128 0x24
 599 0015 00       		.byte	0
 600 0016 0B       		.uleb128 0xb
 601 0017 0B       		.uleb128 0xb
 602 0018 3E       		.uleb128 0x3e
 603 0019 0B       		.uleb128 0xb
 604 001a 03       		.uleb128 0x3
 605 001b 0E       		.uleb128 0xe
 606 001c 00       		.byte	0
 607 001d 00       		.byte	0
 608 001e 03       		.uleb128 0x3
 609 001f 24       		.uleb128 0x24
 610 0020 00       		.byte	0
ARM GAS  C:\Users\z004e6he\AppData\Local\Temp\cclT3az5.s 			page 13


 611 0021 0B       		.uleb128 0xb
 612 0022 0B       		.uleb128 0xb
 613 0023 3E       		.uleb128 0x3e
 614 0024 0B       		.uleb128 0xb
 615 0025 03       		.uleb128 0x3
 616 0026 08       		.uleb128 0x8
 617 0027 00       		.byte	0
 618 0028 00       		.byte	0
 619 0029 04       		.uleb128 0x4
 620 002a 16       		.uleb128 0x16
 621 002b 00       		.byte	0
 622 002c 03       		.uleb128 0x3
 623 002d 0E       		.uleb128 0xe
 624 002e 3A       		.uleb128 0x3a
 625 002f 0B       		.uleb128 0xb
 626 0030 3B       		.uleb128 0x3b
 627 0031 0B       		.uleb128 0xb
 628 0032 49       		.uleb128 0x49
 629 0033 13       		.uleb128 0x13
 630 0034 00       		.byte	0
 631 0035 00       		.byte	0
 632 0036 05       		.uleb128 0x5
 633 0037 16       		.uleb128 0x16
 634 0038 00       		.byte	0
 635 0039 03       		.uleb128 0x3
 636 003a 0E       		.uleb128 0xe
 637 003b 3A       		.uleb128 0x3a
 638 003c 0B       		.uleb128 0xb
 639 003d 3B       		.uleb128 0x3b
 640 003e 05       		.uleb128 0x5
 641 003f 49       		.uleb128 0x49
 642 0040 13       		.uleb128 0x13
 643 0041 00       		.byte	0
 644 0042 00       		.byte	0
 645 0043 06       		.uleb128 0x6
 646 0044 35       		.uleb128 0x35
 647 0045 00       		.byte	0
 648 0046 49       		.uleb128 0x49
 649 0047 13       		.uleb128 0x13
 650 0048 00       		.byte	0
 651 0049 00       		.byte	0
 652 004a 07       		.uleb128 0x7
 653 004b 13       		.uleb128 0x13
 654 004c 01       		.byte	0x1
 655 004d 03       		.uleb128 0x3
 656 004e 0E       		.uleb128 0xe
 657 004f 0B       		.uleb128 0xb
 658 0050 0B       		.uleb128 0xb
 659 0051 3A       		.uleb128 0x3a
 660 0052 0B       		.uleb128 0xb
 661 0053 3B       		.uleb128 0x3b
 662 0054 0B       		.uleb128 0xb
 663 0055 01       		.uleb128 0x1
 664 0056 13       		.uleb128 0x13
 665 0057 00       		.byte	0
 666 0058 00       		.byte	0
 667 0059 08       		.uleb128 0x8
ARM GAS  C:\Users\z004e6he\AppData\Local\Temp\cclT3az5.s 			page 14


 668 005a 0D       		.uleb128 0xd
 669 005b 00       		.byte	0
 670 005c 03       		.uleb128 0x3
 671 005d 0E       		.uleb128 0xe
 672 005e 3A       		.uleb128 0x3a
 673 005f 0B       		.uleb128 0xb
 674 0060 3B       		.uleb128 0x3b
 675 0061 0B       		.uleb128 0xb
 676 0062 49       		.uleb128 0x49
 677 0063 13       		.uleb128 0x13
 678 0064 38       		.uleb128 0x38
 679 0065 0B       		.uleb128 0xb
 680 0066 00       		.byte	0
 681 0067 00       		.byte	0
 682 0068 09       		.uleb128 0x9
 683 0069 2E       		.uleb128 0x2e
 684 006a 01       		.byte	0x1
 685 006b 3F       		.uleb128 0x3f
 686 006c 19       		.uleb128 0x19
 687 006d 03       		.uleb128 0x3
 688 006e 0E       		.uleb128 0xe
 689 006f 3A       		.uleb128 0x3a
 690 0070 0B       		.uleb128 0xb
 691 0071 3B       		.uleb128 0x3b
 692 0072 0B       		.uleb128 0xb
 693 0073 27       		.uleb128 0x27
 694 0074 19       		.uleb128 0x19
 695 0075 11       		.uleb128 0x11
 696 0076 01       		.uleb128 0x1
 697 0077 12       		.uleb128 0x12
 698 0078 06       		.uleb128 0x6
 699 0079 40       		.uleb128 0x40
 700 007a 18       		.uleb128 0x18
 701 007b 9742     		.uleb128 0x2117
 702 007d 19       		.uleb128 0x19
 703 007e 01       		.uleb128 0x1
 704 007f 13       		.uleb128 0x13
 705 0080 00       		.byte	0
 706 0081 00       		.byte	0
 707 0082 0A       		.uleb128 0xa
 708 0083 05       		.uleb128 0x5
 709 0084 00       		.byte	0
 710 0085 03       		.uleb128 0x3
 711 0086 08       		.uleb128 0x8
 712 0087 3A       		.uleb128 0x3a
 713 0088 0B       		.uleb128 0xb
 714 0089 3B       		.uleb128 0x3b
 715 008a 0B       		.uleb128 0xb
 716 008b 49       		.uleb128 0x49
 717 008c 13       		.uleb128 0x13
 718 008d 02       		.uleb128 0x2
 719 008e 17       		.uleb128 0x17
 720 008f 00       		.byte	0
 721 0090 00       		.byte	0
 722 0091 0B       		.uleb128 0xb
 723 0092 898201   		.uleb128 0x4109
 724 0095 00       		.byte	0
ARM GAS  C:\Users\z004e6he\AppData\Local\Temp\cclT3az5.s 			page 15


 725 0096 11       		.uleb128 0x11
 726 0097 01       		.uleb128 0x1
 727 0098 31       		.uleb128 0x31
 728 0099 13       		.uleb128 0x13
 729 009a 00       		.byte	0
 730 009b 00       		.byte	0
 731 009c 0C       		.uleb128 0xc
 732 009d 898201   		.uleb128 0x4109
 733 00a0 01       		.byte	0x1
 734 00a1 11       		.uleb128 0x11
 735 00a2 01       		.uleb128 0x1
 736 00a3 01       		.uleb128 0x1
 737 00a4 13       		.uleb128 0x13
 738 00a5 00       		.byte	0
 739 00a6 00       		.byte	0
 740 00a7 0D       		.uleb128 0xd
 741 00a8 8A8201   		.uleb128 0x410a
 742 00ab 00       		.byte	0
 743 00ac 02       		.uleb128 0x2
 744 00ad 18       		.uleb128 0x18
 745 00ae 9142     		.uleb128 0x2111
 746 00b0 18       		.uleb128 0x18
 747 00b1 00       		.byte	0
 748 00b2 00       		.byte	0
 749 00b3 0E       		.uleb128 0xe
 750 00b4 898201   		.uleb128 0x4109
 751 00b7 01       		.byte	0x1
 752 00b8 11       		.uleb128 0x11
 753 00b9 01       		.uleb128 0x1
 754 00ba 00       		.byte	0
 755 00bb 00       		.byte	0
 756 00bc 0F       		.uleb128 0xf
 757 00bd 898201   		.uleb128 0x4109
 758 00c0 01       		.byte	0x1
 759 00c1 11       		.uleb128 0x11
 760 00c2 01       		.uleb128 0x1
 761 00c3 31       		.uleb128 0x31
 762 00c4 13       		.uleb128 0x13
 763 00c5 01       		.uleb128 0x1
 764 00c6 13       		.uleb128 0x13
 765 00c7 00       		.byte	0
 766 00c8 00       		.byte	0
 767 00c9 10       		.uleb128 0x10
 768 00ca 05       		.uleb128 0x5
 769 00cb 00       		.byte	0
 770 00cc 03       		.uleb128 0x3
 771 00cd 0E       		.uleb128 0xe
 772 00ce 3A       		.uleb128 0x3a
 773 00cf 0B       		.uleb128 0xb
 774 00d0 3B       		.uleb128 0x3b
 775 00d1 0B       		.uleb128 0xb
 776 00d2 49       		.uleb128 0x49
 777 00d3 13       		.uleb128 0x13
 778 00d4 02       		.uleb128 0x2
 779 00d5 17       		.uleb128 0x17
 780 00d6 00       		.byte	0
 781 00d7 00       		.byte	0
ARM GAS  C:\Users\z004e6he\AppData\Local\Temp\cclT3az5.s 			page 16


 782 00d8 11       		.uleb128 0x11
 783 00d9 898201   		.uleb128 0x4109
 784 00dc 01       		.byte	0x1
 785 00dd 11       		.uleb128 0x11
 786 00de 01       		.uleb128 0x1
 787 00df 31       		.uleb128 0x31
 788 00e0 13       		.uleb128 0x13
 789 00e1 00       		.byte	0
 790 00e2 00       		.byte	0
 791 00e3 12       		.uleb128 0x12
 792 00e4 2E       		.uleb128 0x2e
 793 00e5 00       		.byte	0
 794 00e6 3F       		.uleb128 0x3f
 795 00e7 19       		.uleb128 0x19
 796 00e8 03       		.uleb128 0x3
 797 00e9 0E       		.uleb128 0xe
 798 00ea 3A       		.uleb128 0x3a
 799 00eb 0B       		.uleb128 0xb
 800 00ec 3B       		.uleb128 0x3b
 801 00ed 0B       		.uleb128 0xb
 802 00ee 27       		.uleb128 0x27
 803 00ef 19       		.uleb128 0x19
 804 00f0 11       		.uleb128 0x11
 805 00f1 01       		.uleb128 0x1
 806 00f2 12       		.uleb128 0x12
 807 00f3 06       		.uleb128 0x6
 808 00f4 40       		.uleb128 0x40
 809 00f5 18       		.uleb128 0x18
 810 00f6 9742     		.uleb128 0x2117
 811 00f8 19       		.uleb128 0x19
 812 00f9 00       		.byte	0
 813 00fa 00       		.byte	0
 814 00fb 13       		.uleb128 0x13
 815 00fc 34       		.uleb128 0x34
 816 00fd 00       		.byte	0
 817 00fe 03       		.uleb128 0x3
 818 00ff 0E       		.uleb128 0xe
 819 0100 3A       		.uleb128 0x3a
 820 0101 0B       		.uleb128 0xb
 821 0102 3B       		.uleb128 0x3b
 822 0103 05       		.uleb128 0x5
 823 0104 49       		.uleb128 0x49
 824 0105 13       		.uleb128 0x13
 825 0106 3F       		.uleb128 0x3f
 826 0107 19       		.uleb128 0x19
 827 0108 3C       		.uleb128 0x3c
 828 0109 19       		.uleb128 0x19
 829 010a 00       		.byte	0
 830 010b 00       		.byte	0
 831 010c 14       		.uleb128 0x14
 832 010d 34       		.uleb128 0x34
 833 010e 00       		.byte	0
 834 010f 03       		.uleb128 0x3
 835 0110 0E       		.uleb128 0xe
 836 0111 3A       		.uleb128 0x3a
 837 0112 0B       		.uleb128 0xb
 838 0113 3B       		.uleb128 0x3b
ARM GAS  C:\Users\z004e6he\AppData\Local\Temp\cclT3az5.s 			page 17


 839 0114 0B       		.uleb128 0xb
 840 0115 49       		.uleb128 0x49
 841 0116 13       		.uleb128 0x13
 842 0117 3F       		.uleb128 0x3f
 843 0118 19       		.uleb128 0x19
 844 0119 02       		.uleb128 0x2
 845 011a 18       		.uleb128 0x18
 846 011b 00       		.byte	0
 847 011c 00       		.byte	0
 848 011d 15       		.uleb128 0x15
 849 011e 01       		.uleb128 0x1
 850 011f 01       		.byte	0x1
 851 0120 49       		.uleb128 0x49
 852 0121 13       		.uleb128 0x13
 853 0122 01       		.uleb128 0x1
 854 0123 13       		.uleb128 0x13
 855 0124 00       		.byte	0
 856 0125 00       		.byte	0
 857 0126 16       		.uleb128 0x16
 858 0127 21       		.uleb128 0x21
 859 0128 00       		.byte	0
 860 0129 49       		.uleb128 0x49
 861 012a 13       		.uleb128 0x13
 862 012b 2F       		.uleb128 0x2f
 863 012c 0B       		.uleb128 0xb
 864 012d 00       		.byte	0
 865 012e 00       		.byte	0
 866 012f 17       		.uleb128 0x17
 867 0130 0F       		.uleb128 0xf
 868 0131 00       		.byte	0
 869 0132 0B       		.uleb128 0xb
 870 0133 0B       		.uleb128 0xb
 871 0134 49       		.uleb128 0x49
 872 0135 13       		.uleb128 0x13
 873 0136 00       		.byte	0
 874 0137 00       		.byte	0
 875 0138 18       		.uleb128 0x18
 876 0139 15       		.uleb128 0x15
 877 013a 01       		.byte	0x1
 878 013b 27       		.uleb128 0x27
 879 013c 19       		.uleb128 0x19
 880 013d 01       		.uleb128 0x1
 881 013e 13       		.uleb128 0x13
 882 013f 00       		.byte	0
 883 0140 00       		.byte	0
 884 0141 19       		.uleb128 0x19
 885 0142 05       		.uleb128 0x5
 886 0143 00       		.byte	0
 887 0144 49       		.uleb128 0x49
 888 0145 13       		.uleb128 0x13
 889 0146 00       		.byte	0
 890 0147 00       		.byte	0
 891 0148 1A       		.uleb128 0x1a
 892 0149 2E       		.uleb128 0x2e
 893 014a 00       		.byte	0
 894 014b 3F       		.uleb128 0x3f
 895 014c 19       		.uleb128 0x19
ARM GAS  C:\Users\z004e6he\AppData\Local\Temp\cclT3az5.s 			page 18


 896 014d 3C       		.uleb128 0x3c
 897 014e 19       		.uleb128 0x19
 898 014f 6E       		.uleb128 0x6e
 899 0150 0E       		.uleb128 0xe
 900 0151 03       		.uleb128 0x3
 901 0152 0E       		.uleb128 0xe
 902 0153 3A       		.uleb128 0x3a
 903 0154 0B       		.uleb128 0xb
 904 0155 3B       		.uleb128 0x3b
 905 0156 0B       		.uleb128 0xb
 906 0157 00       		.byte	0
 907 0158 00       		.byte	0
 908 0159 00       		.byte	0
 909              		.section	.debug_loc,"",%progbits
 910              	.Ldebug_loc0:
 911              	.LLST0:
 912 0000 00000000 		.4byte	.LVL0
 913 0004 07000000 		.4byte	.LVL1-1
 914 0008 0100     		.2byte	0x1
 915 000a 50       		.byte	0x50
 916 000b 07000000 		.4byte	.LVL1-1
 917 000f 30000000 		.4byte	.LFE64
 918 0013 0400     		.2byte	0x4
 919 0015 F3       		.byte	0xf3
 920 0016 01       		.uleb128 0x1
 921 0017 50       		.byte	0x50
 922 0018 9F       		.byte	0x9f
 923 0019 00000000 		.4byte	0
 924 001d 00000000 		.4byte	0
 925              	.LLST1:
 926 0021 00000000 		.4byte	.LVL0
 927 0025 07000000 		.4byte	.LVL1-1
 928 0029 0100     		.2byte	0x1
 929 002b 51       		.byte	0x51
 930 002c 07000000 		.4byte	.LVL1-1
 931 0030 30000000 		.4byte	.LFE64
 932 0034 0400     		.2byte	0x4
 933 0036 F3       		.byte	0xf3
 934 0037 01       		.uleb128 0x1
 935 0038 51       		.byte	0x51
 936 0039 9F       		.byte	0x9f
 937 003a 00000000 		.4byte	0
 938 003e 00000000 		.4byte	0
 939              	.LLST2:
 940 0042 00000000 		.4byte	.LVL8
 941 0046 12000000 		.4byte	.LVL9
 942 004a 0100     		.2byte	0x1
 943 004c 50       		.byte	0x50
 944 004d 12000000 		.4byte	.LVL9
 945 0051 1C000000 		.4byte	.LVL12
 946 0055 0400     		.2byte	0x4
 947 0057 F3       		.byte	0xf3
 948 0058 01       		.uleb128 0x1
 949 0059 50       		.byte	0x50
 950 005a 9F       		.byte	0x9f
 951 005b 1C000000 		.4byte	.LVL12
 952 005f 20000000 		.4byte	.LVL13
ARM GAS  C:\Users\z004e6he\AppData\Local\Temp\cclT3az5.s 			page 19


 953 0063 0100     		.2byte	0x1
 954 0065 50       		.byte	0x50
 955 0066 20000000 		.4byte	.LVL13
 956 006a 26000000 		.4byte	.LVL15
 957 006e 0400     		.2byte	0x4
 958 0070 F3       		.byte	0xf3
 959 0071 01       		.uleb128 0x1
 960 0072 50       		.byte	0x50
 961 0073 9F       		.byte	0x9f
 962 0074 26000000 		.4byte	.LVL15
 963 0078 2A000000 		.4byte	.LVL16
 964 007c 0100     		.2byte	0x1
 965 007e 50       		.byte	0x50
 966 007f 2A000000 		.4byte	.LVL16
 967 0083 30000000 		.4byte	.LVL18
 968 0087 0400     		.2byte	0x4
 969 0089 F3       		.byte	0xf3
 970 008a 01       		.uleb128 0x1
 971 008b 50       		.byte	0x50
 972 008c 9F       		.byte	0x9f
 973 008d 30000000 		.4byte	.LVL18
 974 0091 34000000 		.4byte	.LVL19
 975 0095 0100     		.2byte	0x1
 976 0097 50       		.byte	0x50
 977 0098 34000000 		.4byte	.LVL19
 978 009c 3A000000 		.4byte	.LFE63
 979 00a0 0400     		.2byte	0x4
 980 00a2 F3       		.byte	0xf3
 981 00a3 01       		.uleb128 0x1
 982 00a4 50       		.byte	0x50
 983 00a5 9F       		.byte	0x9f
 984 00a6 00000000 		.4byte	0
 985 00aa 00000000 		.4byte	0
 986              		.section	.debug_aranges,"",%progbits
 987 0000 34000000 		.4byte	0x34
 988 0004 0200     		.2byte	0x2
 989 0006 00000000 		.4byte	.Ldebug_info0
 990 000a 04       		.byte	0x4
 991 000b 00       		.byte	0
 992 000c 0000     		.2byte	0
 993 000e 0000     		.2byte	0
 994 0010 00000000 		.4byte	.LFB64
 995 0014 30000000 		.4byte	.LFE64-.LFB64
 996 0018 00000000 		.4byte	.LFB65
 997 001c 1C000000 		.4byte	.LFE65-.LFB65
 998 0020 00000000 		.4byte	.LFB63
 999 0024 3A000000 		.4byte	.LFE63-.LFB63
 1000 0028 00000000 		.4byte	.LFB66
 1001 002c 02000000 		.4byte	.LFE66-.LFB66
 1002 0030 00000000 		.4byte	0
 1003 0034 00000000 		.4byte	0
 1004              		.section	.debug_ranges,"",%progbits
 1005              	.Ldebug_ranges0:
 1006 0000 00000000 		.4byte	.LFB64
 1007 0004 30000000 		.4byte	.LFE64
 1008 0008 00000000 		.4byte	.LFB65
 1009 000c 1C000000 		.4byte	.LFE65
ARM GAS  C:\Users\z004e6he\AppData\Local\Temp\cclT3az5.s 			page 20


 1010 0010 00000000 		.4byte	.LFB63
 1011 0014 3A000000 		.4byte	.LFE63
 1012 0018 00000000 		.4byte	.LFB66
 1013 001c 02000000 		.4byte	.LFE66
 1014 0020 00000000 		.4byte	0
 1015 0024 00000000 		.4byte	0
 1016              		.section	.debug_line,"",%progbits
 1017              	.Ldebug_line0:
 1018 0000 D4010000 		.section	.debug_str,"MS",%progbits,1
 1018      02008301 
 1018      00000201 
 1018      FB0E0D00 
 1018      01010101 
 1019              	.LASF25:
 1020 0000 70616765 		.ascii	"page\000"
 1020      00
 1021              	.LASF16:
 1022 0005 666C6F61 		.ascii	"float\000"
 1022      7400
 1023              	.LASF19:
 1024 000b 54656D70 		.ascii	"Temperature\000"
 1024      65726174 
 1024      75726500 
 1025              	.LASF38:
 1026 0017 76616C75 		.ascii	"value\000"
 1026      6500
 1027              	.LASF12:
 1028 001d 5F5F696E 		.ascii	"__int32_t\000"
 1028      7433325F 
 1028      7400
 1029              	.LASF34:
 1030 0027 4144435F 		.ascii	"ADC_CountsTo_mVolts\000"
 1030      436F756E 
 1030      7473546F 
 1030      5F6D566F 
 1030      6C747300 
 1031              	.LASF39:
 1032 003b 67657455 		.ascii	"getUltrasoundData\000"
 1032      6C747261 
 1032      736F756E 
 1032      64446174 
 1032      6100
 1033              	.LASF17:
 1034 004d 646F7562 		.ascii	"double\000"
 1034      6C6500
 1035              	.LASF21:
 1036 0054 53656E73 		.ascii	"Sensors\000"
 1036      6F727300 
 1037              	.LASF13:
 1038 005c 696E7433 		.ascii	"int32_t\000"
 1038      325F7400 
 1039              	.LASF24:
 1040 0064 67657453 		.ascii	"getSensorData\000"
 1040      656E736F 
 1040      72446174 
 1040      6100
 1041              	.LASF3:
ARM GAS  C:\Users\z004e6he\AppData\Local\Temp\cclT3az5.s 			page 21


 1042 0072 7369676E 		.ascii	"signed char\000"
 1042      65642063 
 1042      68617200 
 1043              	.LASF20:
 1044 007e 556C7472 		.ascii	"Ultrasound\000"
 1044      61736F75 
 1044      6E6400
 1045              	.LASF35:
 1046 0089 474E5520 		.ascii	"GNU C11 5.4.1 20160609 (release) [ARM/embedded-5-br"
 1046      43313120 
 1046      352E342E 
 1046      31203230 
 1046      31363036 
 1047 00bc 616E6368 		.ascii	"anch revision 237715] -mcpu=cortex-m3 -mthumb -g -O"
 1047      20726576 
 1047      6973696F 
 1047      6E203233 
 1047      37373135 
 1048 00ef 67202D66 		.ascii	"g -ffunction-sections -ffat-lto-objects\000"
 1048      66756E63 
 1048      74696F6E 
 1048      2D736563 
 1048      74696F6E 
 1049              	.LASF8:
 1050 0117 6C6F6E67 		.ascii	"long unsigned int\000"
 1050      20756E73 
 1050      69676E65 
 1050      6420696E 
 1050      7400
 1051              	.LASF6:
 1052 0129 73686F72 		.ascii	"short unsigned int\000"
 1052      7420756E 
 1052      7369676E 
 1052      65642069 
 1052      6E7400
 1053              	.LASF26:
 1054 013c 49544D5F 		.ascii	"ITM_RxBuffer\000"
 1054      52784275 
 1054      66666572 
 1054      00
 1055              	.LASF4:
 1056 0149 756E7369 		.ascii	"unsigned char\000"
 1056      676E6564 
 1056      20636861 
 1056      7200
 1057              	.LASF37:
 1058 0157 433A5C55 		.ascii	"C:\\UserData\\z004e6he\\OneDrive - Siemens AG\\Docu"
 1058      73657244 
 1058      6174615C 
 1058      7A303034 
 1058      65366865 
 1059 0186 6D656E74 		.ascii	"ments\\PSoC Creator\\PSoC\\Project\\Design01.cydsn\000"
 1059      735C5053 
 1059      6F432043 
 1059      72656174 
 1059      6F725C50 
 1060              	.LASF27:
ARM GAS  C:\Users\z004e6he\AppData\Local\Temp\cclT3az5.s 			page 22


 1061 01b5 61637469 		.ascii	"action\000"
 1061      6F6E00
 1062              	.LASF36:
 1063 01bc 73656E73 		.ascii	"sensors.c\000"
 1063      6F72732E 
 1063      6300
 1064              	.LASF15:
 1065 01c6 75696E74 		.ascii	"uint16\000"
 1065      313600
 1066              	.LASF0:
 1067 01cd 756E7369 		.ascii	"unsigned int\000"
 1067      676E6564 
 1067      20696E74 
 1067      00
 1068              	.LASF9:
 1069 01da 6C6F6E67 		.ascii	"long long unsigned int\000"
 1069      206C6F6E 
 1069      6720756E 
 1069      7369676E 
 1069      65642069 
 1070              	.LASF23:
 1071 01f1 67657454 		.ascii	"getTemperatureData\000"
 1071      656D7065 
 1071      72617475 
 1071      72654461 
 1071      746100
 1072              	.LASF33:
 1073 0204 4144435F 		.ascii	"ADC_Read16\000"
 1073      52656164 
 1073      313600
 1074              	.LASF22:
 1075 020f 67657448 		.ascii	"getHallEffectData\000"
 1075      616C6C45 
 1075      66666563 
 1075      74446174 
 1075      6100
 1076              	.LASF10:
 1077 0221 73697A65 		.ascii	"sizetype\000"
 1077      74797065 
 1077      00
 1078              	.LASF1:
 1079 022a 6C6F6E67 		.ascii	"long long int\000"
 1079      206C6F6E 
 1079      6720696E 
 1079      7400
 1080              	.LASF18:
 1081 0238 48616C6C 		.ascii	"HallEffect\000"
 1081      45666665 
 1081      637400
 1082              	.LASF11:
 1083 0243 63686172 		.ascii	"char\000"
 1083      00
 1084              	.LASF28:
 1085 0248 5472616E 		.ascii	"Transmitbuffer\000"
 1085      736D6974 
 1085      62756666 
 1085      657200
ARM GAS  C:\Users\z004e6he\AppData\Local\Temp\cclT3az5.s 			page 23


 1086              	.LASF30:
 1087 0257 72617069 		.ascii	"rapidTriggerDistance\000"
 1087      64547269 
 1087      67676572 
 1087      44697374 
 1087      616E6365 
 1088              	.LASF31:
 1089 026c 73656E73 		.ascii	"sensor\000"
 1089      6F7200
 1090              	.LASF5:
 1091 0273 73686F72 		.ascii	"short int\000"
 1091      7420696E 
 1091      7400
 1092              	.LASF14:
 1093 027d 75696E74 		.ascii	"uint8\000"
 1093      3800
 1094              	.LASF7:
 1095 0283 6C6F6E67 		.ascii	"long int\000"
 1095      20696E74 
 1095      00
 1096              	.LASF32:
 1097 028c 4144435F 		.ascii	"ADC_AMux_Select\000"
 1097      414D7578 
 1097      5F53656C 
 1097      65637400 
 1098              	.LASF2:
 1099 029c 6C6F6E67 		.ascii	"long double\000"
 1099      20646F75 
 1099      626C6500 
 1100              	.LASF29:
 1101 02a8 70696E57 		.ascii	"pinWriteArr\000"
 1101      72697465 
 1101      41727200 
 1102              		.ident	"GCC: (GNU Tools for ARM Embedded Processors) 5.4.1 20160609 (release) [ARM/embedded-5-bran
