ARM GAS  C:\Users\z004e6he\AppData\Local\Temp\ccSuHZyB.s 			page 1


   1              		.syntax unified
   2              		.cpu cortex-m3
   3              		.fpu softvfp
   4              		.eabi_attribute 20, 1
   5              		.eabi_attribute 21, 1
   6              		.eabi_attribute 23, 3
   7              		.eabi_attribute 24, 1
   8              		.eabi_attribute 25, 1
   9              		.eabi_attribute 26, 1
  10              		.eabi_attribute 30, 1
  11              		.eabi_attribute 34, 1
  12              		.eabi_attribute 18, 4
  13              		.thumb
  14              		.syntax unified
  15              		.file	"TimerISR.c"
  16              		.text
  17              	.Ltext0:
  18              		.cfi_sections	.debug_frame
  19              		.section	.text.TimerISR_Interrupt,"ax",%progbits
  20              		.align	2
  21              		.global	TimerISR_Interrupt
  22              		.thumb
  23              		.thumb_func
  24              		.type	TimerISR_Interrupt, %function
  25              	TimerISR_Interrupt:
  26              	.LFB3:
  27              		.file 1 "Generated_Source\\PSoC5\\TimerISR.c"
   1:Generated_Source\PSoC5/TimerISR.c **** /*******************************************************************************
   2:Generated_Source\PSoC5/TimerISR.c **** * File Name: TimerISR.c  
   3:Generated_Source\PSoC5/TimerISR.c **** * Version 1.70
   4:Generated_Source\PSoC5/TimerISR.c **** *
   5:Generated_Source\PSoC5/TimerISR.c **** *  Description:
   6:Generated_Source\PSoC5/TimerISR.c **** *   API for controlling the state of an interrupt.
   7:Generated_Source\PSoC5/TimerISR.c **** *
   8:Generated_Source\PSoC5/TimerISR.c **** *
   9:Generated_Source\PSoC5/TimerISR.c **** *  Note:
  10:Generated_Source\PSoC5/TimerISR.c **** *
  11:Generated_Source\PSoC5/TimerISR.c **** ********************************************************************************
  12:Generated_Source\PSoC5/TimerISR.c **** * Copyright 2008-2015, Cypress Semiconductor Corporation.  All rights reserved.
  13:Generated_Source\PSoC5/TimerISR.c **** * You may use this file only in accordance with the license, terms, conditions, 
  14:Generated_Source\PSoC5/TimerISR.c **** * disclaimers, and limitations in the end user license agreement accompanying 
  15:Generated_Source\PSoC5/TimerISR.c **** * the software package with which this file was provided.
  16:Generated_Source\PSoC5/TimerISR.c **** *******************************************************************************/
  17:Generated_Source\PSoC5/TimerISR.c **** 
  18:Generated_Source\PSoC5/TimerISR.c **** 
  19:Generated_Source\PSoC5/TimerISR.c **** #include <cydevice_trm.h>
  20:Generated_Source\PSoC5/TimerISR.c **** #include <CyLib.h>
  21:Generated_Source\PSoC5/TimerISR.c **** #include <TimerISR.h>
  22:Generated_Source\PSoC5/TimerISR.c **** #include "cyapicallbacks.h"
  23:Generated_Source\PSoC5/TimerISR.c **** 
  24:Generated_Source\PSoC5/TimerISR.c **** #if !defined(TimerISR__REMOVED) /* Check for removal by optimization */
  25:Generated_Source\PSoC5/TimerISR.c **** 
  26:Generated_Source\PSoC5/TimerISR.c **** /*******************************************************************************
  27:Generated_Source\PSoC5/TimerISR.c **** *  Place your includes, defines and code here 
  28:Generated_Source\PSoC5/TimerISR.c **** ********************************************************************************/
  29:Generated_Source\PSoC5/TimerISR.c **** /* `#START TimerISR_intc` */
  30:Generated_Source\PSoC5/TimerISR.c **** #define TRUE 1
ARM GAS  C:\Users\z004e6he\AppData\Local\Temp\ccSuHZyB.s 			page 2


  31:Generated_Source\PSoC5/TimerISR.c **** #define FALSE 0
  32:Generated_Source\PSoC5/TimerISR.c ****     
  33:Generated_Source\PSoC5/TimerISR.c **** volatile uint8 gTimerIsrFlag = FALSE;
  34:Generated_Source\PSoC5/TimerISR.c **** 
  35:Generated_Source\PSoC5/TimerISR.c **** /* `#END` */
  36:Generated_Source\PSoC5/TimerISR.c **** 
  37:Generated_Source\PSoC5/TimerISR.c **** #ifndef CYINT_IRQ_BASE
  38:Generated_Source\PSoC5/TimerISR.c **** #define CYINT_IRQ_BASE      16
  39:Generated_Source\PSoC5/TimerISR.c **** #endif /* CYINT_IRQ_BASE */
  40:Generated_Source\PSoC5/TimerISR.c **** #ifndef CYINT_VECT_TABLE
  41:Generated_Source\PSoC5/TimerISR.c **** #define CYINT_VECT_TABLE    ((cyisraddress **) CYREG_NVIC_VECT_OFFSET)
  42:Generated_Source\PSoC5/TimerISR.c **** #endif /* CYINT_VECT_TABLE */
  43:Generated_Source\PSoC5/TimerISR.c **** 
  44:Generated_Source\PSoC5/TimerISR.c **** /* Declared in startup, used to set unused interrupts to. */
  45:Generated_Source\PSoC5/TimerISR.c **** CY_ISR_PROTO(IntDefaultHandler);
  46:Generated_Source\PSoC5/TimerISR.c **** 
  47:Generated_Source\PSoC5/TimerISR.c **** 
  48:Generated_Source\PSoC5/TimerISR.c **** /*******************************************************************************
  49:Generated_Source\PSoC5/TimerISR.c **** * Function Name: TimerISR_Start
  50:Generated_Source\PSoC5/TimerISR.c **** ********************************************************************************
  51:Generated_Source\PSoC5/TimerISR.c **** *
  52:Generated_Source\PSoC5/TimerISR.c **** * Summary:
  53:Generated_Source\PSoC5/TimerISR.c **** *  Set up the interrupt and enable it. This function disables the interrupt, 
  54:Generated_Source\PSoC5/TimerISR.c **** *  sets the default interrupt vector, sets the priority from the value in the
  55:Generated_Source\PSoC5/TimerISR.c **** *  Design Wide Resources Interrupt Editor, then enables the interrupt to the 
  56:Generated_Source\PSoC5/TimerISR.c **** *  interrupt controller.
  57:Generated_Source\PSoC5/TimerISR.c **** *
  58:Generated_Source\PSoC5/TimerISR.c **** * Parameters:  
  59:Generated_Source\PSoC5/TimerISR.c **** *   None
  60:Generated_Source\PSoC5/TimerISR.c **** *
  61:Generated_Source\PSoC5/TimerISR.c **** * Return:
  62:Generated_Source\PSoC5/TimerISR.c **** *   None
  63:Generated_Source\PSoC5/TimerISR.c **** *
  64:Generated_Source\PSoC5/TimerISR.c **** *******************************************************************************/
  65:Generated_Source\PSoC5/TimerISR.c **** void TimerISR_Start(void)
  66:Generated_Source\PSoC5/TimerISR.c **** {
  67:Generated_Source\PSoC5/TimerISR.c ****     /* For all we know the interrupt is active. */
  68:Generated_Source\PSoC5/TimerISR.c ****     TimerISR_Disable();
  69:Generated_Source\PSoC5/TimerISR.c **** 
  70:Generated_Source\PSoC5/TimerISR.c ****     /* Set the ISR to point to the TimerISR Interrupt. */
  71:Generated_Source\PSoC5/TimerISR.c ****     TimerISR_SetVector(&TimerISR_Interrupt);
  72:Generated_Source\PSoC5/TimerISR.c **** 
  73:Generated_Source\PSoC5/TimerISR.c ****     /* Set the priority. */
  74:Generated_Source\PSoC5/TimerISR.c ****     TimerISR_SetPriority((uint8)TimerISR_INTC_PRIOR_NUMBER);
  75:Generated_Source\PSoC5/TimerISR.c **** 
  76:Generated_Source\PSoC5/TimerISR.c ****     /* Enable it. */
  77:Generated_Source\PSoC5/TimerISR.c ****     TimerISR_Enable();
  78:Generated_Source\PSoC5/TimerISR.c **** }
  79:Generated_Source\PSoC5/TimerISR.c **** 
  80:Generated_Source\PSoC5/TimerISR.c **** 
  81:Generated_Source\PSoC5/TimerISR.c **** /*******************************************************************************
  82:Generated_Source\PSoC5/TimerISR.c **** * Function Name: TimerISR_StartEx
  83:Generated_Source\PSoC5/TimerISR.c **** ********************************************************************************
  84:Generated_Source\PSoC5/TimerISR.c **** *
  85:Generated_Source\PSoC5/TimerISR.c **** * Summary:
  86:Generated_Source\PSoC5/TimerISR.c **** *  Sets up the interrupt and enables it. This function disables the interrupt,
  87:Generated_Source\PSoC5/TimerISR.c **** *  sets the interrupt vector based on the address passed in, sets the priority 
ARM GAS  C:\Users\z004e6he\AppData\Local\Temp\ccSuHZyB.s 			page 3


  88:Generated_Source\PSoC5/TimerISR.c **** *  from the value in the Design Wide Resources Interrupt Editor, then enables 
  89:Generated_Source\PSoC5/TimerISR.c **** *  the interrupt to the interrupt controller.
  90:Generated_Source\PSoC5/TimerISR.c **** *  
  91:Generated_Source\PSoC5/TimerISR.c **** *  When defining ISR functions, the CY_ISR and CY_ISR_PROTO macros should be 
  92:Generated_Source\PSoC5/TimerISR.c **** *  used to provide consistent definition across compilers:
  93:Generated_Source\PSoC5/TimerISR.c **** *  
  94:Generated_Source\PSoC5/TimerISR.c **** *  Function definition example:
  95:Generated_Source\PSoC5/TimerISR.c **** *   CY_ISR(MyISR)
  96:Generated_Source\PSoC5/TimerISR.c **** *   {
  97:Generated_Source\PSoC5/TimerISR.c **** *   }
  98:Generated_Source\PSoC5/TimerISR.c **** *   Function prototype example:
  99:Generated_Source\PSoC5/TimerISR.c **** *   CY_ISR_PROTO(MyISR);
 100:Generated_Source\PSoC5/TimerISR.c **** *
 101:Generated_Source\PSoC5/TimerISR.c **** * Parameters:  
 102:Generated_Source\PSoC5/TimerISR.c **** *   address: Address of the ISR to set in the interrupt vector table.
 103:Generated_Source\PSoC5/TimerISR.c **** *
 104:Generated_Source\PSoC5/TimerISR.c **** * Return:
 105:Generated_Source\PSoC5/TimerISR.c **** *   None
 106:Generated_Source\PSoC5/TimerISR.c **** *
 107:Generated_Source\PSoC5/TimerISR.c **** *******************************************************************************/
 108:Generated_Source\PSoC5/TimerISR.c **** void TimerISR_StartEx(cyisraddress address)
 109:Generated_Source\PSoC5/TimerISR.c **** {
 110:Generated_Source\PSoC5/TimerISR.c ****     /* For all we know the interrupt is active. */
 111:Generated_Source\PSoC5/TimerISR.c ****     TimerISR_Disable();
 112:Generated_Source\PSoC5/TimerISR.c **** 
 113:Generated_Source\PSoC5/TimerISR.c ****     /* Set the ISR to point to the TimerISR Interrupt. */
 114:Generated_Source\PSoC5/TimerISR.c ****     TimerISR_SetVector(address);
 115:Generated_Source\PSoC5/TimerISR.c **** 
 116:Generated_Source\PSoC5/TimerISR.c ****     /* Set the priority. */
 117:Generated_Source\PSoC5/TimerISR.c ****     TimerISR_SetPriority((uint8)TimerISR_INTC_PRIOR_NUMBER);
 118:Generated_Source\PSoC5/TimerISR.c **** 
 119:Generated_Source\PSoC5/TimerISR.c ****     /* Enable it. */
 120:Generated_Source\PSoC5/TimerISR.c ****     TimerISR_Enable();
 121:Generated_Source\PSoC5/TimerISR.c **** }
 122:Generated_Source\PSoC5/TimerISR.c **** 
 123:Generated_Source\PSoC5/TimerISR.c **** 
 124:Generated_Source\PSoC5/TimerISR.c **** /*******************************************************************************
 125:Generated_Source\PSoC5/TimerISR.c **** * Function Name: TimerISR_Stop
 126:Generated_Source\PSoC5/TimerISR.c **** ********************************************************************************
 127:Generated_Source\PSoC5/TimerISR.c **** *
 128:Generated_Source\PSoC5/TimerISR.c **** * Summary:
 129:Generated_Source\PSoC5/TimerISR.c **** *   Disables and removes the interrupt.
 130:Generated_Source\PSoC5/TimerISR.c **** *
 131:Generated_Source\PSoC5/TimerISR.c **** * Parameters:  
 132:Generated_Source\PSoC5/TimerISR.c **** *   None
 133:Generated_Source\PSoC5/TimerISR.c **** *
 134:Generated_Source\PSoC5/TimerISR.c **** * Return:
 135:Generated_Source\PSoC5/TimerISR.c **** *   None
 136:Generated_Source\PSoC5/TimerISR.c **** *
 137:Generated_Source\PSoC5/TimerISR.c **** *******************************************************************************/
 138:Generated_Source\PSoC5/TimerISR.c **** void TimerISR_Stop(void)
 139:Generated_Source\PSoC5/TimerISR.c **** {
 140:Generated_Source\PSoC5/TimerISR.c ****     /* Disable this interrupt. */
 141:Generated_Source\PSoC5/TimerISR.c ****     TimerISR_Disable();
 142:Generated_Source\PSoC5/TimerISR.c **** 
 143:Generated_Source\PSoC5/TimerISR.c ****     /* Set the ISR to point to the passive one. */
 144:Generated_Source\PSoC5/TimerISR.c ****     TimerISR_SetVector(&IntDefaultHandler);
ARM GAS  C:\Users\z004e6he\AppData\Local\Temp\ccSuHZyB.s 			page 4


 145:Generated_Source\PSoC5/TimerISR.c **** }
 146:Generated_Source\PSoC5/TimerISR.c **** 
 147:Generated_Source\PSoC5/TimerISR.c **** 
 148:Generated_Source\PSoC5/TimerISR.c **** /*******************************************************************************
 149:Generated_Source\PSoC5/TimerISR.c **** * Function Name: TimerISR_Interrupt
 150:Generated_Source\PSoC5/TimerISR.c **** ********************************************************************************
 151:Generated_Source\PSoC5/TimerISR.c **** *
 152:Generated_Source\PSoC5/TimerISR.c **** * Summary:
 153:Generated_Source\PSoC5/TimerISR.c **** *   The default Interrupt Service Routine for TimerISR.
 154:Generated_Source\PSoC5/TimerISR.c **** *
 155:Generated_Source\PSoC5/TimerISR.c **** *   Add custom code between the coments to keep the next version of this file
 156:Generated_Source\PSoC5/TimerISR.c **** *   from over writting your code.
 157:Generated_Source\PSoC5/TimerISR.c **** *
 158:Generated_Source\PSoC5/TimerISR.c **** * Parameters:  
 159:Generated_Source\PSoC5/TimerISR.c **** *
 160:Generated_Source\PSoC5/TimerISR.c **** * Return:
 161:Generated_Source\PSoC5/TimerISR.c **** *   None
 162:Generated_Source\PSoC5/TimerISR.c **** *
 163:Generated_Source\PSoC5/TimerISR.c **** *******************************************************************************/
 164:Generated_Source\PSoC5/TimerISR.c **** CY_ISR(TimerISR_Interrupt)
 165:Generated_Source\PSoC5/TimerISR.c **** {
  28              		.loc 1 165 0
  29              		.cfi_startproc
  30              		@ args = 0, pretend = 0, frame = 0
  31              		@ frame_needed = 0, uses_anonymous_args = 0
  32              		@ link register save eliminated.
 166:Generated_Source\PSoC5/TimerISR.c ****     #ifdef TimerISR_INTERRUPT_INTERRUPT_CALLBACK
 167:Generated_Source\PSoC5/TimerISR.c ****         TimerISR_Interrupt_InterruptCallback();
 168:Generated_Source\PSoC5/TimerISR.c ****     #endif /* TimerISR_INTERRUPT_INTERRUPT_CALLBACK */ 
 169:Generated_Source\PSoC5/TimerISR.c **** 
 170:Generated_Source\PSoC5/TimerISR.c ****     /*  Place your Interrupt code here. */
 171:Generated_Source\PSoC5/TimerISR.c ****     /* `#START TimerISR_Interrupt` */
 172:Generated_Source\PSoC5/TimerISR.c ****     gTimerIsrFlag = TRUE;
  33              		.loc 1 172 0
  34 0000 0122     		movs	r2, #1
  35 0002 014B     		ldr	r3, .L2
  36 0004 1A70     		strb	r2, [r3]
  37 0006 7047     		bx	lr
  38              	.L3:
  39              		.align	2
  40              	.L2:
  41 0008 00000000 		.word	.LANCHOR0
  42              		.cfi_endproc
  43              	.LFE3:
  44              		.size	TimerISR_Interrupt, .-TimerISR_Interrupt
  45              		.section	.text.TimerISR_SetVector,"ax",%progbits
  46              		.align	2
  47              		.global	TimerISR_SetVector
  48              		.thumb
  49              		.thumb_func
  50              		.type	TimerISR_SetVector, %function
  51              	TimerISR_SetVector:
  52              	.LFB4:
 173:Generated_Source\PSoC5/TimerISR.c ****     /* `#END` */
 174:Generated_Source\PSoC5/TimerISR.c **** }
 175:Generated_Source\PSoC5/TimerISR.c **** 
 176:Generated_Source\PSoC5/TimerISR.c **** 
ARM GAS  C:\Users\z004e6he\AppData\Local\Temp\ccSuHZyB.s 			page 5


 177:Generated_Source\PSoC5/TimerISR.c **** /*******************************************************************************
 178:Generated_Source\PSoC5/TimerISR.c **** * Function Name: TimerISR_SetVector
 179:Generated_Source\PSoC5/TimerISR.c **** ********************************************************************************
 180:Generated_Source\PSoC5/TimerISR.c **** *
 181:Generated_Source\PSoC5/TimerISR.c **** * Summary:
 182:Generated_Source\PSoC5/TimerISR.c **** *   Change the ISR vector for the Interrupt. Note calling TimerISR_Start
 183:Generated_Source\PSoC5/TimerISR.c **** *   will override any effect this method would have had. To set the vector 
 184:Generated_Source\PSoC5/TimerISR.c **** *   before the component has been started use TimerISR_StartEx instead.
 185:Generated_Source\PSoC5/TimerISR.c **** * 
 186:Generated_Source\PSoC5/TimerISR.c **** *   When defining ISR functions, the CY_ISR and CY_ISR_PROTO macros should be 
 187:Generated_Source\PSoC5/TimerISR.c **** *   used to provide consistent definition across compilers:
 188:Generated_Source\PSoC5/TimerISR.c **** *
 189:Generated_Source\PSoC5/TimerISR.c **** *   Function definition example:
 190:Generated_Source\PSoC5/TimerISR.c **** *   CY_ISR(MyISR)
 191:Generated_Source\PSoC5/TimerISR.c **** *   {
 192:Generated_Source\PSoC5/TimerISR.c **** *   }
 193:Generated_Source\PSoC5/TimerISR.c **** *
 194:Generated_Source\PSoC5/TimerISR.c **** *   Function prototype example:
 195:Generated_Source\PSoC5/TimerISR.c **** *     CY_ISR_PROTO(MyISR);
 196:Generated_Source\PSoC5/TimerISR.c **** *
 197:Generated_Source\PSoC5/TimerISR.c **** * Parameters:
 198:Generated_Source\PSoC5/TimerISR.c **** *   address: Address of the ISR to set in the interrupt vector table.
 199:Generated_Source\PSoC5/TimerISR.c **** *
 200:Generated_Source\PSoC5/TimerISR.c **** * Return:
 201:Generated_Source\PSoC5/TimerISR.c **** *   None
 202:Generated_Source\PSoC5/TimerISR.c **** *
 203:Generated_Source\PSoC5/TimerISR.c **** *******************************************************************************/
 204:Generated_Source\PSoC5/TimerISR.c **** void TimerISR_SetVector(cyisraddress address)
 205:Generated_Source\PSoC5/TimerISR.c **** {
  53              		.loc 1 205 0
  54              		.cfi_startproc
  55              		@ args = 0, pretend = 0, frame = 0
  56              		@ frame_needed = 0, uses_anonymous_args = 0
  57              		@ link register save eliminated.
  58              	.LVL0:
 206:Generated_Source\PSoC5/TimerISR.c ****     cyisraddress * ramVectorTable;
 207:Generated_Source\PSoC5/TimerISR.c **** 
 208:Generated_Source\PSoC5/TimerISR.c ****     ramVectorTable = (cyisraddress *) *CYINT_VECT_TABLE;
  59              		.loc 1 208 0
  60 0000 014B     		ldr	r3, .L5
  61 0002 1B68     		ldr	r3, [r3]
  62              	.LVL1:
 209:Generated_Source\PSoC5/TimerISR.c **** 
 210:Generated_Source\PSoC5/TimerISR.c ****     ramVectorTable[CYINT_IRQ_BASE + (uint32)TimerISR__INTC_NUMBER] = address;
  63              		.loc 1 210 0
  64 0004 1864     		str	r0, [r3, #64]
  65 0006 7047     		bx	lr
  66              	.L6:
  67              		.align	2
  68              	.L5:
  69 0008 08ED00E0 		.word	-536810232
  70              		.cfi_endproc
  71              	.LFE4:
  72              		.size	TimerISR_SetVector, .-TimerISR_SetVector
  73              		.section	.text.TimerISR_GetVector,"ax",%progbits
  74              		.align	2
  75              		.global	TimerISR_GetVector
ARM GAS  C:\Users\z004e6he\AppData\Local\Temp\ccSuHZyB.s 			page 6


  76              		.thumb
  77              		.thumb_func
  78              		.type	TimerISR_GetVector, %function
  79              	TimerISR_GetVector:
  80              	.LFB5:
 211:Generated_Source\PSoC5/TimerISR.c **** }
 212:Generated_Source\PSoC5/TimerISR.c **** 
 213:Generated_Source\PSoC5/TimerISR.c **** 
 214:Generated_Source\PSoC5/TimerISR.c **** /*******************************************************************************
 215:Generated_Source\PSoC5/TimerISR.c **** * Function Name: TimerISR_GetVector
 216:Generated_Source\PSoC5/TimerISR.c **** ********************************************************************************
 217:Generated_Source\PSoC5/TimerISR.c **** *
 218:Generated_Source\PSoC5/TimerISR.c **** * Summary:
 219:Generated_Source\PSoC5/TimerISR.c **** *   Gets the "address" of the current ISR vector for the Interrupt.
 220:Generated_Source\PSoC5/TimerISR.c **** *
 221:Generated_Source\PSoC5/TimerISR.c **** * Parameters:
 222:Generated_Source\PSoC5/TimerISR.c **** *   None
 223:Generated_Source\PSoC5/TimerISR.c **** *
 224:Generated_Source\PSoC5/TimerISR.c **** * Return:
 225:Generated_Source\PSoC5/TimerISR.c **** *   Address of the ISR in the interrupt vector table.
 226:Generated_Source\PSoC5/TimerISR.c **** *
 227:Generated_Source\PSoC5/TimerISR.c **** *******************************************************************************/
 228:Generated_Source\PSoC5/TimerISR.c **** cyisraddress TimerISR_GetVector(void)
 229:Generated_Source\PSoC5/TimerISR.c **** {
  81              		.loc 1 229 0
  82              		.cfi_startproc
  83              		@ args = 0, pretend = 0, frame = 0
  84              		@ frame_needed = 0, uses_anonymous_args = 0
  85              		@ link register save eliminated.
 230:Generated_Source\PSoC5/TimerISR.c ****     cyisraddress * ramVectorTable;
 231:Generated_Source\PSoC5/TimerISR.c **** 
 232:Generated_Source\PSoC5/TimerISR.c ****     ramVectorTable = (cyisraddress *) *CYINT_VECT_TABLE;
  86              		.loc 1 232 0
  87 0000 014B     		ldr	r3, .L8
  88 0002 1B68     		ldr	r3, [r3]
  89              	.LVL2:
 233:Generated_Source\PSoC5/TimerISR.c **** 
 234:Generated_Source\PSoC5/TimerISR.c ****     return ramVectorTable[CYINT_IRQ_BASE + (uint32)TimerISR__INTC_NUMBER];
 235:Generated_Source\PSoC5/TimerISR.c **** }
  90              		.loc 1 235 0
  91 0004 186C     		ldr	r0, [r3, #64]
  92 0006 7047     		bx	lr
  93              	.L9:
  94              		.align	2
  95              	.L8:
  96 0008 08ED00E0 		.word	-536810232
  97              		.cfi_endproc
  98              	.LFE5:
  99              		.size	TimerISR_GetVector, .-TimerISR_GetVector
 100              		.section	.text.TimerISR_SetPriority,"ax",%progbits
 101              		.align	2
 102              		.global	TimerISR_SetPriority
 103              		.thumb
 104              		.thumb_func
 105              		.type	TimerISR_SetPriority, %function
 106              	TimerISR_SetPriority:
 107              	.LFB6:
ARM GAS  C:\Users\z004e6he\AppData\Local\Temp\ccSuHZyB.s 			page 7


 236:Generated_Source\PSoC5/TimerISR.c **** 
 237:Generated_Source\PSoC5/TimerISR.c **** 
 238:Generated_Source\PSoC5/TimerISR.c **** /*******************************************************************************
 239:Generated_Source\PSoC5/TimerISR.c **** * Function Name: TimerISR_SetPriority
 240:Generated_Source\PSoC5/TimerISR.c **** ********************************************************************************
 241:Generated_Source\PSoC5/TimerISR.c **** *
 242:Generated_Source\PSoC5/TimerISR.c **** * Summary:
 243:Generated_Source\PSoC5/TimerISR.c **** *   Sets the Priority of the Interrupt. 
 244:Generated_Source\PSoC5/TimerISR.c **** *
 245:Generated_Source\PSoC5/TimerISR.c **** *   Note calling TimerISR_Start or TimerISR_StartEx will 
 246:Generated_Source\PSoC5/TimerISR.c **** *   override any effect this API would have had. This API should only be called
 247:Generated_Source\PSoC5/TimerISR.c **** *   after TimerISR_Start or TimerISR_StartEx has been called. 
 248:Generated_Source\PSoC5/TimerISR.c **** *   To set the initial priority for the component, use the Design-Wide Resources
 249:Generated_Source\PSoC5/TimerISR.c **** *   Interrupt Editor.
 250:Generated_Source\PSoC5/TimerISR.c **** *
 251:Generated_Source\PSoC5/TimerISR.c **** *   Note This API has no effect on Non-maskable interrupt NMI).
 252:Generated_Source\PSoC5/TimerISR.c **** *
 253:Generated_Source\PSoC5/TimerISR.c **** * Parameters:
 254:Generated_Source\PSoC5/TimerISR.c **** *   priority: Priority of the interrupt, 0 being the highest priority
 255:Generated_Source\PSoC5/TimerISR.c **** *             PSoC 3 and PSoC 5LP: Priority is from 0 to 7.
 256:Generated_Source\PSoC5/TimerISR.c **** *             PSoC 4: Priority is from 0 to 3.
 257:Generated_Source\PSoC5/TimerISR.c **** *
 258:Generated_Source\PSoC5/TimerISR.c **** * Return:
 259:Generated_Source\PSoC5/TimerISR.c **** *   None
 260:Generated_Source\PSoC5/TimerISR.c **** *
 261:Generated_Source\PSoC5/TimerISR.c **** *******************************************************************************/
 262:Generated_Source\PSoC5/TimerISR.c **** void TimerISR_SetPriority(uint8 priority)
 263:Generated_Source\PSoC5/TimerISR.c **** {
 108              		.loc 1 263 0
 109              		.cfi_startproc
 110              		@ args = 0, pretend = 0, frame = 0
 111              		@ frame_needed = 0, uses_anonymous_args = 0
 112              		@ link register save eliminated.
 113              	.LVL3:
 264:Generated_Source\PSoC5/TimerISR.c ****     *TimerISR_INTC_PRIOR = priority << 5;
 114              		.loc 1 264 0
 115 0000 4001     		lsls	r0, r0, #5
 116              	.LVL4:
 117 0002 C0B2     		uxtb	r0, r0
 118 0004 014B     		ldr	r3, .L11
 119 0006 1870     		strb	r0, [r3]
 120 0008 7047     		bx	lr
 121              	.L12:
 122 000a 00BF     		.align	2
 123              	.L11:
 124 000c 00E400E0 		.word	-536812544
 125              		.cfi_endproc
 126              	.LFE6:
 127              		.size	TimerISR_SetPriority, .-TimerISR_SetPriority
 128              		.section	.text.TimerISR_GetPriority,"ax",%progbits
 129              		.align	2
 130              		.global	TimerISR_GetPriority
 131              		.thumb
 132              		.thumb_func
 133              		.type	TimerISR_GetPriority, %function
 134              	TimerISR_GetPriority:
 135              	.LFB7:
ARM GAS  C:\Users\z004e6he\AppData\Local\Temp\ccSuHZyB.s 			page 8


 265:Generated_Source\PSoC5/TimerISR.c **** }
 266:Generated_Source\PSoC5/TimerISR.c **** 
 267:Generated_Source\PSoC5/TimerISR.c **** 
 268:Generated_Source\PSoC5/TimerISR.c **** /*******************************************************************************
 269:Generated_Source\PSoC5/TimerISR.c **** * Function Name: TimerISR_GetPriority
 270:Generated_Source\PSoC5/TimerISR.c **** ********************************************************************************
 271:Generated_Source\PSoC5/TimerISR.c **** *
 272:Generated_Source\PSoC5/TimerISR.c **** * Summary:
 273:Generated_Source\PSoC5/TimerISR.c **** *   Gets the Priority of the Interrupt.
 274:Generated_Source\PSoC5/TimerISR.c **** *
 275:Generated_Source\PSoC5/TimerISR.c **** * Parameters:
 276:Generated_Source\PSoC5/TimerISR.c **** *   None
 277:Generated_Source\PSoC5/TimerISR.c **** *
 278:Generated_Source\PSoC5/TimerISR.c **** * Return:
 279:Generated_Source\PSoC5/TimerISR.c **** *   Priority of the interrupt, 0 being the highest priority
 280:Generated_Source\PSoC5/TimerISR.c **** *    PSoC 3 and PSoC 5LP: Priority is from 0 to 7.
 281:Generated_Source\PSoC5/TimerISR.c **** *    PSoC 4: Priority is from 0 to 3.
 282:Generated_Source\PSoC5/TimerISR.c **** *
 283:Generated_Source\PSoC5/TimerISR.c **** *******************************************************************************/
 284:Generated_Source\PSoC5/TimerISR.c **** uint8 TimerISR_GetPriority(void)
 285:Generated_Source\PSoC5/TimerISR.c **** {
 136              		.loc 1 285 0
 137              		.cfi_startproc
 138              		@ args = 0, pretend = 0, frame = 0
 139              		@ frame_needed = 0, uses_anonymous_args = 0
 140              		@ link register save eliminated.
 286:Generated_Source\PSoC5/TimerISR.c ****     uint8 priority;
 287:Generated_Source\PSoC5/TimerISR.c **** 
 288:Generated_Source\PSoC5/TimerISR.c **** 
 289:Generated_Source\PSoC5/TimerISR.c ****     priority = *TimerISR_INTC_PRIOR >> 5;
 141              		.loc 1 289 0
 142 0000 014B     		ldr	r3, .L14
 143 0002 1878     		ldrb	r0, [r3]	@ zero_extendqisi2
 144              	.LVL5:
 290:Generated_Source\PSoC5/TimerISR.c **** 
 291:Generated_Source\PSoC5/TimerISR.c ****     return priority;
 292:Generated_Source\PSoC5/TimerISR.c **** }
 145              		.loc 1 292 0
 146 0004 4009     		lsrs	r0, r0, #5
 147              	.LVL6:
 148 0006 7047     		bx	lr
 149              	.L15:
 150              		.align	2
 151              	.L14:
 152 0008 00E400E0 		.word	-536812544
 153              		.cfi_endproc
 154              	.LFE7:
 155              		.size	TimerISR_GetPriority, .-TimerISR_GetPriority
 156              		.section	.text.TimerISR_Enable,"ax",%progbits
 157              		.align	2
 158              		.global	TimerISR_Enable
 159              		.thumb
 160              		.thumb_func
 161              		.type	TimerISR_Enable, %function
 162              	TimerISR_Enable:
 163              	.LFB8:
 293:Generated_Source\PSoC5/TimerISR.c **** 
ARM GAS  C:\Users\z004e6he\AppData\Local\Temp\ccSuHZyB.s 			page 9


 294:Generated_Source\PSoC5/TimerISR.c **** 
 295:Generated_Source\PSoC5/TimerISR.c **** /*******************************************************************************
 296:Generated_Source\PSoC5/TimerISR.c **** * Function Name: TimerISR_Enable
 297:Generated_Source\PSoC5/TimerISR.c **** ********************************************************************************
 298:Generated_Source\PSoC5/TimerISR.c **** *
 299:Generated_Source\PSoC5/TimerISR.c **** * Summary:
 300:Generated_Source\PSoC5/TimerISR.c **** *   Enables the interrupt to the interrupt controller. Do not call this function
 301:Generated_Source\PSoC5/TimerISR.c **** *   unless ISR_Start() has been called or the functionality of the ISR_Start() 
 302:Generated_Source\PSoC5/TimerISR.c **** *   function, which sets the vector and the priority, has been called.
 303:Generated_Source\PSoC5/TimerISR.c **** *
 304:Generated_Source\PSoC5/TimerISR.c **** * Parameters:
 305:Generated_Source\PSoC5/TimerISR.c **** *   None
 306:Generated_Source\PSoC5/TimerISR.c **** *
 307:Generated_Source\PSoC5/TimerISR.c **** * Return:
 308:Generated_Source\PSoC5/TimerISR.c **** *   None
 309:Generated_Source\PSoC5/TimerISR.c **** *
 310:Generated_Source\PSoC5/TimerISR.c **** *******************************************************************************/
 311:Generated_Source\PSoC5/TimerISR.c **** void TimerISR_Enable(void)
 312:Generated_Source\PSoC5/TimerISR.c **** {
 164              		.loc 1 312 0
 165              		.cfi_startproc
 166              		@ args = 0, pretend = 0, frame = 0
 167              		@ frame_needed = 0, uses_anonymous_args = 0
 168              		@ link register save eliminated.
 313:Generated_Source\PSoC5/TimerISR.c ****     /* Enable the general interrupt. */
 314:Generated_Source\PSoC5/TimerISR.c ****     *TimerISR_INTC_SET_EN = TimerISR__INTC_MASK;
 169              		.loc 1 314 0
 170 0000 0122     		movs	r2, #1
 171 0002 014B     		ldr	r3, .L17
 172 0004 1A60     		str	r2, [r3]
 173 0006 7047     		bx	lr
 174              	.L18:
 175              		.align	2
 176              	.L17:
 177 0008 00E100E0 		.word	-536813312
 178              		.cfi_endproc
 179              	.LFE8:
 180              		.size	TimerISR_Enable, .-TimerISR_Enable
 181              		.section	.text.TimerISR_GetState,"ax",%progbits
 182              		.align	2
 183              		.global	TimerISR_GetState
 184              		.thumb
 185              		.thumb_func
 186              		.type	TimerISR_GetState, %function
 187              	TimerISR_GetState:
 188              	.LFB9:
 315:Generated_Source\PSoC5/TimerISR.c **** }
 316:Generated_Source\PSoC5/TimerISR.c **** 
 317:Generated_Source\PSoC5/TimerISR.c **** 
 318:Generated_Source\PSoC5/TimerISR.c **** /*******************************************************************************
 319:Generated_Source\PSoC5/TimerISR.c **** * Function Name: TimerISR_GetState
 320:Generated_Source\PSoC5/TimerISR.c **** ********************************************************************************
 321:Generated_Source\PSoC5/TimerISR.c **** *
 322:Generated_Source\PSoC5/TimerISR.c **** * Summary:
 323:Generated_Source\PSoC5/TimerISR.c **** *   Gets the state (enabled, disabled) of the Interrupt.
 324:Generated_Source\PSoC5/TimerISR.c **** *
 325:Generated_Source\PSoC5/TimerISR.c **** * Parameters:
ARM GAS  C:\Users\z004e6he\AppData\Local\Temp\ccSuHZyB.s 			page 10


 326:Generated_Source\PSoC5/TimerISR.c **** *   None
 327:Generated_Source\PSoC5/TimerISR.c **** *
 328:Generated_Source\PSoC5/TimerISR.c **** * Return:
 329:Generated_Source\PSoC5/TimerISR.c **** *   1 if enabled, 0 if disabled.
 330:Generated_Source\PSoC5/TimerISR.c **** *
 331:Generated_Source\PSoC5/TimerISR.c **** *******************************************************************************/
 332:Generated_Source\PSoC5/TimerISR.c **** uint8 TimerISR_GetState(void)
 333:Generated_Source\PSoC5/TimerISR.c **** {
 189              		.loc 1 333 0
 190              		.cfi_startproc
 191              		@ args = 0, pretend = 0, frame = 0
 192              		@ frame_needed = 0, uses_anonymous_args = 0
 193              		@ link register save eliminated.
 334:Generated_Source\PSoC5/TimerISR.c ****     /* Get the state of the general interrupt. */
 335:Generated_Source\PSoC5/TimerISR.c ****     return ((*TimerISR_INTC_SET_EN & (uint32)TimerISR__INTC_MASK) != 0u) ? 1u:0u;
 194              		.loc 1 335 0
 195 0000 024B     		ldr	r3, .L20
 196 0002 1868     		ldr	r0, [r3]
 336:Generated_Source\PSoC5/TimerISR.c **** }
 197              		.loc 1 336 0
 198 0004 00F00100 		and	r0, r0, #1
 199 0008 7047     		bx	lr
 200              	.L21:
 201 000a 00BF     		.align	2
 202              	.L20:
 203 000c 00E100E0 		.word	-536813312
 204              		.cfi_endproc
 205              	.LFE9:
 206              		.size	TimerISR_GetState, .-TimerISR_GetState
 207              		.section	.text.TimerISR_Disable,"ax",%progbits
 208              		.align	2
 209              		.global	TimerISR_Disable
 210              		.thumb
 211              		.thumb_func
 212              		.type	TimerISR_Disable, %function
 213              	TimerISR_Disable:
 214              	.LFB10:
 337:Generated_Source\PSoC5/TimerISR.c **** 
 338:Generated_Source\PSoC5/TimerISR.c **** 
 339:Generated_Source\PSoC5/TimerISR.c **** /*******************************************************************************
 340:Generated_Source\PSoC5/TimerISR.c **** * Function Name: TimerISR_Disable
 341:Generated_Source\PSoC5/TimerISR.c **** ********************************************************************************
 342:Generated_Source\PSoC5/TimerISR.c **** *
 343:Generated_Source\PSoC5/TimerISR.c **** * Summary:
 344:Generated_Source\PSoC5/TimerISR.c **** *   Disables the Interrupt in the interrupt controller.
 345:Generated_Source\PSoC5/TimerISR.c **** *
 346:Generated_Source\PSoC5/TimerISR.c **** * Parameters:
 347:Generated_Source\PSoC5/TimerISR.c **** *   None
 348:Generated_Source\PSoC5/TimerISR.c **** *
 349:Generated_Source\PSoC5/TimerISR.c **** * Return:
 350:Generated_Source\PSoC5/TimerISR.c **** *   None
 351:Generated_Source\PSoC5/TimerISR.c **** *
 352:Generated_Source\PSoC5/TimerISR.c **** *******************************************************************************/
 353:Generated_Source\PSoC5/TimerISR.c **** void TimerISR_Disable(void)
 354:Generated_Source\PSoC5/TimerISR.c **** {
 215              		.loc 1 354 0
 216              		.cfi_startproc
ARM GAS  C:\Users\z004e6he\AppData\Local\Temp\ccSuHZyB.s 			page 11


 217              		@ args = 0, pretend = 0, frame = 0
 218              		@ frame_needed = 0, uses_anonymous_args = 0
 219              		@ link register save eliminated.
 355:Generated_Source\PSoC5/TimerISR.c ****     /* Disable the general interrupt. */
 356:Generated_Source\PSoC5/TimerISR.c ****     *TimerISR_INTC_CLR_EN = TimerISR__INTC_MASK;
 220              		.loc 1 356 0
 221 0000 0122     		movs	r2, #1
 222 0002 014B     		ldr	r3, .L23
 223 0004 1A60     		str	r2, [r3]
 224 0006 7047     		bx	lr
 225              	.L24:
 226              		.align	2
 227              	.L23:
 228 0008 80E100E0 		.word	-536813184
 229              		.cfi_endproc
 230              	.LFE10:
 231              		.size	TimerISR_Disable, .-TimerISR_Disable
 232              		.section	.text.TimerISR_Start,"ax",%progbits
 233              		.align	2
 234              		.global	TimerISR_Start
 235              		.thumb
 236              		.thumb_func
 237              		.type	TimerISR_Start, %function
 238              	TimerISR_Start:
 239              	.LFB0:
  66:Generated_Source\PSoC5/TimerISR.c ****     /* For all we know the interrupt is active. */
 240              		.loc 1 66 0
 241              		.cfi_startproc
 242              		@ args = 0, pretend = 0, frame = 0
 243              		@ frame_needed = 0, uses_anonymous_args = 0
 244 0000 08B5     		push	{r3, lr}
 245              		.cfi_def_cfa_offset 8
 246              		.cfi_offset 3, -8
 247              		.cfi_offset 14, -4
  68:Generated_Source\PSoC5/TimerISR.c **** 
 248              		.loc 1 68 0
 249 0002 FFF7FEFF 		bl	TimerISR_Disable
 250              	.LVL7:
  71:Generated_Source\PSoC5/TimerISR.c **** 
 251              		.loc 1 71 0
 252 0006 0448     		ldr	r0, .L27
 253 0008 FFF7FEFF 		bl	TimerISR_SetVector
 254              	.LVL8:
  74:Generated_Source\PSoC5/TimerISR.c **** 
 255              		.loc 1 74 0
 256 000c 0720     		movs	r0, #7
 257 000e FFF7FEFF 		bl	TimerISR_SetPriority
 258              	.LVL9:
  77:Generated_Source\PSoC5/TimerISR.c **** }
 259              		.loc 1 77 0
 260 0012 FFF7FEFF 		bl	TimerISR_Enable
 261              	.LVL10:
 262 0016 08BD     		pop	{r3, pc}
 263              	.L28:
 264              		.align	2
 265              	.L27:
 266 0018 00000000 		.word	TimerISR_Interrupt
ARM GAS  C:\Users\z004e6he\AppData\Local\Temp\ccSuHZyB.s 			page 12


 267              		.cfi_endproc
 268              	.LFE0:
 269              		.size	TimerISR_Start, .-TimerISR_Start
 270              		.section	.text.TimerISR_StartEx,"ax",%progbits
 271              		.align	2
 272              		.global	TimerISR_StartEx
 273              		.thumb
 274              		.thumb_func
 275              		.type	TimerISR_StartEx, %function
 276              	TimerISR_StartEx:
 277              	.LFB1:
 109:Generated_Source\PSoC5/TimerISR.c ****     /* For all we know the interrupt is active. */
 278              		.loc 1 109 0
 279              		.cfi_startproc
 280              		@ args = 0, pretend = 0, frame = 0
 281              		@ frame_needed = 0, uses_anonymous_args = 0
 282              	.LVL11:
 283 0000 10B5     		push	{r4, lr}
 284              		.cfi_def_cfa_offset 8
 285              		.cfi_offset 4, -8
 286              		.cfi_offset 14, -4
 287 0002 0446     		mov	r4, r0
 111:Generated_Source\PSoC5/TimerISR.c **** 
 288              		.loc 1 111 0
 289 0004 FFF7FEFF 		bl	TimerISR_Disable
 290              	.LVL12:
 114:Generated_Source\PSoC5/TimerISR.c **** 
 291              		.loc 1 114 0
 292 0008 2046     		mov	r0, r4
 293 000a FFF7FEFF 		bl	TimerISR_SetVector
 294              	.LVL13:
 117:Generated_Source\PSoC5/TimerISR.c **** 
 295              		.loc 1 117 0
 296 000e 0720     		movs	r0, #7
 297 0010 FFF7FEFF 		bl	TimerISR_SetPriority
 298              	.LVL14:
 120:Generated_Source\PSoC5/TimerISR.c **** }
 299              		.loc 1 120 0
 300 0014 FFF7FEFF 		bl	TimerISR_Enable
 301              	.LVL15:
 302 0018 10BD     		pop	{r4, pc}
 303              		.cfi_endproc
 304              	.LFE1:
 305              		.size	TimerISR_StartEx, .-TimerISR_StartEx
 306 001a 00BF     		.section	.text.TimerISR_Stop,"ax",%progbits
 307              		.align	2
 308              		.global	TimerISR_Stop
 309              		.thumb
 310              		.thumb_func
 311              		.type	TimerISR_Stop, %function
 312              	TimerISR_Stop:
 313              	.LFB2:
 139:Generated_Source\PSoC5/TimerISR.c ****     /* Disable this interrupt. */
 314              		.loc 1 139 0
 315              		.cfi_startproc
 316              		@ args = 0, pretend = 0, frame = 0
 317              		@ frame_needed = 0, uses_anonymous_args = 0
ARM GAS  C:\Users\z004e6he\AppData\Local\Temp\ccSuHZyB.s 			page 13


 318 0000 08B5     		push	{r3, lr}
 319              		.cfi_def_cfa_offset 8
 320              		.cfi_offset 3, -8
 321              		.cfi_offset 14, -4
 141:Generated_Source\PSoC5/TimerISR.c **** 
 322              		.loc 1 141 0
 323 0002 FFF7FEFF 		bl	TimerISR_Disable
 324              	.LVL16:
 144:Generated_Source\PSoC5/TimerISR.c **** }
 325              		.loc 1 144 0
 326 0006 0248     		ldr	r0, .L33
 327 0008 FFF7FEFF 		bl	TimerISR_SetVector
 328              	.LVL17:
 329 000c 08BD     		pop	{r3, pc}
 330              	.L34:
 331 000e 00BF     		.align	2
 332              	.L33:
 333 0010 00000000 		.word	IntDefaultHandler
 334              		.cfi_endproc
 335              	.LFE2:
 336              		.size	TimerISR_Stop, .-TimerISR_Stop
 337              		.section	.text.TimerISR_SetPending,"ax",%progbits
 338              		.align	2
 339              		.global	TimerISR_SetPending
 340              		.thumb
 341              		.thumb_func
 342              		.type	TimerISR_SetPending, %function
 343              	TimerISR_SetPending:
 344              	.LFB11:
 357:Generated_Source\PSoC5/TimerISR.c **** }
 358:Generated_Source\PSoC5/TimerISR.c **** 
 359:Generated_Source\PSoC5/TimerISR.c **** 
 360:Generated_Source\PSoC5/TimerISR.c **** /*******************************************************************************
 361:Generated_Source\PSoC5/TimerISR.c **** * Function Name: TimerISR_SetPending
 362:Generated_Source\PSoC5/TimerISR.c **** ********************************************************************************
 363:Generated_Source\PSoC5/TimerISR.c **** *
 364:Generated_Source\PSoC5/TimerISR.c **** * Summary:
 365:Generated_Source\PSoC5/TimerISR.c **** *   Causes the Interrupt to enter the pending state, a software method of
 366:Generated_Source\PSoC5/TimerISR.c **** *   generating the interrupt.
 367:Generated_Source\PSoC5/TimerISR.c **** *
 368:Generated_Source\PSoC5/TimerISR.c **** * Parameters:
 369:Generated_Source\PSoC5/TimerISR.c **** *   None
 370:Generated_Source\PSoC5/TimerISR.c **** *
 371:Generated_Source\PSoC5/TimerISR.c **** * Return:
 372:Generated_Source\PSoC5/TimerISR.c **** *   None
 373:Generated_Source\PSoC5/TimerISR.c **** *
 374:Generated_Source\PSoC5/TimerISR.c **** * Side Effects:
 375:Generated_Source\PSoC5/TimerISR.c **** *   If interrupts are enabled and the interrupt is set up properly, the ISR is
 376:Generated_Source\PSoC5/TimerISR.c **** *   entered (depending on the priority of this interrupt and other pending 
 377:Generated_Source\PSoC5/TimerISR.c **** *   interrupts).
 378:Generated_Source\PSoC5/TimerISR.c **** *
 379:Generated_Source\PSoC5/TimerISR.c **** *******************************************************************************/
 380:Generated_Source\PSoC5/TimerISR.c **** void TimerISR_SetPending(void)
 381:Generated_Source\PSoC5/TimerISR.c **** {
 345              		.loc 1 381 0
 346              		.cfi_startproc
 347              		@ args = 0, pretend = 0, frame = 0
ARM GAS  C:\Users\z004e6he\AppData\Local\Temp\ccSuHZyB.s 			page 14


 348              		@ frame_needed = 0, uses_anonymous_args = 0
 349              		@ link register save eliminated.
 382:Generated_Source\PSoC5/TimerISR.c ****     *TimerISR_INTC_SET_PD = TimerISR__INTC_MASK;
 350              		.loc 1 382 0
 351 0000 0122     		movs	r2, #1
 352 0002 014B     		ldr	r3, .L36
 353 0004 1A60     		str	r2, [r3]
 354 0006 7047     		bx	lr
 355              	.L37:
 356              		.align	2
 357              	.L36:
 358 0008 00E200E0 		.word	-536813056
 359              		.cfi_endproc
 360              	.LFE11:
 361              		.size	TimerISR_SetPending, .-TimerISR_SetPending
 362              		.section	.text.TimerISR_ClearPending,"ax",%progbits
 363              		.align	2
 364              		.global	TimerISR_ClearPending
 365              		.thumb
 366              		.thumb_func
 367              		.type	TimerISR_ClearPending, %function
 368              	TimerISR_ClearPending:
 369              	.LFB12:
 383:Generated_Source\PSoC5/TimerISR.c **** }
 384:Generated_Source\PSoC5/TimerISR.c **** 
 385:Generated_Source\PSoC5/TimerISR.c **** 
 386:Generated_Source\PSoC5/TimerISR.c **** /*******************************************************************************
 387:Generated_Source\PSoC5/TimerISR.c **** * Function Name: TimerISR_ClearPending
 388:Generated_Source\PSoC5/TimerISR.c **** ********************************************************************************
 389:Generated_Source\PSoC5/TimerISR.c **** *
 390:Generated_Source\PSoC5/TimerISR.c **** * Summary:
 391:Generated_Source\PSoC5/TimerISR.c **** *   Clears a pending interrupt in the interrupt controller.
 392:Generated_Source\PSoC5/TimerISR.c **** *
 393:Generated_Source\PSoC5/TimerISR.c **** *   Note Some interrupt sources are clear-on-read and require the block 
 394:Generated_Source\PSoC5/TimerISR.c **** *   interrupt/status register to be read/cleared with the appropriate block API 
 395:Generated_Source\PSoC5/TimerISR.c **** *   (GPIO, UART, and so on). Otherwise the ISR will continue to remain in 
 396:Generated_Source\PSoC5/TimerISR.c **** *   pending state even though the interrupt itself is cleared using this API.
 397:Generated_Source\PSoC5/TimerISR.c **** *
 398:Generated_Source\PSoC5/TimerISR.c **** * Parameters:
 399:Generated_Source\PSoC5/TimerISR.c **** *   None
 400:Generated_Source\PSoC5/TimerISR.c **** *
 401:Generated_Source\PSoC5/TimerISR.c **** * Return:
 402:Generated_Source\PSoC5/TimerISR.c **** *   None
 403:Generated_Source\PSoC5/TimerISR.c **** *
 404:Generated_Source\PSoC5/TimerISR.c **** *******************************************************************************/
 405:Generated_Source\PSoC5/TimerISR.c **** void TimerISR_ClearPending(void)
 406:Generated_Source\PSoC5/TimerISR.c **** {
 370              		.loc 1 406 0
 371              		.cfi_startproc
 372              		@ args = 0, pretend = 0, frame = 0
 373              		@ frame_needed = 0, uses_anonymous_args = 0
 374              		@ link register save eliminated.
 407:Generated_Source\PSoC5/TimerISR.c ****     *TimerISR_INTC_CLR_PD = TimerISR__INTC_MASK;
 375              		.loc 1 407 0
 376 0000 0122     		movs	r2, #1
 377 0002 014B     		ldr	r3, .L39
 378 0004 1A60     		str	r2, [r3]
ARM GAS  C:\Users\z004e6he\AppData\Local\Temp\ccSuHZyB.s 			page 15


 379 0006 7047     		bx	lr
 380              	.L40:
 381              		.align	2
 382              	.L39:
 383 0008 80E200E0 		.word	-536812928
 384              		.cfi_endproc
 385              	.LFE12:
 386              		.size	TimerISR_ClearPending, .-TimerISR_ClearPending
 387              		.global	gTimerIsrFlag
 388              		.bss
 389              		.set	.LANCHOR0,. + 0
 390              		.type	gTimerIsrFlag, %object
 391              		.size	gTimerIsrFlag, 1
 392              	gTimerIsrFlag:
 393 0000 00       		.space	1
 394              		.text
 395              	.Letext0:
 396              		.file 2 "Generated_Source\\PSoC5/cytypes.h"
 397              		.section	.debug_info,"",%progbits
 398              	.Ldebug_info0:
 399 0000 DF020000 		.4byte	0x2df
 400 0004 0400     		.2byte	0x4
 401 0006 00000000 		.4byte	.Ldebug_abbrev0
 402 000a 04       		.byte	0x4
 403 000b 01       		.uleb128 0x1
 404 000c BC000000 		.4byte	.LASF34
 405 0010 0C       		.byte	0xc
 406 0011 8C000000 		.4byte	.LASF35
 407 0015 83010000 		.4byte	.LASF36
 408 0019 00000000 		.4byte	.Ldebug_ranges0+0
 409 001d 00000000 		.4byte	0
 410 0021 00000000 		.4byte	.Ldebug_line0
 411 0025 02       		.uleb128 0x2
 412 0026 04       		.byte	0x4
 413 0027 05       		.byte	0x5
 414 0028 696E7400 		.ascii	"int\000"
 415 002c 03       		.uleb128 0x3
 416 002d 04       		.byte	0x4
 417 002e 07       		.byte	0x7
 418 002f 27020000 		.4byte	.LASF0
 419 0033 03       		.uleb128 0x3
 420 0034 08       		.byte	0x8
 421 0035 05       		.byte	0x5
 422 0036 87020000 		.4byte	.LASF1
 423 003a 03       		.uleb128 0x3
 424 003b 08       		.byte	0x8
 425 003c 04       		.byte	0x4
 426 003d E2020000 		.4byte	.LASF2
 427 0041 03       		.uleb128 0x3
 428 0042 01       		.byte	0x1
 429 0043 06       		.byte	0x6
 430 0044 EE020000 		.4byte	.LASF3
 431 0048 03       		.uleb128 0x3
 432 0049 01       		.byte	0x1
 433 004a 08       		.byte	0x8
 434 004b AE000000 		.4byte	.LASF4
 435 004f 03       		.uleb128 0x3
ARM GAS  C:\Users\z004e6he\AppData\Local\Temp\ccSuHZyB.s 			page 16


 436 0050 02       		.byte	0x2
 437 0051 05       		.byte	0x5
 438 0052 A9020000 		.4byte	.LASF5
 439 0056 03       		.uleb128 0x3
 440 0057 02       		.byte	0x2
 441 0058 07       		.byte	0x7
 442 0059 3F000000 		.4byte	.LASF6
 443 005d 03       		.uleb128 0x3
 444 005e 04       		.byte	0x4
 445 005f 05       		.byte	0x5
 446 0060 D9020000 		.4byte	.LASF7
 447 0064 03       		.uleb128 0x3
 448 0065 04       		.byte	0x4
 449 0066 07       		.byte	0x7
 450 0067 4F010000 		.4byte	.LASF8
 451 006b 03       		.uleb128 0x3
 452 006c 08       		.byte	0x8
 453 006d 07       		.byte	0x7
 454 006e 3C020000 		.4byte	.LASF9
 455 0072 03       		.uleb128 0x3
 456 0073 04       		.byte	0x4
 457 0074 07       		.byte	0x7
 458 0075 6E020000 		.4byte	.LASF10
 459 0079 03       		.uleb128 0x3
 460 007a 01       		.byte	0x1
 461 007b 08       		.byte	0x8
 462 007c 95020000 		.4byte	.LASF11
 463 0080 04       		.uleb128 0x4
 464 0081 04       		.byte	0x4
 465 0082 86000000 		.4byte	0x86
 466 0086 05       		.uleb128 0x5
 467 0087 06       		.uleb128 0x6
 468 0088 61010000 		.4byte	.LASF12
 469 008c 02       		.byte	0x2
 470 008d E801     		.2byte	0x1e8
 471 008f 48000000 		.4byte	0x48
 472 0093 06       		.uleb128 0x6
 473 0094 20020000 		.4byte	.LASF13
 474 0098 02       		.byte	0x2
 475 0099 EA01     		.2byte	0x1ea
 476 009b 64000000 		.4byte	0x64
 477 009f 03       		.uleb128 0x3
 478 00a0 04       		.byte	0x4
 479 00a1 04       		.byte	0x4
 480 00a2 26000000 		.4byte	.LASF14
 481 00a6 03       		.uleb128 0x3
 482 00a7 08       		.byte	0x8
 483 00a8 04       		.byte	0x4
 484 00a9 E1010000 		.4byte	.LASF15
 485 00ad 06       		.uleb128 0x6
 486 00ae 4A010000 		.4byte	.LASF16
 487 00b2 02       		.byte	0x2
 488 00b3 9202     		.2byte	0x292
 489 00b5 B9000000 		.4byte	0xb9
 490 00b9 07       		.uleb128 0x7
 491 00ba 87000000 		.4byte	0x87
 492 00be 06       		.uleb128 0x6
ARM GAS  C:\Users\z004e6he\AppData\Local\Temp\ccSuHZyB.s 			page 17


 493 00bf 11000000 		.4byte	.LASF17
 494 00c3 02       		.byte	0x2
 495 00c4 9402     		.2byte	0x294
 496 00c6 CA000000 		.4byte	0xca
 497 00ca 07       		.uleb128 0x7
 498 00cb 93000000 		.4byte	0x93
 499 00cf 06       		.uleb128 0x6
 500 00d0 61020000 		.4byte	.LASF18
 501 00d4 02       		.byte	0x2
 502 00d5 A402     		.2byte	0x2a4
 503 00d7 80000000 		.4byte	0x80
 504 00db 08       		.uleb128 0x8
 505 00dc 70010000 		.4byte	.LASF26
 506 00e0 01       		.byte	0x1
 507 00e1 A4       		.byte	0xa4
 508 00e2 00000000 		.4byte	.LFB3
 509 00e6 0C000000 		.4byte	.LFE3-.LFB3
 510 00ea 01       		.uleb128 0x1
 511 00eb 9C       		.byte	0x9c
 512 00ec 09       		.uleb128 0x9
 513 00ed 2C000000 		.4byte	.LASF20
 514 00f1 01       		.byte	0x1
 515 00f2 CC       		.byte	0xcc
 516 00f3 00000000 		.4byte	.LFB4
 517 00f7 0C000000 		.4byte	.LFE4-.LFB4
 518 00fb 01       		.uleb128 0x1
 519 00fc 9C       		.byte	0x9c
 520 00fd 1C010000 		.4byte	0x11c
 521 0101 0A       		.uleb128 0xa
 522 0102 34020000 		.4byte	.LASF22
 523 0106 01       		.byte	0x1
 524 0107 CC       		.byte	0xcc
 525 0108 CF000000 		.4byte	0xcf
 526 010c 01       		.uleb128 0x1
 527 010d 50       		.byte	0x50
 528 010e 0B       		.uleb128 0xb
 529 010f 9A020000 		.4byte	.LASF19
 530 0113 01       		.byte	0x1
 531 0114 CE       		.byte	0xce
 532 0115 1C010000 		.4byte	0x11c
 533 0119 01       		.uleb128 0x1
 534 011a 53       		.byte	0x53
 535 011b 00       		.byte	0
 536 011c 04       		.uleb128 0x4
 537 011d 04       		.byte	0x4
 538 011e CF000000 		.4byte	0xcf
 539 0122 0C       		.uleb128 0xc
 540 0123 79000000 		.4byte	.LASF24
 541 0127 01       		.byte	0x1
 542 0128 E4       		.byte	0xe4
 543 0129 CF000000 		.4byte	0xcf
 544 012d 00000000 		.4byte	.LFB5
 545 0131 0C000000 		.4byte	.LFE5-.LFB5
 546 0135 01       		.uleb128 0x1
 547 0136 9C       		.byte	0x9c
 548 0137 49010000 		.4byte	0x149
 549 013b 0B       		.uleb128 0xb
ARM GAS  C:\Users\z004e6he\AppData\Local\Temp\ccSuHZyB.s 			page 18


 550 013c 9A020000 		.4byte	.LASF19
 551 0140 01       		.byte	0x1
 552 0141 E6       		.byte	0xe6
 553 0142 1C010000 		.4byte	0x11c
 554 0146 01       		.uleb128 0x1
 555 0147 53       		.byte	0x53
 556 0148 00       		.byte	0
 557 0149 0D       		.uleb128 0xd
 558 014a 64000000 		.4byte	.LASF21
 559 014e 01       		.byte	0x1
 560 014f 0601     		.2byte	0x106
 561 0151 00000000 		.4byte	.LFB6
 562 0155 10000000 		.4byte	.LFE6-.LFB6
 563 0159 01       		.uleb128 0x1
 564 015a 9C       		.byte	0x9c
 565 015b 70010000 		.4byte	0x170
 566 015f 0E       		.uleb128 0xe
 567 0160 67010000 		.4byte	.LASF23
 568 0164 01       		.byte	0x1
 569 0165 0601     		.2byte	0x106
 570 0167 87000000 		.4byte	0x87
 571 016b 00000000 		.4byte	.LLST0
 572 016f 00       		.byte	0
 573 0170 0F       		.uleb128 0xf
 574 0171 C4020000 		.4byte	.LASF25
 575 0175 01       		.byte	0x1
 576 0176 1C01     		.2byte	0x11c
 577 0178 87000000 		.4byte	0x87
 578 017c 00000000 		.4byte	.LFB7
 579 0180 0C000000 		.4byte	.LFE7-.LFB7
 580 0184 01       		.uleb128 0x1
 581 0185 9C       		.byte	0x9c
 582 0186 9B010000 		.4byte	0x19b
 583 018a 10       		.uleb128 0x10
 584 018b 67010000 		.4byte	.LASF23
 585 018f 01       		.byte	0x1
 586 0190 1E01     		.2byte	0x11e
 587 0192 87000000 		.4byte	0x87
 588 0196 21000000 		.4byte	.LLST1
 589 019a 00       		.byte	0
 590 019b 11       		.uleb128 0x11
 591 019c 77020000 		.4byte	.LASF27
 592 01a0 01       		.byte	0x1
 593 01a1 3701     		.2byte	0x137
 594 01a3 00000000 		.4byte	.LFB8
 595 01a7 0C000000 		.4byte	.LFE8-.LFB8
 596 01ab 01       		.uleb128 0x1
 597 01ac 9C       		.byte	0x9c
 598 01ad 12       		.uleb128 0x12
 599 01ae 52000000 		.4byte	.LASF37
 600 01b2 01       		.byte	0x1
 601 01b3 4C01     		.2byte	0x14c
 602 01b5 87000000 		.4byte	0x87
 603 01b9 00000000 		.4byte	.LFB9
 604 01bd 10000000 		.4byte	.LFE9-.LFB9
 605 01c1 01       		.uleb128 0x1
 606 01c2 9C       		.byte	0x9c
ARM GAS  C:\Users\z004e6he\AppData\Local\Temp\ccSuHZyB.s 			page 19


 607 01c3 11       		.uleb128 0x11
 608 01c4 00000000 		.4byte	.LASF28
 609 01c8 01       		.byte	0x1
 610 01c9 6101     		.2byte	0x161
 611 01cb 00000000 		.4byte	.LFB10
 612 01cf 0C000000 		.4byte	.LFE10-.LFB10
 613 01d3 01       		.uleb128 0x1
 614 01d4 9C       		.byte	0x9c
 615 01d5 09       		.uleb128 0x9
 616 01d6 17000000 		.4byte	.LASF29
 617 01da 01       		.byte	0x1
 618 01db 41       		.byte	0x41
 619 01dc 00000000 		.4byte	.LFB0
 620 01e0 1C000000 		.4byte	.LFE0-.LFB0
 621 01e4 01       		.uleb128 0x1
 622 01e5 9C       		.byte	0x9c
 623 01e6 27020000 		.4byte	0x227
 624 01ea 13       		.uleb128 0x13
 625 01eb 06000000 		.4byte	.LVL7
 626 01ef C3010000 		.4byte	0x1c3
 627 01f3 14       		.uleb128 0x14
 628 01f4 0C000000 		.4byte	.LVL8
 629 01f8 EC000000 		.4byte	0xec
 630 01fc 0A020000 		.4byte	0x20a
 631 0200 15       		.uleb128 0x15
 632 0201 01       		.uleb128 0x1
 633 0202 50       		.byte	0x50
 634 0203 05       		.uleb128 0x5
 635 0204 03       		.byte	0x3
 636 0205 00000000 		.4byte	TimerISR_Interrupt
 637 0209 00       		.byte	0
 638 020a 14       		.uleb128 0x14
 639 020b 12000000 		.4byte	.LVL9
 640 020f 49010000 		.4byte	0x149
 641 0213 1D020000 		.4byte	0x21d
 642 0217 15       		.uleb128 0x15
 643 0218 01       		.uleb128 0x1
 644 0219 50       		.byte	0x50
 645 021a 01       		.uleb128 0x1
 646 021b 37       		.byte	0x37
 647 021c 00       		.byte	0
 648 021d 13       		.uleb128 0x13
 649 021e 16000000 		.4byte	.LVL10
 650 0222 9B010000 		.4byte	0x19b
 651 0226 00       		.byte	0
 652 0227 09       		.uleb128 0x9
 653 0228 B3020000 		.4byte	.LASF30
 654 022c 01       		.byte	0x1
 655 022d 6C       		.byte	0x6c
 656 022e 00000000 		.4byte	.LFB1
 657 0232 1A000000 		.4byte	.LFE1-.LFB1
 658 0236 01       		.uleb128 0x1
 659 0237 9C       		.byte	0x9c
 660 0238 85020000 		.4byte	0x285
 661 023c 16       		.uleb128 0x16
 662 023d 34020000 		.4byte	.LASF22
 663 0241 01       		.byte	0x1
ARM GAS  C:\Users\z004e6he\AppData\Local\Temp\ccSuHZyB.s 			page 20


 664 0242 6C       		.byte	0x6c
 665 0243 CF000000 		.4byte	0xcf
 666 0247 38000000 		.4byte	.LLST2
 667 024b 13       		.uleb128 0x13
 668 024c 08000000 		.4byte	.LVL12
 669 0250 C3010000 		.4byte	0x1c3
 670 0254 14       		.uleb128 0x14
 671 0255 0E000000 		.4byte	.LVL13
 672 0259 EC000000 		.4byte	0xec
 673 025d 68020000 		.4byte	0x268
 674 0261 15       		.uleb128 0x15
 675 0262 01       		.uleb128 0x1
 676 0263 50       		.byte	0x50
 677 0264 02       		.uleb128 0x2
 678 0265 74       		.byte	0x74
 679 0266 00       		.sleb128 0
 680 0267 00       		.byte	0
 681 0268 14       		.uleb128 0x14
 682 0269 14000000 		.4byte	.LVL14
 683 026d 49010000 		.4byte	0x149
 684 0271 7B020000 		.4byte	0x27b
 685 0275 15       		.uleb128 0x15
 686 0276 01       		.uleb128 0x1
 687 0277 50       		.byte	0x50
 688 0278 01       		.uleb128 0x1
 689 0279 37       		.byte	0x37
 690 027a 00       		.byte	0
 691 027b 13       		.uleb128 0x13
 692 027c 18000000 		.4byte	.LVL15
 693 0280 9B010000 		.4byte	0x19b
 694 0284 00       		.byte	0
 695 0285 09       		.uleb128 0x9
 696 0286 FE010000 		.4byte	.LASF31
 697 028a 01       		.byte	0x1
 698 028b 8A       		.byte	0x8a
 699 028c 00000000 		.4byte	.LFB2
 700 0290 14000000 		.4byte	.LFE2-.LFB2
 701 0294 01       		.uleb128 0x1
 702 0295 9C       		.byte	0x9c
 703 0296 AD020000 		.4byte	0x2ad
 704 029a 13       		.uleb128 0x13
 705 029b 06000000 		.4byte	.LVL16
 706 029f C3010000 		.4byte	0x1c3
 707 02a3 13       		.uleb128 0x13
 708 02a4 0C000000 		.4byte	.LVL17
 709 02a8 EC000000 		.4byte	0xec
 710 02ac 00       		.byte	0
 711 02ad 11       		.uleb128 0x11
 712 02ae 0C020000 		.4byte	.LASF32
 713 02b2 01       		.byte	0x1
 714 02b3 7C01     		.2byte	0x17c
 715 02b5 00000000 		.4byte	.LFB11
 716 02b9 0C000000 		.4byte	.LFE11-.LFB11
 717 02bd 01       		.uleb128 0x1
 718 02be 9C       		.byte	0x9c
 719 02bf 11       		.uleb128 0x11
 720 02c0 E8010000 		.4byte	.LASF33
ARM GAS  C:\Users\z004e6he\AppData\Local\Temp\ccSuHZyB.s 			page 21


 721 02c4 01       		.byte	0x1
 722 02c5 9501     		.2byte	0x195
 723 02c7 00000000 		.4byte	.LFB12
 724 02cb 0C000000 		.4byte	.LFE12-.LFB12
 725 02cf 01       		.uleb128 0x1
 726 02d0 9C       		.byte	0x9c
 727 02d1 17       		.uleb128 0x17
 728 02d2 53020000 		.4byte	.LASF38
 729 02d6 01       		.byte	0x1
 730 02d7 21       		.byte	0x21
 731 02d8 B9000000 		.4byte	0xb9
 732 02dc 05       		.uleb128 0x5
 733 02dd 03       		.byte	0x3
 734 02de 00000000 		.4byte	gTimerIsrFlag
 735 02e2 00       		.byte	0
 736              		.section	.debug_abbrev,"",%progbits
 737              	.Ldebug_abbrev0:
 738 0000 01       		.uleb128 0x1
 739 0001 11       		.uleb128 0x11
 740 0002 01       		.byte	0x1
 741 0003 25       		.uleb128 0x25
 742 0004 0E       		.uleb128 0xe
 743 0005 13       		.uleb128 0x13
 744 0006 0B       		.uleb128 0xb
 745 0007 03       		.uleb128 0x3
 746 0008 0E       		.uleb128 0xe
 747 0009 1B       		.uleb128 0x1b
 748 000a 0E       		.uleb128 0xe
 749 000b 55       		.uleb128 0x55
 750 000c 17       		.uleb128 0x17
 751 000d 11       		.uleb128 0x11
 752 000e 01       		.uleb128 0x1
 753 000f 10       		.uleb128 0x10
 754 0010 17       		.uleb128 0x17
 755 0011 00       		.byte	0
 756 0012 00       		.byte	0
 757 0013 02       		.uleb128 0x2
 758 0014 24       		.uleb128 0x24
 759 0015 00       		.byte	0
 760 0016 0B       		.uleb128 0xb
 761 0017 0B       		.uleb128 0xb
 762 0018 3E       		.uleb128 0x3e
 763 0019 0B       		.uleb128 0xb
 764 001a 03       		.uleb128 0x3
 765 001b 08       		.uleb128 0x8
 766 001c 00       		.byte	0
 767 001d 00       		.byte	0
 768 001e 03       		.uleb128 0x3
 769 001f 24       		.uleb128 0x24
 770 0020 00       		.byte	0
 771 0021 0B       		.uleb128 0xb
 772 0022 0B       		.uleb128 0xb
 773 0023 3E       		.uleb128 0x3e
 774 0024 0B       		.uleb128 0xb
 775 0025 03       		.uleb128 0x3
 776 0026 0E       		.uleb128 0xe
 777 0027 00       		.byte	0
ARM GAS  C:\Users\z004e6he\AppData\Local\Temp\ccSuHZyB.s 			page 22


 778 0028 00       		.byte	0
 779 0029 04       		.uleb128 0x4
 780 002a 0F       		.uleb128 0xf
 781 002b 00       		.byte	0
 782 002c 0B       		.uleb128 0xb
 783 002d 0B       		.uleb128 0xb
 784 002e 49       		.uleb128 0x49
 785 002f 13       		.uleb128 0x13
 786 0030 00       		.byte	0
 787 0031 00       		.byte	0
 788 0032 05       		.uleb128 0x5
 789 0033 15       		.uleb128 0x15
 790 0034 00       		.byte	0
 791 0035 27       		.uleb128 0x27
 792 0036 19       		.uleb128 0x19
 793 0037 00       		.byte	0
 794 0038 00       		.byte	0
 795 0039 06       		.uleb128 0x6
 796 003a 16       		.uleb128 0x16
 797 003b 00       		.byte	0
 798 003c 03       		.uleb128 0x3
 799 003d 0E       		.uleb128 0xe
 800 003e 3A       		.uleb128 0x3a
 801 003f 0B       		.uleb128 0xb
 802 0040 3B       		.uleb128 0x3b
 803 0041 05       		.uleb128 0x5
 804 0042 49       		.uleb128 0x49
 805 0043 13       		.uleb128 0x13
 806 0044 00       		.byte	0
 807 0045 00       		.byte	0
 808 0046 07       		.uleb128 0x7
 809 0047 35       		.uleb128 0x35
 810 0048 00       		.byte	0
 811 0049 49       		.uleb128 0x49
 812 004a 13       		.uleb128 0x13
 813 004b 00       		.byte	0
 814 004c 00       		.byte	0
 815 004d 08       		.uleb128 0x8
 816 004e 2E       		.uleb128 0x2e
 817 004f 00       		.byte	0
 818 0050 3F       		.uleb128 0x3f
 819 0051 19       		.uleb128 0x19
 820 0052 03       		.uleb128 0x3
 821 0053 0E       		.uleb128 0xe
 822 0054 3A       		.uleb128 0x3a
 823 0055 0B       		.uleb128 0xb
 824 0056 3B       		.uleb128 0x3b
 825 0057 0B       		.uleb128 0xb
 826 0058 27       		.uleb128 0x27
 827 0059 19       		.uleb128 0x19
 828 005a 11       		.uleb128 0x11
 829 005b 01       		.uleb128 0x1
 830 005c 12       		.uleb128 0x12
 831 005d 06       		.uleb128 0x6
 832 005e 40       		.uleb128 0x40
 833 005f 18       		.uleb128 0x18
 834 0060 9742     		.uleb128 0x2117
ARM GAS  C:\Users\z004e6he\AppData\Local\Temp\ccSuHZyB.s 			page 23


 835 0062 19       		.uleb128 0x19
 836 0063 00       		.byte	0
 837 0064 00       		.byte	0
 838 0065 09       		.uleb128 0x9
 839 0066 2E       		.uleb128 0x2e
 840 0067 01       		.byte	0x1
 841 0068 3F       		.uleb128 0x3f
 842 0069 19       		.uleb128 0x19
 843 006a 03       		.uleb128 0x3
 844 006b 0E       		.uleb128 0xe
 845 006c 3A       		.uleb128 0x3a
 846 006d 0B       		.uleb128 0xb
 847 006e 3B       		.uleb128 0x3b
 848 006f 0B       		.uleb128 0xb
 849 0070 27       		.uleb128 0x27
 850 0071 19       		.uleb128 0x19
 851 0072 11       		.uleb128 0x11
 852 0073 01       		.uleb128 0x1
 853 0074 12       		.uleb128 0x12
 854 0075 06       		.uleb128 0x6
 855 0076 40       		.uleb128 0x40
 856 0077 18       		.uleb128 0x18
 857 0078 9742     		.uleb128 0x2117
 858 007a 19       		.uleb128 0x19
 859 007b 01       		.uleb128 0x1
 860 007c 13       		.uleb128 0x13
 861 007d 00       		.byte	0
 862 007e 00       		.byte	0
 863 007f 0A       		.uleb128 0xa
 864 0080 05       		.uleb128 0x5
 865 0081 00       		.byte	0
 866 0082 03       		.uleb128 0x3
 867 0083 0E       		.uleb128 0xe
 868 0084 3A       		.uleb128 0x3a
 869 0085 0B       		.uleb128 0xb
 870 0086 3B       		.uleb128 0x3b
 871 0087 0B       		.uleb128 0xb
 872 0088 49       		.uleb128 0x49
 873 0089 13       		.uleb128 0x13
 874 008a 02       		.uleb128 0x2
 875 008b 18       		.uleb128 0x18
 876 008c 00       		.byte	0
 877 008d 00       		.byte	0
 878 008e 0B       		.uleb128 0xb
 879 008f 34       		.uleb128 0x34
 880 0090 00       		.byte	0
 881 0091 03       		.uleb128 0x3
 882 0092 0E       		.uleb128 0xe
 883 0093 3A       		.uleb128 0x3a
 884 0094 0B       		.uleb128 0xb
 885 0095 3B       		.uleb128 0x3b
 886 0096 0B       		.uleb128 0xb
 887 0097 49       		.uleb128 0x49
 888 0098 13       		.uleb128 0x13
 889 0099 02       		.uleb128 0x2
 890 009a 18       		.uleb128 0x18
 891 009b 00       		.byte	0
ARM GAS  C:\Users\z004e6he\AppData\Local\Temp\ccSuHZyB.s 			page 24


 892 009c 00       		.byte	0
 893 009d 0C       		.uleb128 0xc
 894 009e 2E       		.uleb128 0x2e
 895 009f 01       		.byte	0x1
 896 00a0 3F       		.uleb128 0x3f
 897 00a1 19       		.uleb128 0x19
 898 00a2 03       		.uleb128 0x3
 899 00a3 0E       		.uleb128 0xe
 900 00a4 3A       		.uleb128 0x3a
 901 00a5 0B       		.uleb128 0xb
 902 00a6 3B       		.uleb128 0x3b
 903 00a7 0B       		.uleb128 0xb
 904 00a8 27       		.uleb128 0x27
 905 00a9 19       		.uleb128 0x19
 906 00aa 49       		.uleb128 0x49
 907 00ab 13       		.uleb128 0x13
 908 00ac 11       		.uleb128 0x11
 909 00ad 01       		.uleb128 0x1
 910 00ae 12       		.uleb128 0x12
 911 00af 06       		.uleb128 0x6
 912 00b0 40       		.uleb128 0x40
 913 00b1 18       		.uleb128 0x18
 914 00b2 9742     		.uleb128 0x2117
 915 00b4 19       		.uleb128 0x19
 916 00b5 01       		.uleb128 0x1
 917 00b6 13       		.uleb128 0x13
 918 00b7 00       		.byte	0
 919 00b8 00       		.byte	0
 920 00b9 0D       		.uleb128 0xd
 921 00ba 2E       		.uleb128 0x2e
 922 00bb 01       		.byte	0x1
 923 00bc 3F       		.uleb128 0x3f
 924 00bd 19       		.uleb128 0x19
 925 00be 03       		.uleb128 0x3
 926 00bf 0E       		.uleb128 0xe
 927 00c0 3A       		.uleb128 0x3a
 928 00c1 0B       		.uleb128 0xb
 929 00c2 3B       		.uleb128 0x3b
 930 00c3 05       		.uleb128 0x5
 931 00c4 27       		.uleb128 0x27
 932 00c5 19       		.uleb128 0x19
 933 00c6 11       		.uleb128 0x11
 934 00c7 01       		.uleb128 0x1
 935 00c8 12       		.uleb128 0x12
 936 00c9 06       		.uleb128 0x6
 937 00ca 40       		.uleb128 0x40
 938 00cb 18       		.uleb128 0x18
 939 00cc 9742     		.uleb128 0x2117
 940 00ce 19       		.uleb128 0x19
 941 00cf 01       		.uleb128 0x1
 942 00d0 13       		.uleb128 0x13
 943 00d1 00       		.byte	0
 944 00d2 00       		.byte	0
 945 00d3 0E       		.uleb128 0xe
 946 00d4 05       		.uleb128 0x5
 947 00d5 00       		.byte	0
 948 00d6 03       		.uleb128 0x3
ARM GAS  C:\Users\z004e6he\AppData\Local\Temp\ccSuHZyB.s 			page 25


 949 00d7 0E       		.uleb128 0xe
 950 00d8 3A       		.uleb128 0x3a
 951 00d9 0B       		.uleb128 0xb
 952 00da 3B       		.uleb128 0x3b
 953 00db 05       		.uleb128 0x5
 954 00dc 49       		.uleb128 0x49
 955 00dd 13       		.uleb128 0x13
 956 00de 02       		.uleb128 0x2
 957 00df 17       		.uleb128 0x17
 958 00e0 00       		.byte	0
 959 00e1 00       		.byte	0
 960 00e2 0F       		.uleb128 0xf
 961 00e3 2E       		.uleb128 0x2e
 962 00e4 01       		.byte	0x1
 963 00e5 3F       		.uleb128 0x3f
 964 00e6 19       		.uleb128 0x19
 965 00e7 03       		.uleb128 0x3
 966 00e8 0E       		.uleb128 0xe
 967 00e9 3A       		.uleb128 0x3a
 968 00ea 0B       		.uleb128 0xb
 969 00eb 3B       		.uleb128 0x3b
 970 00ec 05       		.uleb128 0x5
 971 00ed 27       		.uleb128 0x27
 972 00ee 19       		.uleb128 0x19
 973 00ef 49       		.uleb128 0x49
 974 00f0 13       		.uleb128 0x13
 975 00f1 11       		.uleb128 0x11
 976 00f2 01       		.uleb128 0x1
 977 00f3 12       		.uleb128 0x12
 978 00f4 06       		.uleb128 0x6
 979 00f5 40       		.uleb128 0x40
 980 00f6 18       		.uleb128 0x18
 981 00f7 9742     		.uleb128 0x2117
 982 00f9 19       		.uleb128 0x19
 983 00fa 01       		.uleb128 0x1
 984 00fb 13       		.uleb128 0x13
 985 00fc 00       		.byte	0
 986 00fd 00       		.byte	0
 987 00fe 10       		.uleb128 0x10
 988 00ff 34       		.uleb128 0x34
 989 0100 00       		.byte	0
 990 0101 03       		.uleb128 0x3
 991 0102 0E       		.uleb128 0xe
 992 0103 3A       		.uleb128 0x3a
 993 0104 0B       		.uleb128 0xb
 994 0105 3B       		.uleb128 0x3b
 995 0106 05       		.uleb128 0x5
 996 0107 49       		.uleb128 0x49
 997 0108 13       		.uleb128 0x13
 998 0109 02       		.uleb128 0x2
 999 010a 17       		.uleb128 0x17
 1000 010b 00       		.byte	0
 1001 010c 00       		.byte	0
 1002 010d 11       		.uleb128 0x11
 1003 010e 2E       		.uleb128 0x2e
 1004 010f 00       		.byte	0
 1005 0110 3F       		.uleb128 0x3f
ARM GAS  C:\Users\z004e6he\AppData\Local\Temp\ccSuHZyB.s 			page 26


 1006 0111 19       		.uleb128 0x19
 1007 0112 03       		.uleb128 0x3
 1008 0113 0E       		.uleb128 0xe
 1009 0114 3A       		.uleb128 0x3a
 1010 0115 0B       		.uleb128 0xb
 1011 0116 3B       		.uleb128 0x3b
 1012 0117 05       		.uleb128 0x5
 1013 0118 27       		.uleb128 0x27
 1014 0119 19       		.uleb128 0x19
 1015 011a 11       		.uleb128 0x11
 1016 011b 01       		.uleb128 0x1
 1017 011c 12       		.uleb128 0x12
 1018 011d 06       		.uleb128 0x6
 1019 011e 40       		.uleb128 0x40
 1020 011f 18       		.uleb128 0x18
 1021 0120 9742     		.uleb128 0x2117
 1022 0122 19       		.uleb128 0x19
 1023 0123 00       		.byte	0
 1024 0124 00       		.byte	0
 1025 0125 12       		.uleb128 0x12
 1026 0126 2E       		.uleb128 0x2e
 1027 0127 00       		.byte	0
 1028 0128 3F       		.uleb128 0x3f
 1029 0129 19       		.uleb128 0x19
 1030 012a 03       		.uleb128 0x3
 1031 012b 0E       		.uleb128 0xe
 1032 012c 3A       		.uleb128 0x3a
 1033 012d 0B       		.uleb128 0xb
 1034 012e 3B       		.uleb128 0x3b
 1035 012f 05       		.uleb128 0x5
 1036 0130 27       		.uleb128 0x27
 1037 0131 19       		.uleb128 0x19
 1038 0132 49       		.uleb128 0x49
 1039 0133 13       		.uleb128 0x13
 1040 0134 11       		.uleb128 0x11
 1041 0135 01       		.uleb128 0x1
 1042 0136 12       		.uleb128 0x12
 1043 0137 06       		.uleb128 0x6
 1044 0138 40       		.uleb128 0x40
 1045 0139 18       		.uleb128 0x18
 1046 013a 9742     		.uleb128 0x2117
 1047 013c 19       		.uleb128 0x19
 1048 013d 00       		.byte	0
 1049 013e 00       		.byte	0
 1050 013f 13       		.uleb128 0x13
 1051 0140 898201   		.uleb128 0x4109
 1052 0143 00       		.byte	0
 1053 0144 11       		.uleb128 0x11
 1054 0145 01       		.uleb128 0x1
 1055 0146 31       		.uleb128 0x31
 1056 0147 13       		.uleb128 0x13
 1057 0148 00       		.byte	0
 1058 0149 00       		.byte	0
 1059 014a 14       		.uleb128 0x14
 1060 014b 898201   		.uleb128 0x4109
 1061 014e 01       		.byte	0x1
 1062 014f 11       		.uleb128 0x11
ARM GAS  C:\Users\z004e6he\AppData\Local\Temp\ccSuHZyB.s 			page 27


 1063 0150 01       		.uleb128 0x1
 1064 0151 31       		.uleb128 0x31
 1065 0152 13       		.uleb128 0x13
 1066 0153 01       		.uleb128 0x1
 1067 0154 13       		.uleb128 0x13
 1068 0155 00       		.byte	0
 1069 0156 00       		.byte	0
 1070 0157 15       		.uleb128 0x15
 1071 0158 8A8201   		.uleb128 0x410a
 1072 015b 00       		.byte	0
 1073 015c 02       		.uleb128 0x2
 1074 015d 18       		.uleb128 0x18
 1075 015e 9142     		.uleb128 0x2111
 1076 0160 18       		.uleb128 0x18
 1077 0161 00       		.byte	0
 1078 0162 00       		.byte	0
 1079 0163 16       		.uleb128 0x16
 1080 0164 05       		.uleb128 0x5
 1081 0165 00       		.byte	0
 1082 0166 03       		.uleb128 0x3
 1083 0167 0E       		.uleb128 0xe
 1084 0168 3A       		.uleb128 0x3a
 1085 0169 0B       		.uleb128 0xb
 1086 016a 3B       		.uleb128 0x3b
 1087 016b 0B       		.uleb128 0xb
 1088 016c 49       		.uleb128 0x49
 1089 016d 13       		.uleb128 0x13
 1090 016e 02       		.uleb128 0x2
 1091 016f 17       		.uleb128 0x17
 1092 0170 00       		.byte	0
 1093 0171 00       		.byte	0
 1094 0172 17       		.uleb128 0x17
 1095 0173 34       		.uleb128 0x34
 1096 0174 00       		.byte	0
 1097 0175 03       		.uleb128 0x3
 1098 0176 0E       		.uleb128 0xe
 1099 0177 3A       		.uleb128 0x3a
 1100 0178 0B       		.uleb128 0xb
 1101 0179 3B       		.uleb128 0x3b
 1102 017a 0B       		.uleb128 0xb
 1103 017b 49       		.uleb128 0x49
 1104 017c 13       		.uleb128 0x13
 1105 017d 3F       		.uleb128 0x3f
 1106 017e 19       		.uleb128 0x19
 1107 017f 02       		.uleb128 0x2
 1108 0180 18       		.uleb128 0x18
 1109 0181 00       		.byte	0
 1110 0182 00       		.byte	0
 1111 0183 00       		.byte	0
 1112              		.section	.debug_loc,"",%progbits
 1113              	.Ldebug_loc0:
 1114              	.LLST0:
 1115 0000 00000000 		.4byte	.LVL3
 1116 0004 02000000 		.4byte	.LVL4
 1117 0008 0100     		.2byte	0x1
 1118 000a 50       		.byte	0x50
 1119 000b 02000000 		.4byte	.LVL4
ARM GAS  C:\Users\z004e6he\AppData\Local\Temp\ccSuHZyB.s 			page 28


 1120 000f 10000000 		.4byte	.LFE6
 1121 0013 0400     		.2byte	0x4
 1122 0015 F3       		.byte	0xf3
 1123 0016 01       		.uleb128 0x1
 1124 0017 50       		.byte	0x50
 1125 0018 9F       		.byte	0x9f
 1126 0019 00000000 		.4byte	0
 1127 001d 00000000 		.4byte	0
 1128              	.LLST1:
 1129 0021 04000000 		.4byte	.LVL5
 1130 0025 06000000 		.4byte	.LVL6
 1131 0029 0500     		.2byte	0x5
 1132 002b 70       		.byte	0x70
 1133 002c 00       		.sleb128 0
 1134 002d 35       		.byte	0x35
 1135 002e 25       		.byte	0x25
 1136 002f 9F       		.byte	0x9f
 1137 0030 00000000 		.4byte	0
 1138 0034 00000000 		.4byte	0
 1139              	.LLST2:
 1140 0038 00000000 		.4byte	.LVL11
 1141 003c 07000000 		.4byte	.LVL12-1
 1142 0040 0100     		.2byte	0x1
 1143 0042 50       		.byte	0x50
 1144 0043 07000000 		.4byte	.LVL12-1
 1145 0047 1A000000 		.4byte	.LFE1
 1146 004b 0100     		.2byte	0x1
 1147 004d 54       		.byte	0x54
 1148 004e 00000000 		.4byte	0
 1149 0052 00000000 		.4byte	0
 1150              		.section	.debug_aranges,"",%progbits
 1151 0000 7C000000 		.4byte	0x7c
 1152 0004 0200     		.2byte	0x2
 1153 0006 00000000 		.4byte	.Ldebug_info0
 1154 000a 04       		.byte	0x4
 1155 000b 00       		.byte	0
 1156 000c 0000     		.2byte	0
 1157 000e 0000     		.2byte	0
 1158 0010 00000000 		.4byte	.LFB3
 1159 0014 0C000000 		.4byte	.LFE3-.LFB3
 1160 0018 00000000 		.4byte	.LFB4
 1161 001c 0C000000 		.4byte	.LFE4-.LFB4
 1162 0020 00000000 		.4byte	.LFB5
 1163 0024 0C000000 		.4byte	.LFE5-.LFB5
 1164 0028 00000000 		.4byte	.LFB6
 1165 002c 10000000 		.4byte	.LFE6-.LFB6
 1166 0030 00000000 		.4byte	.LFB7
 1167 0034 0C000000 		.4byte	.LFE7-.LFB7
 1168 0038 00000000 		.4byte	.LFB8
 1169 003c 0C000000 		.4byte	.LFE8-.LFB8
 1170 0040 00000000 		.4byte	.LFB9
 1171 0044 10000000 		.4byte	.LFE9-.LFB9
 1172 0048 00000000 		.4byte	.LFB10
 1173 004c 0C000000 		.4byte	.LFE10-.LFB10
 1174 0050 00000000 		.4byte	.LFB0
 1175 0054 1C000000 		.4byte	.LFE0-.LFB0
 1176 0058 00000000 		.4byte	.LFB1
ARM GAS  C:\Users\z004e6he\AppData\Local\Temp\ccSuHZyB.s 			page 29


 1177 005c 1A000000 		.4byte	.LFE1-.LFB1
 1178 0060 00000000 		.4byte	.LFB2
 1179 0064 14000000 		.4byte	.LFE2-.LFB2
 1180 0068 00000000 		.4byte	.LFB11
 1181 006c 0C000000 		.4byte	.LFE11-.LFB11
 1182 0070 00000000 		.4byte	.LFB12
 1183 0074 0C000000 		.4byte	.LFE12-.LFB12
 1184 0078 00000000 		.4byte	0
 1185 007c 00000000 		.4byte	0
 1186              		.section	.debug_ranges,"",%progbits
 1187              	.Ldebug_ranges0:
 1188 0000 00000000 		.4byte	.LFB3
 1189 0004 0C000000 		.4byte	.LFE3
 1190 0008 00000000 		.4byte	.LFB4
 1191 000c 0C000000 		.4byte	.LFE4
 1192 0010 00000000 		.4byte	.LFB5
 1193 0014 0C000000 		.4byte	.LFE5
 1194 0018 00000000 		.4byte	.LFB6
 1195 001c 10000000 		.4byte	.LFE6
 1196 0020 00000000 		.4byte	.LFB7
 1197 0024 0C000000 		.4byte	.LFE7
 1198 0028 00000000 		.4byte	.LFB8
 1199 002c 0C000000 		.4byte	.LFE8
 1200 0030 00000000 		.4byte	.LFB9
 1201 0034 10000000 		.4byte	.LFE9
 1202 0038 00000000 		.4byte	.LFB10
 1203 003c 0C000000 		.4byte	.LFE10
 1204 0040 00000000 		.4byte	.LFB0
 1205 0044 1C000000 		.4byte	.LFE0
 1206 0048 00000000 		.4byte	.LFB1
 1207 004c 1A000000 		.4byte	.LFE1
 1208 0050 00000000 		.4byte	.LFB2
 1209 0054 14000000 		.4byte	.LFE2
 1210 0058 00000000 		.4byte	.LFB11
 1211 005c 0C000000 		.4byte	.LFE11
 1212 0060 00000000 		.4byte	.LFB12
 1213 0064 0C000000 		.4byte	.LFE12
 1214 0068 00000000 		.4byte	0
 1215 006c 00000000 		.4byte	0
 1216              		.section	.debug_line,"",%progbits
 1217              	.Ldebug_line0:
 1218 0000 33010000 		.section	.debug_str,"MS",%progbits,1
 1218      02004500 
 1218      00000201 
 1218      FB0E0D00 
 1218      01010101 
 1219              	.LASF28:
 1220 0000 54696D65 		.ascii	"TimerISR_Disable\000"
 1220      72495352 
 1220      5F446973 
 1220      61626C65 
 1220      00
 1221              	.LASF17:
 1222 0011 72656733 		.ascii	"reg32\000"
 1222      3200
 1223              	.LASF29:
 1224 0017 54696D65 		.ascii	"TimerISR_Start\000"
ARM GAS  C:\Users\z004e6he\AppData\Local\Temp\ccSuHZyB.s 			page 30


 1224      72495352 
 1224      5F537461 
 1224      727400
 1225              	.LASF14:
 1226 0026 666C6F61 		.ascii	"float\000"
 1226      7400
 1227              	.LASF20:
 1228 002c 54696D65 		.ascii	"TimerISR_SetVector\000"
 1228      72495352 
 1228      5F536574 
 1228      56656374 
 1228      6F7200
 1229              	.LASF6:
 1230 003f 73686F72 		.ascii	"short unsigned int\000"
 1230      7420756E 
 1230      7369676E 
 1230      65642069 
 1230      6E7400
 1231              	.LASF37:
 1232 0052 54696D65 		.ascii	"TimerISR_GetState\000"
 1232      72495352 
 1232      5F476574 
 1232      53746174 
 1232      6500
 1233              	.LASF21:
 1234 0064 54696D65 		.ascii	"TimerISR_SetPriority\000"
 1234      72495352 
 1234      5F536574 
 1234      5072696F 
 1234      72697479 
 1235              	.LASF24:
 1236 0079 54696D65 		.ascii	"TimerISR_GetVector\000"
 1236      72495352 
 1236      5F476574 
 1236      56656374 
 1236      6F7200
 1237              	.LASF35:
 1238 008c 47656E65 		.ascii	"Generated_Source\\PSoC5\\TimerISR.c\000"
 1238      72617465 
 1238      645F536F 
 1238      75726365 
 1238      5C50536F 
 1239              	.LASF4:
 1240 00ae 756E7369 		.ascii	"unsigned char\000"
 1240      676E6564 
 1240      20636861 
 1240      7200
 1241              	.LASF34:
 1242 00bc 474E5520 		.ascii	"GNU C11 5.4.1 20160609 (release) [ARM/embedded-5-br"
 1242      43313120 
 1242      352E342E 
 1242      31203230 
 1242      31363036 
 1243 00ef 616E6368 		.ascii	"anch revision 237715] -mcpu=cortex-m3 -mthumb -g -O"
 1243      20726576 
 1243      6973696F 
 1243      6E203233 
ARM GAS  C:\Users\z004e6he\AppData\Local\Temp\ccSuHZyB.s 			page 31


 1243      37373135 
 1244 0122 67202D66 		.ascii	"g -ffunction-sections -ffat-lto-objects\000"
 1244      66756E63 
 1244      74696F6E 
 1244      2D736563 
 1244      74696F6E 
 1245              	.LASF16:
 1246 014a 72656738 		.ascii	"reg8\000"
 1246      00
 1247              	.LASF8:
 1248 014f 6C6F6E67 		.ascii	"long unsigned int\000"
 1248      20756E73 
 1248      69676E65 
 1248      6420696E 
 1248      7400
 1249              	.LASF12:
 1250 0161 75696E74 		.ascii	"uint8\000"
 1250      3800
 1251              	.LASF23:
 1252 0167 7072696F 		.ascii	"priority\000"
 1252      72697479 
 1252      00
 1253              	.LASF26:
 1254 0170 54696D65 		.ascii	"TimerISR_Interrupt\000"
 1254      72495352 
 1254      5F496E74 
 1254      65727275 
 1254      707400
 1255              	.LASF36:
 1256 0183 433A5C55 		.ascii	"C:\\UserData\\z004e6he\\OneDrive - Siemens AG\\Docu"
 1256      73657244 
 1256      6174615C 
 1256      7A303034 
 1256      65366865 
 1257 01b2 6D656E74 		.ascii	"ments\\PSoC Creator\\PSoC\\Project\\Design01.cydsn\000"
 1257      735C5053 
 1257      6F432043 
 1257      72656174 
 1257      6F725C50 
 1258              	.LASF15:
 1259 01e1 646F7562 		.ascii	"double\000"
 1259      6C6500
 1260              	.LASF33:
 1261 01e8 54696D65 		.ascii	"TimerISR_ClearPending\000"
 1261      72495352 
 1261      5F436C65 
 1261      61725065 
 1261      6E64696E 
 1262              	.LASF31:
 1263 01fe 54696D65 		.ascii	"TimerISR_Stop\000"
 1263      72495352 
 1263      5F53746F 
 1263      7000
 1264              	.LASF32:
 1265 020c 54696D65 		.ascii	"TimerISR_SetPending\000"
 1265      72495352 
 1265      5F536574 
ARM GAS  C:\Users\z004e6he\AppData\Local\Temp\ccSuHZyB.s 			page 32


 1265      50656E64 
 1265      696E6700 
 1266              	.LASF13:
 1267 0220 75696E74 		.ascii	"uint32\000"
 1267      333200
 1268              	.LASF0:
 1269 0227 756E7369 		.ascii	"unsigned int\000"
 1269      676E6564 
 1269      20696E74 
 1269      00
 1270              	.LASF22:
 1271 0234 61646472 		.ascii	"address\000"
 1271      65737300 
 1272              	.LASF9:
 1273 023c 6C6F6E67 		.ascii	"long long unsigned int\000"
 1273      206C6F6E 
 1273      6720756E 
 1273      7369676E 
 1273      65642069 
 1274              	.LASF38:
 1275 0253 6754696D 		.ascii	"gTimerIsrFlag\000"
 1275      65724973 
 1275      72466C61 
 1275      6700
 1276              	.LASF18:
 1277 0261 63796973 		.ascii	"cyisraddress\000"
 1277      72616464 
 1277      72657373 
 1277      00
 1278              	.LASF10:
 1279 026e 73697A65 		.ascii	"sizetype\000"
 1279      74797065 
 1279      00
 1280              	.LASF27:
 1281 0277 54696D65 		.ascii	"TimerISR_Enable\000"
 1281      72495352 
 1281      5F456E61 
 1281      626C6500 
 1282              	.LASF1:
 1283 0287 6C6F6E67 		.ascii	"long long int\000"
 1283      206C6F6E 
 1283      6720696E 
 1283      7400
 1284              	.LASF11:
 1285 0295 63686172 		.ascii	"char\000"
 1285      00
 1286              	.LASF19:
 1287 029a 72616D56 		.ascii	"ramVectorTable\000"
 1287      6563746F 
 1287      72546162 
 1287      6C6500
 1288              	.LASF5:
 1289 02a9 73686F72 		.ascii	"short int\000"
 1289      7420696E 
 1289      7400
 1290              	.LASF30:
 1291 02b3 54696D65 		.ascii	"TimerISR_StartEx\000"
ARM GAS  C:\Users\z004e6he\AppData\Local\Temp\ccSuHZyB.s 			page 33


 1291      72495352 
 1291      5F537461 
 1291      72744578 
 1291      00
 1292              	.LASF25:
 1293 02c4 54696D65 		.ascii	"TimerISR_GetPriority\000"
 1293      72495352 
 1293      5F476574 
 1293      5072696F 
 1293      72697479 
 1294              	.LASF7:
 1295 02d9 6C6F6E67 		.ascii	"long int\000"
 1295      20696E74 
 1295      00
 1296              	.LASF2:
 1297 02e2 6C6F6E67 		.ascii	"long double\000"
 1297      20646F75 
 1297      626C6500 
 1298              	.LASF3:
 1299 02ee 7369676E 		.ascii	"signed char\000"
 1299      65642063 
 1299      68617200 
 1300              		.ident	"GCC: (GNU Tools for ARM Embedded Processors) 5.4.1 20160609 (release) [ARM/embedded-5-bran
